[0.051s] Invoking command in '/home/chri/CHRI_2025/Time_optimal_baseline/build/mpc_high_to': CMAKE_PREFIX_PATH=${CMAKE_PREFIX_PATH}:/home/chri/CHRI_2025/Time_optimal_baseline/install/sim_utils:/home/chri/CHRI_2025/Time_optimal_baseline/install/pb_ur5_sim:/home/chri/CHRI_2025/Time_optimal_baseline/install/mppi_controller:/opt/ros/humble /usr/bin/cmake --build /home/chri/CHRI_2025/Time_optimal_baseline/build/mpc_high_to -- -j16 -l16
[0.806s] [100%] Built target high_solver
[0.826s] Invoked command in '/home/chri/CHRI_2025/Time_optimal_baseline/build/mpc_high_to' returned '0': CMAKE_PREFIX_PATH=${CMAKE_PREFIX_PATH}:/home/chri/CHRI_2025/Time_optimal_baseline/install/sim_utils:/home/chri/CHRI_2025/Time_optimal_baseline/install/pb_ur5_sim:/home/chri/CHRI_2025/Time_optimal_baseline/install/mppi_controller:/opt/ros/humble /usr/bin/cmake --build /home/chri/CHRI_2025/Time_optimal_baseline/build/mpc_high_to -- -j16 -l16
[0.829s] Invoking command in '/home/chri/CHRI_2025/Time_optimal_baseline/build/mpc_high_to': CMAKE_PREFIX_PATH=${CMAKE_PREFIX_PATH}:/home/chri/CHRI_2025/Time_optimal_baseline/install/sim_utils:/home/chri/CHRI_2025/Time_optimal_baseline/install/pb_ur5_sim:/home/chri/CHRI_2025/Time_optimal_baseline/install/mppi_controller:/opt/ros/humble /usr/bin/cmake --install /home/chri/CHRI_2025/Time_optimal_baseline/build/mpc_high_to
[1.182s] -- Install configuration: ""
[1.183s] -- Up-to-date: /home/chri/CHRI_2025/Time_optimal_baseline/install/mpc_high_to/lib/mpc_high_to/high_solver
[1.183s] -- Up-to-date: /home/chri/CHRI_2025/Time_optimal_baseline/install/mpc_high_to/share/ament_index/resource_index/package_run_dependencies/mpc_high_to
[1.183s] -- Up-to-date: /home/chri/CHRI_2025/Time_optimal_baseline/install/mpc_high_to/share/ament_index/resource_index/parent_prefix_path/mpc_high_to
[1.184s] -- Up-to-date: /home/chri/CHRI_2025/Time_optimal_baseline/install/mpc_high_to/share/mpc_high_to/environment/ament_prefix_path.sh
[1.185s] -- Up-to-date: /home/chri/CHRI_2025/Time_optimal_baseline/install/mpc_high_to/share/mpc_high_to/environment/ament_prefix_path.dsv
[1.185s] -- Up-to-date: /home/chri/CHRI_2025/Time_optimal_baseline/install/mpc_high_to/share/mpc_high_to/environment/path.sh
[1.187s] -- Up-to-date: /home/chri/CHRI_2025/Time_optimal_baseline/install/mpc_high_to/share/mpc_high_to/environment/path.dsv
[1.188s] -- Up-to-date: /home/chri/CHRI_2025/Time_optimal_baseline/install/mpc_high_to/share/mpc_high_to/local_setup.bash
[1.189s] -- Up-to-date: /home/chri/CHRI_2025/Time_optimal_baseline/install/mpc_high_to/share/mpc_high_to/local_setup.sh
[1.189s] -- Up-to-date: /home/chri/CHRI_2025/Time_optimal_baseline/install/mpc_high_to/share/mpc_high_to/local_setup.zsh
[1.190s] -- Up-to-date: /home/chri/CHRI_2025/Time_optimal_baseline/install/mpc_high_to/share/mpc_high_to/local_setup.dsv
[1.191s] -- Installing: /home/chri/CHRI_2025/Time_optimal_baseline/install/mpc_high_to/share/mpc_high_to/package.dsv
[1.191s] -- Up-to-date: /home/chri/CHRI_2025/Time_optimal_baseline/install/mpc_high_to/share/ament_index/resource_index/packages/mpc_high_to
[1.191s] -- Up-to-date: /home/chri/CHRI_2025/Time_optimal_baseline/install/mpc_high_to/share/mpc_high_to/cmake/mpc_high_toConfig.cmake
[1.192s] -- Up-to-date: /home/chri/CHRI_2025/Time_optimal_baseline/install/mpc_high_to/share/mpc_high_to/cmake/mpc_high_toConfig-version.cmake
[1.193s] -- Up-to-date: /home/chri/CHRI_2025/Time_optimal_baseline/install/mpc_high_to/share/mpc_high_to/package.xml
[1.232s] Invoked command in '/home/chri/CHRI_2025/Time_optimal_baseline/build/mpc_high_to' returned '0': CMAKE_PREFIX_PATH=${CMAKE_PREFIX_PATH}:/home/chri/CHRI_2025/Time_optimal_baseline/install/sim_utils:/home/chri/CHRI_2025/Time_optimal_baseline/install/pb_ur5_sim:/home/chri/CHRI_2025/Time_optimal_baseline/install/mppi_controller:/opt/ros/humble /usr/bin/cmake --install /home/chri/CHRI_2025/Time_optimal_baseline/build/mpc_high_to
