[0.014s] Invoking command in '/home/chri/CHRI_2025/UR5_pyBullet+acados/src/build/velocity_controller': CMAKE_PREFIX_PATH=/opt/ros/humble /usr/bin/cmake /home/chri/CHRI_2025/UR5_pyBullet+acados/src/velocity_controller -DCMAKE_INSTALL_PREFIX=/home/chri/CHRI_2025/UR5_pyBullet+acados/src/install/velocity_controller
[0.093s] -- The C compiler identification is GNU 11.4.0
[0.186s] -- The CXX compiler identification is GNU 11.4.0
[0.210s] -- Detecting C compiler ABI info
[0.322s] -- Detecting C compiler ABI info - done
[0.340s] -- Check for working C compiler: /usr/bin/cc - skipped
[0.340s] -- Detecting C compile features
[0.341s] -- Detecting C compile features - done
[0.348s] -- Detecting CXX compiler ABI info
[0.470s] -- Detecting CXX compiler ABI info - done
[0.484s] -- Check for working CXX compiler: /usr/bin/c++ - skipped
[0.484s] -- Detecting CXX compile features
[0.485s] -- Detecting CXX compile features - done
[0.489s] -- Found ament_cmake: 1.3.11 (/opt/ros/humble/share/ament_cmake/cmake)
[1.031s] -- Found Python3: /usr/bin/python3 (found version "3.10.12") found components: Interpreter 
[1.191s] -- Found rclcpp: 16.0.12 (/opt/ros/humble/share/rclcpp/cmake)
[1.268s] -- Found rosidl_generator_c: 3.1.6 (/opt/ros/humble/share/rosidl_generator_c/cmake)
[1.277s] -- Found rosidl_adapter: 3.1.6 (/opt/ros/humble/share/rosidl_adapter/cmake)
[1.291s] -- Found rosidl_generator_cpp: 3.1.6 (/opt/ros/humble/share/rosidl_generator_cpp/cmake)
[1.313s] -- Using all available rosidl_typesupport_c: rosidl_typesupport_fastrtps_c;rosidl_typesupport_introspection_c
[1.341s] -- Using all available rosidl_typesupport_cpp: rosidl_typesupport_fastrtps_cpp;rosidl_typesupport_introspection_cpp
[1.415s] -- Found rmw_implementation_cmake: 6.1.2 (/opt/ros/humble/share/rmw_implementation_cmake/cmake)
[1.419s] -- Found rmw_fastrtps_cpp: 6.2.7 (/opt/ros/humble/share/rmw_fastrtps_cpp/cmake)
[1.551s] -- Found OpenSSL: /usr/lib/x86_64-linux-gnu/libcrypto.so (found version "3.0.2")  
[1.595s] -- Found FastRTPS: /opt/ros/humble/include  
[1.662s] -- Using RMW implementation 'rmw_fastrtps_cpp' as default
[1.676s] -- Looking for pthread.h
[1.784s] -- Looking for pthread.h - found
[1.785s] -- Performing Test CMAKE_HAVE_LIBC_PTHREAD
[1.893s] -- Performing Test CMAKE_HAVE_LIBC_PTHREAD - Success
[1.895s] -- Found Threads: TRUE  
[2.000s] -- Found sensor_msgs: 4.8.0 (/opt/ros/humble/share/sensor_msgs/cmake)
[2.059s] -- Found ament_lint_auto: 0.12.12 (/opt/ros/humble/share/ament_lint_auto/cmake)
[2.180s] -- Added test 'cppcheck' to perform static code analysis on C / C++ code
[2.180s] -- Configured cppcheck include dirs: 
[2.180s] -- Configured cppcheck exclude dirs and/or files: 
[2.181s] -- Added test 'flake8' to check Python code syntax and style conventions
[2.183s] -- Added test 'lint_cmake' to check CMake code style
[2.184s] -- Added test 'pep257' to check Python code against some of the docstring style conventions in PEP 257
[2.190s] -- Added test 'uncrustify' to check C / C++ code style
[2.190s] -- Configured uncrustify additional arguments: 
[2.191s] -- Added test 'xmllint' to check XML markup files
[2.193s] -- Configuring done
[2.208s] -- Generating done
[2.214s] -- Build files have been written to: /home/chri/CHRI_2025/UR5_pyBullet+acados/src/build/velocity_controller
[2.229s] Invoked command in '/home/chri/CHRI_2025/UR5_pyBullet+acados/src/build/velocity_controller' returned '0': CMAKE_PREFIX_PATH=/opt/ros/humble /usr/bin/cmake /home/chri/CHRI_2025/UR5_pyBullet+acados/src/velocity_controller -DCMAKE_INSTALL_PREFIX=/home/chri/CHRI_2025/UR5_pyBullet+acados/src/install/velocity_controller
[2.233s] Invoking command in '/home/chri/CHRI_2025/UR5_pyBullet+acados/src/build/velocity_controller': CMAKE_PREFIX_PATH=/opt/ros/humble /usr/bin/cmake --build /home/chri/CHRI_2025/UR5_pyBullet+acados/src/build/velocity_controller -- -j16 -l16
[2.305s] [ 50%] [32mBuilding CXX object CMakeFiles/velocity_controller.dir/src/velocity_controller.cpp.o[0m
[13.437s] [100%] [32m[1mLinking CXX executable velocity_controller[0m
[13.977s] [100%] Built target velocity_controller
[13.992s] Invoked command in '/home/chri/CHRI_2025/UR5_pyBullet+acados/src/build/velocity_controller' returned '0': CMAKE_PREFIX_PATH=/opt/ros/humble /usr/bin/cmake --build /home/chri/CHRI_2025/UR5_pyBullet+acados/src/build/velocity_controller -- -j16 -l16
[14.008s] Invoking command in '/home/chri/CHRI_2025/UR5_pyBullet+acados/src/build/velocity_controller': CMAKE_PREFIX_PATH=/opt/ros/humble /usr/bin/cmake --install /home/chri/CHRI_2025/UR5_pyBullet+acados/src/build/velocity_controller
[14.017s] -- Install configuration: ""
[14.017s] -- Installing: /home/chri/CHRI_2025/UR5_pyBullet+acados/src/install/velocity_controller/lib/velocity_controller/velocity_controller
[14.022s] -- Set runtime path of "/home/chri/CHRI_2025/UR5_pyBullet+acados/src/install/velocity_controller/lib/velocity_controller/velocity_controller" to ""
[14.022s] -- Installing: /home/chri/CHRI_2025/UR5_pyBullet+acados/src/install/velocity_controller/share/ament_index/resource_index/package_run_dependencies/velocity_controller
[14.023s] -- Installing: /home/chri/CHRI_2025/UR5_pyBullet+acados/src/install/velocity_controller/share/ament_index/resource_index/parent_prefix_path/velocity_controller
[14.023s] -- Installing: /home/chri/CHRI_2025/UR5_pyBullet+acados/src/install/velocity_controller/share/velocity_controller/environment/ament_prefix_path.sh
[14.023s] -- Installing: /home/chri/CHRI_2025/UR5_pyBullet+acados/src/install/velocity_controller/share/velocity_controller/environment/ament_prefix_path.dsv
[14.023s] -- Installing: /home/chri/CHRI_2025/UR5_pyBullet+acados/src/install/velocity_controller/share/velocity_controller/environment/path.sh
[14.023s] -- Installing: /home/chri/CHRI_2025/UR5_pyBullet+acados/src/install/velocity_controller/share/velocity_controller/environment/path.dsv
[14.024s] -- Installing: /home/chri/CHRI_2025/UR5_pyBullet+acados/src/install/velocity_controller/share/velocity_controller/local_setup.bash
[14.024s] -- Installing: /home/chri/CHRI_2025/UR5_pyBullet+acados/src/install/velocity_controller/share/velocity_controller/local_setup.sh
[14.024s] -- Installing: /home/chri/CHRI_2025/UR5_pyBullet+acados/src/install/velocity_controller/share/velocity_controller/local_setup.zsh
[14.024s] -- Installing: /home/chri/CHRI_2025/UR5_pyBullet+acados/src/install/velocity_controller/share/velocity_controller/local_setup.dsv
[14.024s] -- Installing: /home/chri/CHRI_2025/UR5_pyBullet+acados/src/install/velocity_controller/share/velocity_controller/package.dsv
[14.025s] -- Installing: /home/chri/CHRI_2025/UR5_pyBullet+acados/src/install/velocity_controller/share/ament_index/resource_index/packages/velocity_controller
[14.025s] -- Installing: /home/chri/CHRI_2025/UR5_pyBullet+acados/src/install/velocity_controller/share/velocity_controller/cmake/velocity_controllerConfig.cmake
[14.025s] -- Installing: /home/chri/CHRI_2025/UR5_pyBullet+acados/src/install/velocity_controller/share/velocity_controller/cmake/velocity_controllerConfig-version.cmake
[14.026s] -- Installing: /home/chri/CHRI_2025/UR5_pyBullet+acados/src/install/velocity_controller/share/velocity_controller/package.xml
[14.028s] Invoked command in '/home/chri/CHRI_2025/UR5_pyBullet+acados/src/build/velocity_controller' returned '0': CMAKE_PREFIX_PATH=/opt/ros/humble /usr/bin/cmake --install /home/chri/CHRI_2025/UR5_pyBullet+acados/src/build/velocity_controller
