[0.019s] Invoking command in '/home/chri/CHRI_2025/Time_optimal_baseline/build/mpc_to': CMAKE_PREFIX_PATH=${CMAKE_PREFIX_PATH}:/home/chri/CHRI_2025/Time_optimal_baseline/install/sim_utils:/home/chri/CHRI_2025/Time_optimal_baseline/install/pb_ur5_sim:/home/chri/CHRI_2025/Time_optimal_baseline/install/mppi_controller:/opt/ros/humble /usr/bin/cmake --build /home/chri/CHRI_2025/Time_optimal_baseline/build/mpc_to -- -j16 -l16
[0.091s] [35m[1mConsolidate compiler generated dependencies of target high_solver[0m
[0.140s] [100%] Built target high_solver
[0.158s] Invoked command in '/home/chri/CHRI_2025/Time_optimal_baseline/build/mpc_to' returned '0': CMAKE_PREFIX_PATH=${CMAKE_PREFIX_PATH}:/home/chri/CHRI_2025/Time_optimal_baseline/install/sim_utils:/home/chri/CHRI_2025/Time_optimal_baseline/install/pb_ur5_sim:/home/chri/CHRI_2025/Time_optimal_baseline/install/mppi_controller:/opt/ros/humble /usr/bin/cmake --build /home/chri/CHRI_2025/Time_optimal_baseline/build/mpc_to -- -j16 -l16
[0.174s] Invoking command in '/home/chri/CHRI_2025/Time_optimal_baseline/build/mpc_to': CMAKE_PREFIX_PATH=${CMAKE_PREFIX_PATH}:/home/chri/CHRI_2025/Time_optimal_baseline/install/sim_utils:/home/chri/CHRI_2025/Time_optimal_baseline/install/pb_ur5_sim:/home/chri/CHRI_2025/Time_optimal_baseline/install/mppi_controller:/opt/ros/humble /usr/bin/cmake --install /home/chri/CHRI_2025/Time_optimal_baseline/build/mpc_to
[0.185s] -- Install configuration: ""
[0.186s] -- Execute custom install script
[0.187s] -- Up-to-date symlink: /home/chri/CHRI_2025/Time_optimal_baseline/install/mpc_to/lib/mpc_to/high_solver
[0.187s] -- Up-to-date symlink: /home/chri/CHRI_2025/Time_optimal_baseline/install/mpc_to/share/ament_index/resource_index/package_run_dependencies/mpc_to
[0.188s] -- Up-to-date symlink: /home/chri/CHRI_2025/Time_optimal_baseline/install/mpc_to/share/ament_index/resource_index/parent_prefix_path/mpc_to
[0.188s] -- Up-to-date symlink: /home/chri/CHRI_2025/Time_optimal_baseline/install/mpc_to/share/mpc_to/environment/ament_prefix_path.sh
[0.189s] -- Up-to-date symlink: /home/chri/CHRI_2025/Time_optimal_baseline/install/mpc_to/share/mpc_to/environment/ament_prefix_path.dsv
[0.189s] -- Up-to-date symlink: /home/chri/CHRI_2025/Time_optimal_baseline/install/mpc_to/share/mpc_to/environment/path.sh
[0.189s] -- Up-to-date symlink: /home/chri/CHRI_2025/Time_optimal_baseline/install/mpc_to/share/mpc_to/environment/path.dsv
[0.190s] -- Up-to-date symlink: /home/chri/CHRI_2025/Time_optimal_baseline/install/mpc_to/share/mpc_to/local_setup.bash
[0.190s] -- Up-to-date symlink: /home/chri/CHRI_2025/Time_optimal_baseline/install/mpc_to/share/mpc_to/local_setup.sh
[0.190s] -- Up-to-date symlink: /home/chri/CHRI_2025/Time_optimal_baseline/install/mpc_to/share/mpc_to/local_setup.zsh
[0.191s] -- Up-to-date symlink: /home/chri/CHRI_2025/Time_optimal_baseline/install/mpc_to/share/mpc_to/local_setup.dsv
[0.191s] -- Symlinking: /home/chri/CHRI_2025/Time_optimal_baseline/install/mpc_to/share/mpc_to/package.dsv
[0.204s] -- Up-to-date symlink: /home/chri/CHRI_2025/Time_optimal_baseline/install/mpc_to/share/ament_index/resource_index/packages/mpc_to
[0.205s] -- Up-to-date symlink: /home/chri/CHRI_2025/Time_optimal_baseline/install/mpc_to/share/mpc_to/cmake/mpc_toConfig.cmake
[0.205s] -- Up-to-date symlink: /home/chri/CHRI_2025/Time_optimal_baseline/install/mpc_to/share/mpc_to/cmake/mpc_toConfig-version.cmake
[0.205s] -- Up-to-date symlink: /home/chri/CHRI_2025/Time_optimal_baseline/install/mpc_to/share/mpc_to/package.xml
[0.209s] Invoked command in '/home/chri/CHRI_2025/Time_optimal_baseline/build/mpc_to' returned '0': CMAKE_PREFIX_PATH=${CMAKE_PREFIX_PATH}:/home/chri/CHRI_2025/Time_optimal_baseline/install/sim_utils:/home/chri/CHRI_2025/Time_optimal_baseline/install/pb_ur5_sim:/home/chri/CHRI_2025/Time_optimal_baseline/install/mppi_controller:/opt/ros/humble /usr/bin/cmake --install /home/chri/CHRI_2025/Time_optimal_baseline/build/mpc_to
