[0.196s] Invoking command in '/home/chri/CHRI_2025/Time_optimal_baseline/build/mpc_to': CMAKE_PREFIX_PATH=/opt/ros/humble /usr/bin/cmake /home/chri/CHRI_2025/Time_optimal_baseline/src/mpc_to -DCMAKE_INSTALL_PREFIX=/home/chri/CHRI_2025/Time_optimal_baseline/install/mpc_to
[1.906s] -- The C compiler identification is GNU 11.4.0
[5.317s] -- The CXX compiler identification is GNU 11.4.0
[5.763s] -- Detecting C compiler ABI info
[6.065s] -- Detecting C compiler ABI info - done
[6.088s] -- Check for working C compiler: /usr/bin/cc - skipped
[6.101s] -- Detecting C compile features
[6.114s] -- Detecting C compile features - done
[6.130s] -- Detecting CXX compiler ABI info
[6.331s] -- Detecting CXX compiler ABI info - done
[6.344s] -- Check for working CXX compiler: /usr/bin/c++ - skipped
[6.345s] -- Detecting CXX compile features
[6.346s] -- Detecting CXX compile features - done
[6.831s] -- Found ament_cmake: 1.3.11 (/opt/ros/humble/share/ament_cmake/cmake)
[7.547s] -- Found Python3: /usr/bin/python3 (found version "3.10.12") found components: Interpreter 
[7.816s] -- Found rclcpp: 16.0.12 (/opt/ros/humble/share/rclcpp/cmake)
[8.115s] -- Found rosidl_generator_c: 3.1.6 (/opt/ros/humble/share/rosidl_generator_c/cmake)
[8.142s] -- Found rosidl_adapter: 3.1.6 (/opt/ros/humble/share/rosidl_adapter/cmake)
[8.187s] -- Found rosidl_generator_cpp: 3.1.6 (/opt/ros/humble/share/rosidl_generator_cpp/cmake)
[8.298s] -- Using all available rosidl_typesupport_c: rosidl_typesupport_fastrtps_c;rosidl_typesupport_introspection_c
[8.364s] -- Using all available rosidl_typesupport_cpp: rosidl_typesupport_fastrtps_cpp;rosidl_typesupport_introspection_cpp
[8.829s] -- Found rmw_implementation_cmake: 6.1.2 (/opt/ros/humble/share/rmw_implementation_cmake/cmake)
[8.835s] -- Found rmw_fastrtps_cpp: 6.2.7 (/opt/ros/humble/share/rmw_fastrtps_cpp/cmake)
[9.182s] -- Found OpenSSL: /usr/lib/x86_64-linux-gnu/libcrypto.so (found version "3.0.2")  
[9.250s] -- Found FastRTPS: /opt/ros/humble/include  
[9.324s] -- Using RMW implementation 'rmw_fastrtps_cpp' as default
[9.388s] -- Looking for pthread.h
[9.563s] -- Looking for pthread.h - found
[9.564s] -- Performing Test CMAKE_HAVE_LIBC_PTHREAD
[9.690s] -- Performing Test CMAKE_HAVE_LIBC_PTHREAD - Success
[9.693s] -- Found Threads: TRUE  
[10.014s] -- Found sensor_msgs: 4.8.0 (/opt/ros/humble/share/sensor_msgs/cmake)
[10.116s] -- Target my_node_cpp built successfully
[10.142s] -- Found ament_lint_auto: 0.12.12 (/opt/ros/humble/share/ament_lint_auto/cmake)
[10.397s] -- Added test 'cppcheck' to perform static code analysis on C / C++ code
[10.399s] -- Configured cppcheck include dirs: /home/chri/CHRI_2025/Time_optimal_baseline/src/mpc_to/include;/home/chri/CHRI_2025/Time_optimal_baseline/src/mpc_to/include/acados;/home/chri/CHRI_2025/Time_optimal_baseline/src/mpc_to/include/acados_c;/home/chri/CHRI_2025/Time_optimal_baseline/src/mpc_to/include/blasfeo/include;/home/chri/CHRI_2025/Time_optimal_baseline/src/mpc_to/include/hpipm/include;/home/chri/CHRI_2025/Time_optimal_baseline/src/mpc_to/solver_to_high/
[10.399s] -- Configured cppcheck exclude dirs and/or files: 
[10.411s] -- Added test 'lint_cmake' to check CMake code style
[10.436s] -- Added test 'uncrustify' to check C / C++ code style
[10.436s] -- Configured uncrustify additional arguments: 
[10.439s] -- Added test 'xmllint' to check XML markup files
[10.442s] -- Configuring done
[10.879s] -- Generating done
[10.890s] -- Build files have been written to: /home/chri/CHRI_2025/Time_optimal_baseline/build/mpc_to
