[0.040s] Invoking command in '/home/chri/CHRI_2025/Time_optimal_baseline/build/mpc_low': CMAKE_PREFIX_PATH=/opt/ros/humble /usr/bin/cmake --build /home/chri/CHRI_2025/Time_optimal_baseline/build/mpc_low -- -j16 -l16
[0.810s] [100%] Built target low_solver
[1.145s] Invoked command in '/home/chri/CHRI_2025/Time_optimal_baseline/build/mpc_low' returned '0': CMAKE_PREFIX_PATH=/opt/ros/humble /usr/bin/cmake --build /home/chri/CHRI_2025/Time_optimal_baseline/build/mpc_low -- -j16 -l16
[1.149s] Invoking command in '/home/chri/CHRI_2025/Time_optimal_baseline/build/mpc_low': CMAKE_PREFIX_PATH=/opt/ros/humble /usr/bin/cmake --install /home/chri/CHRI_2025/Time_optimal_baseline/build/mpc_low
[1.166s] -- Install configuration: ""
[1.167s] -- Up-to-date: /home/chri/CHRI_2025/Time_optimal_baseline/install/mpc_low/lib/mpc_low/low_solver
[1.167s] -- Up-to-date: /home/chri/CHRI_2025/Time_optimal_baseline/install/mpc_low/share/ament_index/resource_index/package_run_dependencies/mpc_low
[1.168s] -- Up-to-date: /home/chri/CHRI_2025/Time_optimal_baseline/install/mpc_low/share/ament_index/resource_index/parent_prefix_path/mpc_low
[1.168s] -- Up-to-date: /home/chri/CHRI_2025/Time_optimal_baseline/install/mpc_low/share/mpc_low/environment/ament_prefix_path.sh
[1.168s] -- Up-to-date: /home/chri/CHRI_2025/Time_optimal_baseline/install/mpc_low/share/mpc_low/environment/ament_prefix_path.dsv
[1.168s] -- Up-to-date: /home/chri/CHRI_2025/Time_optimal_baseline/install/mpc_low/share/mpc_low/environment/path.sh
[1.168s] -- Up-to-date: /home/chri/CHRI_2025/Time_optimal_baseline/install/mpc_low/share/mpc_low/environment/path.dsv
[1.169s] -- Up-to-date: /home/chri/CHRI_2025/Time_optimal_baseline/install/mpc_low/share/mpc_low/local_setup.bash
[1.169s] -- Up-to-date: /home/chri/CHRI_2025/Time_optimal_baseline/install/mpc_low/share/mpc_low/local_setup.sh
[1.169s] -- Up-to-date: /home/chri/CHRI_2025/Time_optimal_baseline/install/mpc_low/share/mpc_low/local_setup.zsh
[1.169s] -- Up-to-date: /home/chri/CHRI_2025/Time_optimal_baseline/install/mpc_low/share/mpc_low/local_setup.dsv
[1.169s] -- Installing: /home/chri/CHRI_2025/Time_optimal_baseline/install/mpc_low/share/mpc_low/package.dsv
[1.169s] -- Up-to-date: /home/chri/CHRI_2025/Time_optimal_baseline/install/mpc_low/share/ament_index/resource_index/packages/mpc_low
[1.170s] -- Up-to-date: /home/chri/CHRI_2025/Time_optimal_baseline/install/mpc_low/share/mpc_low/cmake/mpc_lowConfig.cmake
[1.170s] -- Up-to-date: /home/chri/CHRI_2025/Time_optimal_baseline/install/mpc_low/share/mpc_low/cmake/mpc_lowConfig-version.cmake
[1.170s] -- Up-to-date: /home/chri/CHRI_2025/Time_optimal_baseline/install/mpc_low/share/mpc_low/package.xml
[1.217s] Invoked command in '/home/chri/CHRI_2025/Time_optimal_baseline/build/mpc_low' returned '0': CMAKE_PREFIX_PATH=/opt/ros/humble /usr/bin/cmake --install /home/chri/CHRI_2025/Time_optimal_baseline/build/mpc_low
