[0.167s] DEBUG:colcon:Command line arguments: ['/usr/bin/colcon', 'build', '--packages-select', 'mppi_controller']
[0.167s] DEBUG:colcon:Parsed command line arguments: Namespace(log_base=None, log_level=None, verb_name='build', build_base='build', install_base='install', merge_install=False, symlink_install=False, test_result_base=None, continue_on_error=False, executor='parallel', parallel_workers=16, event_handlers=None, ignore_user_meta=False, metas=['./colcon.meta'], base_paths=['.'], packages_ignore=None, packages_ignore_regex=None, paths=None, packages_up_to=None, packages_up_to_regex=None, packages_above=None, packages_above_and_dependencies=None, packages_above_depth=None, packages_select_by_dep=None, packages_skip_by_dep=None, packages_skip_up_to=None, packages_select_build_failed=False, packages_skip_build_finished=False, packages_select_test_failures=False, packages_skip_test_passed=False, packages_select=['mppi_controller'], packages_skip=None, packages_select_regex=None, packages_skip_regex=None, packages_start=None, packages_end=None, allow_overriding=[], cmake_args=None, cmake_target=None, cmake_target_skip_unavailable=False, cmake_clean_cache=False, cmake_clean_first=False, cmake_force_configure=False, ament_cmake_args=None, catkin_cmake_args=None, catkin_skip_building_tests=False, mixin_files=None, mixin=None, verb_parser=<colcon_mixin.mixin.mixin_argument.MixinArgumentDecorator object at 0x753321c9e710>, verb_extension=<colcon_core.verb.build.BuildVerb object at 0x753321c9e200>, main=<bound method BuildVerb.main of <colcon_core.verb.build.BuildVerb object at 0x753321c9e200>>, mixin_verb=('build',))
[0.224s] Level 1:colcon.colcon_core.package_discovery:discover_packages(colcon_meta) check parameters
[0.224s] Level 1:colcon.colcon_core.package_discovery:discover_packages(recursive) check parameters
[0.224s] Level 1:colcon.colcon_core.package_discovery:discover_packages(ignore) check parameters
[0.225s] Level 1:colcon.colcon_core.package_discovery:discover_packages(path) check parameters
[0.225s] Level 1:colcon.colcon_core.package_discovery:discover_packages(colcon_meta) discover
[0.225s] Level 1:colcon.colcon_core.package_discovery:discover_packages(recursive) discover
[0.225s] INFO:colcon.colcon_core.package_discovery:Crawling recursively for packages in '/home/chri/CHRI_2025/Time_optimal_baseline'
[0.225s] Level 1:colcon.colcon_core.package_identification:_identify(.) by extensions ['ignore', 'ignore_ament_install']
[0.225s] Level 1:colcon.colcon_core.package_identification:_identify(.) by extension 'ignore'
[0.225s] Level 1:colcon.colcon_core.package_identification:_identify(.) by extension 'ignore_ament_install'
[0.225s] Level 1:colcon.colcon_core.package_identification:_identify(.) by extensions ['colcon_pkg']
[0.225s] Level 1:colcon.colcon_core.package_identification:_identify(.) by extension 'colcon_pkg'
[0.225s] Level 1:colcon.colcon_core.package_identification:_identify(.) by extensions ['colcon_meta']
[0.225s] Level 1:colcon.colcon_core.package_identification:_identify(.) by extension 'colcon_meta'
[0.225s] Level 1:colcon.colcon_core.package_identification:_identify(.) by extensions ['ros']
[0.225s] Level 1:colcon.colcon_core.package_identification:_identify(.) by extension 'ros'
[0.246s] Level 1:colcon.colcon_core.package_identification:_identify(.) by extensions ['cmake', 'python']
[0.246s] Level 1:colcon.colcon_core.package_identification:_identify(.) by extension 'cmake'
[0.246s] Level 1:colcon.colcon_core.package_identification:_identify(.) by extension 'python'
[0.246s] Level 1:colcon.colcon_core.package_identification:_identify(.) by extensions ['python_setup_py']
[0.246s] Level 1:colcon.colcon_core.package_identification:_identify(.) by extension 'python_setup_py'
[0.246s] Level 1:colcon.colcon_core.package_identification:_identify(build) by extensions ['ignore', 'ignore_ament_install']
[0.246s] Level 1:colcon.colcon_core.package_identification:_identify(build) by extension 'ignore'
[0.246s] Level 1:colcon.colcon_core.package_identification:_identify(build) ignored
[0.247s] Level 1:colcon.colcon_core.package_identification:_identify(install) by extensions ['ignore', 'ignore_ament_install']
[0.247s] Level 1:colcon.colcon_core.package_identification:_identify(install) by extension 'ignore'
[0.247s] Level 1:colcon.colcon_core.package_identification:_identify(install) ignored
[0.247s] Level 1:colcon.colcon_core.package_identification:_identify(log) by extensions ['ignore', 'ignore_ament_install']
[0.247s] Level 1:colcon.colcon_core.package_identification:_identify(log) by extension 'ignore'
[0.247s] Level 1:colcon.colcon_core.package_identification:_identify(log) ignored
[0.248s] Level 1:colcon.colcon_core.package_identification:_identify(solvers) by extensions ['ignore', 'ignore_ament_install']
[0.248s] Level 1:colcon.colcon_core.package_identification:_identify(solvers) by extension 'ignore'
[0.248s] Level 1:colcon.colcon_core.package_identification:_identify(solvers) by extension 'ignore_ament_install'
[0.248s] Level 1:colcon.colcon_core.package_identification:_identify(solvers) by extensions ['colcon_pkg']
[0.248s] Level 1:colcon.colcon_core.package_identification:_identify(solvers) by extension 'colcon_pkg'
[0.248s] Level 1:colcon.colcon_core.package_identification:_identify(solvers) by extensions ['colcon_meta']
[0.248s] Level 1:colcon.colcon_core.package_identification:_identify(solvers) by extension 'colcon_meta'
[0.248s] Level 1:colcon.colcon_core.package_identification:_identify(solvers) by extensions ['ros']
[0.248s] Level 1:colcon.colcon_core.package_identification:_identify(solvers) by extension 'ros'
[0.248s] Level 1:colcon.colcon_core.package_identification:_identify(solvers) by extensions ['cmake', 'python']
[0.248s] Level 1:colcon.colcon_core.package_identification:_identify(solvers) by extension 'cmake'
[0.248s] Level 1:colcon.colcon_core.package_identification:_identify(solvers) by extension 'python'
[0.248s] Level 1:colcon.colcon_core.package_identification:_identify(solvers) by extensions ['python_setup_py']
[0.248s] Level 1:colcon.colcon_core.package_identification:_identify(solvers) by extension 'python_setup_py'
[0.249s] Level 1:colcon.colcon_core.package_identification:_identify(solvers/c_generated_code) by extensions ['ignore', 'ignore_ament_install']
[0.249s] Level 1:colcon.colcon_core.package_identification:_identify(solvers/c_generated_code) by extension 'ignore'
[0.249s] Level 1:colcon.colcon_core.package_identification:_identify(solvers/c_generated_code) by extension 'ignore_ament_install'
[0.249s] Level 1:colcon.colcon_core.package_identification:_identify(solvers/c_generated_code) by extensions ['colcon_pkg']
[0.249s] Level 1:colcon.colcon_core.package_identification:_identify(solvers/c_generated_code) by extension 'colcon_pkg'
[0.249s] Level 1:colcon.colcon_core.package_identification:_identify(solvers/c_generated_code) by extensions ['colcon_meta']
[0.249s] Level 1:colcon.colcon_core.package_identification:_identify(solvers/c_generated_code) by extension 'colcon_meta'
[0.249s] Level 1:colcon.colcon_core.package_identification:_identify(solvers/c_generated_code) by extensions ['ros']
[0.249s] Level 1:colcon.colcon_core.package_identification:_identify(solvers/c_generated_code) by extension 'ros'
[0.249s] Level 1:colcon.colcon_core.package_identification:_identify(solvers/c_generated_code) by extensions ['cmake', 'python']
[0.249s] Level 1:colcon.colcon_core.package_identification:_identify(solvers/c_generated_code) by extension 'cmake'
[0.249s] Level 1:colcon.colcon_core.package_identification:_identify(solvers/c_generated_code) by extension 'python'
[0.249s] Level 1:colcon.colcon_core.package_identification:_identify(solvers/c_generated_code) by extensions ['python_setup_py']
[0.250s] Level 1:colcon.colcon_core.package_identification:_identify(solvers/c_generated_code) by extension 'python_setup_py'
[0.250s] Level 1:colcon.colcon_core.package_identification:_identify(solvers/c_generated_code/UR5_constraints) by extensions ['ignore', 'ignore_ament_install']
[0.250s] Level 1:colcon.colcon_core.package_identification:_identify(solvers/c_generated_code/UR5_constraints) by extension 'ignore'
[0.250s] Level 1:colcon.colcon_core.package_identification:_identify(solvers/c_generated_code/UR5_constraints) by extension 'ignore_ament_install'
[0.250s] Level 1:colcon.colcon_core.package_identification:_identify(solvers/c_generated_code/UR5_constraints) by extensions ['colcon_pkg']
[0.250s] Level 1:colcon.colcon_core.package_identification:_identify(solvers/c_generated_code/UR5_constraints) by extension 'colcon_pkg'
[0.250s] Level 1:colcon.colcon_core.package_identification:_identify(solvers/c_generated_code/UR5_constraints) by extensions ['colcon_meta']
[0.250s] Level 1:colcon.colcon_core.package_identification:_identify(solvers/c_generated_code/UR5_constraints) by extension 'colcon_meta'
[0.250s] Level 1:colcon.colcon_core.package_identification:_identify(solvers/c_generated_code/UR5_constraints) by extensions ['ros']
[0.250s] Level 1:colcon.colcon_core.package_identification:_identify(solvers/c_generated_code/UR5_constraints) by extension 'ros'
[0.250s] Level 1:colcon.colcon_core.package_identification:_identify(solvers/c_generated_code/UR5_constraints) by extensions ['cmake', 'python']
[0.250s] Level 1:colcon.colcon_core.package_identification:_identify(solvers/c_generated_code/UR5_constraints) by extension 'cmake'
[0.250s] Level 1:colcon.colcon_core.package_identification:_identify(solvers/c_generated_code/UR5_constraints) by extension 'python'
[0.250s] Level 1:colcon.colcon_core.package_identification:_identify(solvers/c_generated_code/UR5_constraints) by extensions ['python_setup_py']
[0.251s] Level 1:colcon.colcon_core.package_identification:_identify(solvers/c_generated_code/UR5_constraints) by extension 'python_setup_py'
[0.251s] Level 1:colcon.colcon_core.package_identification:_identify(solvers/c_generated_code/UR5_cost) by extensions ['ignore', 'ignore_ament_install']
[0.251s] Level 1:colcon.colcon_core.package_identification:_identify(solvers/c_generated_code/UR5_cost) by extension 'ignore'
[0.251s] Level 1:colcon.colcon_core.package_identification:_identify(solvers/c_generated_code/UR5_cost) by extension 'ignore_ament_install'
[0.251s] Level 1:colcon.colcon_core.package_identification:_identify(solvers/c_generated_code/UR5_cost) by extensions ['colcon_pkg']
[0.251s] Level 1:colcon.colcon_core.package_identification:_identify(solvers/c_generated_code/UR5_cost) by extension 'colcon_pkg'
[0.251s] Level 1:colcon.colcon_core.package_identification:_identify(solvers/c_generated_code/UR5_cost) by extensions ['colcon_meta']
[0.251s] Level 1:colcon.colcon_core.package_identification:_identify(solvers/c_generated_code/UR5_cost) by extension 'colcon_meta'
[0.251s] Level 1:colcon.colcon_core.package_identification:_identify(solvers/c_generated_code/UR5_cost) by extensions ['ros']
[0.251s] Level 1:colcon.colcon_core.package_identification:_identify(solvers/c_generated_code/UR5_cost) by extension 'ros'
[0.251s] Level 1:colcon.colcon_core.package_identification:_identify(solvers/c_generated_code/UR5_cost) by extensions ['cmake', 'python']
[0.251s] Level 1:colcon.colcon_core.package_identification:_identify(solvers/c_generated_code/UR5_cost) by extension 'cmake'
[0.251s] Level 1:colcon.colcon_core.package_identification:_identify(solvers/c_generated_code/UR5_cost) by extension 'python'
[0.251s] Level 1:colcon.colcon_core.package_identification:_identify(solvers/c_generated_code/UR5_cost) by extensions ['python_setup_py']
[0.252s] Level 1:colcon.colcon_core.package_identification:_identify(solvers/c_generated_code/UR5_cost) by extension 'python_setup_py'
[0.252s] Level 1:colcon.colcon_core.package_identification:_identify(solvers/c_generated_code/UR5_model) by extensions ['ignore', 'ignore_ament_install']
[0.252s] Level 1:colcon.colcon_core.package_identification:_identify(solvers/c_generated_code/UR5_model) by extension 'ignore'
[0.252s] Level 1:colcon.colcon_core.package_identification:_identify(solvers/c_generated_code/UR5_model) by extension 'ignore_ament_install'
[0.252s] Level 1:colcon.colcon_core.package_identification:_identify(solvers/c_generated_code/UR5_model) by extensions ['colcon_pkg']
[0.252s] Level 1:colcon.colcon_core.package_identification:_identify(solvers/c_generated_code/UR5_model) by extension 'colcon_pkg'
[0.252s] Level 1:colcon.colcon_core.package_identification:_identify(solvers/c_generated_code/UR5_model) by extensions ['colcon_meta']
[0.252s] Level 1:colcon.colcon_core.package_identification:_identify(solvers/c_generated_code/UR5_model) by extension 'colcon_meta'
[0.252s] Level 1:colcon.colcon_core.package_identification:_identify(solvers/c_generated_code/UR5_model) by extensions ['ros']
[0.252s] Level 1:colcon.colcon_core.package_identification:_identify(solvers/c_generated_code/UR5_model) by extension 'ros'
[0.252s] Level 1:colcon.colcon_core.package_identification:_identify(solvers/c_generated_code/UR5_model) by extensions ['cmake', 'python']
[0.252s] Level 1:colcon.colcon_core.package_identification:_identify(solvers/c_generated_code/UR5_model) by extension 'cmake'
[0.252s] Level 1:colcon.colcon_core.package_identification:_identify(solvers/c_generated_code/UR5_model) by extension 'python'
[0.252s] Level 1:colcon.colcon_core.package_identification:_identify(solvers/c_generated_code/UR5_model) by extensions ['python_setup_py']
[0.253s] Level 1:colcon.colcon_core.package_identification:_identify(solvers/c_generated_code/UR5_model) by extension 'python_setup_py'
[0.253s] Level 1:colcon.colcon_core.package_identification:_identify(solvers/c_generated_code_low) by extensions ['ignore', 'ignore_ament_install']
[0.253s] Level 1:colcon.colcon_core.package_identification:_identify(solvers/c_generated_code_low) by extension 'ignore'
[0.253s] Level 1:colcon.colcon_core.package_identification:_identify(solvers/c_generated_code_low) by extension 'ignore_ament_install'
[0.253s] Level 1:colcon.colcon_core.package_identification:_identify(solvers/c_generated_code_low) by extensions ['colcon_pkg']
[0.253s] Level 1:colcon.colcon_core.package_identification:_identify(solvers/c_generated_code_low) by extension 'colcon_pkg'
[0.253s] Level 1:colcon.colcon_core.package_identification:_identify(solvers/c_generated_code_low) by extensions ['colcon_meta']
[0.253s] Level 1:colcon.colcon_core.package_identification:_identify(solvers/c_generated_code_low) by extension 'colcon_meta'
[0.253s] Level 1:colcon.colcon_core.package_identification:_identify(solvers/c_generated_code_low) by extensions ['ros']
[0.253s] Level 1:colcon.colcon_core.package_identification:_identify(solvers/c_generated_code_low) by extension 'ros'
[0.253s] Level 1:colcon.colcon_core.package_identification:_identify(solvers/c_generated_code_low) by extensions ['cmake', 'python']
[0.253s] Level 1:colcon.colcon_core.package_identification:_identify(solvers/c_generated_code_low) by extension 'cmake'
[0.253s] Level 1:colcon.colcon_core.package_identification:_identify(solvers/c_generated_code_low) by extension 'python'
[0.254s] Level 1:colcon.colcon_core.package_identification:_identify(solvers/c_generated_code_low) by extensions ['python_setup_py']
[0.254s] Level 1:colcon.colcon_core.package_identification:_identify(solvers/c_generated_code_low) by extension 'python_setup_py'
[0.254s] Level 1:colcon.colcon_core.package_identification:_identify(solvers/c_generated_code_low/UR5_constraints) by extensions ['ignore', 'ignore_ament_install']
[0.254s] Level 1:colcon.colcon_core.package_identification:_identify(solvers/c_generated_code_low/UR5_constraints) by extension 'ignore'
[0.254s] Level 1:colcon.colcon_core.package_identification:_identify(solvers/c_generated_code_low/UR5_constraints) by extension 'ignore_ament_install'
[0.254s] Level 1:colcon.colcon_core.package_identification:_identify(solvers/c_generated_code_low/UR5_constraints) by extensions ['colcon_pkg']
[0.254s] Level 1:colcon.colcon_core.package_identification:_identify(solvers/c_generated_code_low/UR5_constraints) by extension 'colcon_pkg'
[0.254s] Level 1:colcon.colcon_core.package_identification:_identify(solvers/c_generated_code_low/UR5_constraints) by extensions ['colcon_meta']
[0.254s] Level 1:colcon.colcon_core.package_identification:_identify(solvers/c_generated_code_low/UR5_constraints) by extension 'colcon_meta'
[0.254s] Level 1:colcon.colcon_core.package_identification:_identify(solvers/c_generated_code_low/UR5_constraints) by extensions ['ros']
[0.254s] Level 1:colcon.colcon_core.package_identification:_identify(solvers/c_generated_code_low/UR5_constraints) by extension 'ros'
[0.254s] Level 1:colcon.colcon_core.package_identification:_identify(solvers/c_generated_code_low/UR5_constraints) by extensions ['cmake', 'python']
[0.254s] Level 1:colcon.colcon_core.package_identification:_identify(solvers/c_generated_code_low/UR5_constraints) by extension 'cmake'
[0.254s] Level 1:colcon.colcon_core.package_identification:_identify(solvers/c_generated_code_low/UR5_constraints) by extension 'python'
[0.255s] Level 1:colcon.colcon_core.package_identification:_identify(solvers/c_generated_code_low/UR5_constraints) by extensions ['python_setup_py']
[0.255s] Level 1:colcon.colcon_core.package_identification:_identify(solvers/c_generated_code_low/UR5_constraints) by extension 'python_setup_py'
[0.255s] Level 1:colcon.colcon_core.package_identification:_identify(solvers/c_generated_code_low/UR5_model) by extensions ['ignore', 'ignore_ament_install']
[0.255s] Level 1:colcon.colcon_core.package_identification:_identify(solvers/c_generated_code_low/UR5_model) by extension 'ignore'
[0.255s] Level 1:colcon.colcon_core.package_identification:_identify(solvers/c_generated_code_low/UR5_model) by extension 'ignore_ament_install'
[0.255s] Level 1:colcon.colcon_core.package_identification:_identify(solvers/c_generated_code_low/UR5_model) by extensions ['colcon_pkg']
[0.255s] Level 1:colcon.colcon_core.package_identification:_identify(solvers/c_generated_code_low/UR5_model) by extension 'colcon_pkg'
[0.255s] Level 1:colcon.colcon_core.package_identification:_identify(solvers/c_generated_code_low/UR5_model) by extensions ['colcon_meta']
[0.255s] Level 1:colcon.colcon_core.package_identification:_identify(solvers/c_generated_code_low/UR5_model) by extension 'colcon_meta'
[0.255s] Level 1:colcon.colcon_core.package_identification:_identify(solvers/c_generated_code_low/UR5_model) by extensions ['ros']
[0.255s] Level 1:colcon.colcon_core.package_identification:_identify(solvers/c_generated_code_low/UR5_model) by extension 'ros'
[0.255s] Level 1:colcon.colcon_core.package_identification:_identify(solvers/c_generated_code_low/UR5_model) by extensions ['cmake', 'python']
[0.255s] Level 1:colcon.colcon_core.package_identification:_identify(solvers/c_generated_code_low/UR5_model) by extension 'cmake'
[0.256s] Level 1:colcon.colcon_core.package_identification:_identify(solvers/c_generated_code_low/UR5_model) by extension 'python'
[0.256s] Level 1:colcon.colcon_core.package_identification:_identify(solvers/c_generated_code_low/UR5_model) by extensions ['python_setup_py']
[0.256s] Level 1:colcon.colcon_core.package_identification:_identify(solvers/c_generated_code_low/UR5_model) by extension 'python_setup_py'
[0.256s] Level 1:colcon.colcon_core.package_identification:_identify(solvers/c_generated_code_old) by extensions ['ignore', 'ignore_ament_install']
[0.256s] Level 1:colcon.colcon_core.package_identification:_identify(solvers/c_generated_code_old) by extension 'ignore'
[0.256s] Level 1:colcon.colcon_core.package_identification:_identify(solvers/c_generated_code_old) by extension 'ignore_ament_install'
[0.256s] Level 1:colcon.colcon_core.package_identification:_identify(solvers/c_generated_code_old) by extensions ['colcon_pkg']
[0.256s] Level 1:colcon.colcon_core.package_identification:_identify(solvers/c_generated_code_old) by extension 'colcon_pkg'
[0.256s] Level 1:colcon.colcon_core.package_identification:_identify(solvers/c_generated_code_old) by extensions ['colcon_meta']
[0.256s] Level 1:colcon.colcon_core.package_identification:_identify(solvers/c_generated_code_old) by extension 'colcon_meta'
[0.256s] Level 1:colcon.colcon_core.package_identification:_identify(solvers/c_generated_code_old) by extensions ['ros']
[0.256s] Level 1:colcon.colcon_core.package_identification:_identify(solvers/c_generated_code_old) by extension 'ros'
[0.256s] Level 1:colcon.colcon_core.package_identification:_identify(solvers/c_generated_code_old) by extensions ['cmake', 'python']
[0.256s] Level 1:colcon.colcon_core.package_identification:_identify(solvers/c_generated_code_old) by extension 'cmake'
[0.257s] Level 1:colcon.colcon_core.package_identification:_identify(solvers/c_generated_code_old) by extension 'python'
[0.257s] Level 1:colcon.colcon_core.package_identification:_identify(solvers/c_generated_code_old) by extensions ['python_setup_py']
[0.257s] Level 1:colcon.colcon_core.package_identification:_identify(solvers/c_generated_code_old) by extension 'python_setup_py'
[0.257s] Level 1:colcon.colcon_core.package_identification:_identify(solvers/c_generated_code_old/UR5_constraints) by extensions ['ignore', 'ignore_ament_install']
[0.257s] Level 1:colcon.colcon_core.package_identification:_identify(solvers/c_generated_code_old/UR5_constraints) by extension 'ignore'
[0.257s] Level 1:colcon.colcon_core.package_identification:_identify(solvers/c_generated_code_old/UR5_constraints) by extension 'ignore_ament_install'
[0.257s] Level 1:colcon.colcon_core.package_identification:_identify(solvers/c_generated_code_old/UR5_constraints) by extensions ['colcon_pkg']
[0.257s] Level 1:colcon.colcon_core.package_identification:_identify(solvers/c_generated_code_old/UR5_constraints) by extension 'colcon_pkg'
[0.257s] Level 1:colcon.colcon_core.package_identification:_identify(solvers/c_generated_code_old/UR5_constraints) by extensions ['colcon_meta']
[0.257s] Level 1:colcon.colcon_core.package_identification:_identify(solvers/c_generated_code_old/UR5_constraints) by extension 'colcon_meta'
[0.257s] Level 1:colcon.colcon_core.package_identification:_identify(solvers/c_generated_code_old/UR5_constraints) by extensions ['ros']
[0.257s] Level 1:colcon.colcon_core.package_identification:_identify(solvers/c_generated_code_old/UR5_constraints) by extension 'ros'
[0.257s] Level 1:colcon.colcon_core.package_identification:_identify(solvers/c_generated_code_old/UR5_constraints) by extensions ['cmake', 'python']
[0.257s] Level 1:colcon.colcon_core.package_identification:_identify(solvers/c_generated_code_old/UR5_constraints) by extension 'cmake'
[0.257s] Level 1:colcon.colcon_core.package_identification:_identify(solvers/c_generated_code_old/UR5_constraints) by extension 'python'
[0.258s] Level 1:colcon.colcon_core.package_identification:_identify(solvers/c_generated_code_old/UR5_constraints) by extensions ['python_setup_py']
[0.258s] Level 1:colcon.colcon_core.package_identification:_identify(solvers/c_generated_code_old/UR5_constraints) by extension 'python_setup_py'
[0.258s] Level 1:colcon.colcon_core.package_identification:_identify(solvers/c_generated_code_old/UR5_model) by extensions ['ignore', 'ignore_ament_install']
[0.258s] Level 1:colcon.colcon_core.package_identification:_identify(solvers/c_generated_code_old/UR5_model) by extension 'ignore'
[0.258s] Level 1:colcon.colcon_core.package_identification:_identify(solvers/c_generated_code_old/UR5_model) by extension 'ignore_ament_install'
[0.258s] Level 1:colcon.colcon_core.package_identification:_identify(solvers/c_generated_code_old/UR5_model) by extensions ['colcon_pkg']
[0.258s] Level 1:colcon.colcon_core.package_identification:_identify(solvers/c_generated_code_old/UR5_model) by extension 'colcon_pkg'
[0.258s] Level 1:colcon.colcon_core.package_identification:_identify(solvers/c_generated_code_old/UR5_model) by extensions ['colcon_meta']
[0.258s] Level 1:colcon.colcon_core.package_identification:_identify(solvers/c_generated_code_old/UR5_model) by extension 'colcon_meta'
[0.258s] Level 1:colcon.colcon_core.package_identification:_identify(solvers/c_generated_code_old/UR5_model) by extensions ['ros']
[0.258s] Level 1:colcon.colcon_core.package_identification:_identify(solvers/c_generated_code_old/UR5_model) by extension 'ros'
[0.258s] Level 1:colcon.colcon_core.package_identification:_identify(solvers/c_generated_code_old/UR5_model) by extensions ['cmake', 'python']
[0.258s] Level 1:colcon.colcon_core.package_identification:_identify(solvers/c_generated_code_old/UR5_model) by extension 'cmake'
[0.259s] Level 1:colcon.colcon_core.package_identification:_identify(solvers/c_generated_code_old/UR5_model) by extension 'python'
[0.259s] Level 1:colcon.colcon_core.package_identification:_identify(solvers/c_generated_code_old/UR5_model) by extensions ['python_setup_py']
[0.259s] Level 1:colcon.colcon_core.package_identification:_identify(solvers/c_generated_code_old/UR5_model) by extension 'python_setup_py'
[0.259s] Level 1:colcon.colcon_core.package_identification:_identify(solvers/c_generated_code_old2) by extensions ['ignore', 'ignore_ament_install']
[0.259s] Level 1:colcon.colcon_core.package_identification:_identify(solvers/c_generated_code_old2) by extension 'ignore'
[0.259s] Level 1:colcon.colcon_core.package_identification:_identify(solvers/c_generated_code_old2) by extension 'ignore_ament_install'
[0.259s] Level 1:colcon.colcon_core.package_identification:_identify(solvers/c_generated_code_old2) by extensions ['colcon_pkg']
[0.259s] Level 1:colcon.colcon_core.package_identification:_identify(solvers/c_generated_code_old2) by extension 'colcon_pkg'
[0.259s] Level 1:colcon.colcon_core.package_identification:_identify(solvers/c_generated_code_old2) by extensions ['colcon_meta']
[0.259s] Level 1:colcon.colcon_core.package_identification:_identify(solvers/c_generated_code_old2) by extension 'colcon_meta'
[0.259s] Level 1:colcon.colcon_core.package_identification:_identify(solvers/c_generated_code_old2) by extensions ['ros']
[0.259s] Level 1:colcon.colcon_core.package_identification:_identify(solvers/c_generated_code_old2) by extension 'ros'
[0.259s] Level 1:colcon.colcon_core.package_identification:_identify(solvers/c_generated_code_old2) by extensions ['cmake', 'python']
[0.259s] Level 1:colcon.colcon_core.package_identification:_identify(solvers/c_generated_code_old2) by extension 'cmake'
[0.260s] Level 1:colcon.colcon_core.package_identification:_identify(solvers/c_generated_code_old2) by extension 'python'
[0.260s] Level 1:colcon.colcon_core.package_identification:_identify(solvers/c_generated_code_old2) by extensions ['python_setup_py']
[0.260s] Level 1:colcon.colcon_core.package_identification:_identify(solvers/c_generated_code_old2) by extension 'python_setup_py'
[0.260s] Level 1:colcon.colcon_core.package_identification:_identify(solvers/c_generated_code_old2/UR5_constraints) by extensions ['ignore', 'ignore_ament_install']
[0.260s] Level 1:colcon.colcon_core.package_identification:_identify(solvers/c_generated_code_old2/UR5_constraints) by extension 'ignore'
[0.260s] Level 1:colcon.colcon_core.package_identification:_identify(solvers/c_generated_code_old2/UR5_constraints) by extension 'ignore_ament_install'
[0.260s] Level 1:colcon.colcon_core.package_identification:_identify(solvers/c_generated_code_old2/UR5_constraints) by extensions ['colcon_pkg']
[0.260s] Level 1:colcon.colcon_core.package_identification:_identify(solvers/c_generated_code_old2/UR5_constraints) by extension 'colcon_pkg'
[0.260s] Level 1:colcon.colcon_core.package_identification:_identify(solvers/c_generated_code_old2/UR5_constraints) by extensions ['colcon_meta']
[0.260s] Level 1:colcon.colcon_core.package_identification:_identify(solvers/c_generated_code_old2/UR5_constraints) by extension 'colcon_meta'
[0.260s] Level 1:colcon.colcon_core.package_identification:_identify(solvers/c_generated_code_old2/UR5_constraints) by extensions ['ros']
[0.260s] Level 1:colcon.colcon_core.package_identification:_identify(solvers/c_generated_code_old2/UR5_constraints) by extension 'ros'
[0.260s] Level 1:colcon.colcon_core.package_identification:_identify(solvers/c_generated_code_old2/UR5_constraints) by extensions ['cmake', 'python']
[0.260s] Level 1:colcon.colcon_core.package_identification:_identify(solvers/c_generated_code_old2/UR5_constraints) by extension 'cmake'
[0.261s] Level 1:colcon.colcon_core.package_identification:_identify(solvers/c_generated_code_old2/UR5_constraints) by extension 'python'
[0.261s] Level 1:colcon.colcon_core.package_identification:_identify(solvers/c_generated_code_old2/UR5_constraints) by extensions ['python_setup_py']
[0.261s] Level 1:colcon.colcon_core.package_identification:_identify(solvers/c_generated_code_old2/UR5_constraints) by extension 'python_setup_py'
[0.261s] Level 1:colcon.colcon_core.package_identification:_identify(solvers/c_generated_code_old2/UR5_model) by extensions ['ignore', 'ignore_ament_install']
[0.261s] Level 1:colcon.colcon_core.package_identification:_identify(solvers/c_generated_code_old2/UR5_model) by extension 'ignore'
[0.261s] Level 1:colcon.colcon_core.package_identification:_identify(solvers/c_generated_code_old2/UR5_model) by extension 'ignore_ament_install'
[0.261s] Level 1:colcon.colcon_core.package_identification:_identify(solvers/c_generated_code_old2/UR5_model) by extensions ['colcon_pkg']
[0.261s] Level 1:colcon.colcon_core.package_identification:_identify(solvers/c_generated_code_old2/UR5_model) by extension 'colcon_pkg'
[0.261s] Level 1:colcon.colcon_core.package_identification:_identify(solvers/c_generated_code_old2/UR5_model) by extensions ['colcon_meta']
[0.261s] Level 1:colcon.colcon_core.package_identification:_identify(solvers/c_generated_code_old2/UR5_model) by extension 'colcon_meta'
[0.261s] Level 1:colcon.colcon_core.package_identification:_identify(solvers/c_generated_code_old2/UR5_model) by extensions ['ros']
[0.261s] Level 1:colcon.colcon_core.package_identification:_identify(solvers/c_generated_code_old2/UR5_model) by extension 'ros'
[0.261s] Level 1:colcon.colcon_core.package_identification:_identify(solvers/c_generated_code_old2/UR5_model) by extensions ['cmake', 'python']
[0.261s] Level 1:colcon.colcon_core.package_identification:_identify(solvers/c_generated_code_old2/UR5_model) by extension 'cmake'
[0.262s] Level 1:colcon.colcon_core.package_identification:_identify(solvers/c_generated_code_old2/UR5_model) by extension 'python'
[0.262s] Level 1:colcon.colcon_core.package_identification:_identify(solvers/c_generated_code_old2/UR5_model) by extensions ['python_setup_py']
[0.262s] Level 1:colcon.colcon_core.package_identification:_identify(solvers/c_generated_code_old2/UR5_model) by extension 'python_setup_py'
[0.262s] Level 1:colcon.colcon_core.package_identification:_identify(solvers/solver) by extensions ['ignore', 'ignore_ament_install']
[0.262s] Level 1:colcon.colcon_core.package_identification:_identify(solvers/solver) by extension 'ignore'
[0.262s] Level 1:colcon.colcon_core.package_identification:_identify(solvers/solver) by extension 'ignore_ament_install'
[0.262s] Level 1:colcon.colcon_core.package_identification:_identify(solvers/solver) by extensions ['colcon_pkg']
[0.262s] Level 1:colcon.colcon_core.package_identification:_identify(solvers/solver) by extension 'colcon_pkg'
[0.262s] Level 1:colcon.colcon_core.package_identification:_identify(solvers/solver) by extensions ['colcon_meta']
[0.262s] Level 1:colcon.colcon_core.package_identification:_identify(solvers/solver) by extension 'colcon_meta'
[0.262s] Level 1:colcon.colcon_core.package_identification:_identify(solvers/solver) by extensions ['ros']
[0.262s] Level 1:colcon.colcon_core.package_identification:_identify(solvers/solver) by extension 'ros'
[0.262s] Level 1:colcon.colcon_core.package_identification:_identify(solvers/solver) by extensions ['cmake', 'python']
[0.262s] Level 1:colcon.colcon_core.package_identification:_identify(solvers/solver) by extension 'cmake'
[0.262s] Level 1:colcon.colcon_core.package_identification:_identify(solvers/solver) by extension 'python'
[0.263s] Level 1:colcon.colcon_core.package_identification:_identify(solvers/solver) by extensions ['python_setup_py']
[0.263s] Level 1:colcon.colcon_core.package_identification:_identify(solvers/solver) by extension 'python_setup_py'
[0.263s] Level 1:colcon.colcon_core.package_identification:_identify(solvers/solver/UR5_constraints) by extensions ['ignore', 'ignore_ament_install']
[0.263s] Level 1:colcon.colcon_core.package_identification:_identify(solvers/solver/UR5_constraints) by extension 'ignore'
[0.263s] Level 1:colcon.colcon_core.package_identification:_identify(solvers/solver/UR5_constraints) by extension 'ignore_ament_install'
[0.263s] Level 1:colcon.colcon_core.package_identification:_identify(solvers/solver/UR5_constraints) by extensions ['colcon_pkg']
[0.263s] Level 1:colcon.colcon_core.package_identification:_identify(solvers/solver/UR5_constraints) by extension 'colcon_pkg'
[0.263s] Level 1:colcon.colcon_core.package_identification:_identify(solvers/solver/UR5_constraints) by extensions ['colcon_meta']
[0.263s] Level 1:colcon.colcon_core.package_identification:_identify(solvers/solver/UR5_constraints) by extension 'colcon_meta'
[0.263s] Level 1:colcon.colcon_core.package_identification:_identify(solvers/solver/UR5_constraints) by extensions ['ros']
[0.263s] Level 1:colcon.colcon_core.package_identification:_identify(solvers/solver/UR5_constraints) by extension 'ros'
[0.263s] Level 1:colcon.colcon_core.package_identification:_identify(solvers/solver/UR5_constraints) by extensions ['cmake', 'python']
[0.263s] Level 1:colcon.colcon_core.package_identification:_identify(solvers/solver/UR5_constraints) by extension 'cmake'
[0.263s] Level 1:colcon.colcon_core.package_identification:_identify(solvers/solver/UR5_constraints) by extension 'python'
[0.264s] Level 1:colcon.colcon_core.package_identification:_identify(solvers/solver/UR5_constraints) by extensions ['python_setup_py']
[0.264s] Level 1:colcon.colcon_core.package_identification:_identify(solvers/solver/UR5_constraints) by extension 'python_setup_py'
[0.264s] Level 1:colcon.colcon_core.package_identification:_identify(solvers/solver/UR5_cost) by extensions ['ignore', 'ignore_ament_install']
[0.264s] Level 1:colcon.colcon_core.package_identification:_identify(solvers/solver/UR5_cost) by extension 'ignore'
[0.264s] Level 1:colcon.colcon_core.package_identification:_identify(solvers/solver/UR5_cost) by extension 'ignore_ament_install'
[0.264s] Level 1:colcon.colcon_core.package_identification:_identify(solvers/solver/UR5_cost) by extensions ['colcon_pkg']
[0.264s] Level 1:colcon.colcon_core.package_identification:_identify(solvers/solver/UR5_cost) by extension 'colcon_pkg'
[0.264s] Level 1:colcon.colcon_core.package_identification:_identify(solvers/solver/UR5_cost) by extensions ['colcon_meta']
[0.264s] Level 1:colcon.colcon_core.package_identification:_identify(solvers/solver/UR5_cost) by extension 'colcon_meta'
[0.264s] Level 1:colcon.colcon_core.package_identification:_identify(solvers/solver/UR5_cost) by extensions ['ros']
[0.264s] Level 1:colcon.colcon_core.package_identification:_identify(solvers/solver/UR5_cost) by extension 'ros'
[0.264s] Level 1:colcon.colcon_core.package_identification:_identify(solvers/solver/UR5_cost) by extensions ['cmake', 'python']
[0.264s] Level 1:colcon.colcon_core.package_identification:_identify(solvers/solver/UR5_cost) by extension 'cmake'
[0.265s] Level 1:colcon.colcon_core.package_identification:_identify(solvers/solver/UR5_cost) by extension 'python'
[0.265s] Level 1:colcon.colcon_core.package_identification:_identify(solvers/solver/UR5_cost) by extensions ['python_setup_py']
[0.265s] Level 1:colcon.colcon_core.package_identification:_identify(solvers/solver/UR5_cost) by extension 'python_setup_py'
[0.265s] Level 1:colcon.colcon_core.package_identification:_identify(solvers/solver/UR5_model) by extensions ['ignore', 'ignore_ament_install']
[0.265s] Level 1:colcon.colcon_core.package_identification:_identify(solvers/solver/UR5_model) by extension 'ignore'
[0.265s] Level 1:colcon.colcon_core.package_identification:_identify(solvers/solver/UR5_model) by extension 'ignore_ament_install'
[0.265s] Level 1:colcon.colcon_core.package_identification:_identify(solvers/solver/UR5_model) by extensions ['colcon_pkg']
[0.265s] Level 1:colcon.colcon_core.package_identification:_identify(solvers/solver/UR5_model) by extension 'colcon_pkg'
[0.265s] Level 1:colcon.colcon_core.package_identification:_identify(solvers/solver/UR5_model) by extensions ['colcon_meta']
[0.265s] Level 1:colcon.colcon_core.package_identification:_identify(solvers/solver/UR5_model) by extension 'colcon_meta'
[0.265s] Level 1:colcon.colcon_core.package_identification:_identify(solvers/solver/UR5_model) by extensions ['ros']
[0.265s] Level 1:colcon.colcon_core.package_identification:_identify(solvers/solver/UR5_model) by extension 'ros'
[0.265s] Level 1:colcon.colcon_core.package_identification:_identify(solvers/solver/UR5_model) by extensions ['cmake', 'python']
[0.265s] Level 1:colcon.colcon_core.package_identification:_identify(solvers/solver/UR5_model) by extension 'cmake'
[0.266s] Level 1:colcon.colcon_core.package_identification:_identify(solvers/solver/UR5_model) by extension 'python'
[0.266s] Level 1:colcon.colcon_core.package_identification:_identify(solvers/solver/UR5_model) by extensions ['python_setup_py']
[0.266s] Level 1:colcon.colcon_core.package_identification:_identify(solvers/solver/UR5_model) by extension 'python_setup_py'
[0.266s] Level 1:colcon.colcon_core.package_identification:_identify(solvers/solver_low) by extensions ['ignore', 'ignore_ament_install']
[0.266s] Level 1:colcon.colcon_core.package_identification:_identify(solvers/solver_low) by extension 'ignore'
[0.266s] Level 1:colcon.colcon_core.package_identification:_identify(solvers/solver_low) by extension 'ignore_ament_install'
[0.266s] Level 1:colcon.colcon_core.package_identification:_identify(solvers/solver_low) by extensions ['colcon_pkg']
[0.266s] Level 1:colcon.colcon_core.package_identification:_identify(solvers/solver_low) by extension 'colcon_pkg'
[0.266s] Level 1:colcon.colcon_core.package_identification:_identify(solvers/solver_low) by extensions ['colcon_meta']
[0.266s] Level 1:colcon.colcon_core.package_identification:_identify(solvers/solver_low) by extension 'colcon_meta'
[0.266s] Level 1:colcon.colcon_core.package_identification:_identify(solvers/solver_low) by extensions ['ros']
[0.266s] Level 1:colcon.colcon_core.package_identification:_identify(solvers/solver_low) by extension 'ros'
[0.266s] Level 1:colcon.colcon_core.package_identification:_identify(solvers/solver_low) by extensions ['cmake', 'python']
[0.266s] Level 1:colcon.colcon_core.package_identification:_identify(solvers/solver_low) by extension 'cmake'
[0.267s] Level 1:colcon.colcon_core.package_identification:_identify(solvers/solver_low) by extension 'python'
[0.267s] Level 1:colcon.colcon_core.package_identification:_identify(solvers/solver_low) by extensions ['python_setup_py']
[0.267s] Level 1:colcon.colcon_core.package_identification:_identify(solvers/solver_low) by extension 'python_setup_py'
[0.267s] Level 1:colcon.colcon_core.package_identification:_identify(solvers/solver_low/UR5_constraints) by extensions ['ignore', 'ignore_ament_install']
[0.267s] Level 1:colcon.colcon_core.package_identification:_identify(solvers/solver_low/UR5_constraints) by extension 'ignore'
[0.267s] Level 1:colcon.colcon_core.package_identification:_identify(solvers/solver_low/UR5_constraints) by extension 'ignore_ament_install'
[0.267s] Level 1:colcon.colcon_core.package_identification:_identify(solvers/solver_low/UR5_constraints) by extensions ['colcon_pkg']
[0.267s] Level 1:colcon.colcon_core.package_identification:_identify(solvers/solver_low/UR5_constraints) by extension 'colcon_pkg'
[0.267s] Level 1:colcon.colcon_core.package_identification:_identify(solvers/solver_low/UR5_constraints) by extensions ['colcon_meta']
[0.267s] Level 1:colcon.colcon_core.package_identification:_identify(solvers/solver_low/UR5_constraints) by extension 'colcon_meta'
[0.267s] Level 1:colcon.colcon_core.package_identification:_identify(solvers/solver_low/UR5_constraints) by extensions ['ros']
[0.267s] Level 1:colcon.colcon_core.package_identification:_identify(solvers/solver_low/UR5_constraints) by extension 'ros'
[0.267s] Level 1:colcon.colcon_core.package_identification:_identify(solvers/solver_low/UR5_constraints) by extensions ['cmake', 'python']
[0.267s] Level 1:colcon.colcon_core.package_identification:_identify(solvers/solver_low/UR5_constraints) by extension 'cmake'
[0.267s] Level 1:colcon.colcon_core.package_identification:_identify(solvers/solver_low/UR5_constraints) by extension 'python'
[0.268s] Level 1:colcon.colcon_core.package_identification:_identify(solvers/solver_low/UR5_constraints) by extensions ['python_setup_py']
[0.268s] Level 1:colcon.colcon_core.package_identification:_identify(solvers/solver_low/UR5_constraints) by extension 'python_setup_py'
[0.268s] Level 1:colcon.colcon_core.package_identification:_identify(solvers/solver_low/UR5_model) by extensions ['ignore', 'ignore_ament_install']
[0.268s] Level 1:colcon.colcon_core.package_identification:_identify(solvers/solver_low/UR5_model) by extension 'ignore'
[0.268s] Level 1:colcon.colcon_core.package_identification:_identify(solvers/solver_low/UR5_model) by extension 'ignore_ament_install'
[0.268s] Level 1:colcon.colcon_core.package_identification:_identify(solvers/solver_low/UR5_model) by extensions ['colcon_pkg']
[0.268s] Level 1:colcon.colcon_core.package_identification:_identify(solvers/solver_low/UR5_model) by extension 'colcon_pkg'
[0.268s] Level 1:colcon.colcon_core.package_identification:_identify(solvers/solver_low/UR5_model) by extensions ['colcon_meta']
[0.268s] Level 1:colcon.colcon_core.package_identification:_identify(solvers/solver_low/UR5_model) by extension 'colcon_meta'
[0.268s] Level 1:colcon.colcon_core.package_identification:_identify(solvers/solver_low/UR5_model) by extensions ['ros']
[0.268s] Level 1:colcon.colcon_core.package_identification:_identify(solvers/solver_low/UR5_model) by extension 'ros'
[0.268s] Level 1:colcon.colcon_core.package_identification:_identify(solvers/solver_low/UR5_model) by extensions ['cmake', 'python']
[0.268s] Level 1:colcon.colcon_core.package_identification:_identify(solvers/solver_low/UR5_model) by extension 'cmake'
[0.268s] Level 1:colcon.colcon_core.package_identification:_identify(solvers/solver_low/UR5_model) by extension 'python'
[0.269s] Level 1:colcon.colcon_core.package_identification:_identify(solvers/solver_low/UR5_model) by extensions ['python_setup_py']
[0.269s] Level 1:colcon.colcon_core.package_identification:_identify(solvers/solver_low/UR5_model) by extension 'python_setup_py'
[0.269s] Level 1:colcon.colcon_core.package_identification:_identify(solvers/solver_old) by extensions ['ignore', 'ignore_ament_install']
[0.269s] Level 1:colcon.colcon_core.package_identification:_identify(solvers/solver_old) by extension 'ignore'
[0.269s] Level 1:colcon.colcon_core.package_identification:_identify(solvers/solver_old) by extension 'ignore_ament_install'
[0.269s] Level 1:colcon.colcon_core.package_identification:_identify(solvers/solver_old) by extensions ['colcon_pkg']
[0.269s] Level 1:colcon.colcon_core.package_identification:_identify(solvers/solver_old) by extension 'colcon_pkg'
[0.269s] Level 1:colcon.colcon_core.package_identification:_identify(solvers/solver_old) by extensions ['colcon_meta']
[0.269s] Level 1:colcon.colcon_core.package_identification:_identify(solvers/solver_old) by extension 'colcon_meta'
[0.269s] Level 1:colcon.colcon_core.package_identification:_identify(solvers/solver_old) by extensions ['ros']
[0.269s] Level 1:colcon.colcon_core.package_identification:_identify(solvers/solver_old) by extension 'ros'
[0.269s] Level 1:colcon.colcon_core.package_identification:_identify(solvers/solver_old) by extensions ['cmake', 'python']
[0.269s] Level 1:colcon.colcon_core.package_identification:_identify(solvers/solver_old) by extension 'cmake'
[0.269s] Level 1:colcon.colcon_core.package_identification:_identify(solvers/solver_old) by extension 'python'
[0.270s] Level 1:colcon.colcon_core.package_identification:_identify(solvers/solver_old) by extensions ['python_setup_py']
[0.270s] Level 1:colcon.colcon_core.package_identification:_identify(solvers/solver_old) by extension 'python_setup_py'
[0.270s] Level 1:colcon.colcon_core.package_identification:_identify(solvers/solver_old/UR5_constraints) by extensions ['ignore', 'ignore_ament_install']
[0.270s] Level 1:colcon.colcon_core.package_identification:_identify(solvers/solver_old/UR5_constraints) by extension 'ignore'
[0.270s] Level 1:colcon.colcon_core.package_identification:_identify(solvers/solver_old/UR5_constraints) by extension 'ignore_ament_install'
[0.270s] Level 1:colcon.colcon_core.package_identification:_identify(solvers/solver_old/UR5_constraints) by extensions ['colcon_pkg']
[0.270s] Level 1:colcon.colcon_core.package_identification:_identify(solvers/solver_old/UR5_constraints) by extension 'colcon_pkg'
[0.270s] Level 1:colcon.colcon_core.package_identification:_identify(solvers/solver_old/UR5_constraints) by extensions ['colcon_meta']
[0.270s] Level 1:colcon.colcon_core.package_identification:_identify(solvers/solver_old/UR5_constraints) by extension 'colcon_meta'
[0.270s] Level 1:colcon.colcon_core.package_identification:_identify(solvers/solver_old/UR5_constraints) by extensions ['ros']
[0.270s] Level 1:colcon.colcon_core.package_identification:_identify(solvers/solver_old/UR5_constraints) by extension 'ros'
[0.270s] Level 1:colcon.colcon_core.package_identification:_identify(solvers/solver_old/UR5_constraints) by extensions ['cmake', 'python']
[0.270s] Level 1:colcon.colcon_core.package_identification:_identify(solvers/solver_old/UR5_constraints) by extension 'cmake'
[0.270s] Level 1:colcon.colcon_core.package_identification:_identify(solvers/solver_old/UR5_constraints) by extension 'python'
[0.270s] Level 1:colcon.colcon_core.package_identification:_identify(solvers/solver_old/UR5_constraints) by extensions ['python_setup_py']
[0.270s] Level 1:colcon.colcon_core.package_identification:_identify(solvers/solver_old/UR5_constraints) by extension 'python_setup_py'
[0.271s] Level 1:colcon.colcon_core.package_identification:_identify(solvers/solver_old/UR5_model) by extensions ['ignore', 'ignore_ament_install']
[0.271s] Level 1:colcon.colcon_core.package_identification:_identify(solvers/solver_old/UR5_model) by extension 'ignore'
[0.271s] Level 1:colcon.colcon_core.package_identification:_identify(solvers/solver_old/UR5_model) by extension 'ignore_ament_install'
[0.271s] Level 1:colcon.colcon_core.package_identification:_identify(solvers/solver_old/UR5_model) by extensions ['colcon_pkg']
[0.271s] Level 1:colcon.colcon_core.package_identification:_identify(solvers/solver_old/UR5_model) by extension 'colcon_pkg'
[0.271s] Level 1:colcon.colcon_core.package_identification:_identify(solvers/solver_old/UR5_model) by extensions ['colcon_meta']
[0.271s] Level 1:colcon.colcon_core.package_identification:_identify(solvers/solver_old/UR5_model) by extension 'colcon_meta'
[0.271s] Level 1:colcon.colcon_core.package_identification:_identify(solvers/solver_old/UR5_model) by extensions ['ros']
[0.271s] Level 1:colcon.colcon_core.package_identification:_identify(solvers/solver_old/UR5_model) by extension 'ros'
[0.271s] Level 1:colcon.colcon_core.package_identification:_identify(solvers/solver_old/UR5_model) by extensions ['cmake', 'python']
[0.271s] Level 1:colcon.colcon_core.package_identification:_identify(solvers/solver_old/UR5_model) by extension 'cmake'
[0.271s] Level 1:colcon.colcon_core.package_identification:_identify(solvers/solver_old/UR5_model) by extension 'python'
[0.271s] Level 1:colcon.colcon_core.package_identification:_identify(solvers/solver_old/UR5_model) by extensions ['python_setup_py']
[0.271s] Level 1:colcon.colcon_core.package_identification:_identify(solvers/solver_old/UR5_model) by extension 'python_setup_py'
[0.272s] Level 1:colcon.colcon_core.package_identification:_identify(solvers/solver_old2) by extensions ['ignore', 'ignore_ament_install']
[0.272s] Level 1:colcon.colcon_core.package_identification:_identify(solvers/solver_old2) by extension 'ignore'
[0.272s] Level 1:colcon.colcon_core.package_identification:_identify(solvers/solver_old2) by extension 'ignore_ament_install'
[0.272s] Level 1:colcon.colcon_core.package_identification:_identify(solvers/solver_old2) by extensions ['colcon_pkg']
[0.272s] Level 1:colcon.colcon_core.package_identification:_identify(solvers/solver_old2) by extension 'colcon_pkg'
[0.272s] Level 1:colcon.colcon_core.package_identification:_identify(solvers/solver_old2) by extensions ['colcon_meta']
[0.272s] Level 1:colcon.colcon_core.package_identification:_identify(solvers/solver_old2) by extension 'colcon_meta'
[0.272s] Level 1:colcon.colcon_core.package_identification:_identify(solvers/solver_old2) by extensions ['ros']
[0.272s] Level 1:colcon.colcon_core.package_identification:_identify(solvers/solver_old2) by extension 'ros'
[0.272s] Level 1:colcon.colcon_core.package_identification:_identify(solvers/solver_old2) by extensions ['cmake', 'python']
[0.272s] Level 1:colcon.colcon_core.package_identification:_identify(solvers/solver_old2) by extension 'cmake'
[0.272s] Level 1:colcon.colcon_core.package_identification:_identify(solvers/solver_old2) by extension 'python'
[0.272s] Level 1:colcon.colcon_core.package_identification:_identify(solvers/solver_old2) by extensions ['python_setup_py']
[0.272s] Level 1:colcon.colcon_core.package_identification:_identify(solvers/solver_old2) by extension 'python_setup_py'
[0.273s] Level 1:colcon.colcon_core.package_identification:_identify(solvers/solver_old2/UR5_constraints) by extensions ['ignore', 'ignore_ament_install']
[0.273s] Level 1:colcon.colcon_core.package_identification:_identify(solvers/solver_old2/UR5_constraints) by extension 'ignore'
[0.273s] Level 1:colcon.colcon_core.package_identification:_identify(solvers/solver_old2/UR5_constraints) by extension 'ignore_ament_install'
[0.273s] Level 1:colcon.colcon_core.package_identification:_identify(solvers/solver_old2/UR5_constraints) by extensions ['colcon_pkg']
[0.273s] Level 1:colcon.colcon_core.package_identification:_identify(solvers/solver_old2/UR5_constraints) by extension 'colcon_pkg'
[0.273s] Level 1:colcon.colcon_core.package_identification:_identify(solvers/solver_old2/UR5_constraints) by extensions ['colcon_meta']
[0.273s] Level 1:colcon.colcon_core.package_identification:_identify(solvers/solver_old2/UR5_constraints) by extension 'colcon_meta'
[0.273s] Level 1:colcon.colcon_core.package_identification:_identify(solvers/solver_old2/UR5_constraints) by extensions ['ros']
[0.273s] Level 1:colcon.colcon_core.package_identification:_identify(solvers/solver_old2/UR5_constraints) by extension 'ros'
[0.273s] Level 1:colcon.colcon_core.package_identification:_identify(solvers/solver_old2/UR5_constraints) by extensions ['cmake', 'python']
[0.273s] Level 1:colcon.colcon_core.package_identification:_identify(solvers/solver_old2/UR5_constraints) by extension 'cmake'
[0.273s] Level 1:colcon.colcon_core.package_identification:_identify(solvers/solver_old2/UR5_constraints) by extension 'python'
[0.274s] Level 1:colcon.colcon_core.package_identification:_identify(solvers/solver_old2/UR5_constraints) by extensions ['python_setup_py']
[0.274s] Level 1:colcon.colcon_core.package_identification:_identify(solvers/solver_old2/UR5_constraints) by extension 'python_setup_py'
[0.274s] Level 1:colcon.colcon_core.package_identification:_identify(solvers/solver_old2/UR5_model) by extensions ['ignore', 'ignore_ament_install']
[0.274s] Level 1:colcon.colcon_core.package_identification:_identify(solvers/solver_old2/UR5_model) by extension 'ignore'
[0.274s] Level 1:colcon.colcon_core.package_identification:_identify(solvers/solver_old2/UR5_model) by extension 'ignore_ament_install'
[0.274s] Level 1:colcon.colcon_core.package_identification:_identify(solvers/solver_old2/UR5_model) by extensions ['colcon_pkg']
[0.274s] Level 1:colcon.colcon_core.package_identification:_identify(solvers/solver_old2/UR5_model) by extension 'colcon_pkg'
[0.274s] Level 1:colcon.colcon_core.package_identification:_identify(solvers/solver_old2/UR5_model) by extensions ['colcon_meta']
[0.274s] Level 1:colcon.colcon_core.package_identification:_identify(solvers/solver_old2/UR5_model) by extension 'colcon_meta'
[0.274s] Level 1:colcon.colcon_core.package_identification:_identify(solvers/solver_old2/UR5_model) by extensions ['ros']
[0.274s] Level 1:colcon.colcon_core.package_identification:_identify(solvers/solver_old2/UR5_model) by extension 'ros'
[0.274s] Level 1:colcon.colcon_core.package_identification:_identify(solvers/solver_old2/UR5_model) by extensions ['cmake', 'python']
[0.274s] Level 1:colcon.colcon_core.package_identification:_identify(solvers/solver_old2/UR5_model) by extension 'cmake'
[0.274s] Level 1:colcon.colcon_core.package_identification:_identify(solvers/solver_old2/UR5_model) by extension 'python'
[0.274s] Level 1:colcon.colcon_core.package_identification:_identify(solvers/solver_old2/UR5_model) by extensions ['python_setup_py']
[0.274s] Level 1:colcon.colcon_core.package_identification:_identify(solvers/solver_old2/UR5_model) by extension 'python_setup_py'
[0.275s] Level 1:colcon.colcon_core.package_identification:_identify(src) by extensions ['ignore', 'ignore_ament_install']
[0.275s] Level 1:colcon.colcon_core.package_identification:_identify(src) by extension 'ignore'
[0.275s] Level 1:colcon.colcon_core.package_identification:_identify(src) by extension 'ignore_ament_install'
[0.275s] Level 1:colcon.colcon_core.package_identification:_identify(src) by extensions ['colcon_pkg']
[0.275s] Level 1:colcon.colcon_core.package_identification:_identify(src) by extension 'colcon_pkg'
[0.275s] Level 1:colcon.colcon_core.package_identification:_identify(src) by extensions ['colcon_meta']
[0.275s] Level 1:colcon.colcon_core.package_identification:_identify(src) by extension 'colcon_meta'
[0.275s] Level 1:colcon.colcon_core.package_identification:_identify(src) by extensions ['ros']
[0.275s] Level 1:colcon.colcon_core.package_identification:_identify(src) by extension 'ros'
[0.275s] Level 1:colcon.colcon_core.package_identification:_identify(src) by extensions ['cmake', 'python']
[0.275s] Level 1:colcon.colcon_core.package_identification:_identify(src) by extension 'cmake'
[0.275s] Level 1:colcon.colcon_core.package_identification:_identify(src) by extension 'python'
[0.275s] Level 1:colcon.colcon_core.package_identification:_identify(src) by extensions ['python_setup_py']
[0.275s] Level 1:colcon.colcon_core.package_identification:_identify(src) by extension 'python_setup_py'
[0.275s] Level 1:colcon.colcon_core.package_identification:_identify(src/build) by extensions ['ignore', 'ignore_ament_install']
[0.276s] Level 1:colcon.colcon_core.package_identification:_identify(src/build) by extension 'ignore'
[0.276s] Level 1:colcon.colcon_core.package_identification:_identify(src/build) ignored
[0.276s] Level 1:colcon.colcon_core.package_identification:_identify(src/install) by extensions ['ignore', 'ignore_ament_install']
[0.276s] Level 1:colcon.colcon_core.package_identification:_identify(src/install) by extension 'ignore'
[0.276s] Level 1:colcon.colcon_core.package_identification:_identify(src/install) ignored
[0.276s] Level 1:colcon.colcon_core.package_identification:_identify(src/log) by extensions ['ignore', 'ignore_ament_install']
[0.276s] Level 1:colcon.colcon_core.package_identification:_identify(src/log) by extension 'ignore'
[0.276s] Level 1:colcon.colcon_core.package_identification:_identify(src/log) ignored
[0.276s] Level 1:colcon.colcon_core.package_identification:_identify(src/mpc_high) by extensions ['ignore', 'ignore_ament_install']
[0.276s] Level 1:colcon.colcon_core.package_identification:_identify(src/mpc_high) by extension 'ignore'
[0.277s] Level 1:colcon.colcon_core.package_identification:_identify(src/mpc_high) by extension 'ignore_ament_install'
[0.277s] Level 1:colcon.colcon_core.package_identification:_identify(src/mpc_high) by extensions ['colcon_pkg']
[0.277s] Level 1:colcon.colcon_core.package_identification:_identify(src/mpc_high) by extension 'colcon_pkg'
[0.277s] Level 1:colcon.colcon_core.package_identification:_identify(src/mpc_high) by extensions ['colcon_meta']
[0.277s] Level 1:colcon.colcon_core.package_identification:_identify(src/mpc_high) by extension 'colcon_meta'
[0.277s] Level 1:colcon.colcon_core.package_identification:_identify(src/mpc_high) by extensions ['ros']
[0.277s] Level 1:colcon.colcon_core.package_identification:_identify(src/mpc_high) by extension 'ros'
[0.280s] DEBUG:colcon.colcon_core.package_identification:Package 'src/mpc_high' with type 'ros.ament_cmake' and name 'mpc_high'
[0.280s] Level 1:colcon.colcon_core.package_identification:_identify(src/mpc_high_to) by extensions ['ignore', 'ignore_ament_install']
[0.280s] Level 1:colcon.colcon_core.package_identification:_identify(src/mpc_high_to) by extension 'ignore'
[0.280s] Level 1:colcon.colcon_core.package_identification:_identify(src/mpc_high_to) by extension 'ignore_ament_install'
[0.280s] Level 1:colcon.colcon_core.package_identification:_identify(src/mpc_high_to) by extensions ['colcon_pkg']
[0.280s] Level 1:colcon.colcon_core.package_identification:_identify(src/mpc_high_to) by extension 'colcon_pkg'
[0.280s] Level 1:colcon.colcon_core.package_identification:_identify(src/mpc_high_to) by extensions ['colcon_meta']
[0.280s] Level 1:colcon.colcon_core.package_identification:_identify(src/mpc_high_to) by extension 'colcon_meta'
[0.280s] Level 1:colcon.colcon_core.package_identification:_identify(src/mpc_high_to) by extensions ['ros']
[0.280s] Level 1:colcon.colcon_core.package_identification:_identify(src/mpc_high_to) by extension 'ros'
[0.281s] DEBUG:colcon.colcon_core.package_identification:Package 'src/mpc_high_to' with type 'ros.ament_cmake' and name 'mpc_high_to'
[0.281s] Level 1:colcon.colcon_core.package_identification:_identify(src/mpc_low) by extensions ['ignore', 'ignore_ament_install']
[0.281s] Level 1:colcon.colcon_core.package_identification:_identify(src/mpc_low) by extension 'ignore'
[0.281s] Level 1:colcon.colcon_core.package_identification:_identify(src/mpc_low) by extension 'ignore_ament_install'
[0.282s] Level 1:colcon.colcon_core.package_identification:_identify(src/mpc_low) by extensions ['colcon_pkg']
[0.282s] Level 1:colcon.colcon_core.package_identification:_identify(src/mpc_low) by extension 'colcon_pkg'
[0.282s] Level 1:colcon.colcon_core.package_identification:_identify(src/mpc_low) by extensions ['colcon_meta']
[0.282s] Level 1:colcon.colcon_core.package_identification:_identify(src/mpc_low) by extension 'colcon_meta'
[0.282s] Level 1:colcon.colcon_core.package_identification:_identify(src/mpc_low) by extensions ['ros']
[0.282s] Level 1:colcon.colcon_core.package_identification:_identify(src/mpc_low) by extension 'ros'
[0.283s] DEBUG:colcon.colcon_core.package_identification:Package 'src/mpc_low' with type 'ros.ament_cmake' and name 'mpc_low'
[0.283s] Level 1:colcon.colcon_core.package_identification:_identify(src/mppi_controller) by extensions ['ignore', 'ignore_ament_install']
[0.283s] Level 1:colcon.colcon_core.package_identification:_identify(src/mppi_controller) by extension 'ignore'
[0.283s] Level 1:colcon.colcon_core.package_identification:_identify(src/mppi_controller) by extension 'ignore_ament_install'
[0.283s] Level 1:colcon.colcon_core.package_identification:_identify(src/mppi_controller) by extensions ['colcon_pkg']
[0.283s] Level 1:colcon.colcon_core.package_identification:_identify(src/mppi_controller) by extension 'colcon_pkg'
[0.283s] Level 1:colcon.colcon_core.package_identification:_identify(src/mppi_controller) by extensions ['colcon_meta']
[0.283s] Level 1:colcon.colcon_core.package_identification:_identify(src/mppi_controller) by extension 'colcon_meta'
[0.283s] Level 1:colcon.colcon_core.package_identification:_identify(src/mppi_controller) by extensions ['ros']
[0.283s] Level 1:colcon.colcon_core.package_identification:_identify(src/mppi_controller) by extension 'ros'
[0.284s] DEBUG:colcon.colcon_core.package_identification:Package 'src/mppi_controller' with type 'ros.ament_python' and name 'mppi_controller'
[0.284s] Level 1:colcon.colcon_core.package_identification:_identify(src/pb_ur5_sim) by extensions ['ignore', 'ignore_ament_install']
[0.284s] Level 1:colcon.colcon_core.package_identification:_identify(src/pb_ur5_sim) by extension 'ignore'
[0.284s] Level 1:colcon.colcon_core.package_identification:_identify(src/pb_ur5_sim) by extension 'ignore_ament_install'
[0.284s] Level 1:colcon.colcon_core.package_identification:_identify(src/pb_ur5_sim) by extensions ['colcon_pkg']
[0.284s] Level 1:colcon.colcon_core.package_identification:_identify(src/pb_ur5_sim) by extension 'colcon_pkg'
[0.284s] Level 1:colcon.colcon_core.package_identification:_identify(src/pb_ur5_sim) by extensions ['colcon_meta']
[0.284s] Level 1:colcon.colcon_core.package_identification:_identify(src/pb_ur5_sim) by extension 'colcon_meta'
[0.285s] Level 1:colcon.colcon_core.package_identification:_identify(src/pb_ur5_sim) by extensions ['ros']
[0.285s] Level 1:colcon.colcon_core.package_identification:_identify(src/pb_ur5_sim) by extension 'ros'
[0.285s] DEBUG:colcon.colcon_core.package_identification:Package 'src/pb_ur5_sim' with type 'ros.ament_python' and name 'pb_ur5_sim'
[0.285s] Level 1:colcon.colcon_core.package_identification:_identify(src/sim_utils) by extensions ['ignore', 'ignore_ament_install']
[0.286s] Level 1:colcon.colcon_core.package_identification:_identify(src/sim_utils) by extension 'ignore'
[0.286s] Level 1:colcon.colcon_core.package_identification:_identify(src/sim_utils) by extension 'ignore_ament_install'
[0.286s] Level 1:colcon.colcon_core.package_identification:_identify(src/sim_utils) by extensions ['colcon_pkg']
[0.286s] Level 1:colcon.colcon_core.package_identification:_identify(src/sim_utils) by extension 'colcon_pkg'
[0.286s] Level 1:colcon.colcon_core.package_identification:_identify(src/sim_utils) by extensions ['colcon_meta']
[0.286s] Level 1:colcon.colcon_core.package_identification:_identify(src/sim_utils) by extension 'colcon_meta'
[0.286s] Level 1:colcon.colcon_core.package_identification:_identify(src/sim_utils) by extensions ['ros']
[0.286s] Level 1:colcon.colcon_core.package_identification:_identify(src/sim_utils) by extension 'ros'
[0.287s] DEBUG:colcon.colcon_core.package_identification:Package 'src/sim_utils' with type 'ros.ament_python' and name 'sim_utils'
[0.287s] Level 1:colcon.colcon_core.package_identification:_identify(ur5_urdf) by extensions ['ignore', 'ignore_ament_install']
[0.287s] Level 1:colcon.colcon_core.package_identification:_identify(ur5_urdf) by extension 'ignore'
[0.287s] Level 1:colcon.colcon_core.package_identification:_identify(ur5_urdf) by extension 'ignore_ament_install'
[0.287s] Level 1:colcon.colcon_core.package_identification:_identify(ur5_urdf) by extensions ['colcon_pkg']
[0.287s] Level 1:colcon.colcon_core.package_identification:_identify(ur5_urdf) by extension 'colcon_pkg'
[0.287s] Level 1:colcon.colcon_core.package_identification:_identify(ur5_urdf) by extensions ['colcon_meta']
[0.287s] Level 1:colcon.colcon_core.package_identification:_identify(ur5_urdf) by extension 'colcon_meta'
[0.287s] Level 1:colcon.colcon_core.package_identification:_identify(ur5_urdf) by extensions ['ros']
[0.287s] Level 1:colcon.colcon_core.package_identification:_identify(ur5_urdf) by extension 'ros'
[0.287s] Level 1:colcon.colcon_core.package_identification:_identify(ur5_urdf) by extensions ['cmake', 'python']
[0.287s] Level 1:colcon.colcon_core.package_identification:_identify(ur5_urdf) by extension 'cmake'
[0.287s] Level 1:colcon.colcon_core.package_identification:_identify(ur5_urdf) by extension 'python'
[0.287s] Level 1:colcon.colcon_core.package_identification:_identify(ur5_urdf) by extensions ['python_setup_py']
[0.288s] Level 1:colcon.colcon_core.package_identification:_identify(ur5_urdf) by extension 'python_setup_py'
[0.288s] Level 1:colcon.colcon_core.package_identification:_identify(ur5_urdf/ur5) by extensions ['ignore', 'ignore_ament_install']
[0.288s] Level 1:colcon.colcon_core.package_identification:_identify(ur5_urdf/ur5) by extension 'ignore'
[0.288s] Level 1:colcon.colcon_core.package_identification:_identify(ur5_urdf/ur5) by extension 'ignore_ament_install'
[0.288s] Level 1:colcon.colcon_core.package_identification:_identify(ur5_urdf/ur5) by extensions ['colcon_pkg']
[0.288s] Level 1:colcon.colcon_core.package_identification:_identify(ur5_urdf/ur5) by extension 'colcon_pkg'
[0.288s] Level 1:colcon.colcon_core.package_identification:_identify(ur5_urdf/ur5) by extensions ['colcon_meta']
[0.288s] Level 1:colcon.colcon_core.package_identification:_identify(ur5_urdf/ur5) by extension 'colcon_meta'
[0.288s] Level 1:colcon.colcon_core.package_identification:_identify(ur5_urdf/ur5) by extensions ['ros']
[0.288s] Level 1:colcon.colcon_core.package_identification:_identify(ur5_urdf/ur5) by extension 'ros'
[0.288s] Level 1:colcon.colcon_core.package_identification:_identify(ur5_urdf/ur5) by extensions ['cmake', 'python']
[0.288s] Level 1:colcon.colcon_core.package_identification:_identify(ur5_urdf/ur5) by extension 'cmake'
[0.288s] Level 1:colcon.colcon_core.package_identification:_identify(ur5_urdf/ur5) by extension 'python'
[0.288s] Level 1:colcon.colcon_core.package_identification:_identify(ur5_urdf/ur5) by extensions ['python_setup_py']
[0.288s] Level 1:colcon.colcon_core.package_identification:_identify(ur5_urdf/ur5) by extension 'python_setup_py'
[0.289s] Level 1:colcon.colcon_core.package_identification:_identify(ur5_urdf/ur5/collision) by extensions ['ignore', 'ignore_ament_install']
[0.289s] Level 1:colcon.colcon_core.package_identification:_identify(ur5_urdf/ur5/collision) by extension 'ignore'
[0.289s] Level 1:colcon.colcon_core.package_identification:_identify(ur5_urdf/ur5/collision) by extension 'ignore_ament_install'
[0.289s] Level 1:colcon.colcon_core.package_identification:_identify(ur5_urdf/ur5/collision) by extensions ['colcon_pkg']
[0.289s] Level 1:colcon.colcon_core.package_identification:_identify(ur5_urdf/ur5/collision) by extension 'colcon_pkg'
[0.289s] Level 1:colcon.colcon_core.package_identification:_identify(ur5_urdf/ur5/collision) by extensions ['colcon_meta']
[0.289s] Level 1:colcon.colcon_core.package_identification:_identify(ur5_urdf/ur5/collision) by extension 'colcon_meta'
[0.289s] Level 1:colcon.colcon_core.package_identification:_identify(ur5_urdf/ur5/collision) by extensions ['ros']
[0.289s] Level 1:colcon.colcon_core.package_identification:_identify(ur5_urdf/ur5/collision) by extension 'ros'
[0.289s] Level 1:colcon.colcon_core.package_identification:_identify(ur5_urdf/ur5/collision) by extensions ['cmake', 'python']
[0.289s] Level 1:colcon.colcon_core.package_identification:_identify(ur5_urdf/ur5/collision) by extension 'cmake'
[0.289s] Level 1:colcon.colcon_core.package_identification:_identify(ur5_urdf/ur5/collision) by extension 'python'
[0.289s] Level 1:colcon.colcon_core.package_identification:_identify(ur5_urdf/ur5/collision) by extensions ['python_setup_py']
[0.289s] Level 1:colcon.colcon_core.package_identification:_identify(ur5_urdf/ur5/collision) by extension 'python_setup_py'
[0.290s] Level 1:colcon.colcon_core.package_identification:_identify(ur5_urdf/ur5/visual) by extensions ['ignore', 'ignore_ament_install']
[0.290s] Level 1:colcon.colcon_core.package_identification:_identify(ur5_urdf/ur5/visual) by extension 'ignore'
[0.290s] Level 1:colcon.colcon_core.package_identification:_identify(ur5_urdf/ur5/visual) by extension 'ignore_ament_install'
[0.290s] Level 1:colcon.colcon_core.package_identification:_identify(ur5_urdf/ur5/visual) by extensions ['colcon_pkg']
[0.290s] Level 1:colcon.colcon_core.package_identification:_identify(ur5_urdf/ur5/visual) by extension 'colcon_pkg'
[0.290s] Level 1:colcon.colcon_core.package_identification:_identify(ur5_urdf/ur5/visual) by extensions ['colcon_meta']
[0.290s] Level 1:colcon.colcon_core.package_identification:_identify(ur5_urdf/ur5/visual) by extension 'colcon_meta'
[0.290s] Level 1:colcon.colcon_core.package_identification:_identify(ur5_urdf/ur5/visual) by extensions ['ros']
[0.290s] Level 1:colcon.colcon_core.package_identification:_identify(ur5_urdf/ur5/visual) by extension 'ros'
[0.290s] Level 1:colcon.colcon_core.package_identification:_identify(ur5_urdf/ur5/visual) by extensions ['cmake', 'python']
[0.290s] Level 1:colcon.colcon_core.package_identification:_identify(ur5_urdf/ur5/visual) by extension 'cmake'
[0.290s] Level 1:colcon.colcon_core.package_identification:_identify(ur5_urdf/ur5/visual) by extension 'python'
[0.290s] Level 1:colcon.colcon_core.package_identification:_identify(ur5_urdf/ur5/visual) by extensions ['python_setup_py']
[0.290s] Level 1:colcon.colcon_core.package_identification:_identify(ur5_urdf/ur5/visual) by extension 'python_setup_py'
[0.290s] Level 1:colcon.colcon_core.package_discovery:discover_packages(recursive) using defaults
[0.290s] Level 1:colcon.colcon_core.package_discovery:discover_packages(ignore) discover
[0.290s] Level 1:colcon.colcon_core.package_discovery:discover_packages(ignore) using defaults
[0.291s] Level 1:colcon.colcon_core.package_discovery:discover_packages(path) discover
[0.291s] Level 1:colcon.colcon_core.package_discovery:discover_packages(path) using defaults
[0.316s] INFO:colcon.colcon_core.package_selection:Skipping not selected package 'mpc_high' in 'src/mpc_high'
[0.316s] INFO:colcon.colcon_core.package_selection:Skipping not selected package 'mpc_high_to' in 'src/mpc_high_to'
[0.316s] INFO:colcon.colcon_core.package_selection:Skipping not selected package 'mpc_low' in 'src/mpc_low'
[0.316s] INFO:colcon.colcon_core.package_selection:Skipping not selected package 'pb_ur5_sim' in 'src/pb_ur5_sim'
[0.316s] INFO:colcon.colcon_core.package_selection:Skipping not selected package 'sim_utils' in 'src/sim_utils'
[0.316s] Level 1:colcon.colcon_core.package_discovery:discover_packages(prefix_path) check parameters
[0.316s] Level 1:colcon.colcon_core.package_discovery:discover_packages(prefix_path) discover
[0.319s] DEBUG:colcon.colcon_installed_package_information.package_discovery:Found 6 installed packages in /home/chri/CHRI_2025/Time_optimal_baseline/install
[0.321s] DEBUG:colcon.colcon_installed_package_information.package_discovery:Found 412 installed packages in /opt/ros/humble
[0.323s] Level 1:colcon.colcon_core.package_discovery:discover_packages(prefix_path) using defaults
[0.387s] Level 5:colcon.colcon_core.verb:set package 'mppi_controller' build argument 'cmake_args' from command line to 'None'
[0.387s] Level 5:colcon.colcon_core.verb:set package 'mppi_controller' build argument 'cmake_target' from command line to 'None'
[0.387s] Level 5:colcon.colcon_core.verb:set package 'mppi_controller' build argument 'cmake_target_skip_unavailable' from command line to 'False'
[0.387s] Level 5:colcon.colcon_core.verb:set package 'mppi_controller' build argument 'cmake_clean_cache' from command line to 'False'
[0.387s] Level 5:colcon.colcon_core.verb:set package 'mppi_controller' build argument 'cmake_clean_first' from command line to 'False'
[0.387s] Level 5:colcon.colcon_core.verb:set package 'mppi_controller' build argument 'cmake_force_configure' from command line to 'False'
[0.387s] Level 5:colcon.colcon_core.verb:set package 'mppi_controller' build argument 'ament_cmake_args' from command line to 'None'
[0.387s] Level 5:colcon.colcon_core.verb:set package 'mppi_controller' build argument 'catkin_cmake_args' from command line to 'None'
[0.387s] Level 5:colcon.colcon_core.verb:set package 'mppi_controller' build argument 'catkin_skip_building_tests' from command line to 'False'
[0.387s] DEBUG:colcon.colcon_core.verb:Building package 'mppi_controller' with the following arguments: {'ament_cmake_args': None, 'build_base': '/home/chri/CHRI_2025/Time_optimal_baseline/build/mppi_controller', 'catkin_cmake_args': None, 'catkin_skip_building_tests': False, 'cmake_args': None, 'cmake_clean_cache': False, 'cmake_clean_first': False, 'cmake_force_configure': False, 'cmake_target': None, 'cmake_target_skip_unavailable': False, 'install_base': '/home/chri/CHRI_2025/Time_optimal_baseline/install/mppi_controller', 'merge_install': False, 'path': '/home/chri/CHRI_2025/Time_optimal_baseline/src/mppi_controller', 'symlink_install': False, 'test_result_base': None}
[0.387s] INFO:colcon.colcon_core.executor:Executing jobs using 'parallel' executor
[0.389s] DEBUG:colcon.colcon_parallel_executor.executor.parallel:run_until_complete
[0.389s] INFO:colcon.colcon_ros.task.ament_python.build:Building ROS package in '/home/chri/CHRI_2025/Time_optimal_baseline/src/mppi_controller' with build type 'ament_python'
[0.389s] Level 1:colcon.colcon_core.shell:create_environment_hook('mppi_controller', 'ament_prefix_path')
[0.392s] INFO:colcon.colcon_core.plugin_system:Skipping extension 'colcon_core.shell.bat': Not used on non-Windows systems
[0.392s] INFO:colcon.colcon_core.shell:Creating environment hook '/home/chri/CHRI_2025/Time_optimal_baseline/install/mppi_controller/share/mppi_controller/hook/ament_prefix_path.ps1'
[0.393s] INFO:colcon.colcon_core.shell:Creating environment descriptor '/home/chri/CHRI_2025/Time_optimal_baseline/install/mppi_controller/share/mppi_controller/hook/ament_prefix_path.dsv'
[0.394s] INFO:colcon.colcon_core.shell:Creating environment hook '/home/chri/CHRI_2025/Time_optimal_baseline/install/mppi_controller/share/mppi_controller/hook/ament_prefix_path.sh'
[0.395s] INFO:colcon.colcon_core.shell:Skip shell extension 'powershell' for command environment: Not usable outside of PowerShell
[0.395s] DEBUG:colcon.colcon_core.shell:Skip shell extension 'dsv' for command environment
[0.738s] INFO:colcon.colcon_core.task.python.build:Building Python package in '/home/chri/CHRI_2025/Time_optimal_baseline/src/mppi_controller'
[0.738s] INFO:colcon.colcon_core.shell:Skip shell extension 'powershell' for command environment: Not usable outside of PowerShell
[0.738s] DEBUG:colcon.colcon_core.shell:Skip shell extension 'dsv' for command environment
[1.649s] DEBUG:colcon.colcon_core.event_handler.log_command:Invoking command in '/home/chri/CHRI_2025/Time_optimal_baseline/src/mppi_controller': PYTHONPATH=/home/chri/CHRI_2025/Time_optimal_baseline/build/mppi_controller/prefix_override:/usr/lib/python3/dist-packages/colcon_core/task/python/colcon_distutils_commands:/home/chri/CHRI_2025/Time_optimal_baseline/install/mppi_controller/lib/python3.10/site-packages:${PYTHONPATH} /usr/bin/python3 -W ignore:setup.py install is deprecated -W ignore:easy_install command is deprecated setup.py egg_info --egg-base ../../build/mppi_controller build --build-base /home/chri/CHRI_2025/Time_optimal_baseline/build/mppi_controller/build install --record /home/chri/CHRI_2025/Time_optimal_baseline/build/mppi_controller/install.log --single-version-externally-managed install_data
[2.439s] DEBUG:colcon.colcon_core.event_handler.log_command:Invoked command in '/home/chri/CHRI_2025/Time_optimal_baseline/src/mppi_controller' returned '0': PYTHONPATH=/home/chri/CHRI_2025/Time_optimal_baseline/build/mppi_controller/prefix_override:/usr/lib/python3/dist-packages/colcon_core/task/python/colcon_distutils_commands:/home/chri/CHRI_2025/Time_optimal_baseline/install/mppi_controller/lib/python3.10/site-packages:${PYTHONPATH} /usr/bin/python3 -W ignore:setup.py install is deprecated -W ignore:easy_install command is deprecated setup.py egg_info --egg-base ../../build/mppi_controller build --build-base /home/chri/CHRI_2025/Time_optimal_baseline/build/mppi_controller/build install --record /home/chri/CHRI_2025/Time_optimal_baseline/build/mppi_controller/install.log --single-version-externally-managed install_data
[2.443s] Level 1:colcon.colcon_core.environment:checking '/home/chri/CHRI_2025/Time_optimal_baseline/install/mppi_controller' for CMake module files
[2.443s] Level 1:colcon.colcon_core.environment:checking '/home/chri/CHRI_2025/Time_optimal_baseline/install/mppi_controller' for CMake config files
[2.444s] Level 1:colcon.colcon_core.environment:checking '/home/chri/CHRI_2025/Time_optimal_baseline/install/mppi_controller/lib'
[2.445s] Level 1:colcon.colcon_core.environment:checking '/home/chri/CHRI_2025/Time_optimal_baseline/install/mppi_controller/bin'
[2.445s] Level 1:colcon.colcon_core.environment:checking '/home/chri/CHRI_2025/Time_optimal_baseline/install/mppi_controller/lib/pkgconfig/mppi_controller.pc'
[2.445s] Level 1:colcon.colcon_core.environment:checking '/home/chri/CHRI_2025/Time_optimal_baseline/install/mppi_controller/lib/python3.10/site-packages'
[2.445s] Level 1:colcon.colcon_core.shell:create_environment_hook('mppi_controller', 'pythonpath')
[2.446s] INFO:colcon.colcon_core.shell:Creating environment hook '/home/chri/CHRI_2025/Time_optimal_baseline/install/mppi_controller/share/mppi_controller/hook/pythonpath.ps1'
[2.446s] INFO:colcon.colcon_core.shell:Creating environment descriptor '/home/chri/CHRI_2025/Time_optimal_baseline/install/mppi_controller/share/mppi_controller/hook/pythonpath.dsv'
[2.447s] INFO:colcon.colcon_core.shell:Creating environment hook '/home/chri/CHRI_2025/Time_optimal_baseline/install/mppi_controller/share/mppi_controller/hook/pythonpath.sh'
[2.448s] Level 1:colcon.colcon_core.environment:checking '/home/chri/CHRI_2025/Time_optimal_baseline/install/mppi_controller/bin'
[2.448s] Level 1:colcon.colcon_core.environment:create_environment_scripts_only(mppi_controller)
[2.448s] INFO:colcon.colcon_core.shell:Creating package script '/home/chri/CHRI_2025/Time_optimal_baseline/install/mppi_controller/share/mppi_controller/package.ps1'
[2.449s] INFO:colcon.colcon_core.shell:Creating package descriptor '/home/chri/CHRI_2025/Time_optimal_baseline/install/mppi_controller/share/mppi_controller/package.dsv'
[2.450s] INFO:colcon.colcon_core.shell:Creating package script '/home/chri/CHRI_2025/Time_optimal_baseline/install/mppi_controller/share/mppi_controller/package.sh'
[2.451s] INFO:colcon.colcon_core.shell:Creating package script '/home/chri/CHRI_2025/Time_optimal_baseline/install/mppi_controller/share/mppi_controller/package.bash'
[2.452s] INFO:colcon.colcon_core.shell:Creating package script '/home/chri/CHRI_2025/Time_optimal_baseline/install/mppi_controller/share/mppi_controller/package.zsh'
[2.453s] Level 1:colcon.colcon_core.environment:create_file_with_runtime_dependencies(/home/chri/CHRI_2025/Time_optimal_baseline/install/mppi_controller/share/colcon-core/packages/mppi_controller)
[2.454s] DEBUG:colcon.colcon_parallel_executor.executor.parallel:closing loop
[2.454s] DEBUG:colcon.colcon_parallel_executor.executor.parallel:loop closed
[2.454s] DEBUG:colcon.colcon_parallel_executor.executor.parallel:run_until_complete finished with '0'
[2.454s] DEBUG:colcon.colcon_core.event_reactor:joining thread
[2.467s] INFO:colcon.colcon_core.plugin_system:Skipping extension 'colcon_notification.desktop_notification.terminal_notifier': Not used on non-Darwin systems
[2.467s] INFO:colcon.colcon_core.plugin_system:Skipping extension 'colcon_notification.desktop_notification.win32': Not used on non-Windows systems
[2.468s] INFO:colcon.colcon_notification.desktop_notification:Sending desktop notification using 'notify2'
[2.489s] DEBUG:colcon.colcon_core.event_reactor:joined thread
[2.490s] INFO:colcon.colcon_core.shell:Creating prefix script '/home/chri/CHRI_2025/Time_optimal_baseline/install/local_setup.ps1'
[2.492s] INFO:colcon.colcon_core.shell:Creating prefix util module '/home/chri/CHRI_2025/Time_optimal_baseline/install/_local_setup_util_ps1.py'
[2.495s] INFO:colcon.colcon_core.shell:Creating prefix chain script '/home/chri/CHRI_2025/Time_optimal_baseline/install/setup.ps1'
[2.497s] INFO:colcon.colcon_core.shell:Creating prefix script '/home/chri/CHRI_2025/Time_optimal_baseline/install/local_setup.sh'
[2.498s] INFO:colcon.colcon_core.shell:Creating prefix util module '/home/chri/CHRI_2025/Time_optimal_baseline/install/_local_setup_util_sh.py'
[2.499s] INFO:colcon.colcon_core.shell:Creating prefix chain script '/home/chri/CHRI_2025/Time_optimal_baseline/install/setup.sh'
[2.502s] INFO:colcon.colcon_core.shell:Creating prefix script '/home/chri/CHRI_2025/Time_optimal_baseline/install/local_setup.bash'
[2.503s] INFO:colcon.colcon_core.shell:Creating prefix chain script '/home/chri/CHRI_2025/Time_optimal_baseline/install/setup.bash'
[2.505s] INFO:colcon.colcon_core.shell:Creating prefix script '/home/chri/CHRI_2025/Time_optimal_baseline/install/local_setup.zsh'
[2.506s] INFO:colcon.colcon_core.shell:Creating prefix chain script '/home/chri/CHRI_2025/Time_optimal_baseline/install/setup.zsh'
