/home/chri/CHRI_2025/UR5_pyBullet+acados/src/install/my_package/lib/python3.10/site-packages/my_package/my_node_with_human.py
/home/chri/CHRI_2025/UR5_pyBullet+acados/src/install/my_package/lib/python3.10/site-packages/my_package/my_node.py
/home/chri/CHRI_2025/UR5_pyBullet+acados/src/install/my_package/lib/python3.10/site-packages/my_package/internet_example.py
/home/chri/CHRI_2025/UR5_pyBullet+acados/src/install/my_package/lib/python3.10/site-packages/my_package/my_node (copy).py
/home/chri/CHRI_2025/UR5_pyBullet+acados/src/install/my_package/lib/python3.10/site-packages/my_package/demo_subscryber.py
/home/chri/CHRI_2025/UR5_pyBullet+acados/src/install/my_package/lib/python3.10/site-packages/my_package/__init__.py
/home/chri/CHRI_2025/UR5_pyBullet+acados/src/install/my_package/lib/python3.10/site-packages/my_package/__pycache__/my_node_with_human.cpython-310.pyc
/home/chri/CHRI_2025/UR5_pyBullet+acados/src/install/my_package/lib/python3.10/site-packages/my_package/__pycache__/my_node.cpython-310.pyc
/home/chri/CHRI_2025/UR5_pyBullet+acados/src/install/my_package/lib/python3.10/site-packages/my_package/__pycache__/internet_example.cpython-310.pyc
/home/chri/CHRI_2025/UR5_pyBullet+acados/src/install/my_package/lib/python3.10/site-packages/my_package/__pycache__/my_node (copy).cpython-310.pyc
/home/chri/CHRI_2025/UR5_pyBullet+acados/src/install/my_package/lib/python3.10/site-packages/my_package/__pycache__/demo_subscryber.cpython-310.pyc
/home/chri/CHRI_2025/UR5_pyBullet+acados/src/install/my_package/lib/python3.10/site-packages/my_package/__pycache__/__init__.cpython-310.pyc
/home/chri/CHRI_2025/UR5_pyBullet+acados/src/install/my_package/share/ament_index/resource_index/packages/my_package
/home/chri/CHRI_2025/UR5_pyBullet+acados/src/install/my_package/share/my_package/package.xml
/home/chri/CHRI_2025/UR5_pyBullet+acados/src/install/my_package/lib/python3.10/site-packages/my_package-0.0.0-py3.10.egg-info/top_level.txt
/home/chri/CHRI_2025/UR5_pyBullet+acados/src/install/my_package/lib/python3.10/site-packages/my_package-0.0.0-py3.10.egg-info/entry_points.txt
/home/chri/CHRI_2025/UR5_pyBullet+acados/src/install/my_package/lib/python3.10/site-packages/my_package-0.0.0-py3.10.egg-info/PKG-INFO
/home/chri/CHRI_2025/UR5_pyBullet+acados/src/install/my_package/lib/python3.10/site-packages/my_package-0.0.0-py3.10.egg-info/dependency_links.txt
/home/chri/CHRI_2025/UR5_pyBullet+acados/src/install/my_package/lib/python3.10/site-packages/my_package-0.0.0-py3.10.egg-info/SOURCES.txt
/home/chri/CHRI_2025/UR5_pyBullet+acados/src/install/my_package/lib/python3.10/site-packages/my_package-0.0.0-py3.10.egg-info/requires.txt
/home/chri/CHRI_2025/UR5_pyBullet+acados/src/install/my_package/lib/python3.10/site-packages/my_package-0.0.0-py3.10.egg-info/zip-safe
/home/chri/CHRI_2025/UR5_pyBullet+acados/src/install/my_package/lib/my_package/my_node
/home/chri/CHRI_2025/UR5_pyBullet+acados/src/install/my_package/lib/my_package/my_subscriber
