[0.025s] Invoking command in '/home/chri/CHRI_2025/Time_optimal_baseline/build/mpc_to': CMAKE_PREFIX_PATH=/opt/ros/humble /usr/bin/cmake /home/chri/CHRI_2025/Time_optimal_baseline/src/mpc_to -DCMAKE_BUILD_TYPE=Release -DCMAKE_INSTALL_PREFIX=/home/chri/CHRI_2025/Time_optimal_baseline/install/mpc_to
[0.083s] -- Found ament_cmake: 1.3.11 (/opt/ros/humble/share/ament_cmake/cmake)
[0.307s] -- Override CMake install command with custom implementation using symlinks instead of copying resources
[0.328s] -- Found rclcpp: 16.0.12 (/opt/ros/humble/share/rclcpp/cmake)
[0.395s] -- Found rosidl_generator_c: 3.1.6 (/opt/ros/humble/share/rosidl_generator_c/cmake)
[0.399s] -- Found rosidl_adapter: 3.1.6 (/opt/ros/humble/share/rosidl_adapter/cmake)
[0.409s] -- Found rosidl_generator_cpp: 3.1.6 (/opt/ros/humble/share/rosidl_generator_cpp/cmake)
[0.426s] -- Using all available rosidl_typesupport_c: rosidl_typesupport_fastrtps_c;rosidl_typesupport_introspection_c
[0.447s] -- Using all available rosidl_typesupport_cpp: rosidl_typesupport_fastrtps_cpp;rosidl_typesupport_introspection_cpp
[0.504s] -- Found rmw_implementation_cmake: 6.1.2 (/opt/ros/humble/share/rmw_implementation_cmake/cmake)
[0.506s] -- Found rmw_fastrtps_cpp: 6.2.7 (/opt/ros/humble/share/rmw_fastrtps_cpp/cmake)
[0.676s] -- Using RMW implementation 'rmw_fastrtps_cpp' as default
[0.779s] -- Found sensor_msgs: 4.8.0 (/opt/ros/humble/share/sensor_msgs/cmake)
[0.835s] -- Target my_node_cpp built successfully
[0.835s] -- Found ament_lint_auto: 0.12.12 (/opt/ros/humble/share/ament_lint_auto/cmake)
[0.959s] -- Added test 'cppcheck' to perform static code analysis on C / C++ code
[0.959s] -- Configured cppcheck include dirs: /home/chri/CHRI_2025/Time_optimal_baseline/src/mpc_to/include;/home/chri/CHRI_2025/Time_optimal_baseline/src/mpc_to/include/acados;/home/chri/CHRI_2025/Time_optimal_baseline/src/mpc_to/include/acados_c;/home/chri/CHRI_2025/Time_optimal_baseline/src/mpc_to/include/blasfeo/include;/home/chri/CHRI_2025/Time_optimal_baseline/src/mpc_to/include/hpipm/include;/home/chri/CHRI_2025/Time_optimal_baseline/src/mpc_to/solver_to_high_disc/
[0.960s] -- Configured cppcheck exclude dirs and/or files: 
[0.966s] -- Added test 'lint_cmake' to check CMake code style
[0.984s] -- Added test 'uncrustify' to check C / C++ code style
[0.984s] -- Configured uncrustify additional arguments: 
[0.986s] -- Added test 'xmllint' to check XML markup files
[0.987s] -- Configuring done
[1.066s] -- Generating done
[1.077s] -- Build files have been written to: /home/chri/CHRI_2025/Time_optimal_baseline/build/mpc_to
[1.087s] Invoked command in '/home/chri/CHRI_2025/Time_optimal_baseline/build/mpc_to' returned '0': CMAKE_PREFIX_PATH=/opt/ros/humble /usr/bin/cmake /home/chri/CHRI_2025/Time_optimal_baseline/src/mpc_to -DCMAKE_BUILD_TYPE=Release -DCMAKE_INSTALL_PREFIX=/home/chri/CHRI_2025/Time_optimal_baseline/install/mpc_to
[1.090s] Invoking command in '/home/chri/CHRI_2025/Time_optimal_baseline/build/mpc_to': CMAKE_PREFIX_PATH=/opt/ros/humble /usr/bin/cmake --build /home/chri/CHRI_2025/Time_optimal_baseline/build/mpc_to -- -j16 -l16
[1.174s] Consolidate compiler generated dependencies of target high_solver
[1.208s] [ 15%] Building C object CMakeFiles/high_solver.dir/solver_to_high_disc/UR5_model/UR5_dyn_disc_phi_fun_jac_hess.c.o
[1.209s] [ 15%] Building CXX object CMakeFiles/high_solver.dir/src/kinematics_functions.cpp.o
[1.209s] [ 15%] Building CXX object CMakeFiles/high_solver.dir/src/high_solver.cpp.o
[1.209s] [ 20%] Building C object CMakeFiles/high_solver.dir/solver_to_high_disc/UR5_model/UR5_dyn_disc_phi_fun.c.o
[1.209s] [ 25%] Building C object CMakeFiles/high_solver.dir/solver_to_high_disc/UR5_constraints/UR5_constr_h_fun_jac_uxt_zt_hess.c.o
[1.210s] [ 30%] Building C object CMakeFiles/high_solver.dir/solver_to_high_disc/UR5_constraints/UR5_constr_h_fun_jac_uxt_zt.c.o
[1.210s] [ 35%] Building C object CMakeFiles/high_solver.dir/solver_to_high_disc/UR5_cost/UR5_cost_ext_cost_0_fun.c.o
[1.210s] [ 40%] Building C object CMakeFiles/high_solver.dir/solver_to_high_disc/UR5_constraints/UR5_constr_h_fun.c.o
[1.211s] [ 45%] Building C object CMakeFiles/high_solver.dir/solver_to_high_disc/UR5_cost/UR5_cost_ext_cost_e_fun.c.o
[1.211s] [ 50%] Building C object CMakeFiles/high_solver.dir/solver_to_high_disc/UR5_cost/UR5_cost_ext_cost_0_fun_jac_hess.c.o
[1.211s] [ 60%] Building C object CMakeFiles/high_solver.dir/solver_to_high_disc/UR5_model/UR5_dyn_disc_phi_fun_jac.c.o
[1.211s] [ 60%] Building C object CMakeFiles/high_solver.dir/solver_to_high_disc/UR5_cost/UR5_cost_ext_cost_0_fun_jac.c.o
[1.212s] [ 65%] Building C object CMakeFiles/high_solver.dir/solver_to_high_disc/UR5_cost/UR5_cost_ext_cost_e_fun_jac.c.o
[1.212s] [ 70%] Building C object CMakeFiles/high_solver.dir/solver_to_high_disc/UR5_cost/UR5_cost_ext_cost_fun.c.o
[1.212s] [ 75%] Building C object CMakeFiles/high_solver.dir/solver_to_high_disc/UR5_cost/UR5_cost_ext_cost_e_fun_jac_hess.c.o
[1.213s] [ 80%] Building C object CMakeFiles/high_solver.dir/solver_to_high_disc/UR5_cost/UR5_cost_ext_cost_fun_jac.c.o
[1.261s] /home/chri/CHRI_2025/Time_optimal_baseline/src/mpc_to/solver_to_high_disc/UR5_model/UR5_dyn_disc_phi_fun_jac_hess.c: In function ‘UR5_dyn_disc_phi_fun_jac_hess_f0’:
[1.261s] /home/chri/CHRI_2025/Time_optimal_baseline/src/mpc_to/solver_to_high_disc/UR5_model/UR5_dyn_disc_phi_fun_jac_hess.c:59:78: warning: unused parameter ‘iw’ [-Wunused-parameter]
[1.262s]    59 | static int casadi_f0(const casadi_real** arg, casadi_real** res, casadi_int* iw, casadi_real* w, int mem) {
[1.262s]       |                                                                              ^
[1.262s] /home/chri/CHRI_2025/Time_optimal_baseline/src/mpc_to/solver_to_high_disc/UR5_model/UR5_dyn_disc_phi_fun_jac_hess.c:59:95: warning: unused parameter ‘w’ [-Wunused-parameter]
[1.262s]    59 | static int casadi_f0(const casadi_real** arg, casadi_real** res, casadi_int* iw, casadi_real* w, int mem) {
[1.262s]       |                                                                                               ^
[1.263s] /home/chri/CHRI_2025/Time_optimal_baseline/src/mpc_to/solver_to_high_disc/UR5_model/UR5_dyn_disc_phi_fun_jac_hess.c:59:102: warning: unused parameter ‘mem’ [-Wunused-parameter]
[1.263s]    59 | static int casadi_f0(const casadi_real** arg, casadi_real** res, casadi_int* iw, casadi_real* w, int mem) {
[1.263s]       |                                                                                                  ~~~~^~~
[1.263s] /home/chri/CHRI_2025/Time_optimal_baseline/src/mpc_to/solver_to_high_disc/UR5_model/UR5_dyn_disc_phi_fun_jac_hess.c: In function ‘UR5_dyn_disc_phi_fun_jac_hess_init_mem’:
[1.263s] /home/chri/CHRI_2025/Time_optimal_baseline/src/mpc_to/solver_to_high_disc/UR5_model/UR5_dyn_disc_phi_fun_jac_hess.c:158:69: warning: unused parameter ‘mem’ [-Wunused-parameter]
[1.264s]   158 | CASADI_SYMBOL_EXPORT int UR5_dyn_disc_phi_fun_jac_hess_init_mem(int mem) {
[1.264s]       |                                                                 ~~~~^~~
[1.264s] /home/chri/CHRI_2025/Time_optimal_baseline/src/mpc_to/solver_to_high_disc/UR5_model/UR5_dyn_disc_phi_fun_jac_hess.c: In function ‘UR5_dyn_disc_phi_fun_jac_hess_free_mem’:
[1.266s] /home/chri/CHRI_2025/Time_optimal_baseline/src/mpc_to/solver_to_high_disc/UR5_model/UR5_dyn_disc_phi_fun_jac_hess.c:162:70: warning: unused parameter ‘mem’ [-Wunused-parameter]
[1.266s]   162 | CASADI_SYMBOL_EXPORT void UR5_dyn_disc_phi_fun_jac_hess_free_mem(int mem) {
[1.266s]       |                                                                  ~~~~^~~
[1.266s] /home/chri/CHRI_2025/Time_optimal_baseline/src/mpc_to/solver_to_high_disc/UR5_model/UR5_dyn_disc_phi_fun_jac_hess.c: In function ‘UR5_dyn_disc_phi_fun_jac_hess_release’:
[1.266s] /home/chri/CHRI_2025/Time_optimal_baseline/src/mpc_to/solver_to_high_disc/UR5_model/UR5_dyn_disc_phi_fun_jac_hess.c:169:69: warning: unused parameter ‘mem’ [-Wunused-parameter]
[1.267s]   169 | CASADI_SYMBOL_EXPORT void UR5_dyn_disc_phi_fun_jac_hess_release(int mem) {
[1.267s]       |                                                                 ~~~~^~~
[1.270s] /home/chri/CHRI_2025/Time_optimal_baseline/src/mpc_to/solver_to_high_disc/UR5_model/UR5_dyn_disc_phi_fun.c: In function ‘UR5_dyn_disc_phi_fun_f0’:
[1.271s] /home/chri/CHRI_2025/Time_optimal_baseline/src/mpc_to/solver_to_high_disc/UR5_cost/UR5_cost_ext_cost_fun.c: In function ‘UR5_cost_ext_cost_fun_f0’:
[1.274s] /home/chri/CHRI_2025/Time_optimal_baseline/src/mpc_to/solver_to_high_disc/UR5_cost/UR5_cost_ext_cost_fun.c:59:78: warning: unused parameter ‘iw’ [-Wunused-parameter]
[1.274s]    59 | static int casadi_f0(const casadi_real** arg, casadi_real** res, casadi_int* iw, casadi_real* w, int mem) {
[1.275s]       |                                                                              ^
[1.275s] /home/chri/CHRI_2025/Time_optimal_baseline/src/mpc_to/solver_to_high_disc/UR5_model/UR5_dyn_disc_phi_fun.c:55:78: warning: unused parameter ‘iw’ [-Wunused-parameter]
[1.275s]    55 | static int casadi_f0(const casadi_real** arg, casadi_real** res, casadi_int* iw, casadi_real* w, int mem) {
[1.275s]       |                                                                              ^
[1.275s] /home/chri/CHRI_2025/Time_optimal_baseline/src/mpc_to/solver_to_high_disc/UR5_cost/UR5_cost_ext_cost_fun.c:59:95: warning: unused parameter ‘w’ [-Wunused-parameter]
[1.276s]    59 | static int casadi_f0(const casadi_real** arg, casadi_real** res, casadi_int* iw, casadi_real* w, int mem) {
[1.276s]       |                                                                                               ^
[1.276s] /home/chri/CHRI_2025/Time_optimal_baseline/src/mpc_to/solver_to_high_disc/UR5_model/UR5_dyn_disc_phi_fun.c:55:95: warning: unused parameter ‘w’ [-Wunused-parameter]
[1.276s]    55 | static int casadi_f0(const casadi_real** arg, casadi_real** res, casadi_int* iw, casadi_real* w, int mem) {
[1.276s]       |                                                                                               ^
[1.277s] /home/chri/CHRI_2025/Time_optimal_baseline/src/mpc_to/solver_to_high_disc/UR5_cost/UR5_cost_ext_cost_fun.c:59:102: warning: unused parameter ‘mem’ [-Wunused-parameter]
[1.277s]    59 | static int casadi_f0(const casadi_real** arg, casadi_real** res, casadi_int* iw, casadi_real* w, int mem) {
[1.277s]       |                                                                                                  ~~~~^~~
[1.277s] /home/chri/CHRI_2025/Time_optimal_baseline/src/mpc_to/solver_to_high_disc/UR5_model/UR5_dyn_disc_phi_fun.c:55:102: warning: unused parameter ‘mem’ [-Wunused-parameter]
[1.277s]    55 | static int casadi_f0(const casadi_real** arg, casadi_real** res, casadi_int* iw, casadi_real* w, int mem) {
[1.278s]       |                                                                                                  ~~~~^~~
[1.278s] /home/chri/CHRI_2025/Time_optimal_baseline/src/mpc_to/solver_to_high_disc/UR5_cost/UR5_cost_ext_cost_fun.c: In function ‘UR5_cost_ext_cost_fun_init_mem’:
[1.278s] /home/chri/CHRI_2025/Time_optimal_baseline/src/mpc_to/solver_to_high_disc/UR5_model/UR5_dyn_disc_phi_fun.c: In function ‘UR5_dyn_disc_phi_fun_init_mem’:
[1.278s] /home/chri/CHRI_2025/Time_optimal_baseline/src/mpc_to/solver_to_high_disc/UR5_cost/UR5_cost_ext_cost_fun.c:86:61: warning: unused parameter ‘mem’ [-Wunused-parameter]
[1.278s]    86 | CASADI_SYMBOL_EXPORT int UR5_cost_ext_cost_fun_init_mem(int mem) {
[1.278s]       |                                                         ~~~~^~~
[1.279s] /home/chri/CHRI_2025/Time_optimal_baseline/src/mpc_to/solver_to_high_disc/UR5_cost/UR5_cost_ext_cost_fun.c: In function ‘UR5_cost_ext_cost_fun_free_mem’:
[1.279s] /home/chri/CHRI_2025/Time_optimal_baseline/src/mpc_to/solver_to_high_disc/UR5_model/UR5_dyn_disc_phi_fun.c:123:60: warning: unused parameter ‘mem’ [-Wunused-parameter]
[1.279s]   123 | CASADI_SYMBOL_EXPORT int UR5_dyn_disc_phi_fun_init_mem(int mem) {
[1.279s]       |                                                        ~~~~^~~
[1.280s] /home/chri/CHRI_2025/Time_optimal_baseline/src/mpc_to/solver_to_high_disc/UR5_cost/UR5_cost_ext_cost_fun.c:90:62: warning: unused parameter ‘mem’ [-Wunused-parameter]
[1.280s]    90 | CASADI_SYMBOL_EXPORT void UR5_cost_ext_cost_fun_free_mem(int mem) {
[1.280s]       |                                                          ~~~~^~~
[1.280s] /home/chri/CHRI_2025/Time_optimal_baseline/src/mpc_to/solver_to_high_disc/UR5_model/UR5_dyn_disc_phi_fun.c: In function ‘UR5_dyn_disc_phi_fun_free_mem’:
[1.280s] /home/chri/CHRI_2025/Time_optimal_baseline/src/mpc_to/solver_to_high_disc/UR5_model/UR5_dyn_disc_phi_fun.c:127:61: warning: unused parameter ‘mem’ [-Wunused-parameter]
[1.280s]   127 | CASADI_SYMBOL_EXPORT void UR5_dyn_disc_phi_fun_free_mem(int mem) {
[1.280s]       |                                                         ~~~~^~~
[1.280s] /home/chri/CHRI_2025/Time_optimal_baseline/src/mpc_to/solver_to_high_disc/UR5_cost/UR5_cost_ext_cost_fun.c: In function ‘UR5_cost_ext_cost_fun_release’:
[1.280s] /home/chri/CHRI_2025/Time_optimal_baseline/src/mpc_to/solver_to_high_disc/UR5_cost/UR5_cost_ext_cost_fun.c:97:61: warning: unused parameter ‘mem’ [-Wunused-parameter]
[1.280s]    97 | CASADI_SYMBOL_EXPORT void UR5_cost_ext_cost_fun_release(int mem) {
[1.280s]       |                                                         ~~~~^~~
[1.281s] /home/chri/CHRI_2025/Time_optimal_baseline/src/mpc_to/solver_to_high_disc/UR5_model/UR5_dyn_disc_phi_fun.c: In function ‘UR5_dyn_disc_phi_fun_release’:
[1.281s] /home/chri/CHRI_2025/Time_optimal_baseline/src/mpc_to/solver_to_high_disc/UR5_model/UR5_dyn_disc_phi_fun.c:134:60: warning: unused parameter ‘mem’ [-Wunused-parameter]
[1.281s]   134 | CASADI_SYMBOL_EXPORT void UR5_dyn_disc_phi_fun_release(int mem) {
[1.281s]       |                                                        ~~~~^~~
[1.281s] /home/chri/CHRI_2025/Time_optimal_baseline/src/mpc_to/solver_to_high_disc/UR5_cost/UR5_cost_ext_cost_e_fun_jac.c: In function ‘UR5_cost_ext_cost_e_fun_jac_f0’:
[1.281s] /home/chri/CHRI_2025/Time_optimal_baseline/src/mpc_to/solver_to_high_disc/UR5_cost/UR5_cost_ext_cost_e_fun_jac.c:59:42: warning: unused parameter ‘arg’ [-Wunused-parameter]
[1.281s]    59 | static int casadi_f0(const casadi_real** arg, casadi_real** res, casadi_int* iw, casadi_real* w, int mem) {
[1.281s]       |                      ~~~~~~~~~~~~~~~~~~~~^~~
[1.281s] /home/chri/CHRI_2025/Time_optimal_baseline/src/mpc_to/solver_to_high_disc/UR5_cost/UR5_cost_ext_cost_e_fun_jac.c:59:78: warning: unused parameter ‘iw’ [-Wunused-parameter]
[1.281s]    59 | static int casadi_f0(const casadi_real** arg, casadi_real** res, casadi_int* iw, casadi_real* w, int mem) {
[1.282s]       |                                                                              ^
[1.282s] /home/chri/CHRI_2025/Time_optimal_baseline/src/mpc_to/solver_to_high_disc/UR5_cost/UR5_cost_ext_cost_e_fun_jac.c:59:95: warning: unused parameter ‘w’ [-Wunused-parameter]
[1.282s]    59 | static int casadi_f0(const casadi_real** arg, casadi_real** res, casadi_int* iw, casadi_real* w, int mem) {
[1.282s]       |                                                                                               ^
[1.282s] /home/chri/CHRI_2025/Time_optimal_baseline/src/mpc_to/solver_to_high_disc/UR5_cost/UR5_cost_ext_cost_e_fun_jac.c:59:102: warning: unused parameter ‘mem’ [-Wunused-parameter]
[1.282s]    59 | static int casadi_f0(const casadi_real** arg, casadi_real** res, casadi_int* iw, casadi_real* w, int mem) {
[1.282s]       |                                                                                                  ~~~~^~~
[1.282s] /home/chri/CHRI_2025/Time_optimal_baseline/src/mpc_to/solver_to_high_disc/UR5_cost/UR5_cost_ext_cost_e_fun_jac.c: In function ‘UR5_cost_ext_cost_e_fun_jac_init_mem’:
[1.282s] /home/chri/CHRI_2025/Time_optimal_baseline/src/mpc_to/solver_to_high_disc/UR5_cost/UR5_cost_ext_cost_e_fun_jac.c:86:67: warning: unused parameter ‘mem’ [-Wunused-parameter]
[1.282s]    86 | CASADI_SYMBOL_EXPORT int UR5_cost_ext_cost_e_fun_jac_init_mem(int mem) {
[1.282s]       |                                                               ~~~~^~~
[1.282s] /home/chri/CHRI_2025/Time_optimal_baseline/src/mpc_to/solver_to_high_disc/UR5_cost/UR5_cost_ext_cost_e_fun_jac.c: In function ‘UR5_cost_ext_cost_e_fun_jac_free_mem’:
[1.283s] /home/chri/CHRI_2025/Time_optimal_baseline/src/mpc_to/solver_to_high_disc/UR5_cost/UR5_cost_ext_cost_e_fun_jac.c:90:68: warning: unused parameter ‘mem’ [-Wunused-parameter]
[1.283s]    90 | CASADI_SYMBOL_EXPORT void UR5_cost_ext_cost_e_fun_jac_free_mem(int mem) {
[1.283s]       |                                                                ~~~~^~~
[1.283s] /home/chri/CHRI_2025/Time_optimal_baseline/src/mpc_to/solver_to_high_disc/UR5_cost/UR5_cost_ext_cost_e_fun_jac.c: In function ‘UR5_cost_ext_cost_e_fun_jac_release’:
[1.283s] /home/chri/CHRI_2025/Time_optimal_baseline/src/mpc_to/solver_to_high_disc/UR5_cost/UR5_cost_ext_cost_e_fun_jac.c:97:67: warning: unused parameter ‘mem’ [-Wunused-parameter]
[1.283s]    97 | CASADI_SYMBOL_EXPORT void UR5_cost_ext_cost_e_fun_jac_release(int mem) {
[1.283s]       |                                                               ~~~~^~~
[1.283s] /home/chri/CHRI_2025/Time_optimal_baseline/src/mpc_to/solver_to_high_disc/UR5_cost/UR5_cost_ext_cost_0_fun.c: In function ‘UR5_cost_ext_cost_0_fun_f0’:
[1.283s] /home/chri/CHRI_2025/Time_optimal_baseline/src/mpc_to/solver_to_high_disc/UR5_cost/UR5_cost_ext_cost_0_fun.c:59:78: warning: unused parameter ‘iw’ [-Wunused-parameter]
[1.283s]    59 | static int casadi_f0(const casadi_real** arg, casadi_real** res, casadi_int* iw, casadi_real* w, int mem) {
[1.283s]       |                                                                              ^
[1.284s] /home/chri/CHRI_2025/Time_optimal_baseline/src/mpc_to/solver_to_high_disc/UR5_cost/UR5_cost_ext_cost_e_fun.c: In function ‘UR5_cost_ext_cost_e_fun_f0’:
[1.284s] /home/chri/CHRI_2025/Time_optimal_baseline/src/mpc_to/solver_to_high_disc/UR5_cost/UR5_cost_ext_cost_e_fun.c:59:42: warning: unused parameter ‘arg’ [-Wunused-parameter]
[1.284s]    59 | static int casadi_f0(const casadi_real** arg, casadi_real** res, casadi_int* iw, casadi_real* w, int mem) {
[1.284s]       |                      ~~~~~~~~~~~~~~~~~~~~^~~
[1.284s] /home/chri/CHRI_2025/Time_optimal_baseline/src/mpc_to/solver_to_high_disc/UR5_cost/UR5_cost_ext_cost_e_fun.c:59:78: warning: unused parameter ‘iw’ [-Wunused-parameter]
[1.284s]    59 | static int casadi_f0(const casadi_real** arg, casadi_real** res, casadi_int* iw, casadi_real* w, int mem) {
[1.284s]       |                                                                              ^
[1.284s] /home/chri/CHRI_2025/Time_optimal_baseline/src/mpc_to/solver_to_high_disc/UR5_cost/UR5_cost_ext_cost_e_fun.c:59:95: warning: unused parameter ‘w’ [-Wunused-parameter]
[1.284s]    59 | static int casadi_f0(const casadi_real** arg, casadi_real** res, casadi_int* iw, casadi_real* w, int mem) {
[1.284s]       |                                                                                               ^
[1.284s] /home/chri/CHRI_2025/Time_optimal_baseline/src/mpc_to/solver_to_high_disc/UR5_cost/UR5_cost_ext_cost_e_fun.c:59:102: warning: unused parameter ‘mem’ [-Wunused-parameter]
[1.285s]    59 | static int casadi_f0(const casadi_real** arg, casadi_real** res, casadi_int* iw, casadi_real* w, int mem) {
[1.285s]       |                                                                                                  ~~~~^~~
[1.285s] /home/chri/CHRI_2025/Time_optimal_baseline/src/mpc_to/solver_to_high_disc/UR5_cost/UR5_cost_ext_cost_e_fun.c: In function ‘UR5_cost_ext_cost_e_fun_init_mem’:
[1.285s] /home/chri/CHRI_2025/Time_optimal_baseline/src/mpc_to/solver_to_high_disc/UR5_cost/UR5_cost_ext_cost_e_fun.c:74:63: warning: unused parameter ‘mem’ [-Wunused-parameter]
[1.285s]    74 | CASADI_SYMBOL_EXPORT int UR5_cost_ext_cost_e_fun_init_mem(int mem) {
[1.285s]       |                                                           ~~~~^~~
[1.285s] /home/chri/CHRI_2025/Time_optimal_baseline/src/mpc_to/solver_to_high_disc/UR5_cost/UR5_cost_ext_cost_e_fun.c: In function ‘UR5_cost_ext_cost_e_fun_free_mem’:
[1.285s] /home/chri/CHRI_2025/Time_optimal_baseline/src/mpc_to/solver_to_high_disc/UR5_cost/UR5_cost_ext_cost_e_fun.c:78:64: warning: unused parameter ‘mem’ [-Wunused-parameter]
[1.285s]    78 | CASADI_SYMBOL_EXPORT void UR5_cost_ext_cost_e_fun_free_mem(int mem) {
[1.285s]       |                                                            ~~~~^~~
[1.285s] /home/chri/CHRI_2025/Time_optimal_baseline/src/mpc_to/solver_to_high_disc/UR5_cost/UR5_cost_ext_cost_0_fun_jac.c: In function ‘UR5_cost_ext_cost_0_fun_jac_f0’:
[1.286s] /home/chri/CHRI_2025/Time_optimal_baseline/src/mpc_to/solver_to_high_disc/UR5_cost/UR5_cost_ext_cost_e_fun.c: In function ‘UR5_cost_ext_cost_e_fun_release’:
[1.286s] /home/chri/CHRI_2025/Time_optimal_baseline/src/mpc_to/solver_to_high_disc/UR5_cost/UR5_cost_ext_cost_0_fun_jac.c:61:78: warning: unused parameter ‘iw’ [-Wunused-parameter]
[1.286s]    61 | static int casadi_f0(const casadi_real** arg, casadi_real** res, casadi_int* iw, casadi_real* w, int mem) {
[1.286s]       |                                                                              ^
[1.286s] /home/chri/CHRI_2025/Time_optimal_baseline/src/mpc_to/solver_to_high_disc/UR5_cost/UR5_cost_ext_cost_e_fun.c:85:63: warning: unused parameter ‘mem’ [-Wunused-parameter]
[1.286s]    85 | CASADI_SYMBOL_EXPORT void UR5_cost_ext_cost_e_fun_release(int mem) {
[1.286s]       |                                                           ~~~~^~~
[1.286s] /home/chri/CHRI_2025/Time_optimal_baseline/src/mpc_to/solver_to_high_disc/UR5_cost/UR5_cost_ext_cost_0_fun_jac.c:61:95: warning: unused parameter ‘w’ [-Wunused-parameter]
[1.286s]    61 | static int casadi_f0(const casadi_real** arg, casadi_real** res, casadi_int* iw, casadi_real* w, int mem) {
[1.286s]       |                                                                                               ^
[1.286s] /home/chri/CHRI_2025/Time_optimal_baseline/src/mpc_to/solver_to_high_disc/UR5_cost/UR5_cost_ext_cost_0_fun_jac.c:61:102: warning: unused parameter ‘mem’ [-Wunused-parameter]
[1.287s]    61 | static int casadi_f0(const casadi_real** arg, casadi_real** res, casadi_int* iw, casadi_real* w, int mem) {
[1.287s]       |                                                                                                  ~~~~^~~
[1.287s] /home/chri/CHRI_2025/Time_optimal_baseline/src/mpc_to/solver_to_high_disc/UR5_cost/UR5_cost_ext_cost_0_fun_jac.c: In function ‘UR5_cost_ext_cost_0_fun_jac_init_mem’:
[1.287s] /home/chri/CHRI_2025/Time_optimal_baseline/src/mpc_to/solver_to_high_disc/UR5_cost/UR5_cost_ext_cost_0_fun_jac.c:113:67: warning: unused parameter ‘mem’ [-Wunused-parameter]
[1.287s]   113 | CASADI_SYMBOL_EXPORT int UR5_cost_ext_cost_0_fun_jac_init_mem(int mem) {
[1.287s]       |                                                               ~~~~^~~
[1.287s] /home/chri/CHRI_2025/Time_optimal_baseline/src/mpc_to/solver_to_high_disc/UR5_cost/UR5_cost_ext_cost_0_fun_jac.c: In function ‘UR5_cost_ext_cost_0_fun_jac_free_mem’:
[1.287s] /home/chri/CHRI_2025/Time_optimal_baseline/src/mpc_to/solver_to_high_disc/UR5_cost/UR5_cost_ext_cost_0_fun_jac.c:117:68: warning: unused parameter ‘mem’ [-Wunused-parameter]
[1.287s]   117 | CASADI_SYMBOL_EXPORT void UR5_cost_ext_cost_0_fun_jac_free_mem(int mem) {
[1.287s]       |                                                                ~~~~^~~
[1.287s] /home/chri/CHRI_2025/Time_optimal_baseline/src/mpc_to/solver_to_high_disc/UR5_cost/UR5_cost_ext_cost_0_fun_jac.c: In function ‘UR5_cost_ext_cost_0_fun_jac_release’:
[1.287s] /home/chri/CHRI_2025/Time_optimal_baseline/src/mpc_to/solver_to_high_disc/UR5_cost/UR5_cost_ext_cost_0_fun_jac.c:124:67: warning: unused parameter ‘mem’ [-Wunused-parameter]
[1.288s]   124 | CASADI_SYMBOL_EXPORT void UR5_cost_ext_cost_0_fun_jac_release(int mem) {
[1.288s]       |                                                               ~~~~^~~
[1.288s] /home/chri/CHRI_2025/Time_optimal_baseline/src/mpc_to/solver_to_high_disc/UR5_constraints/UR5_constr_h_fun.c: In function ‘UR5_constr_h_fun_f0’:
[1.288s] /home/chri/CHRI_2025/Time_optimal_baseline/src/mpc_to/solver_to_high_disc/UR5_constraints/UR5_constr_h_fun.c:62:78: warning: unused parameter ‘iw’ [-Wunused-parameter]
[1.288s]    62 | static int casadi_f0(const casadi_real** arg, casadi_real** res, casadi_int* iw, casadi_real* w, int mem) {
[1.289s]       |                                                                              ^
[1.289s] /home/chri/CHRI_2025/Time_optimal_baseline/src/mpc_to/solver_to_high_disc/UR5_constraints/UR5_constr_h_fun.c:62:95: warning: unused parameter ‘w’ [-Wunused-parameter]
[1.289s]    62 | static int casadi_f0(const casadi_real** arg, casadi_real** res, casadi_int* iw, casadi_real* w, int mem) {
[1.289s]       |                                                                                               ^
[1.289s] /home/chri/CHRI_2025/Time_optimal_baseline/src/mpc_to/solver_to_high_disc/UR5_constraints/UR5_constr_h_fun.c:62:102: warning: unused parameter ‘mem’ [-Wunused-parameter]
[1.289s]    62 | static int casadi_f0(const casadi_real** arg, casadi_real** res, casadi_int* iw, casadi_real* w, int mem) {
[1.289s]       |                                                                                                  ~~~~^~~
[1.290s] /home/chri/CHRI_2025/Time_optimal_baseline/src/mpc_to/solver_to_high_disc/UR5_constraints/UR5_constr_h_fun.c: In function ‘UR5_constr_h_fun_init_mem’:
[1.290s] /home/chri/CHRI_2025/Time_optimal_baseline/src/mpc_to/solver_to_high_disc/UR5_constraints/UR5_constr_h_fun.c:262:56: warning: unused parameter ‘mem’ [-Wunused-parameter]
[1.290s]   262 | CASADI_SYMBOL_EXPORT int UR5_constr_h_fun_init_mem(int mem) {
[1.290s]       |                                                    ~~~~^~~
[1.290s] /home/chri/CHRI_2025/Time_optimal_baseline/src/mpc_to/solver_to_high_disc/UR5_constraints/UR5_constr_h_fun.c: In function ‘UR5_constr_h_fun_free_mem’:
[1.290s] /home/chri/CHRI_2025/Time_optimal_baseline/src/mpc_to/solver_to_high_disc/UR5_cost/UR5_cost_ext_cost_0_fun_jac_hess.c: In function ‘UR5_cost_ext_cost_0_fun_jac_hess_f0’:
[1.290s] /home/chri/CHRI_2025/Time_optimal_baseline/src/mpc_to/solver_to_high_disc/UR5_constraints/UR5_constr_h_fun.c:266:57: warning: unused parameter ‘mem’ [-Wunused-parameter]
[1.291s]   266 | CASADI_SYMBOL_EXPORT void UR5_constr_h_fun_free_mem(int mem) {
[1.291s]       |                                                     ~~~~^~~
[1.291s] /home/chri/CHRI_2025/Time_optimal_baseline/src/mpc_to/solver_to_high_disc/UR5_cost/UR5_cost_ext_cost_0_fun_jac_hess.c:65:78: warning: unused parameter ‘iw’ [-Wunused-parameter]
[1.291s]    65 | static int casadi_f0(const casadi_real** arg, casadi_real** res, casadi_int* iw, casadi_real* w, int mem) {
[1.295s]       |                                                                              ^
[1.295s] /home/chri/CHRI_2025/Time_optimal_baseline/src/mpc_to/solver_to_high_disc/UR5_constraints/UR5_constr_h_fun.c: In function ‘UR5_constr_h_fun_release’:
[1.296s] /home/chri/CHRI_2025/Time_optimal_baseline/src/mpc_to/solver_to_high_disc/UR5_cost/UR5_cost_ext_cost_0_fun_jac_hess.c:65:95: warning: unused parameter ‘w’ [-Wunused-parameter]
[1.296s]    65 | static int casadi_f0(const casadi_real** arg, casadi_real** res, casadi_int* iw, casadi_real* w, int mem) {
[1.296s]       |                                                                                               ^
[1.296s] /home/chri/CHRI_2025/Time_optimal_baseline/src/mpc_to/solver_to_high_disc/UR5_cost/UR5_cost_ext_cost_0_fun_jac_hess.c:65:102: warning: unused parameter ‘mem’ [-Wunused-parameter]
[1.296s]    65 | static int casadi_f0(const casadi_real** arg, casadi_real** res, casadi_int* iw, casadi_real* w, int mem) {
[1.296s]       |                                                                                                  ~~~~^~~
[1.297s] /home/chri/CHRI_2025/Time_optimal_baseline/src/mpc_to/solver_to_high_disc/UR5_constraints/UR5_constr_h_fun.c:273:56: warning: unused parameter ‘mem’ [-Wunused-parameter]
[1.297s]   273 | CASADI_SYMBOL_EXPORT void UR5_constr_h_fun_release(int mem) {
[1.297s]       |                                                    ~~~~^~~
[1.297s] /home/chri/CHRI_2025/Time_optimal_baseline/src/mpc_to/solver_to_high_disc/UR5_cost/UR5_cost_ext_cost_0_fun_jac_hess.c: In function ‘UR5_cost_ext_cost_0_fun_jac_hess_init_mem’:
[1.297s] /home/chri/CHRI_2025/Time_optimal_baseline/src/mpc_to/solver_to_high_disc/UR5_cost/UR5_cost_ext_cost_0_fun_jac_hess.c:117:72: warning: unused parameter ‘mem’ [-Wunused-parameter]
[1.297s]   117 | CASADI_SYMBOL_EXPORT int UR5_cost_ext_cost_0_fun_jac_hess_init_mem(int mem) {
[1.298s]       |                                                                    ~~~~^~~
[1.298s] /home/chri/CHRI_2025/Time_optimal_baseline/src/mpc_to/solver_to_high_disc/UR5_cost/UR5_cost_ext_cost_0_fun_jac_hess.c: In function ‘UR5_cost_ext_cost_0_fun_jac_hess_free_mem’:
[1.298s] /home/chri/CHRI_2025/Time_optimal_baseline/src/mpc_to/solver_to_high_disc/UR5_cost/UR5_cost_ext_cost_0_fun_jac_hess.c:121:73: warning: unused parameter ‘mem’ [-Wunused-parameter]
[1.298s]   121 | CASADI_SYMBOL_EXPORT void UR5_cost_ext_cost_0_fun_jac_hess_free_mem(int mem) {
[1.298s]       |                                                                     ~~~~^~~
[1.299s] /home/chri/CHRI_2025/Time_optimal_baseline/src/mpc_to/solver_to_high_disc/UR5_cost/UR5_cost_ext_cost_0_fun_jac_hess.c: In function ‘UR5_cost_ext_cost_0_fun_jac_hess_release’:
[1.299s] /home/chri/CHRI_2025/Time_optimal_baseline/src/mpc_to/solver_to_high_disc/UR5_cost/UR5_cost_ext_cost_0_fun_jac_hess.c:128:72: warning: unused parameter ‘mem’ [-Wunused-parameter]
[1.299s]   128 | CASADI_SYMBOL_EXPORT void UR5_cost_ext_cost_0_fun_jac_hess_release(int mem) {
[1.299s]       |                                                                    ~~~~^~~
[1.299s] /home/chri/CHRI_2025/Time_optimal_baseline/src/mpc_to/solver_to_high_disc/UR5_cost/UR5_cost_ext_cost_e_fun_jac_hess.c: In function ‘UR5_cost_ext_cost_e_fun_jac_hess_f0’:
[1.300s] /home/chri/CHRI_2025/Time_optimal_baseline/src/mpc_to/solver_to_high_disc/UR5_cost/UR5_cost_ext_cost_e_fun_jac_hess.c:63:42: warning: unused parameter ‘arg’ [-Wunused-parameter]
[1.300s]    63 | static int casadi_f0(const casadi_real** arg, casadi_real** res, casadi_int* iw, casadi_real* w, int mem) {
[1.300s]       |                      ~~~~~~~~~~~~~~~~~~~~^~~
[1.301s] /home/chri/CHRI_2025/Time_optimal_baseline/src/mpc_to/solver_to_high_disc/UR5_cost/UR5_cost_ext_cost_e_fun_jac_hess.c:63:78: warning: unused parameter ‘iw’ [-Wunused-parameter]
[1.301s]    63 | static int casadi_f0(const casadi_real** arg, casadi_real** res, casadi_int* iw, casadi_real* w, int mem) {
[1.301s]       |                                                                              ^
[1.301s] /home/chri/CHRI_2025/Time_optimal_baseline/src/mpc_to/solver_to_high_disc/UR5_cost/UR5_cost_ext_cost_e_fun_jac_hess.c:63:95: warning: unused parameter ‘w’ [-Wunused-parameter]
[1.302s]    63 | static int casadi_f0(const casadi_real** arg, casadi_real** res, casadi_int* iw, casadi_real* w, int mem) {
[1.302s]       |                                                                                               ^
[1.302s] /home/chri/CHRI_2025/Time_optimal_baseline/src/mpc_to/solver_to_high_disc/UR5_cost/UR5_cost_ext_cost_e_fun_jac_hess.c:63:102: warning: unused parameter ‘mem’ [-Wunused-parameter]
[1.302s]    63 | static int casadi_f0(const casadi_real** arg, casadi_real** res, casadi_int* iw, casadi_real* w, int mem) {
[1.302s]       |                                                                                                  ~~~~^~~
[1.302s] /home/chri/CHRI_2025/Time_optimal_baseline/src/mpc_to/solver_to_high_disc/UR5_cost/UR5_cost_ext_cost_e_fun_jac_hess.c: In function ‘UR5_cost_ext_cost_e_fun_jac_hess_init_mem’:
[1.303s] /home/chri/CHRI_2025/Time_optimal_baseline/src/mpc_to/solver_to_high_disc/UR5_cost/UR5_cost_ext_cost_e_fun_jac_hess.c:90:72: warning: unused parameter ‘mem’ [-Wunused-parameter]
[1.303s]    90 | CASADI_SYMBOL_EXPORT int UR5_cost_ext_cost_e_fun_jac_hess_init_mem(int mem) {
[1.303s]       |                                                                    ~~~~^~~
[1.303s] /home/chri/CHRI_2025/Time_optimal_baseline/src/mpc_to/solver_to_high_disc/UR5_cost/UR5_cost_ext_cost_e_fun_jac_hess.c: In function ‘UR5_cost_ext_cost_e_fun_jac_hess_free_mem’:
[1.303s] /home/chri/CHRI_2025/Time_optimal_baseline/src/mpc_to/solver_to_high_disc/UR5_cost/UR5_cost_ext_cost_e_fun_jac_hess.c:94:73: warning: unused parameter ‘mem’ [-Wunused-parameter]
[1.304s]    94 | CASADI_SYMBOL_EXPORT void UR5_cost_ext_cost_e_fun_jac_hess_free_mem(int mem) {
[1.304s]       |                                                                     ~~~~^~~
[1.304s] /home/chri/CHRI_2025/Time_optimal_baseline/src/mpc_to/solver_to_high_disc/UR5_cost/UR5_cost_ext_cost_e_fun_jac_hess.c: In function ‘UR5_cost_ext_cost_e_fun_jac_hess_release’:
[1.304s] /home/chri/CHRI_2025/Time_optimal_baseline/src/mpc_to/solver_to_high_disc/UR5_cost/UR5_cost_ext_cost_e_fun_jac_hess.c:101:72: warning: unused parameter ‘mem’ [-Wunused-parameter]
[1.304s]   101 | CASADI_SYMBOL_EXPORT void UR5_cost_ext_cost_e_fun_jac_hess_release(int mem) {
[1.304s]       |                                                                    ~~~~^~~
[1.305s] /home/chri/CHRI_2025/Time_optimal_baseline/src/mpc_to/solver_to_high_disc/UR5_cost/UR5_cost_ext_cost_0_fun.c:59:95: warning: unused parameter ‘w’ [-Wunused-parameter]
[1.305s]    59 | static int casadi_f0(const casadi_real** arg, casadi_real** res, casadi_int* iw, casadi_real* w, int mem) {
[1.305s]       |                                                                                               ^
[1.305s] /home/chri/CHRI_2025/Time_optimal_baseline/src/mpc_to/solver_to_high_disc/UR5_cost/UR5_cost_ext_cost_0_fun.c:59:102: warning: unused parameter ‘mem’ [-Wunused-parameter]
[1.305s]    59 | static int casadi_f0(const casadi_real** arg, casadi_real** res, casadi_int* iw, casadi_real* w, int mem) {
[1.305s]       |                                                                                                  ~~~~^~~
[1.305s] /home/chri/CHRI_2025/Time_optimal_baseline/src/mpc_to/solver_to_high_disc/UR5_cost/UR5_cost_ext_cost_0_fun.c: In function ‘UR5_cost_ext_cost_0_fun_init_mem’:
[1.305s] /home/chri/CHRI_2025/Time_optimal_baseline/src/mpc_to/solver_to_high_disc/UR5_cost/UR5_cost_ext_cost_0_fun.c:86:63: warning: unused parameter ‘mem’ [-Wunused-parameter]
[1.306s]    86 | CASADI_SYMBOL_EXPORT int UR5_cost_ext_cost_0_fun_init_mem(int mem) {
[1.306s]       |                                                           ~~~~^~~
[1.306s] /home/chri/CHRI_2025/Time_optimal_baseline/src/mpc_to/solver_to_high_disc/UR5_cost/UR5_cost_ext_cost_0_fun.c: In function ‘UR5_cost_ext_cost_0_fun_free_mem’:
[1.306s] /home/chri/CHRI_2025/Time_optimal_baseline/src/mpc_to/solver_to_high_disc/UR5_cost/UR5_cost_ext_cost_0_fun.c:90:64: warning: unused parameter ‘mem’ [-Wunused-parameter]
[1.306s]    90 | CASADI_SYMBOL_EXPORT void UR5_cost_ext_cost_0_fun_free_mem(int mem) {
[1.306s]       |                                                            ~~~~^~~
[1.306s] /home/chri/CHRI_2025/Time_optimal_baseline/src/mpc_to/solver_to_high_disc/UR5_cost/UR5_cost_ext_cost_0_fun.c: In function ‘UR5_cost_ext_cost_0_fun_release’:
[1.306s] /home/chri/CHRI_2025/Time_optimal_baseline/src/mpc_to/solver_to_high_disc/UR5_cost/UR5_cost_ext_cost_0_fun.c:97:63: warning: unused parameter ‘mem’ [-Wunused-parameter]
[1.306s]    97 | CASADI_SYMBOL_EXPORT void UR5_cost_ext_cost_0_fun_release(int mem) {
[1.306s]       |                                                           ~~~~^~~
[1.306s] /home/chri/CHRI_2025/Time_optimal_baseline/src/mpc_to/solver_to_high_disc/UR5_constraints/UR5_constr_h_fun_jac_uxt_zt.c: In function ‘UR5_constr_h_fun_jac_uxt_zt_f0’:
[1.307s] /home/chri/CHRI_2025/Time_optimal_baseline/src/mpc_to/solver_to_high_disc/UR5_constraints/UR5_constr_h_fun_jac_uxt_zt.c:66:78: warning: unused parameter ‘iw’ [-Wunused-parameter]
[1.307s]    66 | static int casadi_f0(const casadi_real** arg, casadi_real** res, casadi_int* iw, casadi_real* w, int mem) {
[1.307s]       |                                                                              ^
[1.307s] /home/chri/CHRI_2025/Time_optimal_baseline/src/mpc_to/solver_to_high_disc/UR5_constraints/UR5_constr_h_fun_jac_uxt_zt.c:66:95: warning: unused parameter ‘w’ [-Wunused-parameter]
[1.307s]    66 | static int casadi_f0(const casadi_real** arg, casadi_real** res, casadi_int* iw, casadi_real* w, int mem) {
[1.307s]       |                                                                                               ^
[1.307s] /home/chri/CHRI_2025/Time_optimal_baseline/src/mpc_to/solver_to_high_disc/UR5_constraints/UR5_constr_h_fun_jac_uxt_zt.c:66:102: warning: unused parameter ‘mem’ [-Wunused-parameter]
[1.307s]    66 | static int casadi_f0(const casadi_real** arg, casadi_real** res, casadi_int* iw, casadi_real* w, int mem) {
[1.307s]       |                                                                                                  ~~~~^~~
[1.307s] /home/chri/CHRI_2025/Time_optimal_baseline/src/mpc_to/solver_to_high_disc/UR5_constraints/UR5_constr_h_fun_jac_uxt_zt.c: In function ‘UR5_constr_h_fun_jac_uxt_zt_init_mem’:
[1.307s] /home/chri/CHRI_2025/Time_optimal_baseline/src/mpc_to/solver_to_high_disc/UR5_constraints/UR5_constr_h_fun_jac_uxt_zt.c:573:67: warning: unused parameter ‘mem’ [-Wunused-parameter]
[1.308s]   573 | CASADI_SYMBOL_EXPORT int UR5_constr_h_fun_jac_uxt_zt_init_mem(int mem) {
[1.308s]       |                                                               ~~~~^~~
[1.308s] /home/chri/CHRI_2025/Time_optimal_baseline/src/mpc_to/solver_to_high_disc/UR5_constraints/UR5_constr_h_fun_jac_uxt_zt.c: In function ‘UR5_constr_h_fun_jac_uxt_zt_free_mem’:
[1.308s] /home/chri/CHRI_2025/Time_optimal_baseline/src/mpc_to/solver_to_high_disc/UR5_constraints/UR5_constr_h_fun_jac_uxt_zt.c:577:68: warning: unused parameter ‘mem’ [-Wunused-parameter]
[1.308s]   577 | CASADI_SYMBOL_EXPORT void UR5_constr_h_fun_jac_uxt_zt_free_mem(int mem) {
[1.308s]       |                                                                ~~~~^~~
[1.308s] /home/chri/CHRI_2025/Time_optimal_baseline/src/mpc_to/solver_to_high_disc/UR5_constraints/UR5_constr_h_fun_jac_uxt_zt.c: In function ‘UR5_constr_h_fun_jac_uxt_zt_release’:
[1.308s] /home/chri/CHRI_2025/Time_optimal_baseline/src/mpc_to/solver_to_high_disc/UR5_constraints/UR5_constr_h_fun_jac_uxt_zt.c:584:67: warning: unused parameter ‘mem’ [-Wunused-parameter]
[1.308s]   584 | CASADI_SYMBOL_EXPORT void UR5_constr_h_fun_jac_uxt_zt_release(int mem) {
[1.308s]       |                                                               ~~~~^~~
[1.309s] /home/chri/CHRI_2025/Time_optimal_baseline/src/mpc_to/solver_to_high_disc/UR5_model/UR5_dyn_disc_phi_fun_jac.c: In function ‘UR5_dyn_disc_phi_fun_jac_f0’:
[1.309s] /home/chri/CHRI_2025/Time_optimal_baseline/src/mpc_to/solver_to_high_disc/UR5_model/UR5_dyn_disc_phi_fun_jac.c:57:78: warning: unused parameter ‘iw’ [-Wunused-parameter]
[1.309s]    57 | static int casadi_f0(const casadi_real** arg, casadi_real** res, casadi_int* iw, casadi_real* w, int mem) {
[1.309s]       |                                                                              ^
[1.309s] /home/chri/CHRI_2025/Time_optimal_baseline/src/mpc_to/solver_to_high_disc/UR5_model/UR5_dyn_disc_phi_fun_jac.c:57:95: warning: unused parameter ‘w’ [-Wunused-parameter]
[1.309s]    57 | static int casadi_f0(const casadi_real** arg, casadi_real** res, casadi_int* iw, casadi_real* w, int mem) {
[1.309s]       |                                                                                               ^
[1.309s] /home/chri/CHRI_2025/Time_optimal_baseline/src/mpc_to/solver_to_high_disc/UR5_model/UR5_dyn_disc_phi_fun_jac.c:57:102: warning: unused parameter ‘mem’ [-Wunused-parameter]
[1.309s]    57 | static int casadi_f0(const casadi_real** arg, casadi_real** res, casadi_int* iw, casadi_real* w, int mem) {
[1.309s]       |                                                                                                  ~~~~^~~
[1.310s] /home/chri/CHRI_2025/Time_optimal_baseline/src/mpc_to/solver_to_high_disc/UR5_model/UR5_dyn_disc_phi_fun_jac.c: In function ‘UR5_dyn_disc_phi_fun_jac_init_mem’:
[1.310s] /home/chri/CHRI_2025/Time_optimal_baseline/src/mpc_to/solver_to_high_disc/UR5_model/UR5_dyn_disc_phi_fun_jac.c:156:64: warning: unused parameter ‘mem’ [-Wunused-parameter]
[1.310s]   156 | CASADI_SYMBOL_EXPORT int UR5_dyn_disc_phi_fun_jac_init_mem(int mem) {
[1.310s]       |                                                            ~~~~^~~
[1.310s] /home/chri/CHRI_2025/Time_optimal_baseline/src/mpc_to/solver_to_high_disc/UR5_model/UR5_dyn_disc_phi_fun_jac.c: In function ‘UR5_dyn_disc_phi_fun_jac_free_mem’:
[1.310s] /home/chri/CHRI_2025/Time_optimal_baseline/src/mpc_to/solver_to_high_disc/UR5_model/UR5_dyn_disc_phi_fun_jac.c:160:65: warning: unused parameter ‘mem’ [-Wunused-parameter]
[1.310s]   160 | CASADI_SYMBOL_EXPORT void UR5_dyn_disc_phi_fun_jac_free_mem(int mem) {
[1.311s]       |                                                             ~~~~^~~
[1.311s] /home/chri/CHRI_2025/Time_optimal_baseline/src/mpc_to/solver_to_high_disc/UR5_model/UR5_dyn_disc_phi_fun_jac.c: In function ‘UR5_dyn_disc_phi_fun_jac_release’:
[1.311s] /home/chri/CHRI_2025/Time_optimal_baseline/src/mpc_to/solver_to_high_disc/UR5_model/UR5_dyn_disc_phi_fun_jac.c:167:64: warning: unused parameter ‘mem’ [-Wunused-parameter]
[1.311s]   167 | CASADI_SYMBOL_EXPORT void UR5_dyn_disc_phi_fun_jac_release(int mem) {
[1.311s]       |                                                            ~~~~^~~
[1.311s] /home/chri/CHRI_2025/Time_optimal_baseline/src/mpc_to/solver_to_high_disc/UR5_constraints/UR5_constr_h_fun_jac_uxt_zt_hess.c: In function ‘UR5_constr_h_fun_jac_uxt_zt_hess_f0’:
[1.312s] /home/chri/CHRI_2025/Time_optimal_baseline/src/mpc_to/solver_to_high_disc/UR5_constraints/UR5_constr_h_fun_jac_uxt_zt_hess.c:68:78: warning: unused parameter ‘iw’ [-Wunused-parameter]
[1.312s]    68 | static int casadi_f0(const casadi_real** arg, casadi_real** res, casadi_int* iw, casadi_real* w, int mem) {
[1.312s]       |                                                                              ^
[1.312s] /home/chri/CHRI_2025/Time_optimal_baseline/src/mpc_to/solver_to_high_disc/UR5_constraints/UR5_constr_h_fun_jac_uxt_zt_hess.c:68:95: warning: unused parameter ‘w’ [-Wunused-parameter]
[1.312s]    68 | static int casadi_f0(const casadi_real** arg, casadi_real** res, casadi_int* iw, casadi_real* w, int mem) {
[1.312s]       |                                                                                               ^
[1.313s] /home/chri/CHRI_2025/Time_optimal_baseline/src/mpc_to/solver_to_high_disc/UR5_constraints/UR5_constr_h_fun_jac_uxt_zt_hess.c:68:102: warning: unused parameter ‘mem’ [-Wunused-parameter]
[1.313s]    68 | static int casadi_f0(const casadi_real** arg, casadi_real** res, casadi_int* iw, casadi_real* w, int mem) {
[1.313s]       |                                                                                                  ~~~~^~~
[1.313s] /home/chri/CHRI_2025/Time_optimal_baseline/src/mpc_to/solver_to_high_disc/UR5_constraints/UR5_constr_h_fun_jac_uxt_zt_hess.c: In function ‘UR5_constr_h_fun_jac_uxt_zt_hess_init_mem’:
[1.313s] /home/chri/CHRI_2025/Time_optimal_baseline/src/mpc_to/solver_to_high_disc/UR5_constraints/UR5_constr_h_fun_jac_uxt_zt_hess.c:2077:72: warning: unused parameter ‘mem’ [-Wunused-parameter]
[1.313s]  2077 | CASADI_SYMBOL_EXPORT int UR5_constr_h_fun_jac_uxt_zt_hess_init_mem(int mem) {
[1.313s]       |                                                                    ~~~~^~~
[1.313s] /home/chri/CHRI_2025/Time_optimal_baseline/src/mpc_to/solver_to_high_disc/UR5_constraints/UR5_constr_h_fun_jac_uxt_zt_hess.c: In function ‘UR5_constr_h_fun_jac_uxt_zt_hess_free_mem’:
[1.313s] /home/chri/CHRI_2025/Time_optimal_baseline/src/mpc_to/solver_to_high_disc/UR5_constraints/UR5_constr_h_fun_jac_uxt_zt_hess.c:2081:73: warning: unused parameter ‘mem’ [-Wunused-parameter]
[1.313s]  2081 | CASADI_SYMBOL_EXPORT void UR5_constr_h_fun_jac_uxt_zt_hess_free_mem(int mem) {
[1.313s]       |                                                                     ~~~~^~~
[1.314s] /home/chri/CHRI_2025/Time_optimal_baseline/src/mpc_to/solver_to_high_disc/UR5_constraints/UR5_constr_h_fun_jac_uxt_zt_hess.c: In function ‘UR5_constr_h_fun_jac_uxt_zt_hess_release’:
[1.314s] /home/chri/CHRI_2025/Time_optimal_baseline/src/mpc_to/solver_to_high_disc/UR5_constraints/UR5_constr_h_fun_jac_uxt_zt_hess.c:2088:72: warning: unused parameter ‘mem’ [-Wunused-parameter]
[1.314s]  2088 | CASADI_SYMBOL_EXPORT void UR5_constr_h_fun_jac_uxt_zt_hess_release(int mem) {
[1.314s]       |                                                                    ~~~~^~~
[1.314s] /home/chri/CHRI_2025/Time_optimal_baseline/src/mpc_to/solver_to_high_disc/UR5_cost/UR5_cost_ext_cost_fun_jac.c: In function ‘UR5_cost_ext_cost_fun_jac_f0’:
[1.314s] /home/chri/CHRI_2025/Time_optimal_baseline/src/mpc_to/solver_to_high_disc/UR5_cost/UR5_cost_ext_cost_fun_jac.c:61:78: warning: unused parameter ‘iw’ [-Wunused-parameter]
[1.314s]    61 | static int casadi_f0(const casadi_real** arg, casadi_real** res, casadi_int* iw, casadi_real* w, int mem) {
[1.314s]       |                                                                              ^
[1.314s] /home/chri/CHRI_2025/Time_optimal_baseline/src/mpc_to/solver_to_high_disc/UR5_cost/UR5_cost_ext_cost_fun_jac.c:61:95: warning: unused parameter ‘w’ [-Wunused-parameter]
[1.314s]    61 | static int casadi_f0(const casadi_real** arg, casadi_real** res, casadi_int* iw, casadi_real* w, int mem) {
[1.314s]       |                                                                                               ^
[1.315s] /home/chri/CHRI_2025/Time_optimal_baseline/src/mpc_to/solver_to_high_disc/UR5_cost/UR5_cost_ext_cost_fun_jac.c:61:102: warning: unused parameter ‘mem’ [-Wunused-parameter]
[1.315s]    61 | static int casadi_f0(const casadi_real** arg, casadi_real** res, casadi_int* iw, casadi_real* w, int mem) {
[1.315s]       |                                                                                                  ~~~~^~~
[1.315s] /home/chri/CHRI_2025/Time_optimal_baseline/src/mpc_to/solver_to_high_disc/UR5_cost/UR5_cost_ext_cost_fun_jac.c: In function ‘UR5_cost_ext_cost_fun_jac_init_mem’:
[1.315s] /home/chri/CHRI_2025/Time_optimal_baseline/src/mpc_to/solver_to_high_disc/UR5_cost/UR5_cost_ext_cost_fun_jac.c:113:65: warning: unused parameter ‘mem’ [-Wunused-parameter]
[1.315s]   113 | CASADI_SYMBOL_EXPORT int UR5_cost_ext_cost_fun_jac_init_mem(int mem) {
[1.315s]       |                                                             ~~~~^~~
[1.315s] /home/chri/CHRI_2025/Time_optimal_baseline/src/mpc_to/solver_to_high_disc/UR5_cost/UR5_cost_ext_cost_fun_jac.c: In function ‘UR5_cost_ext_cost_fun_jac_free_mem’:
[1.315s] /home/chri/CHRI_2025/Time_optimal_baseline/src/mpc_to/solver_to_high_disc/UR5_cost/UR5_cost_ext_cost_fun_jac.c:117:66: warning: unused parameter ‘mem’ [-Wunused-parameter]
[1.315s]   117 | CASADI_SYMBOL_EXPORT void UR5_cost_ext_cost_fun_jac_free_mem(int mem) {
[1.315s]       |                                                              ~~~~^~~
[1.315s] /home/chri/CHRI_2025/Time_optimal_baseline/src/mpc_to/solver_to_high_disc/UR5_cost/UR5_cost_ext_cost_fun_jac.c: In function ‘UR5_cost_ext_cost_fun_jac_release’:
[1.316s] /home/chri/CHRI_2025/Time_optimal_baseline/src/mpc_to/solver_to_high_disc/UR5_cost/UR5_cost_ext_cost_fun_jac.c:124:65: warning: unused parameter ‘mem’ [-Wunused-parameter]
[1.316s]   124 | CASADI_SYMBOL_EXPORT void UR5_cost_ext_cost_fun_jac_release(int mem) {
[1.316s]       |                                                             ~~~~^~~
[1.367s] [ 85%] Building C object CMakeFiles/high_solver.dir/solver_to_high_disc/UR5_cost/UR5_cost_ext_cost_fun_jac_hess.c.o
[1.368s] [ 90%] Building C object CMakeFiles/high_solver.dir/solver_to_high_disc/acados_solver_UR5.c.o
[1.371s] [ 95%] Building CXX object CMakeFiles/high_solver.dir/solver_to_high_disc/acados_solver_holder.cpp.o
[1.422s] /home/chri/CHRI_2025/Time_optimal_baseline/src/mpc_to/solver_to_high_disc/UR5_cost/UR5_cost_ext_cost_fun_jac_hess.c: In function ‘UR5_cost_ext_cost_fun_jac_hess_f0’:
[1.422s] /home/chri/CHRI_2025/Time_optimal_baseline/src/mpc_to/solver_to_high_disc/UR5_cost/UR5_cost_ext_cost_fun_jac_hess.c:65:78: warning: unused parameter ‘iw’ [-Wunused-parameter]
[1.422s]    65 | static int casadi_f0(const casadi_real** arg, casadi_real** res, casadi_int* iw, casadi_real* w, int mem) {
[1.423s]       |                                                                              ^
[1.423s] /home/chri/CHRI_2025/Time_optimal_baseline/src/mpc_to/solver_to_high_disc/UR5_cost/UR5_cost_ext_cost_fun_jac_hess.c:65:95: warning: unused parameter ‘w’ [-Wunused-parameter]
[1.423s]    65 | static int casadi_f0(const casadi_real** arg, casadi_real** res, casadi_int* iw, casadi_real* w, int mem) {
[1.423s]       |                                                                                               ^
[1.423s] /home/chri/CHRI_2025/Time_optimal_baseline/src/mpc_to/solver_to_high_disc/UR5_cost/UR5_cost_ext_cost_fun_jac_hess.c:65:102: warning: unused parameter ‘mem’ [-Wunused-parameter]
[1.423s]    65 | static int casadi_f0(const casadi_real** arg, casadi_real** res, casadi_int* iw, casadi_real* w, int mem) {
[1.424s]       |                                                                                                  ~~~~^~~
[1.424s] /home/chri/CHRI_2025/Time_optimal_baseline/src/mpc_to/solver_to_high_disc/UR5_cost/UR5_cost_ext_cost_fun_jac_hess.c: In function ‘UR5_cost_ext_cost_fun_jac_hess_init_mem’:
[1.424s] /home/chri/CHRI_2025/Time_optimal_baseline/src/mpc_to/solver_to_high_disc/UR5_cost/UR5_cost_ext_cost_fun_jac_hess.c:117:70: warning: unused parameter ‘mem’ [-Wunused-parameter]
[1.424s]   117 | CASADI_SYMBOL_EXPORT int UR5_cost_ext_cost_fun_jac_hess_init_mem(int mem) {
[1.424s]       |                                                                  ~~~~^~~
[1.424s] /home/chri/CHRI_2025/Time_optimal_baseline/src/mpc_to/solver_to_high_disc/UR5_cost/UR5_cost_ext_cost_fun_jac_hess.c: In function ‘UR5_cost_ext_cost_fun_jac_hess_free_mem’:
[1.425s] /home/chri/CHRI_2025/Time_optimal_baseline/src/mpc_to/solver_to_high_disc/UR5_cost/UR5_cost_ext_cost_fun_jac_hess.c:121:71: warning: unused parameter ‘mem’ [-Wunused-parameter]
[1.425s]   121 | CASADI_SYMBOL_EXPORT void UR5_cost_ext_cost_fun_jac_hess_free_mem(int mem) {
[1.425s]       |                                                                   ~~~~^~~
[1.425s] /home/chri/CHRI_2025/Time_optimal_baseline/src/mpc_to/solver_to_high_disc/UR5_cost/UR5_cost_ext_cost_fun_jac_hess.c: In function ‘UR5_cost_ext_cost_fun_jac_hess_release’:
[1.425s] /home/chri/CHRI_2025/Time_optimal_baseline/src/mpc_to/solver_to_high_disc/UR5_cost/UR5_cost_ext_cost_fun_jac_hess.c:128:70: warning: unused parameter ‘mem’ [-Wunused-parameter]
[1.425s]   128 | CASADI_SYMBOL_EXPORT void UR5_cost_ext_cost_fun_jac_hess_release(int mem) {
[1.426s]       |                                                                  ~~~~^~~
[1.468s] /home/chri/CHRI_2025/Time_optimal_baseline/src/mpc_to/solver_to_high_disc/acados_solver_UR5.c: In function ‘UR5_acados_create_5_set_nlp_in’:
[1.468s] /home/chri/CHRI_2025/Time_optimal_baseline/src/mpc_to/solver_to_high_disc/acados_solver_UR5.c:445:9: warning: unused variable ‘tmp_int’ [-Wunused-variable]
[1.469s]   445 |     int tmp_int = 0;
[1.469s]       |         ^~~~~~~
[1.470s] /home/chri/CHRI_2025/Time_optimal_baseline/src/mpc_to/solver_to_high_disc/acados_solver_UR5.c: In function ‘UR5_acados_update_qp_solver_cond_N’:
[1.470s] /home/chri/CHRI_2025/Time_optimal_baseline/src/mpc_to/solver_to_high_disc/acados_solver_UR5.c:937:60: warning: unused parameter ‘capsule’ [-Wunused-parameter]
[1.470s]   937 | int UR5_acados_update_qp_solver_cond_N(UR5_solver_capsule* capsule, int qp_solver_cond_N)
[1.470s]       |                                        ~~~~~~~~~~~~~~~~~~~~^~~~~~~
[1.470s] /home/chri/CHRI_2025/Time_optimal_baseline/src/mpc_to/solver_to_high_disc/acados_solver_UR5.c:937:73: warning: unused parameter ‘qp_solver_cond_N’ [-Wunused-parameter]
[1.471s]   937 | int UR5_acados_update_qp_solver_cond_N(UR5_solver_capsule* capsule, int qp_solver_cond_N)
[1.471s]       |                                                                     ~~~~^~~~~~~~~~~~~~~~
[1.471s] /home/chri/CHRI_2025/Time_optimal_baseline/src/mpc_to/solver_to_high_disc/acados_solver_UR5.c: In function ‘UR5_acados_reset’:
[1.471s] /home/chri/CHRI_2025/Time_optimal_baseline/src/mpc_to/solver_to_high_disc/acados_solver_UR5.c:955:21: warning: unused variable ‘nlp_solver’ [-Wunused-variable]
[1.471s]   955 |     ocp_nlp_solver* nlp_solver = capsule->nlp_solver;
[1.471s]       |                     ^~~~~~~~~~
[1.472s] /home/chri/CHRI_2025/Time_optimal_baseline/src/mpc_to/solver_to_high_disc/acados_solver_UR5.c:954:17: warning: unused variable ‘nlp_in’ [-Wunused-variable]
[1.472s]   954 |     ocp_nlp_in* nlp_in = capsule->nlp_in;
[1.472s]       |                 ^~~~~~
[1.472s] /home/chri/CHRI_2025/Time_optimal_baseline/src/mpc_to/solver_to_high_disc/acados_solver_UR5.c:945:55: warning: unused parameter ‘reset_qp_solver_mem’ [-Wunused-parameter]
[1.472s]   945 | int UR5_acados_reset(UR5_solver_capsule* capsule, int reset_qp_solver_mem)
[1.472s]       |                                                   ~~~~^~~~~~~~~~~~~~~~~~~
[2.855s] /home/chri/CHRI_2025/Time_optimal_baseline/src/mpc_to/src/kinematics_functions.cpp: In function ‘Eigen::MatrixXf get_cpose(float, float, float, float, float, float)’:
[2.855s] /home/chri/CHRI_2025/Time_optimal_baseline/src/mpc_to/src/kinematics_functions.cpp:4:83: warning: unused parameter ‘q6’ [-Wunused-parameter]
[2.855s]     4 | Eigen::MatrixXf get_cpose(float q1, float q2, float q3, float q4, float q5, float q6){
[2.856s]       |                                                                             ~~~~~~^~
[2.861s] /home/chri/CHRI_2025/Time_optimal_baseline/src/mpc_to/src/kinematics_functions.cpp: In function ‘Eigen::MatrixXf get_velocity(float, float, float, float, float, float, float, float, float, float, float, float)’:
[2.861s] /home/chri/CHRI_2025/Time_optimal_baseline/src/mpc_to/src/kinematics_functions.cpp:15:86: warning: unused parameter ‘q6’ [-Wunused-parameter]
[2.862s]    15 | Eigen::MatrixXf get_velocity(float q1, float q2, float q3, float q4, float q5, float q6,
[2.862s]       |                                                                                ~~~~~~^~
[2.862s] /home/chri/CHRI_2025/Time_optimal_baseline/src/mpc_to/src/kinematics_functions.cpp:16:91: warning: unused parameter ‘u_6’ [-Wunused-parameter]
[2.862s]    16 |                              float u_1, float u_2, float u_3, float u_4, float u_5, float u_6){
[2.863s]       |                                                                                     ~~~~~~^~~
[2.863s] /home/chri/CHRI_2025/Time_optimal_baseline/src/mpc_to/solver_to_high_disc/acados_solver_holder.cpp: In member function ‘int my_NMPC_solver::solve_my_mpc(double*, double*, double*, double*, double*, double*, double*, double*)’:
[2.863s] /home/chri/CHRI_2025/Time_optimal_baseline/src/mpc_to/solver_to_high_disc/acados_solver_holder.cpp:158:12: warning: ISO C++ forbids variable length array ‘xtraj’ [-Wvla]
[2.863s]   158 |     double xtraj[NX * (N+1)];
[2.863s]       |            ^~~~~
[2.864s] /home/chri/CHRI_2025/Time_optimal_baseline/src/mpc_to/solver_to_high_disc/acados_solver_holder.cpp:159:12: warning: ISO C++ forbids variable length array ‘utraj’ [-Wvla]
[2.864s]   159 |     double utraj[NU * N];
[2.864s]       |            ^~~~~
[2.864s] /home/chri/CHRI_2025/Time_optimal_baseline/src/mpc_to/solver_to_high_disc/acados_solver_holder.cpp:29:42: warning: unused parameter ‘tracking_goal’ [-Wunused-parameter]
[2.864s]    29 |     double current_joint_goal[6], double tracking_goal[60], double cgoal[3], double results[16], double my_weights[10], double full_trajectory[140]) {
[2.864s]       |                                   ~~~~~~~^~~~~~~~~~~~~~~~~
[2.864s] /home/chri/CHRI_2025/Time_optimal_baseline/src/mpc_to/solver_to_high_disc/acados_solver_holder.cpp:29:68: warning: unused parameter ‘cgoal’ [-Wunused-parameter]
[2.865s]    29 |     double current_joint_goal[6], double tracking_goal[60], double cgoal[3], double results[16], double my_weights[10], double full_trajectory[140]) {
[2.865s]       |                                                             ~~~~~~~^~~~~~~~
[2.865s] /home/chri/CHRI_2025/Time_optimal_baseline/src/mpc_to/solver_to_high_disc/acados_solver_holder.cpp:29:105: warning: unused parameter ‘my_weights’ [-Wunused-parameter]
[2.865s]    29 |     double current_joint_goal[6], double tracking_goal[60], double cgoal[3], double results[16], double my_weights[10], double full_trajectory[140]) {
[2.865s]       |                                                                                                  ~~~~~~~^~~~~~~~~~~~~~
[22.421s] [100%] Linking CXX executable high_solver
[22.983s] [100%] Built target high_solver
[22.999s] Invoked command in '/home/chri/CHRI_2025/Time_optimal_baseline/build/mpc_to' returned '0': CMAKE_PREFIX_PATH=/opt/ros/humble /usr/bin/cmake --build /home/chri/CHRI_2025/Time_optimal_baseline/build/mpc_to -- -j16 -l16
[23.015s] Invoking command in '/home/chri/CHRI_2025/Time_optimal_baseline/build/mpc_to': CMAKE_PREFIX_PATH=/opt/ros/humble /usr/bin/cmake --install /home/chri/CHRI_2025/Time_optimal_baseline/build/mpc_to
[23.026s] -- Install configuration: "Release"
[23.026s] -- Execute custom install script
[23.027s] -- Up-to-date symlink: /home/chri/CHRI_2025/Time_optimal_baseline/install/mpc_to/lib/mpc_to/high_solver
[23.027s] -- Up-to-date symlink: /home/chri/CHRI_2025/Time_optimal_baseline/install/mpc_to/share/ament_index/resource_index/package_run_dependencies/mpc_to
[23.027s] -- Up-to-date symlink: /home/chri/CHRI_2025/Time_optimal_baseline/install/mpc_to/share/ament_index/resource_index/parent_prefix_path/mpc_to
[23.028s] -- Up-to-date symlink: /home/chri/CHRI_2025/Time_optimal_baseline/install/mpc_to/share/mpc_to/environment/ament_prefix_path.sh
[23.028s] -- Up-to-date symlink: /home/chri/CHRI_2025/Time_optimal_baseline/install/mpc_to/share/mpc_to/environment/ament_prefix_path.dsv
[23.028s] -- Up-to-date symlink: /home/chri/CHRI_2025/Time_optimal_baseline/install/mpc_to/share/mpc_to/environment/path.sh
[23.028s] -- Up-to-date symlink: /home/chri/CHRI_2025/Time_optimal_baseline/install/mpc_to/share/mpc_to/environment/path.dsv
[23.029s] -- Up-to-date symlink: /home/chri/CHRI_2025/Time_optimal_baseline/install/mpc_to/share/mpc_to/local_setup.bash
[23.029s] -- Up-to-date symlink: /home/chri/CHRI_2025/Time_optimal_baseline/install/mpc_to/share/mpc_to/local_setup.sh
[23.029s] -- Up-to-date symlink: /home/chri/CHRI_2025/Time_optimal_baseline/install/mpc_to/share/mpc_to/local_setup.zsh
[23.030s] -- Up-to-date symlink: /home/chri/CHRI_2025/Time_optimal_baseline/install/mpc_to/share/mpc_to/local_setup.dsv
[23.030s] -- Symlinking: /home/chri/CHRI_2025/Time_optimal_baseline/install/mpc_to/share/mpc_to/package.dsv
[23.043s] -- Up-to-date symlink: /home/chri/CHRI_2025/Time_optimal_baseline/install/mpc_to/share/ament_index/resource_index/packages/mpc_to
[23.043s] -- Up-to-date symlink: /home/chri/CHRI_2025/Time_optimal_baseline/install/mpc_to/share/mpc_to/cmake/mpc_toConfig.cmake
[23.043s] -- Up-to-date symlink: /home/chri/CHRI_2025/Time_optimal_baseline/install/mpc_to/share/mpc_to/cmake/mpc_toConfig-version.cmake
[23.044s] -- Up-to-date symlink: /home/chri/CHRI_2025/Time_optimal_baseline/install/mpc_to/share/mpc_to/package.xml
[30.008s] Invoked command in '/home/chri/CHRI_2025/Time_optimal_baseline/build/mpc_to' returned '0': CMAKE_PREFIX_PATH=/opt/ros/humble /usr/bin/cmake --install /home/chri/CHRI_2025/Time_optimal_baseline/build/mpc_to
