[6.293s] Invoking command in '/home/chri/CHRI_2025/UR5_pyBullet+acados/src/my_package': PYTHONPATH=/home/chri/CHRI_2025/UR5_pyBullet+acados/src/build/my_package/prefix_override:/usr/lib/python3/dist-packages/colcon_core/task/python/colcon_distutils_commands:/home/chri/CHRI_2025/UR5_pyBullet+acados/src/install/my_package/lib/python3.10/site-packages:${PYTHONPATH} /usr/bin/python3 -W ignore:setup.py install is deprecated -W ignore:easy_install command is deprecated setup.py egg_info --egg-base ../build/my_package build --build-base /home/chri/CHRI_2025/UR5_pyBullet+acados/src/build/my_package/build install --record /home/chri/CHRI_2025/UR5_pyBullet+acados/src/build/my_package/install.log --single-version-externally-managed install_data
[6.563s] /home/chri/.local/lib/python3.10/site-packages/setuptools/_distutils/dist.py:289: UserWarning: Unknown distribution option: 'tests_require'
[6.563s]   warnings.warn(msg)
[6.765s] running egg_info
[6.796s] writing ../build/my_package/my_package.egg-info/PKG-INFO
[6.797s] writing dependency_links to ../build/my_package/my_package.egg-info/dependency_links.txt
[6.797s] writing entry points to ../build/my_package/my_package.egg-info/entry_points.txt
[6.798s] writing requirements to ../build/my_package/my_package.egg-info/requires.txt
[6.798s] writing top-level names to ../build/my_package/my_package.egg-info/top_level.txt
[6.866s] reading manifest file '../build/my_package/my_package.egg-info/SOURCES.txt'
[6.877s] adding license file 'LICENSE'
[6.879s] writing manifest file '../build/my_package/my_package.egg-info/SOURCES.txt'
[6.879s] running build
[6.879s] running build_py
[6.880s] running install
[6.888s] running install_lib
[6.929s] running install_data
[6.929s] running install_egg_info
[6.974s] removing '/home/chri/CHRI_2025/UR5_pyBullet+acados/src/install/my_package/lib/python3.10/site-packages/my_package-0.0.0-py3.10.egg-info' (and everything under it)
[6.974s] Copying ../build/my_package/my_package.egg-info to /home/chri/CHRI_2025/UR5_pyBullet+acados/src/install/my_package/lib/python3.10/site-packages/my_package-0.0.0-py3.10.egg-info
[6.990s] running install_scripts
[7.280s] Installing my_node script to /home/chri/CHRI_2025/UR5_pyBullet+acados/src/install/my_package/lib/my_package
[7.280s] Installing my_subscriber script to /home/chri/CHRI_2025/UR5_pyBullet+acados/src/install/my_package/lib/my_package
[7.280s] writing list of installed files to '/home/chri/CHRI_2025/UR5_pyBullet+acados/src/build/my_package/install.log'
[7.314s] Invoked command in '/home/chri/CHRI_2025/UR5_pyBullet+acados/src/my_package' returned '0': PYTHONPATH=/home/chri/CHRI_2025/UR5_pyBullet+acados/src/build/my_package/prefix_override:/usr/lib/python3/dist-packages/colcon_core/task/python/colcon_distutils_commands:/home/chri/CHRI_2025/UR5_pyBullet+acados/src/install/my_package/lib/python3.10/site-packages:${PYTHONPATH} /usr/bin/python3 -W ignore:setup.py install is deprecated -W ignore:easy_install command is deprecated setup.py egg_info --egg-base ../build/my_package build --build-base /home/chri/CHRI_2025/UR5_pyBullet+acados/src/build/my_package/build install --record /home/chri/CHRI_2025/UR5_pyBullet+acados/src/build/my_package/install.log --single-version-externally-managed install_data
