[0.041s] Invoking command in '/home/chri/CHRI_2025/Time_optimal_baseline/build/mpc_high_to': CMAKE_PREFIX_PATH=/opt/ros/humble /usr/bin/cmake --build /home/chri/CHRI_2025/Time_optimal_baseline/build/mpc_high_to -- -j16 -l16
[0.720s] [100%] Built target high_solver
[1.102s] Invoked command in '/home/chri/CHRI_2025/Time_optimal_baseline/build/mpc_high_to' returned '0': CMAKE_PREFIX_PATH=/opt/ros/humble /usr/bin/cmake --build /home/chri/CHRI_2025/Time_optimal_baseline/build/mpc_high_to -- -j16 -l16
[1.105s] Invoking command in '/home/chri/CHRI_2025/Time_optimal_baseline/build/mpc_high_to': CMAKE_PREFIX_PATH=/opt/ros/humble /usr/bin/cmake --install /home/chri/CHRI_2025/Time_optimal_baseline/build/mpc_high_to
[1.127s] -- Install configuration: ""
[1.127s] -- Up-to-date: /home/chri/CHRI_2025/Time_optimal_baseline/install/mpc_high_to/lib/mpc_high_to/high_solver
[1.128s] -- Up-to-date: /home/chri/CHRI_2025/Time_optimal_baseline/install/mpc_high_to/share/ament_index/resource_index/package_run_dependencies/mpc_high_to
[1.129s] -- Up-to-date: /home/chri/CHRI_2025/Time_optimal_baseline/install/mpc_high_to/share/ament_index/resource_index/parent_prefix_path/mpc_high_to
[1.129s] -- Up-to-date: /home/chri/CHRI_2025/Time_optimal_baseline/install/mpc_high_to/share/mpc_high_to/environment/ament_prefix_path.sh
[1.130s] -- Up-to-date: /home/chri/CHRI_2025/Time_optimal_baseline/install/mpc_high_to/share/mpc_high_to/environment/ament_prefix_path.dsv
[1.130s] -- Up-to-date: /home/chri/CHRI_2025/Time_optimal_baseline/install/mpc_high_to/share/mpc_high_to/environment/path.sh
[1.130s] -- Up-to-date: /home/chri/CHRI_2025/Time_optimal_baseline/install/mpc_high_to/share/mpc_high_to/environment/path.dsv
[1.131s] -- Up-to-date: /home/chri/CHRI_2025/Time_optimal_baseline/install/mpc_high_to/share/mpc_high_to/local_setup.bash
[1.131s] -- Up-to-date: /home/chri/CHRI_2025/Time_optimal_baseline/install/mpc_high_to/share/mpc_high_to/local_setup.sh
[1.132s] -- Up-to-date: /home/chri/CHRI_2025/Time_optimal_baseline/install/mpc_high_to/share/mpc_high_to/local_setup.zsh
[1.132s] -- Up-to-date: /home/chri/CHRI_2025/Time_optimal_baseline/install/mpc_high_to/share/mpc_high_to/local_setup.dsv
[1.132s] -- Installing: /home/chri/CHRI_2025/Time_optimal_baseline/install/mpc_high_to/share/mpc_high_to/package.dsv
[1.133s] -- Up-to-date: /home/chri/CHRI_2025/Time_optimal_baseline/install/mpc_high_to/share/ament_index/resource_index/packages/mpc_high_to
[1.133s] -- Up-to-date: /home/chri/CHRI_2025/Time_optimal_baseline/install/mpc_high_to/share/mpc_high_to/cmake/mpc_high_toConfig.cmake
[1.133s] -- Up-to-date: /home/chri/CHRI_2025/Time_optimal_baseline/install/mpc_high_to/share/mpc_high_to/cmake/mpc_high_toConfig-version.cmake
[1.134s] -- Up-to-date: /home/chri/CHRI_2025/Time_optimal_baseline/install/mpc_high_to/share/mpc_high_to/package.xml
[1.164s] Invoked command in '/home/chri/CHRI_2025/Time_optimal_baseline/build/mpc_high_to' returned '0': CMAKE_PREFIX_PATH=/opt/ros/humble /usr/bin/cmake --install /home/chri/CHRI_2025/Time_optimal_baseline/build/mpc_high_to
