[0.019s] Invoking command in '/home/chri/CHRI_2025/Time_optimal_baseline/build/mpc_to': CMAKE_PREFIX_PATH=${CMAKE_PREFIX_PATH}:/home/chri/CHRI_2025/Time_optimal_baseline/install/sim_utils:/home/chri/CHRI_2025/Time_optimal_baseline/install/pb_ur5_sim:/home/chri/CHRI_2025/Time_optimal_baseline/install/mppi_controller:/opt/ros/humble /usr/bin/cmake --build /home/chri/CHRI_2025/Time_optimal_baseline/build/mpc_to -- -j16 -l16
[0.103s] [35m[1mConsolidate compiler generated dependencies of target high_solver[0m
[0.145s] [  5%] [32m[1mLinking CXX executable high_solver[0m
[0.719s] /usr/bin/ld: CMakeFiles/high_solver.dir/solver_to_high_disc/acados_solver_UR5.c.o: in function `UR5_acados_create_3_create_and_set_functions':
[0.719s] acados_solver_UR5.c:(.text+0xd09): undefined reference to `UR5_constr_h_0_fun_jac_uxt_zt_hess'
[0.719s] /usr/bin/ld: acados_solver_UR5.c:(.text+0xd24): undefined reference to `UR5_constr_h_0_fun_jac_uxt_zt_hess_sparsity_in'
[0.720s] /usr/bin/ld: acados_solver_UR5.c:(.text+0xd37): undefined reference to `UR5_constr_h_0_fun_jac_uxt_zt_hess_work'
[0.720s] /usr/bin/ld: acados_solver_UR5.c:(.text+0xd3f): undefined reference to `UR5_constr_h_0_fun_sparsity_in'
[0.720s] /usr/bin/ld: acados_solver_UR5.c:(.text+0xd4b): undefined reference to `UR5_constr_h_0_fun_jac_uxt_zt_hess_sparsity_out'
[0.720s] /usr/bin/ld: acados_solver_UR5.c:(.text+0xd57): undefined reference to `UR5_constr_h_0_fun'
[0.720s] /usr/bin/ld: acados_solver_UR5.c:(.text+0xd5f): undefined reference to `UR5_constr_h_0_fun_n_in'
[0.720s] /usr/bin/ld: acados_solver_UR5.c:(.text+0xd6b): undefined reference to `UR5_constr_h_0_fun_jac_uxt_zt_hess_n_in'
[0.720s] /usr/bin/ld: acados_solver_UR5.c:(.text+0xd72): undefined reference to `UR5_constr_h_0_fun_sparsity_out'
[0.721s] /usr/bin/ld: acados_solver_UR5.c:(.text+0xd79): undefined reference to `UR5_constr_h_0_fun_work'
[0.721s] /usr/bin/ld: acados_solver_UR5.c:(.text+0xd8d): undefined reference to `UR5_constr_h_0_fun_jac_uxt_zt_hess_n_out'
[0.721s] /usr/bin/ld: acados_solver_UR5.c:(.text+0xd94): undefined reference to `UR5_constr_h_0_fun_n_out'
[0.721s] /usr/bin/ld: acados_solver_UR5.c:(.text+0xdc4): undefined reference to `UR5_constr_h_0_fun_jac_uxt_zt'
[0.721s] /usr/bin/ld: acados_solver_UR5.c:(.text+0xdcb): undefined reference to `UR5_constr_h_0_fun_jac_uxt_zt_work'
[0.721s] /usr/bin/ld: acados_solver_UR5.c:(.text+0xdd7): undefined reference to `UR5_constr_h_0_fun_jac_uxt_zt_sparsity_in'
[0.722s] /usr/bin/ld: acados_solver_UR5.c:(.text+0xdde): undefined reference to `UR5_constr_h_0_fun_jac_uxt_zt_sparsity_out'
[0.722s] /usr/bin/ld: acados_solver_UR5.c:(.text+0xdea): undefined reference to `UR5_constr_h_0_fun_jac_uxt_zt_n_in'
[0.722s] /usr/bin/ld: acados_solver_UR5.c:(.text+0xdf1): undefined reference to `UR5_constr_h_0_fun_jac_uxt_zt_n_out'
[0.735s] collect2: error: ld returned 1 exit status
[0.739s] gmake[2]: *** [CMakeFiles/high_solver.dir/build.make:835: high_solver] Error 1
[0.739s] gmake[1]: *** [CMakeFiles/Makefile2:137: CMakeFiles/high_solver.dir/all] Error 2
[0.740s] gmake: *** [Makefile:146: all] Error 2
[0.743s] Invoked command in '/home/chri/CHRI_2025/Time_optimal_baseline/build/mpc_to' returned '2': CMAKE_PREFIX_PATH=${CMAKE_PREFIX_PATH}:/home/chri/CHRI_2025/Time_optimal_baseline/install/sim_utils:/home/chri/CHRI_2025/Time_optimal_baseline/install/pb_ur5_sim:/home/chri/CHRI_2025/Time_optimal_baseline/install/mppi_controller:/opt/ros/humble /usr/bin/cmake --build /home/chri/CHRI_2025/Time_optimal_baseline/build/mpc_to -- -j16 -l16
