[1.091s] Invoking command in '/home/chri/CHRI_2025/Time_optimal_baseline/build/ur_ros2_driver': CMAKE_PREFIX_PATH=${CMAKE_PREFIX_PATH}:/home/chri/CHRI_2025/Time_optimal_baseline/install/sim_utils:/home/chri/CHRI_2025/Time_optimal_baseline/install/pb_ur5_sim:/home/chri/CHRI_2025/Time_optimal_baseline/install/mppi_controller:/opt/ros/humble /usr/bin/cmake --build /home/chri/CHRI_2025/Time_optimal_baseline/build/ur_ros2_driver -- -j16 -l16
[1.177s] [ 14%] [32mBuilding CXX object CMakeFiles/ur_driver.dir/src/ur_velocity_controller.cpp.o[0m
[4.406s] [01m[K/home/chri/CHRI_2025/Time_optimal_baseline/src/ur_ros2_driver/ur_ros2_driver/src/ur_velocity_controller.cpp:[m[K In function ‘[01m[Kint main(int, char**)[m[K’:
[4.406s] [01m[K/home/chri/CHRI_2025/Time_optimal_baseline/src/ur_ros2_driver/ur_ros2_driver/src/ur_velocity_controller.cpp:134:14:[m[K [01;35m[Kwarning: [m[Kunused variable ‘[01m[Kuse_sim_time[m[K’ [[01;35m[K]8;;https://gcc.gnu.org/onlinedocs/gcc/Warning-Options.html#index-Wunused-variable-Wunused-variable]8;;[m[K]
[4.406s]   134 |         bool [01;35m[Kuse_sim_time[m[K = false;
[4.406s]       |              [01;35m[K^~~~~~~~~~~~[m[K
[15.626s] [ 28%] [32m[1mLinking CXX executable ur_driver[0m
[16.945s] [100%] Built target ur_driver
[16.959s] Invoked command in '/home/chri/CHRI_2025/Time_optimal_baseline/build/ur_ros2_driver' returned '0': CMAKE_PREFIX_PATH=${CMAKE_PREFIX_PATH}:/home/chri/CHRI_2025/Time_optimal_baseline/install/sim_utils:/home/chri/CHRI_2025/Time_optimal_baseline/install/pb_ur5_sim:/home/chri/CHRI_2025/Time_optimal_baseline/install/mppi_controller:/opt/ros/humble /usr/bin/cmake --build /home/chri/CHRI_2025/Time_optimal_baseline/build/ur_ros2_driver -- -j16 -l16
[16.962s] Invoking command in '/home/chri/CHRI_2025/Time_optimal_baseline/build/ur_ros2_driver': CMAKE_PREFIX_PATH=${CMAKE_PREFIX_PATH}:/home/chri/CHRI_2025/Time_optimal_baseline/install/sim_utils:/home/chri/CHRI_2025/Time_optimal_baseline/install/pb_ur5_sim:/home/chri/CHRI_2025/Time_optimal_baseline/install/mppi_controller:/opt/ros/humble /usr/bin/cmake --install /home/chri/CHRI_2025/Time_optimal_baseline/build/ur_ros2_driver
[16.973s] -- Install configuration: ""
[16.973s] -- Installing: /home/chri/CHRI_2025/Time_optimal_baseline/install/ur_ros2_driver/lib/ur_ros2_driver/ur_driver
[16.983s] -- Set runtime path of "/home/chri/CHRI_2025/Time_optimal_baseline/install/ur_ros2_driver/lib/ur_ros2_driver/ur_driver" to ""
[16.983s] -- Up-to-date: /home/chri/CHRI_2025/Time_optimal_baseline/install/ur_ros2_driver/share/ament_index/resource_index/package_run_dependencies/ur_ros2_driver
[16.983s] -- Up-to-date: /home/chri/CHRI_2025/Time_optimal_baseline/install/ur_ros2_driver/share/ament_index/resource_index/parent_prefix_path/ur_ros2_driver
[16.983s] -- Up-to-date: /home/chri/CHRI_2025/Time_optimal_baseline/install/ur_ros2_driver/share/ur_ros2_driver/environment/ament_prefix_path.sh
[16.983s] -- Up-to-date: /home/chri/CHRI_2025/Time_optimal_baseline/install/ur_ros2_driver/share/ur_ros2_driver/environment/ament_prefix_path.dsv
[16.984s] -- Up-to-date: /home/chri/CHRI_2025/Time_optimal_baseline/install/ur_ros2_driver/share/ur_ros2_driver/environment/path.sh
[16.984s] -- Up-to-date: /home/chri/CHRI_2025/Time_optimal_baseline/install/ur_ros2_driver/share/ur_ros2_driver/environment/path.dsv
[16.984s] -- Up-to-date: /home/chri/CHRI_2025/Time_optimal_baseline/install/ur_ros2_driver/share/ur_ros2_driver/local_setup.bash
[16.984s] -- Up-to-date: /home/chri/CHRI_2025/Time_optimal_baseline/install/ur_ros2_driver/share/ur_ros2_driver/local_setup.sh
[16.985s] -- Up-to-date: /home/chri/CHRI_2025/Time_optimal_baseline/install/ur_ros2_driver/share/ur_ros2_driver/local_setup.zsh
[16.985s] -- Up-to-date: /home/chri/CHRI_2025/Time_optimal_baseline/install/ur_ros2_driver/share/ur_ros2_driver/local_setup.dsv
[16.985s] -- Installing: /home/chri/CHRI_2025/Time_optimal_baseline/install/ur_ros2_driver/share/ur_ros2_driver/package.dsv
[16.985s] -- Up-to-date: /home/chri/CHRI_2025/Time_optimal_baseline/install/ur_ros2_driver/share/ament_index/resource_index/packages/ur_ros2_driver
[16.985s] -- Up-to-date: /home/chri/CHRI_2025/Time_optimal_baseline/install/ur_ros2_driver/share/ur_ros2_driver/cmake/ur_ros2_driverConfig.cmake
[16.986s] -- Up-to-date: /home/chri/CHRI_2025/Time_optimal_baseline/install/ur_ros2_driver/share/ur_ros2_driver/cmake/ur_ros2_driverConfig-version.cmake
[16.987s] -- Up-to-date: /home/chri/CHRI_2025/Time_optimal_baseline/install/ur_ros2_driver/share/ur_ros2_driver/package.xml
[16.987s] Invoked command in '/home/chri/CHRI_2025/Time_optimal_baseline/build/ur_ros2_driver' returned '0': CMAKE_PREFIX_PATH=${CMAKE_PREFIX_PATH}:/home/chri/CHRI_2025/Time_optimal_baseline/install/sim_utils:/home/chri/CHRI_2025/Time_optimal_baseline/install/pb_ur5_sim:/home/chri/CHRI_2025/Time_optimal_baseline/install/mppi_controller:/opt/ros/humble /usr/bin/cmake --install /home/chri/CHRI_2025/Time_optimal_baseline/build/ur_ros2_driver
