[  9%] [32mBuilding C object CMakeFiles/high_solver.dir/solver_high/UR5_model/UR5_expl_ode_fun.c.o[0m
[ 36%] [32mBuilding C object CMakeFiles/high_solver.dir/solver_high/UR5_constraints/UR5_constr_h_fun.c.o[0m
[ 36%] [32mBuilding C object CMakeFiles/high_solver.dir/solver_high/UR5_model/UR5_expl_vde_forw.c.o[0m
[ 18%] [32mBuilding CXX object CMakeFiles/high_solver.dir/src/high_solver.cpp.o[0m
[ 45%] [32mBuilding C object CMakeFiles/high_solver.dir/solver_high/UR5_model/UR5_expl_vde_adj.c.o[0m
[ 54%] [32mBuilding CXX object CMakeFiles/high_solver.dir/src/kinematics_functions.cpp.o[0m
[ 72%] [32mBuilding C object CMakeFiles/high_solver.dir/solver_high/acados_solver_UR5.c.o[0m
[ 81%] [32mBuilding C object CMakeFiles/high_solver.dir/solver_high/acados_sim_solver_UR5.c.o[0m
[ 81%] [32mBuilding C object CMakeFiles/high_solver.dir/solver_high/UR5_constraints/UR5_constr_h_fun_jac_uxt_zt.c.o[0m
[ 90%] [32mBuilding CXX object CMakeFiles/high_solver.dir/solver_high/acados_solver_holder.cpp.o[0m
[100%] [32m[1mLinking CXX executable high_solver[0m
[100%] Built target high_solver
-- Install configuration: ""
-- Installing: /home/chri/CHRI_2025/Time_optimal_baseline/install/mpc_high/lib/mpc_high/high_solver
-- Set runtime path of "/home/chri/CHRI_2025/Time_optimal_baseline/install/mpc_high/lib/mpc_high/high_solver" to ""
-- Up-to-date: /home/chri/CHRI_2025/Time_optimal_baseline/install/mpc_high/share/ament_index/resource_index/package_run_dependencies/mpc_high
-- Up-to-date: /home/chri/CHRI_2025/Time_optimal_baseline/install/mpc_high/share/ament_index/resource_index/parent_prefix_path/mpc_high
-- Up-to-date: /home/chri/CHRI_2025/Time_optimal_baseline/install/mpc_high/share/mpc_high/environment/ament_prefix_path.sh
-- Up-to-date: /home/chri/CHRI_2025/Time_optimal_baseline/install/mpc_high/share/mpc_high/environment/ament_prefix_path.dsv
-- Up-to-date: /home/chri/CHRI_2025/Time_optimal_baseline/install/mpc_high/share/mpc_high/environment/path.sh
-- Up-to-date: /home/chri/CHRI_2025/Time_optimal_baseline/install/mpc_high/share/mpc_high/environment/path.dsv
-- Up-to-date: /home/chri/CHRI_2025/Time_optimal_baseline/install/mpc_high/share/mpc_high/local_setup.bash
-- Up-to-date: /home/chri/CHRI_2025/Time_optimal_baseline/install/mpc_high/share/mpc_high/local_setup.sh
-- Up-to-date: /home/chri/CHRI_2025/Time_optimal_baseline/install/mpc_high/share/mpc_high/local_setup.zsh
-- Up-to-date: /home/chri/CHRI_2025/Time_optimal_baseline/install/mpc_high/share/mpc_high/local_setup.dsv
-- Installing: /home/chri/CHRI_2025/Time_optimal_baseline/install/mpc_high/share/mpc_high/package.dsv
-- Up-to-date: /home/chri/CHRI_2025/Time_optimal_baseline/install/mpc_high/share/ament_index/resource_index/packages/mpc_high
-- Up-to-date: /home/chri/CHRI_2025/Time_optimal_baseline/install/mpc_high/share/mpc_high/cmake/mpc_highConfig.cmake
-- Up-to-date: /home/chri/CHRI_2025/Time_optimal_baseline/install/mpc_high/share/mpc_high/cmake/mpc_highConfig-version.cmake
-- Up-to-date: /home/chri/CHRI_2025/Time_optimal_baseline/install/mpc_high/share/mpc_high/package.xml
