[35m[1mConsolidate compiler generated dependencies of target high_solver[0m
[  4%] [32mBuilding CXX object CMakeFiles/high_solver.dir/src/high_solver.cpp.o[0m
[  9%] [32m[1mLinking CXX executable high_solver[0m
[100%] Built target high_solver
-- Install configuration: ""
-- Installing: /home/chri/CHRI_2025/Time_optimal_baseline/install/mpc_to/lib/mpc_to/high_solver
-- Set runtime path of "/home/chri/CHRI_2025/Time_optimal_baseline/install/mpc_to/lib/mpc_to/high_solver" to ""
-- Installing: /home/chri/CHRI_2025/Time_optimal_baseline/install/mpc_to/share/ament_index/resource_index/package_run_dependencies/mpc_to
-- Installing: /home/chri/CHRI_2025/Time_optimal_baseline/install/mpc_to/share/ament_index/resource_index/parent_prefix_path/mpc_to
-- Installing: /home/chri/CHRI_2025/Time_optimal_baseline/install/mpc_to/share/mpc_to/environment/ament_prefix_path.sh
-- Installing: /home/chri/CHRI_2025/Time_optimal_baseline/install/mpc_to/share/mpc_to/environment/ament_prefix_path.dsv
-- Installing: /home/chri/CHRI_2025/Time_optimal_baseline/install/mpc_to/share/mpc_to/environment/path.sh
-- Installing: /home/chri/CHRI_2025/Time_optimal_baseline/install/mpc_to/share/mpc_to/environment/path.dsv
-- Installing: /home/chri/CHRI_2025/Time_optimal_baseline/install/mpc_to/share/mpc_to/local_setup.bash
-- Installing: /home/chri/CHRI_2025/Time_optimal_baseline/install/mpc_to/share/mpc_to/local_setup.sh
-- Installing: /home/chri/CHRI_2025/Time_optimal_baseline/install/mpc_to/share/mpc_to/local_setup.zsh
-- Installing: /home/chri/CHRI_2025/Time_optimal_baseline/install/mpc_to/share/mpc_to/local_setup.dsv
-- Installing: /home/chri/CHRI_2025/Time_optimal_baseline/install/mpc_to/share/mpc_to/package.dsv
-- Installing: /home/chri/CHRI_2025/Time_optimal_baseline/install/mpc_to/share/ament_index/resource_index/packages/mpc_to
-- Installing: /home/chri/CHRI_2025/Time_optimal_baseline/install/mpc_to/share/mpc_to/cmake/mpc_toConfig.cmake
-- Installing: /home/chri/CHRI_2025/Time_optimal_baseline/install/mpc_to/share/mpc_to/cmake/mpc_toConfig-version.cmake
-- Installing: /home/chri/CHRI_2025/Time_optimal_baseline/install/mpc_to/share/mpc_to/package.xml
