[0.032s] Invoking command in '/home/chri/CHRI_2025/Time_optimal_baseline/build/mpc_to': CMAKE_PREFIX_PATH=${CMAKE_PREFIX_PATH}:/home/chri/CHRI_2025/Time_optimal_baseline/install/sim_utils:/home/chri/CHRI_2025/Time_optimal_baseline/install/pb_ur5_sim:/home/chri/CHRI_2025/Time_optimal_baseline/install/mppi_controller:/opt/ros/humble /usr/bin/cmake --build /home/chri/CHRI_2025/Time_optimal_baseline/build/mpc_to -- -j16 -l16
[0.104s] [35m[1mConsolidate compiler generated dependencies of target high_solver[0m
[0.145s] [  5%] [32mBuilding CXX object CMakeFiles/high_solver.dir/src/high_solver.cpp.o[0m
[4.354s] In file included from [01m[K/opt/ros/humble/include/rclcpp/rclcpp/logging.hpp:24[m[K,
[4.354s]                  from [01m[K/opt/ros/humble/include/rclcpp/rclcpp/client.hpp:40[m[K,
[4.354s]                  from [01m[K/opt/ros/humble/include/rclcpp/rclcpp/callback_group.hpp:24[m[K,
[4.355s]                  from [01m[K/opt/ros/humble/include/rclcpp/rclcpp/any_executable.hpp:20[m[K,
[4.355s]                  from [01m[K/opt/ros/humble/include/rclcpp/rclcpp/memory_strategy.hpp:25[m[K,
[4.355s]                  from [01m[K/opt/ros/humble/include/rclcpp/rclcpp/memory_strategies.hpp:18[m[K,
[4.355s]                  from [01m[K/opt/ros/humble/include/rclcpp/rclcpp/executor_options.hpp:20[m[K,
[4.355s]                  from [01m[K/opt/ros/humble/include/rclcpp/rclcpp/executor.hpp:37[m[K,
[4.355s]                  from [01m[K/opt/ros/humble/include/rclcpp/rclcpp/executors/multi_threaded_executor.hpp:25[m[K,
[4.355s]                  from [01m[K/opt/ros/humble/include/rclcpp/rclcpp/executors.hpp:21[m[K,
[4.356s]                  from [01m[K/opt/ros/humble/include/rclcpp/rclcpp/rclcpp.hpp:155[m[K,
[4.356s]                  from [01m[K/home/chri/CHRI_2025/Time_optimal_baseline/src/mpc_to/src/high_solver.cpp:6[m[K:
[4.356s] [01m[K/home/chri/CHRI_2025/Time_optimal_baseline/src/mpc_to/src/high_solver.cpp:[m[K In member function ‘[01m[Kvoid RobotCommandPublisher::timer_callback()[m[K’:
[4.356s] [01m[K/home/chri/CHRI_2025/Time_optimal_baseline/src/mpc_to/src/high_solver.cpp:324:38:[m[K [01;31m[Kerror: [m[K‘[01m[Kj_error[m[K’ was not declared in this scope; did you mean ‘[01m[Kperror[m[K’?
[4.356s]   324 |                 results[13], [01;31m[Kj_error[m[K, results[2]);
[4.356s]       |                              [01;31m[K^~~~~~~[m[K
[4.357s] 
[9.131s] gmake[2]: *** [CMakeFiles/high_solver.dir/build.make:76: CMakeFiles/high_solver.dir/src/high_solver.cpp.o] Error 1
[9.132s] gmake[1]: *** [CMakeFiles/Makefile2:137: CMakeFiles/high_solver.dir/all] Error 2
[9.133s] gmake: *** [Makefile:146: all] Error 2
[9.136s] Invoked command in '/home/chri/CHRI_2025/Time_optimal_baseline/build/mpc_to' returned '2': CMAKE_PREFIX_PATH=${CMAKE_PREFIX_PATH}:/home/chri/CHRI_2025/Time_optimal_baseline/install/sim_utils:/home/chri/CHRI_2025/Time_optimal_baseline/install/pb_ur5_sim:/home/chri/CHRI_2025/Time_optimal_baseline/install/mppi_controller:/opt/ros/humble /usr/bin/cmake --build /home/chri/CHRI_2025/Time_optimal_baseline/build/mpc_to -- -j16 -l16
