[0.089s] Invoking command in '/home/chri/CHRI_2025/Time_optimal_baseline/build/mpc_low': CMAKE_PREFIX_PATH=${CMAKE_PREFIX_PATH}:/home/chri/CHRI_2025/Time_optimal_baseline/install/sim_utils:/home/chri/CHRI_2025/Time_optimal_baseline/install/pb_ur5_sim:/home/chri/CHRI_2025/Time_optimal_baseline/install/mppi_controller:/opt/ros/humble /usr/bin/cmake --build /home/chri/CHRI_2025/Time_optimal_baseline/build/mpc_low -- -j16 -l16
[1.211s] [35m[1mConsolidate compiler generated dependencies of target low_solver[0m
[1.212s] [100%] Built target low_solver
[1.218s] Invoked command in '/home/chri/CHRI_2025/Time_optimal_baseline/build/mpc_low' returned '0': CMAKE_PREFIX_PATH=${CMAKE_PREFIX_PATH}:/home/chri/CHRI_2025/Time_optimal_baseline/install/sim_utils:/home/chri/CHRI_2025/Time_optimal_baseline/install/pb_ur5_sim:/home/chri/CHRI_2025/Time_optimal_baseline/install/mppi_controller:/opt/ros/humble /usr/bin/cmake --build /home/chri/CHRI_2025/Time_optimal_baseline/build/mpc_low -- -j16 -l16
[1.230s] Invoking command in '/home/chri/CHRI_2025/Time_optimal_baseline/build/mpc_low': CMAKE_PREFIX_PATH=${CMAKE_PREFIX_PATH}:/home/chri/CHRI_2025/Time_optimal_baseline/install/sim_utils:/home/chri/CHRI_2025/Time_optimal_baseline/install/pb_ur5_sim:/home/chri/CHRI_2025/Time_optimal_baseline/install/mppi_controller:/opt/ros/humble /usr/bin/cmake --install /home/chri/CHRI_2025/Time_optimal_baseline/build/mpc_low
[1.252s] -- Install configuration: ""
[1.252s] -- Up-to-date: /home/chri/CHRI_2025/Time_optimal_baseline/install/mpc_low/lib/mpc_low/low_solver
[1.252s] -- Up-to-date: /home/chri/CHRI_2025/Time_optimal_baseline/install/mpc_low/share/ament_index/resource_index/package_run_dependencies/mpc_low
[1.252s] -- Up-to-date: /home/chri/CHRI_2025/Time_optimal_baseline/install/mpc_low/share/ament_index/resource_index/parent_prefix_path/mpc_low
[1.253s] -- Up-to-date: /home/chri/CHRI_2025/Time_optimal_baseline/install/mpc_low/share/mpc_low/environment/ament_prefix_path.sh
[1.253s] -- Up-to-date: /home/chri/CHRI_2025/Time_optimal_baseline/install/mpc_low/share/mpc_low/environment/ament_prefix_path.dsv
[1.253s] -- Up-to-date: /home/chri/CHRI_2025/Time_optimal_baseline/install/mpc_low/share/mpc_low/environment/path.sh
[1.254s] -- Up-to-date: /home/chri/CHRI_2025/Time_optimal_baseline/install/mpc_low/share/mpc_low/environment/path.dsv
[1.254s] -- Up-to-date: /home/chri/CHRI_2025/Time_optimal_baseline/install/mpc_low/share/mpc_low/local_setup.bash
[1.255s] -- Up-to-date: /home/chri/CHRI_2025/Time_optimal_baseline/install/mpc_low/share/mpc_low/local_setup.sh
[1.255s] -- Up-to-date: /home/chri/CHRI_2025/Time_optimal_baseline/install/mpc_low/share/mpc_low/local_setup.zsh
[1.255s] -- Up-to-date: /home/chri/CHRI_2025/Time_optimal_baseline/install/mpc_low/share/mpc_low/local_setup.dsv
[1.255s] -- Installing: /home/chri/CHRI_2025/Time_optimal_baseline/install/mpc_low/share/mpc_low/package.dsv
[1.255s] -- Up-to-date: /home/chri/CHRI_2025/Time_optimal_baseline/install/mpc_low/share/ament_index/resource_index/packages/mpc_low
[1.256s] -- Up-to-date: /home/chri/CHRI_2025/Time_optimal_baseline/install/mpc_low/share/mpc_low/cmake/mpc_lowConfig.cmake
[1.256s] -- Up-to-date: /home/chri/CHRI_2025/Time_optimal_baseline/install/mpc_low/share/mpc_low/cmake/mpc_lowConfig-version.cmake
[1.256s] -- Up-to-date: /home/chri/CHRI_2025/Time_optimal_baseline/install/mpc_low/share/mpc_low/package.xml
[1.266s] Invoked command in '/home/chri/CHRI_2025/Time_optimal_baseline/build/mpc_low' returned '0': CMAKE_PREFIX_PATH=${CMAKE_PREFIX_PATH}:/home/chri/CHRI_2025/Time_optimal_baseline/install/sim_utils:/home/chri/CHRI_2025/Time_optimal_baseline/install/pb_ur5_sim:/home/chri/CHRI_2025/Time_optimal_baseline/install/mppi_controller:/opt/ros/humble /usr/bin/cmake --install /home/chri/CHRI_2025/Time_optimal_baseline/build/mpc_low
