/home/chri/.local/lib/python3.10/site-packages/setuptools/_distutils/dist.py:289: UserWarning: Unknown distribution option: 'tests_require'
  warnings.warn(msg)
running egg_info
writing ../../build/sim_utils/sim_utils.egg-info/PKG-INFO
writing dependency_links to ../../build/sim_utils/sim_utils.egg-info/dependency_links.txt
writing entry points to ../../build/sim_utils/sim_utils.egg-info/entry_points.txt
writing requirements to ../../build/sim_utils/sim_utils.egg-info/requires.txt
writing top-level names to ../../build/sim_utils/sim_utils.egg-info/top_level.txt
reading manifest file '../../build/sim_utils/sim_utils.egg-info/SOURCES.txt'
writing manifest file '../../build/sim_utils/sim_utils.egg-info/SOURCES.txt'
running build
running build_py
copying sim_utils/human_motion_player.py -> /home/chri/CHRI_2025/Time_optimal_baseline/build/sim_utils/build/lib/sim_utils
running install
running install_lib
running install_data
running install_egg_info
removing '/home/chri/CHRI_2025/Time_optimal_baseline/install/sim_utils/lib/python3.10/site-packages/sim_utils-0.0.0-py3.10.egg-info' (and everything under it)
Copying ../../build/sim_utils/sim_utils.egg-info to /home/chri/CHRI_2025/Time_optimal_baseline/install/sim_utils/lib/python3.10/site-packages/sim_utils-0.0.0-py3.10.egg-info
running install_scripts
Installing human_motion_player script to /home/chri/CHRI_2025/Time_optimal_baseline/install/sim_utils/lib/sim_utils
writing list of installed files to '/home/chri/CHRI_2025/Time_optimal_baseline/build/sim_utils/install.log'
