[0.027s] Invoking command in '/home/chri/CHRI_2025/Time_optimal_baseline/build/mpc_to': CMAKE_PREFIX_PATH=/opt/ros/humble /usr/bin/cmake --build /home/chri/CHRI_2025/Time_optimal_baseline/build/mpc_to -- -j16 -l16
[0.120s] Consolidate compiler generated dependencies of target high_solver
[0.148s] [  5%] Building CXX object CMakeFiles/high_solver.dir/src/high_solver.cpp.o
[4.527s] In file included from /opt/ros/humble/include/rclcpp/rclcpp/logging.hpp:24,
[4.528s]                  from /opt/ros/humble/include/rclcpp/rclcpp/client.hpp:40,
[4.528s]                  from /opt/ros/humble/include/rclcpp/rclcpp/callback_group.hpp:24,
[4.528s]                  from /opt/ros/humble/include/rclcpp/rclcpp/any_executable.hpp:20,
[4.528s]                  from /opt/ros/humble/include/rclcpp/rclcpp/memory_strategy.hpp:25,
[4.528s]                  from /opt/ros/humble/include/rclcpp/rclcpp/memory_strategies.hpp:18,
[4.529s]                  from /opt/ros/humble/include/rclcpp/rclcpp/executor_options.hpp:20,
[4.529s]                  from /opt/ros/humble/include/rclcpp/rclcpp/executor.hpp:37,
[4.529s]                  from /opt/ros/humble/include/rclcpp/rclcpp/executors/multi_threaded_executor.hpp:25,
[4.530s]                  from /opt/ros/humble/include/rclcpp/rclcpp/executors.hpp:21,
[4.530s]                  from /opt/ros/humble/include/rclcpp/rclcpp/rclcpp.hpp:155,
[4.531s]                  from /home/chri/CHRI_2025/Time_optimal_baseline/src/mpc_to/src/high_solver.cpp:6:
[4.531s] /home/chri/CHRI_2025/Time_optimal_baseline/src/mpc_to/src/high_solver.cpp: In member function ‘void RobotCommandPublisher::timer_callback()’:
[4.531s] /home/chri/CHRI_2025/Time_optimal_baseline/src/mpc_to/src/high_solver.cpp:336:45: warning: format ‘%e’ expects a matching ‘double’ argument [-Wformat=]
[4.532s]   336 |             RCLCPP_INFO(this->get_logger(), "calc time [%.2f ms], j_error [%.4f], ocp_cost [%.6f], kkt [%.3e]",
[4.532s]       |                                             ^~~~~~~~~~~~~~~~~~~~~~~~~~~~~~~~~~~~~~~~~~~~~~~~~~~~~~~~~~~~~~~~~~
[4.533s] /home/chri/CHRI_2025/Time_optimal_baseline/src/mpc_to/src/high_solver.cpp:336:108: note: format string is defined here
[4.533s]   336 |             RCLCPP_INFO(this->get_logger(), "calc time [%.2f ms], j_error [%.4f], ocp_cost [%.6f], kkt [%.3e]",
[4.533s]       |                                                                                                         ~~~^
[4.534s]       |                                                                                                            |
[4.534s]       |                                                                                                            double
[17.972s] [ 10%] Linking CXX executable high_solver
[19.389s] [100%] Built target high_solver
[19.407s] Invoked command in '/home/chri/CHRI_2025/Time_optimal_baseline/build/mpc_to' returned '0': CMAKE_PREFIX_PATH=/opt/ros/humble /usr/bin/cmake --build /home/chri/CHRI_2025/Time_optimal_baseline/build/mpc_to -- -j16 -l16
[19.423s] Invoking command in '/home/chri/CHRI_2025/Time_optimal_baseline/build/mpc_to': CMAKE_PREFIX_PATH=/opt/ros/humble /usr/bin/cmake --install /home/chri/CHRI_2025/Time_optimal_baseline/build/mpc_to
[19.434s] -- Install configuration: ""
[19.434s] -- Execute custom install script
[19.435s] -- Up-to-date symlink: /home/chri/CHRI_2025/Time_optimal_baseline/install/mpc_to/lib/mpc_to/high_solver
[19.436s] -- Up-to-date symlink: /home/chri/CHRI_2025/Time_optimal_baseline/install/mpc_to/share/ament_index/resource_index/package_run_dependencies/mpc_to
[19.437s] -- Up-to-date symlink: /home/chri/CHRI_2025/Time_optimal_baseline/install/mpc_to/share/ament_index/resource_index/parent_prefix_path/mpc_to
[19.437s] -- Up-to-date symlink: /home/chri/CHRI_2025/Time_optimal_baseline/install/mpc_to/share/mpc_to/environment/ament_prefix_path.sh
[19.438s] -- Up-to-date symlink: /home/chri/CHRI_2025/Time_optimal_baseline/install/mpc_to/share/mpc_to/environment/ament_prefix_path.dsv
[19.439s] -- Up-to-date symlink: /home/chri/CHRI_2025/Time_optimal_baseline/install/mpc_to/share/mpc_to/environment/path.sh
[19.439s] -- Up-to-date symlink: /home/chri/CHRI_2025/Time_optimal_baseline/install/mpc_to/share/mpc_to/environment/path.dsv
[19.440s] -- Up-to-date symlink: /home/chri/CHRI_2025/Time_optimal_baseline/install/mpc_to/share/mpc_to/local_setup.bash
[19.440s] -- Up-to-date symlink: /home/chri/CHRI_2025/Time_optimal_baseline/install/mpc_to/share/mpc_to/local_setup.sh
[19.440s] -- Up-to-date symlink: /home/chri/CHRI_2025/Time_optimal_baseline/install/mpc_to/share/mpc_to/local_setup.zsh
[19.441s] -- Up-to-date symlink: /home/chri/CHRI_2025/Time_optimal_baseline/install/mpc_to/share/mpc_to/local_setup.dsv
[19.441s] -- Symlinking: /home/chri/CHRI_2025/Time_optimal_baseline/install/mpc_to/share/mpc_to/package.dsv
[19.453s] -- Up-to-date symlink: /home/chri/CHRI_2025/Time_optimal_baseline/install/mpc_to/share/ament_index/resource_index/packages/mpc_to
[19.453s] -- Up-to-date symlink: /home/chri/CHRI_2025/Time_optimal_baseline/install/mpc_to/share/mpc_to/cmake/mpc_toConfig.cmake
[19.453s] -- Up-to-date symlink: /home/chri/CHRI_2025/Time_optimal_baseline/install/mpc_to/share/mpc_to/cmake/mpc_toConfig-version.cmake
[19.454s] -- Up-to-date symlink: /home/chri/CHRI_2025/Time_optimal_baseline/install/mpc_to/share/mpc_to/package.xml
[19.456s] Invoked command in '/home/chri/CHRI_2025/Time_optimal_baseline/build/mpc_to' returned '0': CMAKE_PREFIX_PATH=/opt/ros/humble /usr/bin/cmake --install /home/chri/CHRI_2025/Time_optimal_baseline/build/mpc_to
