[7.586s] Invoking command in '/home/chri/CHRI_2025/Time_optimal_baseline/src/sim_utils': PYTHONPATH=/home/chri/CHRI_2025/Time_optimal_baseline/build/sim_utils/prefix_override:/usr/lib/python3/dist-packages/colcon_core/task/python/colcon_distutils_commands:/home/chri/CHRI_2025/Time_optimal_baseline/install/sim_utils/lib/python3.10/site-packages:${PYTHONPATH} /usr/bin/python3 -W ignore:setup.py install is deprecated -W ignore:easy_install command is deprecated setup.py egg_info --egg-base ../../build/sim_utils build --build-base /home/chri/CHRI_2025/Time_optimal_baseline/build/sim_utils/build install --record /home/chri/CHRI_2025/Time_optimal_baseline/build/sim_utils/install.log --single-version-externally-managed install_data
[7.822s] /home/chri/.local/lib/python3.10/site-packages/setuptools/_distutils/dist.py:289: UserWarning: Unknown distribution option: 'tests_require'
[7.822s]   warnings.warn(msg)
[8.016s] running egg_info
[8.046s] writing ../../build/sim_utils/sim_utils.egg-info/PKG-INFO
[8.060s] writing dependency_links to ../../build/sim_utils/sim_utils.egg-info/dependency_links.txt
[8.060s] writing entry points to ../../build/sim_utils/sim_utils.egg-info/entry_points.txt
[8.061s] writing requirements to ../../build/sim_utils/sim_utils.egg-info/requires.txt
[8.061s] writing top-level names to ../../build/sim_utils/sim_utils.egg-info/top_level.txt
[8.124s] reading manifest file '../../build/sim_utils/sim_utils.egg-info/SOURCES.txt'
[8.139s] writing manifest file '../../build/sim_utils/sim_utils.egg-info/SOURCES.txt'
[8.139s] running build
[8.139s] running build_py
[8.140s] copying sim_utils/human_motion_player.py -> /home/chri/CHRI_2025/Time_optimal_baseline/build/sim_utils/build/lib/sim_utils
[8.164s] running install
[8.169s] running install_lib
[8.257s] running install_data
[8.258s] running install_egg_info
[8.287s] removing '/home/chri/CHRI_2025/Time_optimal_baseline/install/sim_utils/lib/python3.10/site-packages/sim_utils-0.0.0-py3.10.egg-info' (and everything under it)
[8.310s] Copying ../../build/sim_utils/sim_utils.egg-info to /home/chri/CHRI_2025/Time_optimal_baseline/install/sim_utils/lib/python3.10/site-packages/sim_utils-0.0.0-py3.10.egg-info
[8.342s] running install_scripts
[8.583s] Installing human_motion_player script to /home/chri/CHRI_2025/Time_optimal_baseline/install/sim_utils/lib/sim_utils
[8.583s] writing list of installed files to '/home/chri/CHRI_2025/Time_optimal_baseline/build/sim_utils/install.log'
[8.724s] Invoked command in '/home/chri/CHRI_2025/Time_optimal_baseline/src/sim_utils' returned '0': PYTHONPATH=/home/chri/CHRI_2025/Time_optimal_baseline/build/sim_utils/prefix_override:/usr/lib/python3/dist-packages/colcon_core/task/python/colcon_distutils_commands:/home/chri/CHRI_2025/Time_optimal_baseline/install/sim_utils/lib/python3.10/site-packages:${PYTHONPATH} /usr/bin/python3 -W ignore:setup.py install is deprecated -W ignore:easy_install command is deprecated setup.py egg_info --egg-base ../../build/sim_utils build --build-base /home/chri/CHRI_2025/Time_optimal_baseline/build/sim_utils/build install --record /home/chri/CHRI_2025/Time_optimal_baseline/build/sim_utils/install.log --single-version-externally-managed install_data
