[0.373s] DEBUG:colcon:Command line arguments: ['/usr/bin/colcon', 'build']
[0.373s] DEBUG:colcon:Parsed command line arguments: Namespace(log_base=None, log_level=None, verb_name='build', build_base='build', install_base='install', merge_install=False, symlink_install=False, test_result_base=None, continue_on_error=False, executor='parallel', parallel_workers=16, event_handlers=None, ignore_user_meta=False, metas=['./colcon.meta'], base_paths=['.'], packages_ignore=None, packages_ignore_regex=None, paths=None, packages_up_to=None, packages_up_to_regex=None, packages_above=None, packages_above_and_dependencies=None, packages_above_depth=None, packages_select_by_dep=None, packages_skip_by_dep=None, packages_skip_up_to=None, packages_select_build_failed=False, packages_skip_build_finished=False, packages_select_test_failures=False, packages_skip_test_passed=False, packages_select=None, packages_skip=None, packages_select_regex=None, packages_skip_regex=None, packages_start=None, packages_end=None, allow_overriding=[], cmake_args=None, cmake_target=None, cmake_target_skip_unavailable=False, cmake_clean_cache=False, cmake_clean_first=False, cmake_force_configure=False, ament_cmake_args=None, catkin_cmake_args=None, catkin_skip_building_tests=False, mixin_files=None, mixin=None, verb_parser=<colcon_mixin.mixin.mixin_argument.MixinArgumentDecorator object at 0x7d350d845f30>, verb_extension=<colcon_core.verb.build.BuildVerb object at 0x7d350d845a20>, main=<bound method BuildVerb.main of <colcon_core.verb.build.BuildVerb object at 0x7d350d845a20>>, mixin_verb=('build',))
[0.920s] Level 1:colcon.colcon_core.package_discovery:discover_packages(colcon_meta) check parameters
[0.920s] Level 1:colcon.colcon_core.package_discovery:discover_packages(recursive) check parameters
[0.920s] Level 1:colcon.colcon_core.package_discovery:discover_packages(ignore) check parameters
[0.920s] Level 1:colcon.colcon_core.package_discovery:discover_packages(path) check parameters
[0.921s] Level 1:colcon.colcon_core.package_discovery:discover_packages(colcon_meta) discover
[0.921s] Level 1:colcon.colcon_core.package_discovery:discover_packages(recursive) discover
[0.921s] INFO:colcon.colcon_core.package_discovery:Crawling recursively for packages in '/home/chri/CHRI_2025/Time_optimal_baseline'
[0.921s] Level 1:colcon.colcon_core.package_identification:_identify(.) by extensions ['ignore', 'ignore_ament_install']
[0.922s] Level 1:colcon.colcon_core.package_identification:_identify(.) by extension 'ignore'
[0.922s] Level 1:colcon.colcon_core.package_identification:_identify(.) by extension 'ignore_ament_install'
[0.922s] Level 1:colcon.colcon_core.package_identification:_identify(.) by extensions ['colcon_pkg']
[0.922s] Level 1:colcon.colcon_core.package_identification:_identify(.) by extension 'colcon_pkg'
[0.922s] Level 1:colcon.colcon_core.package_identification:_identify(.) by extensions ['colcon_meta']
[0.922s] Level 1:colcon.colcon_core.package_identification:_identify(.) by extension 'colcon_meta'
[0.922s] Level 1:colcon.colcon_core.package_identification:_identify(.) by extensions ['ros']
[0.922s] Level 1:colcon.colcon_core.package_identification:_identify(.) by extension 'ros'
[0.978s] Level 1:colcon.colcon_core.package_identification:_identify(.) by extensions ['cmake', 'python']
[0.978s] Level 1:colcon.colcon_core.package_identification:_identify(.) by extension 'cmake'
[0.978s] Level 1:colcon.colcon_core.package_identification:_identify(.) by extension 'python'
[0.978s] Level 1:colcon.colcon_core.package_identification:_identify(.) by extensions ['python_setup_py']
[0.978s] Level 1:colcon.colcon_core.package_identification:_identify(.) by extension 'python_setup_py'
[0.979s] Level 1:colcon.colcon_core.package_identification:_identify(build) by extensions ['ignore', 'ignore_ament_install']
[0.979s] Level 1:colcon.colcon_core.package_identification:_identify(build) by extension 'ignore'
[0.979s] Level 1:colcon.colcon_core.package_identification:_identify(build) ignored
[0.979s] Level 1:colcon.colcon_core.package_identification:_identify(install) by extensions ['ignore', 'ignore_ament_install']
[0.979s] Level 1:colcon.colcon_core.package_identification:_identify(install) by extension 'ignore'
[0.979s] Level 1:colcon.colcon_core.package_identification:_identify(install) ignored
[0.980s] Level 1:colcon.colcon_core.package_identification:_identify(log) by extensions ['ignore', 'ignore_ament_install']
[0.981s] Level 1:colcon.colcon_core.package_identification:_identify(log) by extension 'ignore'
[0.981s] Level 1:colcon.colcon_core.package_identification:_identify(log) ignored
[0.981s] Level 1:colcon.colcon_core.package_identification:_identify(solvers) by extensions ['ignore', 'ignore_ament_install']
[0.981s] Level 1:colcon.colcon_core.package_identification:_identify(solvers) by extension 'ignore'
[0.981s] Level 1:colcon.colcon_core.package_identification:_identify(solvers) by extension 'ignore_ament_install'
[0.981s] Level 1:colcon.colcon_core.package_identification:_identify(solvers) by extensions ['colcon_pkg']
[0.982s] Level 1:colcon.colcon_core.package_identification:_identify(solvers) by extension 'colcon_pkg'
[0.982s] Level 1:colcon.colcon_core.package_identification:_identify(solvers) by extensions ['colcon_meta']
[0.982s] Level 1:colcon.colcon_core.package_identification:_identify(solvers) by extension 'colcon_meta'
[0.982s] Level 1:colcon.colcon_core.package_identification:_identify(solvers) by extensions ['ros']
[0.982s] Level 1:colcon.colcon_core.package_identification:_identify(solvers) by extension 'ros'
[0.982s] Level 1:colcon.colcon_core.package_identification:_identify(solvers) by extensions ['cmake', 'python']
[0.982s] Level 1:colcon.colcon_core.package_identification:_identify(solvers) by extension 'cmake'
[0.982s] Level 1:colcon.colcon_core.package_identification:_identify(solvers) by extension 'python'
[0.982s] Level 1:colcon.colcon_core.package_identification:_identify(solvers) by extensions ['python_setup_py']
[0.982s] Level 1:colcon.colcon_core.package_identification:_identify(solvers) by extension 'python_setup_py'
[0.983s] Level 1:colcon.colcon_core.package_identification:_identify(solvers/c_generated_code_low) by extensions ['ignore', 'ignore_ament_install']
[0.983s] Level 1:colcon.colcon_core.package_identification:_identify(solvers/c_generated_code_low) by extension 'ignore'
[0.983s] Level 1:colcon.colcon_core.package_identification:_identify(solvers/c_generated_code_low) by extension 'ignore_ament_install'
[0.983s] Level 1:colcon.colcon_core.package_identification:_identify(solvers/c_generated_code_low) by extensions ['colcon_pkg']
[0.983s] Level 1:colcon.colcon_core.package_identification:_identify(solvers/c_generated_code_low) by extension 'colcon_pkg'
[0.983s] Level 1:colcon.colcon_core.package_identification:_identify(solvers/c_generated_code_low) by extensions ['colcon_meta']
[0.983s] Level 1:colcon.colcon_core.package_identification:_identify(solvers/c_generated_code_low) by extension 'colcon_meta'
[0.983s] Level 1:colcon.colcon_core.package_identification:_identify(solvers/c_generated_code_low) by extensions ['ros']
[0.983s] Level 1:colcon.colcon_core.package_identification:_identify(solvers/c_generated_code_low) by extension 'ros'
[0.984s] Level 1:colcon.colcon_core.package_identification:_identify(solvers/c_generated_code_low) by extensions ['cmake', 'python']
[0.984s] Level 1:colcon.colcon_core.package_identification:_identify(solvers/c_generated_code_low) by extension 'cmake'
[0.984s] Level 1:colcon.colcon_core.package_identification:_identify(solvers/c_generated_code_low) by extension 'python'
[0.984s] Level 1:colcon.colcon_core.package_identification:_identify(solvers/c_generated_code_low) by extensions ['python_setup_py']
[0.984s] Level 1:colcon.colcon_core.package_identification:_identify(solvers/c_generated_code_low) by extension 'python_setup_py'
[0.984s] Level 1:colcon.colcon_core.package_identification:_identify(solvers/c_generated_code_low/UR5_constraints) by extensions ['ignore', 'ignore_ament_install']
[0.984s] Level 1:colcon.colcon_core.package_identification:_identify(solvers/c_generated_code_low/UR5_constraints) by extension 'ignore'
[0.984s] Level 1:colcon.colcon_core.package_identification:_identify(solvers/c_generated_code_low/UR5_constraints) by extension 'ignore_ament_install'
[0.985s] Level 1:colcon.colcon_core.package_identification:_identify(solvers/c_generated_code_low/UR5_constraints) by extensions ['colcon_pkg']
[0.985s] Level 1:colcon.colcon_core.package_identification:_identify(solvers/c_generated_code_low/UR5_constraints) by extension 'colcon_pkg'
[0.985s] Level 1:colcon.colcon_core.package_identification:_identify(solvers/c_generated_code_low/UR5_constraints) by extensions ['colcon_meta']
[0.985s] Level 1:colcon.colcon_core.package_identification:_identify(solvers/c_generated_code_low/UR5_constraints) by extension 'colcon_meta'
[0.985s] Level 1:colcon.colcon_core.package_identification:_identify(solvers/c_generated_code_low/UR5_constraints) by extensions ['ros']
[0.985s] Level 1:colcon.colcon_core.package_identification:_identify(solvers/c_generated_code_low/UR5_constraints) by extension 'ros'
[0.985s] Level 1:colcon.colcon_core.package_identification:_identify(solvers/c_generated_code_low/UR5_constraints) by extensions ['cmake', 'python']
[0.985s] Level 1:colcon.colcon_core.package_identification:_identify(solvers/c_generated_code_low/UR5_constraints) by extension 'cmake'
[0.985s] Level 1:colcon.colcon_core.package_identification:_identify(solvers/c_generated_code_low/UR5_constraints) by extension 'python'
[0.985s] Level 1:colcon.colcon_core.package_identification:_identify(solvers/c_generated_code_low/UR5_constraints) by extensions ['python_setup_py']
[0.985s] Level 1:colcon.colcon_core.package_identification:_identify(solvers/c_generated_code_low/UR5_constraints) by extension 'python_setup_py'
[0.986s] Level 1:colcon.colcon_core.package_identification:_identify(solvers/c_generated_code_low/UR5_model) by extensions ['ignore', 'ignore_ament_install']
[0.986s] Level 1:colcon.colcon_core.package_identification:_identify(solvers/c_generated_code_low/UR5_model) by extension 'ignore'
[0.986s] Level 1:colcon.colcon_core.package_identification:_identify(solvers/c_generated_code_low/UR5_model) by extension 'ignore_ament_install'
[0.986s] Level 1:colcon.colcon_core.package_identification:_identify(solvers/c_generated_code_low/UR5_model) by extensions ['colcon_pkg']
[0.986s] Level 1:colcon.colcon_core.package_identification:_identify(solvers/c_generated_code_low/UR5_model) by extension 'colcon_pkg'
[0.986s] Level 1:colcon.colcon_core.package_identification:_identify(solvers/c_generated_code_low/UR5_model) by extensions ['colcon_meta']
[0.986s] Level 1:colcon.colcon_core.package_identification:_identify(solvers/c_generated_code_low/UR5_model) by extension 'colcon_meta'
[0.986s] Level 1:colcon.colcon_core.package_identification:_identify(solvers/c_generated_code_low/UR5_model) by extensions ['ros']
[0.986s] Level 1:colcon.colcon_core.package_identification:_identify(solvers/c_generated_code_low/UR5_model) by extension 'ros'
[0.986s] Level 1:colcon.colcon_core.package_identification:_identify(solvers/c_generated_code_low/UR5_model) by extensions ['cmake', 'python']
[0.987s] Level 1:colcon.colcon_core.package_identification:_identify(solvers/c_generated_code_low/UR5_model) by extension 'cmake'
[0.987s] Level 1:colcon.colcon_core.package_identification:_identify(solvers/c_generated_code_low/UR5_model) by extension 'python'
[0.987s] Level 1:colcon.colcon_core.package_identification:_identify(solvers/c_generated_code_low/UR5_model) by extensions ['python_setup_py']
[0.987s] Level 1:colcon.colcon_core.package_identification:_identify(solvers/c_generated_code_low/UR5_model) by extension 'python_setup_py'
[0.987s] Level 1:colcon.colcon_core.package_identification:_identify(solvers/c_generated_code_old) by extensions ['ignore', 'ignore_ament_install']
[0.987s] Level 1:colcon.colcon_core.package_identification:_identify(solvers/c_generated_code_old) by extension 'ignore'
[0.987s] Level 1:colcon.colcon_core.package_identification:_identify(solvers/c_generated_code_old) by extension 'ignore_ament_install'
[0.987s] Level 1:colcon.colcon_core.package_identification:_identify(solvers/c_generated_code_old) by extensions ['colcon_pkg']
[0.987s] Level 1:colcon.colcon_core.package_identification:_identify(solvers/c_generated_code_old) by extension 'colcon_pkg'
[0.988s] Level 1:colcon.colcon_core.package_identification:_identify(solvers/c_generated_code_old) by extensions ['colcon_meta']
[0.988s] Level 1:colcon.colcon_core.package_identification:_identify(solvers/c_generated_code_old) by extension 'colcon_meta'
[0.988s] Level 1:colcon.colcon_core.package_identification:_identify(solvers/c_generated_code_old) by extensions ['ros']
[0.988s] Level 1:colcon.colcon_core.package_identification:_identify(solvers/c_generated_code_old) by extension 'ros'
[0.988s] Level 1:colcon.colcon_core.package_identification:_identify(solvers/c_generated_code_old) by extensions ['cmake', 'python']
[0.988s] Level 1:colcon.colcon_core.package_identification:_identify(solvers/c_generated_code_old) by extension 'cmake'
[0.988s] Level 1:colcon.colcon_core.package_identification:_identify(solvers/c_generated_code_old) by extension 'python'
[0.988s] Level 1:colcon.colcon_core.package_identification:_identify(solvers/c_generated_code_old) by extensions ['python_setup_py']
[0.988s] Level 1:colcon.colcon_core.package_identification:_identify(solvers/c_generated_code_old) by extension 'python_setup_py'
[0.988s] Level 1:colcon.colcon_core.package_identification:_identify(solvers/c_generated_code_old/UR5_constraints) by extensions ['ignore', 'ignore_ament_install']
[0.989s] Level 1:colcon.colcon_core.package_identification:_identify(solvers/c_generated_code_old/UR5_constraints) by extension 'ignore'
[0.989s] Level 1:colcon.colcon_core.package_identification:_identify(solvers/c_generated_code_old/UR5_constraints) by extension 'ignore_ament_install'
[0.989s] Level 1:colcon.colcon_core.package_identification:_identify(solvers/c_generated_code_old/UR5_constraints) by extensions ['colcon_pkg']
[0.989s] Level 1:colcon.colcon_core.package_identification:_identify(solvers/c_generated_code_old/UR5_constraints) by extension 'colcon_pkg'
[0.989s] Level 1:colcon.colcon_core.package_identification:_identify(solvers/c_generated_code_old/UR5_constraints) by extensions ['colcon_meta']
[0.989s] Level 1:colcon.colcon_core.package_identification:_identify(solvers/c_generated_code_old/UR5_constraints) by extension 'colcon_meta'
[0.989s] Level 1:colcon.colcon_core.package_identification:_identify(solvers/c_generated_code_old/UR5_constraints) by extensions ['ros']
[0.989s] Level 1:colcon.colcon_core.package_identification:_identify(solvers/c_generated_code_old/UR5_constraints) by extension 'ros'
[0.989s] Level 1:colcon.colcon_core.package_identification:_identify(solvers/c_generated_code_old/UR5_constraints) by extensions ['cmake', 'python']
[0.989s] Level 1:colcon.colcon_core.package_identification:_identify(solvers/c_generated_code_old/UR5_constraints) by extension 'cmake'
[0.990s] Level 1:colcon.colcon_core.package_identification:_identify(solvers/c_generated_code_old/UR5_constraints) by extension 'python'
[0.990s] Level 1:colcon.colcon_core.package_identification:_identify(solvers/c_generated_code_old/UR5_constraints) by extensions ['python_setup_py']
[0.990s] Level 1:colcon.colcon_core.package_identification:_identify(solvers/c_generated_code_old/UR5_constraints) by extension 'python_setup_py'
[0.990s] Level 1:colcon.colcon_core.package_identification:_identify(solvers/c_generated_code_old/UR5_model) by extensions ['ignore', 'ignore_ament_install']
[0.990s] Level 1:colcon.colcon_core.package_identification:_identify(solvers/c_generated_code_old/UR5_model) by extension 'ignore'
[0.990s] Level 1:colcon.colcon_core.package_identification:_identify(solvers/c_generated_code_old/UR5_model) by extension 'ignore_ament_install'
[0.990s] Level 1:colcon.colcon_core.package_identification:_identify(solvers/c_generated_code_old/UR5_model) by extensions ['colcon_pkg']
[0.990s] Level 1:colcon.colcon_core.package_identification:_identify(solvers/c_generated_code_old/UR5_model) by extension 'colcon_pkg'
[0.991s] Level 1:colcon.colcon_core.package_identification:_identify(solvers/c_generated_code_old/UR5_model) by extensions ['colcon_meta']
[0.991s] Level 1:colcon.colcon_core.package_identification:_identify(solvers/c_generated_code_old/UR5_model) by extension 'colcon_meta'
[0.991s] Level 1:colcon.colcon_core.package_identification:_identify(solvers/c_generated_code_old/UR5_model) by extensions ['ros']
[0.991s] Level 1:colcon.colcon_core.package_identification:_identify(solvers/c_generated_code_old/UR5_model) by extension 'ros'
[0.991s] Level 1:colcon.colcon_core.package_identification:_identify(solvers/c_generated_code_old/UR5_model) by extensions ['cmake', 'python']
[0.991s] Level 1:colcon.colcon_core.package_identification:_identify(solvers/c_generated_code_old/UR5_model) by extension 'cmake'
[0.991s] Level 1:colcon.colcon_core.package_identification:_identify(solvers/c_generated_code_old/UR5_model) by extension 'python'
[0.991s] Level 1:colcon.colcon_core.package_identification:_identify(solvers/c_generated_code_old/UR5_model) by extensions ['python_setup_py']
[0.991s] Level 1:colcon.colcon_core.package_identification:_identify(solvers/c_generated_code_old/UR5_model) by extension 'python_setup_py'
[0.991s] Level 1:colcon.colcon_core.package_identification:_identify(solvers/c_generated_code_old2) by extensions ['ignore', 'ignore_ament_install']
[0.992s] Level 1:colcon.colcon_core.package_identification:_identify(solvers/c_generated_code_old2) by extension 'ignore'
[0.992s] Level 1:colcon.colcon_core.package_identification:_identify(solvers/c_generated_code_old2) by extension 'ignore_ament_install'
[0.992s] Level 1:colcon.colcon_core.package_identification:_identify(solvers/c_generated_code_old2) by extensions ['colcon_pkg']
[0.992s] Level 1:colcon.colcon_core.package_identification:_identify(solvers/c_generated_code_old2) by extension 'colcon_pkg'
[0.992s] Level 1:colcon.colcon_core.package_identification:_identify(solvers/c_generated_code_old2) by extensions ['colcon_meta']
[0.992s] Level 1:colcon.colcon_core.package_identification:_identify(solvers/c_generated_code_old2) by extension 'colcon_meta'
[0.992s] Level 1:colcon.colcon_core.package_identification:_identify(solvers/c_generated_code_old2) by extensions ['ros']
[0.992s] Level 1:colcon.colcon_core.package_identification:_identify(solvers/c_generated_code_old2) by extension 'ros'
[0.992s] Level 1:colcon.colcon_core.package_identification:_identify(solvers/c_generated_code_old2) by extensions ['cmake', 'python']
[0.992s] Level 1:colcon.colcon_core.package_identification:_identify(solvers/c_generated_code_old2) by extension 'cmake'
[0.992s] Level 1:colcon.colcon_core.package_identification:_identify(solvers/c_generated_code_old2) by extension 'python'
[0.993s] Level 1:colcon.colcon_core.package_identification:_identify(solvers/c_generated_code_old2) by extensions ['python_setup_py']
[0.993s] Level 1:colcon.colcon_core.package_identification:_identify(solvers/c_generated_code_old2) by extension 'python_setup_py'
[0.993s] Level 1:colcon.colcon_core.package_identification:_identify(solvers/c_generated_code_old2/UR5_constraints) by extensions ['ignore', 'ignore_ament_install']
[0.993s] Level 1:colcon.colcon_core.package_identification:_identify(solvers/c_generated_code_old2/UR5_constraints) by extension 'ignore'
[0.993s] Level 1:colcon.colcon_core.package_identification:_identify(solvers/c_generated_code_old2/UR5_constraints) by extension 'ignore_ament_install'
[0.993s] Level 1:colcon.colcon_core.package_identification:_identify(solvers/c_generated_code_old2/UR5_constraints) by extensions ['colcon_pkg']
[0.993s] Level 1:colcon.colcon_core.package_identification:_identify(solvers/c_generated_code_old2/UR5_constraints) by extension 'colcon_pkg'
[0.993s] Level 1:colcon.colcon_core.package_identification:_identify(solvers/c_generated_code_old2/UR5_constraints) by extensions ['colcon_meta']
[0.993s] Level 1:colcon.colcon_core.package_identification:_identify(solvers/c_generated_code_old2/UR5_constraints) by extension 'colcon_meta'
[0.993s] Level 1:colcon.colcon_core.package_identification:_identify(solvers/c_generated_code_old2/UR5_constraints) by extensions ['ros']
[0.994s] Level 1:colcon.colcon_core.package_identification:_identify(solvers/c_generated_code_old2/UR5_constraints) by extension 'ros'
[0.994s] Level 1:colcon.colcon_core.package_identification:_identify(solvers/c_generated_code_old2/UR5_constraints) by extensions ['cmake', 'python']
[0.994s] Level 1:colcon.colcon_core.package_identification:_identify(solvers/c_generated_code_old2/UR5_constraints) by extension 'cmake'
[0.994s] Level 1:colcon.colcon_core.package_identification:_identify(solvers/c_generated_code_old2/UR5_constraints) by extension 'python'
[0.994s] Level 1:colcon.colcon_core.package_identification:_identify(solvers/c_generated_code_old2/UR5_constraints) by extensions ['python_setup_py']
[0.994s] Level 1:colcon.colcon_core.package_identification:_identify(solvers/c_generated_code_old2/UR5_constraints) by extension 'python_setup_py'
[0.994s] Level 1:colcon.colcon_core.package_identification:_identify(solvers/c_generated_code_old2/UR5_model) by extensions ['ignore', 'ignore_ament_install']
[0.994s] Level 1:colcon.colcon_core.package_identification:_identify(solvers/c_generated_code_old2/UR5_model) by extension 'ignore'
[0.994s] Level 1:colcon.colcon_core.package_identification:_identify(solvers/c_generated_code_old2/UR5_model) by extension 'ignore_ament_install'
[0.995s] Level 1:colcon.colcon_core.package_identification:_identify(solvers/c_generated_code_old2/UR5_model) by extensions ['colcon_pkg']
[0.995s] Level 1:colcon.colcon_core.package_identification:_identify(solvers/c_generated_code_old2/UR5_model) by extension 'colcon_pkg'
[0.995s] Level 1:colcon.colcon_core.package_identification:_identify(solvers/c_generated_code_old2/UR5_model) by extensions ['colcon_meta']
[0.995s] Level 1:colcon.colcon_core.package_identification:_identify(solvers/c_generated_code_old2/UR5_model) by extension 'colcon_meta'
[0.995s] Level 1:colcon.colcon_core.package_identification:_identify(solvers/c_generated_code_old2/UR5_model) by extensions ['ros']
[0.995s] Level 1:colcon.colcon_core.package_identification:_identify(solvers/c_generated_code_old2/UR5_model) by extension 'ros'
[0.995s] Level 1:colcon.colcon_core.package_identification:_identify(solvers/c_generated_code_old2/UR5_model) by extensions ['cmake', 'python']
[0.995s] Level 1:colcon.colcon_core.package_identification:_identify(solvers/c_generated_code_old2/UR5_model) by extension 'cmake'
[0.995s] Level 1:colcon.colcon_core.package_identification:_identify(solvers/c_generated_code_old2/UR5_model) by extension 'python'
[0.995s] Level 1:colcon.colcon_core.package_identification:_identify(solvers/c_generated_code_old2/UR5_model) by extensions ['python_setup_py']
[0.995s] Level 1:colcon.colcon_core.package_identification:_identify(solvers/c_generated_code_old2/UR5_model) by extension 'python_setup_py'
[0.996s] Level 1:colcon.colcon_core.package_identification:_identify(solvers/solver) by extensions ['ignore', 'ignore_ament_install']
[0.996s] Level 1:colcon.colcon_core.package_identification:_identify(solvers/solver) by extension 'ignore'
[0.996s] Level 1:colcon.colcon_core.package_identification:_identify(solvers/solver) by extension 'ignore_ament_install'
[0.996s] Level 1:colcon.colcon_core.package_identification:_identify(solvers/solver) by extensions ['colcon_pkg']
[0.996s] Level 1:colcon.colcon_core.package_identification:_identify(solvers/solver) by extension 'colcon_pkg'
[0.996s] Level 1:colcon.colcon_core.package_identification:_identify(solvers/solver) by extensions ['colcon_meta']
[0.996s] Level 1:colcon.colcon_core.package_identification:_identify(solvers/solver) by extension 'colcon_meta'
[0.996s] Level 1:colcon.colcon_core.package_identification:_identify(solvers/solver) by extensions ['ros']
[0.996s] Level 1:colcon.colcon_core.package_identification:_identify(solvers/solver) by extension 'ros'
[0.996s] Level 1:colcon.colcon_core.package_identification:_identify(solvers/solver) by extensions ['cmake', 'python']
[0.996s] Level 1:colcon.colcon_core.package_identification:_identify(solvers/solver) by extension 'cmake'
[0.997s] Level 1:colcon.colcon_core.package_identification:_identify(solvers/solver) by extension 'python'
[0.997s] Level 1:colcon.colcon_core.package_identification:_identify(solvers/solver) by extensions ['python_setup_py']
[0.997s] Level 1:colcon.colcon_core.package_identification:_identify(solvers/solver) by extension 'python_setup_py'
[0.997s] Level 1:colcon.colcon_core.package_identification:_identify(solvers/solver/UR5_constraints) by extensions ['ignore', 'ignore_ament_install']
[0.997s] Level 1:colcon.colcon_core.package_identification:_identify(solvers/solver/UR5_constraints) by extension 'ignore'
[0.997s] Level 1:colcon.colcon_core.package_identification:_identify(solvers/solver/UR5_constraints) by extension 'ignore_ament_install'
[0.997s] Level 1:colcon.colcon_core.package_identification:_identify(solvers/solver/UR5_constraints) by extensions ['colcon_pkg']
[0.997s] Level 1:colcon.colcon_core.package_identification:_identify(solvers/solver/UR5_constraints) by extension 'colcon_pkg'
[0.997s] Level 1:colcon.colcon_core.package_identification:_identify(solvers/solver/UR5_constraints) by extensions ['colcon_meta']
[0.997s] Level 1:colcon.colcon_core.package_identification:_identify(solvers/solver/UR5_constraints) by extension 'colcon_meta'
[0.998s] Level 1:colcon.colcon_core.package_identification:_identify(solvers/solver/UR5_constraints) by extensions ['ros']
[0.998s] Level 1:colcon.colcon_core.package_identification:_identify(solvers/solver/UR5_constraints) by extension 'ros'
[0.998s] Level 1:colcon.colcon_core.package_identification:_identify(solvers/solver/UR5_constraints) by extensions ['cmake', 'python']
[0.998s] Level 1:colcon.colcon_core.package_identification:_identify(solvers/solver/UR5_constraints) by extension 'cmake'
[0.998s] Level 1:colcon.colcon_core.package_identification:_identify(solvers/solver/UR5_constraints) by extension 'python'
[0.998s] Level 1:colcon.colcon_core.package_identification:_identify(solvers/solver/UR5_constraints) by extensions ['python_setup_py']
[0.998s] Level 1:colcon.colcon_core.package_identification:_identify(solvers/solver/UR5_constraints) by extension 'python_setup_py'
[0.998s] Level 1:colcon.colcon_core.package_identification:_identify(solvers/solver/UR5_cost) by extensions ['ignore', 'ignore_ament_install']
[0.999s] Level 1:colcon.colcon_core.package_identification:_identify(solvers/solver/UR5_cost) by extension 'ignore'
[0.999s] Level 1:colcon.colcon_core.package_identification:_identify(solvers/solver/UR5_cost) by extension 'ignore_ament_install'
[0.999s] Level 1:colcon.colcon_core.package_identification:_identify(solvers/solver/UR5_cost) by extensions ['colcon_pkg']
[0.999s] Level 1:colcon.colcon_core.package_identification:_identify(solvers/solver/UR5_cost) by extension 'colcon_pkg'
[0.999s] Level 1:colcon.colcon_core.package_identification:_identify(solvers/solver/UR5_cost) by extensions ['colcon_meta']
[0.999s] Level 1:colcon.colcon_core.package_identification:_identify(solvers/solver/UR5_cost) by extension 'colcon_meta'
[0.999s] Level 1:colcon.colcon_core.package_identification:_identify(solvers/solver/UR5_cost) by extensions ['ros']
[0.999s] Level 1:colcon.colcon_core.package_identification:_identify(solvers/solver/UR5_cost) by extension 'ros'
[1.000s] Level 1:colcon.colcon_core.package_identification:_identify(solvers/solver/UR5_cost) by extensions ['cmake', 'python']
[1.000s] Level 1:colcon.colcon_core.package_identification:_identify(solvers/solver/UR5_cost) by extension 'cmake'
[1.000s] Level 1:colcon.colcon_core.package_identification:_identify(solvers/solver/UR5_cost) by extension 'python'
[1.000s] Level 1:colcon.colcon_core.package_identification:_identify(solvers/solver/UR5_cost) by extensions ['python_setup_py']
[1.000s] Level 1:colcon.colcon_core.package_identification:_identify(solvers/solver/UR5_cost) by extension 'python_setup_py'
[1.000s] Level 1:colcon.colcon_core.package_identification:_identify(solvers/solver/UR5_model) by extensions ['ignore', 'ignore_ament_install']
[1.000s] Level 1:colcon.colcon_core.package_identification:_identify(solvers/solver/UR5_model) by extension 'ignore'
[1.000s] Level 1:colcon.colcon_core.package_identification:_identify(solvers/solver/UR5_model) by extension 'ignore_ament_install'
[1.000s] Level 1:colcon.colcon_core.package_identification:_identify(solvers/solver/UR5_model) by extensions ['colcon_pkg']
[1.000s] Level 1:colcon.colcon_core.package_identification:_identify(solvers/solver/UR5_model) by extension 'colcon_pkg'
[1.001s] Level 1:colcon.colcon_core.package_identification:_identify(solvers/solver/UR5_model) by extensions ['colcon_meta']
[1.001s] Level 1:colcon.colcon_core.package_identification:_identify(solvers/solver/UR5_model) by extension 'colcon_meta'
[1.001s] Level 1:colcon.colcon_core.package_identification:_identify(solvers/solver/UR5_model) by extensions ['ros']
[1.001s] Level 1:colcon.colcon_core.package_identification:_identify(solvers/solver/UR5_model) by extension 'ros'
[1.001s] Level 1:colcon.colcon_core.package_identification:_identify(solvers/solver/UR5_model) by extensions ['cmake', 'python']
[1.001s] Level 1:colcon.colcon_core.package_identification:_identify(solvers/solver/UR5_model) by extension 'cmake'
[1.001s] Level 1:colcon.colcon_core.package_identification:_identify(solvers/solver/UR5_model) by extension 'python'
[1.001s] Level 1:colcon.colcon_core.package_identification:_identify(solvers/solver/UR5_model) by extensions ['python_setup_py']
[1.001s] Level 1:colcon.colcon_core.package_identification:_identify(solvers/solver/UR5_model) by extension 'python_setup_py'
[1.001s] Level 1:colcon.colcon_core.package_identification:_identify(solvers/solver_low) by extensions ['ignore', 'ignore_ament_install']
[1.002s] Level 1:colcon.colcon_core.package_identification:_identify(solvers/solver_low) by extension 'ignore'
[1.002s] Level 1:colcon.colcon_core.package_identification:_identify(solvers/solver_low) by extension 'ignore_ament_install'
[1.002s] Level 1:colcon.colcon_core.package_identification:_identify(solvers/solver_low) by extensions ['colcon_pkg']
[1.002s] Level 1:colcon.colcon_core.package_identification:_identify(solvers/solver_low) by extension 'colcon_pkg'
[1.002s] Level 1:colcon.colcon_core.package_identification:_identify(solvers/solver_low) by extensions ['colcon_meta']
[1.002s] Level 1:colcon.colcon_core.package_identification:_identify(solvers/solver_low) by extension 'colcon_meta'
[1.002s] Level 1:colcon.colcon_core.package_identification:_identify(solvers/solver_low) by extensions ['ros']
[1.002s] Level 1:colcon.colcon_core.package_identification:_identify(solvers/solver_low) by extension 'ros'
[1.002s] Level 1:colcon.colcon_core.package_identification:_identify(solvers/solver_low) by extensions ['cmake', 'python']
[1.002s] Level 1:colcon.colcon_core.package_identification:_identify(solvers/solver_low) by extension 'cmake'
[1.002s] Level 1:colcon.colcon_core.package_identification:_identify(solvers/solver_low) by extension 'python'
[1.002s] Level 1:colcon.colcon_core.package_identification:_identify(solvers/solver_low) by extensions ['python_setup_py']
[1.003s] Level 1:colcon.colcon_core.package_identification:_identify(solvers/solver_low) by extension 'python_setup_py'
[1.016s] Level 1:colcon.colcon_core.package_identification:_identify(solvers/solver_low/UR5_constraints) by extensions ['ignore', 'ignore_ament_install']
[1.016s] Level 1:colcon.colcon_core.package_identification:_identify(solvers/solver_low/UR5_constraints) by extension 'ignore'
[1.016s] Level 1:colcon.colcon_core.package_identification:_identify(solvers/solver_low/UR5_constraints) by extension 'ignore_ament_install'
[1.016s] Level 1:colcon.colcon_core.package_identification:_identify(solvers/solver_low/UR5_constraints) by extensions ['colcon_pkg']
[1.016s] Level 1:colcon.colcon_core.package_identification:_identify(solvers/solver_low/UR5_constraints) by extension 'colcon_pkg'
[1.016s] Level 1:colcon.colcon_core.package_identification:_identify(solvers/solver_low/UR5_constraints) by extensions ['colcon_meta']
[1.016s] Level 1:colcon.colcon_core.package_identification:_identify(solvers/solver_low/UR5_constraints) by extension 'colcon_meta'
[1.017s] Level 1:colcon.colcon_core.package_identification:_identify(solvers/solver_low/UR5_constraints) by extensions ['ros']
[1.017s] Level 1:colcon.colcon_core.package_identification:_identify(solvers/solver_low/UR5_constraints) by extension 'ros'
[1.017s] Level 1:colcon.colcon_core.package_identification:_identify(solvers/solver_low/UR5_constraints) by extensions ['cmake', 'python']
[1.017s] Level 1:colcon.colcon_core.package_identification:_identify(solvers/solver_low/UR5_constraints) by extension 'cmake'
[1.017s] Level 1:colcon.colcon_core.package_identification:_identify(solvers/solver_low/UR5_constraints) by extension 'python'
[1.017s] Level 1:colcon.colcon_core.package_identification:_identify(solvers/solver_low/UR5_constraints) by extensions ['python_setup_py']
[1.017s] Level 1:colcon.colcon_core.package_identification:_identify(solvers/solver_low/UR5_constraints) by extension 'python_setup_py'
[1.017s] Level 1:colcon.colcon_core.package_identification:_identify(solvers/solver_low/UR5_model) by extensions ['ignore', 'ignore_ament_install']
[1.018s] Level 1:colcon.colcon_core.package_identification:_identify(solvers/solver_low/UR5_model) by extension 'ignore'
[1.018s] Level 1:colcon.colcon_core.package_identification:_identify(solvers/solver_low/UR5_model) by extension 'ignore_ament_install'
[1.018s] Level 1:colcon.colcon_core.package_identification:_identify(solvers/solver_low/UR5_model) by extensions ['colcon_pkg']
[1.018s] Level 1:colcon.colcon_core.package_identification:_identify(solvers/solver_low/UR5_model) by extension 'colcon_pkg'
[1.018s] Level 1:colcon.colcon_core.package_identification:_identify(solvers/solver_low/UR5_model) by extensions ['colcon_meta']
[1.018s] Level 1:colcon.colcon_core.package_identification:_identify(solvers/solver_low/UR5_model) by extension 'colcon_meta'
[1.018s] Level 1:colcon.colcon_core.package_identification:_identify(solvers/solver_low/UR5_model) by extensions ['ros']
[1.018s] Level 1:colcon.colcon_core.package_identification:_identify(solvers/solver_low/UR5_model) by extension 'ros'
[1.018s] Level 1:colcon.colcon_core.package_identification:_identify(solvers/solver_low/UR5_model) by extensions ['cmake', 'python']
[1.018s] Level 1:colcon.colcon_core.package_identification:_identify(solvers/solver_low/UR5_model) by extension 'cmake'
[1.018s] Level 1:colcon.colcon_core.package_identification:_identify(solvers/solver_low/UR5_model) by extension 'python'
[1.019s] Level 1:colcon.colcon_core.package_identification:_identify(solvers/solver_low/UR5_model) by extensions ['python_setup_py']
[1.019s] Level 1:colcon.colcon_core.package_identification:_identify(solvers/solver_low/UR5_model) by extension 'python_setup_py'
[1.019s] Level 1:colcon.colcon_core.package_identification:_identify(solvers/solver_old) by extensions ['ignore', 'ignore_ament_install']
[1.019s] Level 1:colcon.colcon_core.package_identification:_identify(solvers/solver_old) by extension 'ignore'
[1.019s] Level 1:colcon.colcon_core.package_identification:_identify(solvers/solver_old) by extension 'ignore_ament_install'
[1.019s] Level 1:colcon.colcon_core.package_identification:_identify(solvers/solver_old) by extensions ['colcon_pkg']
[1.019s] Level 1:colcon.colcon_core.package_identification:_identify(solvers/solver_old) by extension 'colcon_pkg'
[1.019s] Level 1:colcon.colcon_core.package_identification:_identify(solvers/solver_old) by extensions ['colcon_meta']
[1.019s] Level 1:colcon.colcon_core.package_identification:_identify(solvers/solver_old) by extension 'colcon_meta'
[1.019s] Level 1:colcon.colcon_core.package_identification:_identify(solvers/solver_old) by extensions ['ros']
[1.020s] Level 1:colcon.colcon_core.package_identification:_identify(solvers/solver_old) by extension 'ros'
[1.020s] Level 1:colcon.colcon_core.package_identification:_identify(solvers/solver_old) by extensions ['cmake', 'python']
[1.020s] Level 1:colcon.colcon_core.package_identification:_identify(solvers/solver_old) by extension 'cmake'
[1.020s] Level 1:colcon.colcon_core.package_identification:_identify(solvers/solver_old) by extension 'python'
[1.020s] Level 1:colcon.colcon_core.package_identification:_identify(solvers/solver_old) by extensions ['python_setup_py']
[1.020s] Level 1:colcon.colcon_core.package_identification:_identify(solvers/solver_old) by extension 'python_setup_py'
[1.029s] Level 1:colcon.colcon_core.package_identification:_identify(solvers/solver_old/UR5_constraints) by extensions ['ignore', 'ignore_ament_install']
[1.029s] Level 1:colcon.colcon_core.package_identification:_identify(solvers/solver_old/UR5_constraints) by extension 'ignore'
[1.029s] Level 1:colcon.colcon_core.package_identification:_identify(solvers/solver_old/UR5_constraints) by extension 'ignore_ament_install'
[1.029s] Level 1:colcon.colcon_core.package_identification:_identify(solvers/solver_old/UR5_constraints) by extensions ['colcon_pkg']
[1.029s] Level 1:colcon.colcon_core.package_identification:_identify(solvers/solver_old/UR5_constraints) by extension 'colcon_pkg'
[1.030s] Level 1:colcon.colcon_core.package_identification:_identify(solvers/solver_old/UR5_constraints) by extensions ['colcon_meta']
[1.030s] Level 1:colcon.colcon_core.package_identification:_identify(solvers/solver_old/UR5_constraints) by extension 'colcon_meta'
[1.030s] Level 1:colcon.colcon_core.package_identification:_identify(solvers/solver_old/UR5_constraints) by extensions ['ros']
[1.030s] Level 1:colcon.colcon_core.package_identification:_identify(solvers/solver_old/UR5_constraints) by extension 'ros'
[1.030s] Level 1:colcon.colcon_core.package_identification:_identify(solvers/solver_old/UR5_constraints) by extensions ['cmake', 'python']
[1.030s] Level 1:colcon.colcon_core.package_identification:_identify(solvers/solver_old/UR5_constraints) by extension 'cmake'
[1.030s] Level 1:colcon.colcon_core.package_identification:_identify(solvers/solver_old/UR5_constraints) by extension 'python'
[1.030s] Level 1:colcon.colcon_core.package_identification:_identify(solvers/solver_old/UR5_constraints) by extensions ['python_setup_py']
[1.030s] Level 1:colcon.colcon_core.package_identification:_identify(solvers/solver_old/UR5_constraints) by extension 'python_setup_py'
[1.031s] Level 1:colcon.colcon_core.package_identification:_identify(solvers/solver_old/UR5_model) by extensions ['ignore', 'ignore_ament_install']
[1.031s] Level 1:colcon.colcon_core.package_identification:_identify(solvers/solver_old/UR5_model) by extension 'ignore'
[1.031s] Level 1:colcon.colcon_core.package_identification:_identify(solvers/solver_old/UR5_model) by extension 'ignore_ament_install'
[1.031s] Level 1:colcon.colcon_core.package_identification:_identify(solvers/solver_old/UR5_model) by extensions ['colcon_pkg']
[1.031s] Level 1:colcon.colcon_core.package_identification:_identify(solvers/solver_old/UR5_model) by extension 'colcon_pkg'
[1.031s] Level 1:colcon.colcon_core.package_identification:_identify(solvers/solver_old/UR5_model) by extensions ['colcon_meta']
[1.031s] Level 1:colcon.colcon_core.package_identification:_identify(solvers/solver_old/UR5_model) by extension 'colcon_meta'
[1.031s] Level 1:colcon.colcon_core.package_identification:_identify(solvers/solver_old/UR5_model) by extensions ['ros']
[1.031s] Level 1:colcon.colcon_core.package_identification:_identify(solvers/solver_old/UR5_model) by extension 'ros'
[1.032s] Level 1:colcon.colcon_core.package_identification:_identify(solvers/solver_old/UR5_model) by extensions ['cmake', 'python']
[1.032s] Level 1:colcon.colcon_core.package_identification:_identify(solvers/solver_old/UR5_model) by extension 'cmake'
[1.032s] Level 1:colcon.colcon_core.package_identification:_identify(solvers/solver_old/UR5_model) by extension 'python'
[1.032s] Level 1:colcon.colcon_core.package_identification:_identify(solvers/solver_old/UR5_model) by extensions ['python_setup_py']
[1.032s] Level 1:colcon.colcon_core.package_identification:_identify(solvers/solver_old/UR5_model) by extension 'python_setup_py'
[1.032s] Level 1:colcon.colcon_core.package_identification:_identify(solvers/solver_old2) by extensions ['ignore', 'ignore_ament_install']
[1.032s] Level 1:colcon.colcon_core.package_identification:_identify(solvers/solver_old2) by extension 'ignore'
[1.032s] Level 1:colcon.colcon_core.package_identification:_identify(solvers/solver_old2) by extension 'ignore_ament_install'
[1.032s] Level 1:colcon.colcon_core.package_identification:_identify(solvers/solver_old2) by extensions ['colcon_pkg']
[1.032s] Level 1:colcon.colcon_core.package_identification:_identify(solvers/solver_old2) by extension 'colcon_pkg'
[1.032s] Level 1:colcon.colcon_core.package_identification:_identify(solvers/solver_old2) by extensions ['colcon_meta']
[1.032s] Level 1:colcon.colcon_core.package_identification:_identify(solvers/solver_old2) by extension 'colcon_meta'
[1.033s] Level 1:colcon.colcon_core.package_identification:_identify(solvers/solver_old2) by extensions ['ros']
[1.033s] Level 1:colcon.colcon_core.package_identification:_identify(solvers/solver_old2) by extension 'ros'
[1.033s] Level 1:colcon.colcon_core.package_identification:_identify(solvers/solver_old2) by extensions ['cmake', 'python']
[1.033s] Level 1:colcon.colcon_core.package_identification:_identify(solvers/solver_old2) by extension 'cmake'
[1.033s] Level 1:colcon.colcon_core.package_identification:_identify(solvers/solver_old2) by extension 'python'
[1.033s] Level 1:colcon.colcon_core.package_identification:_identify(solvers/solver_old2) by extensions ['python_setup_py']
[1.033s] Level 1:colcon.colcon_core.package_identification:_identify(solvers/solver_old2) by extension 'python_setup_py'
[1.039s] Level 1:colcon.colcon_core.package_identification:_identify(solvers/solver_old2/UR5_constraints) by extensions ['ignore', 'ignore_ament_install']
[1.039s] Level 1:colcon.colcon_core.package_identification:_identify(solvers/solver_old2/UR5_constraints) by extension 'ignore'
[1.039s] Level 1:colcon.colcon_core.package_identification:_identify(solvers/solver_old2/UR5_constraints) by extension 'ignore_ament_install'
[1.039s] Level 1:colcon.colcon_core.package_identification:_identify(solvers/solver_old2/UR5_constraints) by extensions ['colcon_pkg']
[1.039s] Level 1:colcon.colcon_core.package_identification:_identify(solvers/solver_old2/UR5_constraints) by extension 'colcon_pkg'
[1.039s] Level 1:colcon.colcon_core.package_identification:_identify(solvers/solver_old2/UR5_constraints) by extensions ['colcon_meta']
[1.039s] Level 1:colcon.colcon_core.package_identification:_identify(solvers/solver_old2/UR5_constraints) by extension 'colcon_meta'
[1.040s] Level 1:colcon.colcon_core.package_identification:_identify(solvers/solver_old2/UR5_constraints) by extensions ['ros']
[1.040s] Level 1:colcon.colcon_core.package_identification:_identify(solvers/solver_old2/UR5_constraints) by extension 'ros'
[1.040s] Level 1:colcon.colcon_core.package_identification:_identify(solvers/solver_old2/UR5_constraints) by extensions ['cmake', 'python']
[1.040s] Level 1:colcon.colcon_core.package_identification:_identify(solvers/solver_old2/UR5_constraints) by extension 'cmake'
[1.040s] Level 1:colcon.colcon_core.package_identification:_identify(solvers/solver_old2/UR5_constraints) by extension 'python'
[1.040s] Level 1:colcon.colcon_core.package_identification:_identify(solvers/solver_old2/UR5_constraints) by extensions ['python_setup_py']
[1.040s] Level 1:colcon.colcon_core.package_identification:_identify(solvers/solver_old2/UR5_constraints) by extension 'python_setup_py'
[1.040s] Level 1:colcon.colcon_core.package_identification:_identify(solvers/solver_old2/UR5_model) by extensions ['ignore', 'ignore_ament_install']
[1.041s] Level 1:colcon.colcon_core.package_identification:_identify(solvers/solver_old2/UR5_model) by extension 'ignore'
[1.041s] Level 1:colcon.colcon_core.package_identification:_identify(solvers/solver_old2/UR5_model) by extension 'ignore_ament_install'
[1.041s] Level 1:colcon.colcon_core.package_identification:_identify(solvers/solver_old2/UR5_model) by extensions ['colcon_pkg']
[1.041s] Level 1:colcon.colcon_core.package_identification:_identify(solvers/solver_old2/UR5_model) by extension 'colcon_pkg'
[1.041s] Level 1:colcon.colcon_core.package_identification:_identify(solvers/solver_old2/UR5_model) by extensions ['colcon_meta']
[1.041s] Level 1:colcon.colcon_core.package_identification:_identify(solvers/solver_old2/UR5_model) by extension 'colcon_meta'
[1.041s] Level 1:colcon.colcon_core.package_identification:_identify(solvers/solver_old2/UR5_model) by extensions ['ros']
[1.041s] Level 1:colcon.colcon_core.package_identification:_identify(solvers/solver_old2/UR5_model) by extension 'ros'
[1.041s] Level 1:colcon.colcon_core.package_identification:_identify(solvers/solver_old2/UR5_model) by extensions ['cmake', 'python']
[1.041s] Level 1:colcon.colcon_core.package_identification:_identify(solvers/solver_old2/UR5_model) by extension 'cmake'
[1.041s] Level 1:colcon.colcon_core.package_identification:_identify(solvers/solver_old2/UR5_model) by extension 'python'
[1.041s] Level 1:colcon.colcon_core.package_identification:_identify(solvers/solver_old2/UR5_model) by extensions ['python_setup_py']
[1.041s] Level 1:colcon.colcon_core.package_identification:_identify(solvers/solver_old2/UR5_model) by extension 'python_setup_py'
[1.042s] Level 1:colcon.colcon_core.package_identification:_identify(src) by extensions ['ignore', 'ignore_ament_install']
[1.042s] Level 1:colcon.colcon_core.package_identification:_identify(src) by extension 'ignore'
[1.042s] Level 1:colcon.colcon_core.package_identification:_identify(src) by extension 'ignore_ament_install'
[1.042s] Level 1:colcon.colcon_core.package_identification:_identify(src) by extensions ['colcon_pkg']
[1.042s] Level 1:colcon.colcon_core.package_identification:_identify(src) by extension 'colcon_pkg'
[1.042s] Level 1:colcon.colcon_core.package_identification:_identify(src) by extensions ['colcon_meta']
[1.042s] Level 1:colcon.colcon_core.package_identification:_identify(src) by extension 'colcon_meta'
[1.042s] Level 1:colcon.colcon_core.package_identification:_identify(src) by extensions ['ros']
[1.042s] Level 1:colcon.colcon_core.package_identification:_identify(src) by extension 'ros'
[1.042s] Level 1:colcon.colcon_core.package_identification:_identify(src) by extensions ['cmake', 'python']
[1.043s] Level 1:colcon.colcon_core.package_identification:_identify(src) by extension 'cmake'
[1.043s] Level 1:colcon.colcon_core.package_identification:_identify(src) by extension 'python'
[1.043s] Level 1:colcon.colcon_core.package_identification:_identify(src) by extensions ['python_setup_py']
[1.043s] Level 1:colcon.colcon_core.package_identification:_identify(src) by extension 'python_setup_py'
[1.043s] Level 1:colcon.colcon_core.package_identification:_identify(src/build) by extensions ['ignore', 'ignore_ament_install']
[1.043s] Level 1:colcon.colcon_core.package_identification:_identify(src/build) by extension 'ignore'
[1.043s] Level 1:colcon.colcon_core.package_identification:_identify(src/build) ignored
[1.043s] Level 1:colcon.colcon_core.package_identification:_identify(src/install) by extensions ['ignore', 'ignore_ament_install']
[1.043s] Level 1:colcon.colcon_core.package_identification:_identify(src/install) by extension 'ignore'
[1.044s] Level 1:colcon.colcon_core.package_identification:_identify(src/install) ignored
[1.044s] Level 1:colcon.colcon_core.package_identification:_identify(src/log) by extensions ['ignore', 'ignore_ament_install']
[1.044s] Level 1:colcon.colcon_core.package_identification:_identify(src/log) by extension 'ignore'
[1.044s] Level 1:colcon.colcon_core.package_identification:_identify(src/log) ignored
[1.044s] Level 1:colcon.colcon_core.package_identification:_identify(src/mpc_high) by extensions ['ignore', 'ignore_ament_install']
[1.044s] Level 1:colcon.colcon_core.package_identification:_identify(src/mpc_high) by extension 'ignore'
[1.044s] Level 1:colcon.colcon_core.package_identification:_identify(src/mpc_high) by extension 'ignore_ament_install'
[1.044s] Level 1:colcon.colcon_core.package_identification:_identify(src/mpc_high) by extensions ['colcon_pkg']
[1.044s] Level 1:colcon.colcon_core.package_identification:_identify(src/mpc_high) by extension 'colcon_pkg'
[1.045s] Level 1:colcon.colcon_core.package_identification:_identify(src/mpc_high) by extensions ['colcon_meta']
[1.045s] Level 1:colcon.colcon_core.package_identification:_identify(src/mpc_high) by extension 'colcon_meta'
[1.045s] Level 1:colcon.colcon_core.package_identification:_identify(src/mpc_high) by extensions ['ros']
[1.045s] Level 1:colcon.colcon_core.package_identification:_identify(src/mpc_high) by extension 'ros'
[1.058s] DEBUG:colcon.colcon_core.package_identification:Package 'src/mpc_high' with type 'ros.ament_cmake' and name 'mpc_high'
[1.058s] Level 1:colcon.colcon_core.package_identification:_identify(src/mpc_high_to) by extensions ['ignore', 'ignore_ament_install']
[1.059s] Level 1:colcon.colcon_core.package_identification:_identify(src/mpc_high_to) by extension 'ignore'
[1.059s] Level 1:colcon.colcon_core.package_identification:_identify(src/mpc_high_to) by extension 'ignore_ament_install'
[1.059s] Level 1:colcon.colcon_core.package_identification:_identify(src/mpc_high_to) by extensions ['colcon_pkg']
[1.059s] Level 1:colcon.colcon_core.package_identification:_identify(src/mpc_high_to) by extension 'colcon_pkg'
[1.059s] Level 1:colcon.colcon_core.package_identification:_identify(src/mpc_high_to) by extensions ['colcon_meta']
[1.059s] Level 1:colcon.colcon_core.package_identification:_identify(src/mpc_high_to) by extension 'colcon_meta'
[1.059s] Level 1:colcon.colcon_core.package_identification:_identify(src/mpc_high_to) by extensions ['ros']
[1.059s] Level 1:colcon.colcon_core.package_identification:_identify(src/mpc_high_to) by extension 'ros'
[1.071s] DEBUG:colcon.colcon_core.package_identification:Package 'src/mpc_high_to' with type 'ros.ament_cmake' and name 'mpc_high_to'
[1.071s] Level 1:colcon.colcon_core.package_identification:_identify(src/mpc_low) by extensions ['ignore', 'ignore_ament_install']
[1.072s] Level 1:colcon.colcon_core.package_identification:_identify(src/mpc_low) by extension 'ignore'
[1.072s] Level 1:colcon.colcon_core.package_identification:_identify(src/mpc_low) by extension 'ignore_ament_install'
[1.072s] Level 1:colcon.colcon_core.package_identification:_identify(src/mpc_low) by extensions ['colcon_pkg']
[1.072s] Level 1:colcon.colcon_core.package_identification:_identify(src/mpc_low) by extension 'colcon_pkg'
[1.072s] Level 1:colcon.colcon_core.package_identification:_identify(src/mpc_low) by extensions ['colcon_meta']
[1.072s] Level 1:colcon.colcon_core.package_identification:_identify(src/mpc_low) by extension 'colcon_meta'
[1.072s] Level 1:colcon.colcon_core.package_identification:_identify(src/mpc_low) by extensions ['ros']
[1.072s] Level 1:colcon.colcon_core.package_identification:_identify(src/mpc_low) by extension 'ros'
[1.074s] DEBUG:colcon.colcon_core.package_identification:Package 'src/mpc_low' with type 'ros.ament_cmake' and name 'mpc_low'
[1.074s] Level 1:colcon.colcon_core.package_identification:_identify(src/mpc_to) by extensions ['ignore', 'ignore_ament_install']
[1.075s] Level 1:colcon.colcon_core.package_identification:_identify(src/mpc_to) by extension 'ignore'
[1.075s] Level 1:colcon.colcon_core.package_identification:_identify(src/mpc_to) by extension 'ignore_ament_install'
[1.075s] Level 1:colcon.colcon_core.package_identification:_identify(src/mpc_to) by extensions ['colcon_pkg']
[1.075s] Level 1:colcon.colcon_core.package_identification:_identify(src/mpc_to) by extension 'colcon_pkg'
[1.075s] Level 1:colcon.colcon_core.package_identification:_identify(src/mpc_to) by extensions ['colcon_meta']
[1.075s] Level 1:colcon.colcon_core.package_identification:_identify(src/mpc_to) by extension 'colcon_meta'
[1.075s] Level 1:colcon.colcon_core.package_identification:_identify(src/mpc_to) by extensions ['ros']
[1.075s] Level 1:colcon.colcon_core.package_identification:_identify(src/mpc_to) by extension 'ros'
[1.086s] DEBUG:colcon.colcon_core.package_identification:Package 'src/mpc_to' with type 'ros.ament_cmake' and name 'mpc_high'
[1.087s] Level 1:colcon.colcon_core.package_identification:_identify(src/mppi_controller) by extensions ['ignore', 'ignore_ament_install']
[1.087s] Level 1:colcon.colcon_core.package_identification:_identify(src/mppi_controller) by extension 'ignore'
[1.087s] Level 1:colcon.colcon_core.package_identification:_identify(src/mppi_controller) by extension 'ignore_ament_install'
[1.087s] Level 1:colcon.colcon_core.package_identification:_identify(src/mppi_controller) by extensions ['colcon_pkg']
[1.087s] Level 1:colcon.colcon_core.package_identification:_identify(src/mppi_controller) by extension 'colcon_pkg'
[1.088s] Level 1:colcon.colcon_core.package_identification:_identify(src/mppi_controller) by extensions ['colcon_meta']
[1.088s] Level 1:colcon.colcon_core.package_identification:_identify(src/mppi_controller) by extension 'colcon_meta'
[1.088s] Level 1:colcon.colcon_core.package_identification:_identify(src/mppi_controller) by extensions ['ros']
[1.088s] Level 1:colcon.colcon_core.package_identification:_identify(src/mppi_controller) by extension 'ros'
[1.120s] DEBUG:colcon.colcon_core.package_identification:Package 'src/mppi_controller' with type 'ros.ament_python' and name 'mppi_controller'
[1.120s] Level 1:colcon.colcon_core.package_identification:_identify(src/pb_ur5_sim) by extensions ['ignore', 'ignore_ament_install']
[1.120s] Level 1:colcon.colcon_core.package_identification:_identify(src/pb_ur5_sim) by extension 'ignore'
[1.120s] Level 1:colcon.colcon_core.package_identification:_identify(src/pb_ur5_sim) by extension 'ignore_ament_install'
[1.121s] Level 1:colcon.colcon_core.package_identification:_identify(src/pb_ur5_sim) by extensions ['colcon_pkg']
[1.121s] Level 1:colcon.colcon_core.package_identification:_identify(src/pb_ur5_sim) by extension 'colcon_pkg'
[1.121s] Level 1:colcon.colcon_core.package_identification:_identify(src/pb_ur5_sim) by extensions ['colcon_meta']
[1.121s] Level 1:colcon.colcon_core.package_identification:_identify(src/pb_ur5_sim) by extension 'colcon_meta'
[1.121s] Level 1:colcon.colcon_core.package_identification:_identify(src/pb_ur5_sim) by extensions ['ros']
[1.121s] Level 1:colcon.colcon_core.package_identification:_identify(src/pb_ur5_sim) by extension 'ros'
[1.129s] DEBUG:colcon.colcon_core.package_identification:Package 'src/pb_ur5_sim' with type 'ros.ament_python' and name 'pb_ur5_sim'
[1.130s] Level 1:colcon.colcon_core.package_identification:_identify(src/sim_utils) by extensions ['ignore', 'ignore_ament_install']
[1.130s] Level 1:colcon.colcon_core.package_identification:_identify(src/sim_utils) by extension 'ignore'
[1.130s] Level 1:colcon.colcon_core.package_identification:_identify(src/sim_utils) by extension 'ignore_ament_install'
[1.130s] Level 1:colcon.colcon_core.package_identification:_identify(src/sim_utils) by extensions ['colcon_pkg']
[1.130s] Level 1:colcon.colcon_core.package_identification:_identify(src/sim_utils) by extension 'colcon_pkg'
[1.131s] Level 1:colcon.colcon_core.package_identification:_identify(src/sim_utils) by extensions ['colcon_meta']
[1.131s] Level 1:colcon.colcon_core.package_identification:_identify(src/sim_utils) by extension 'colcon_meta'
[1.131s] Level 1:colcon.colcon_core.package_identification:_identify(src/sim_utils) by extensions ['ros']
[1.131s] Level 1:colcon.colcon_core.package_identification:_identify(src/sim_utils) by extension 'ros'
[1.141s] DEBUG:colcon.colcon_core.package_identification:Package 'src/sim_utils' with type 'ros.ament_python' and name 'sim_utils'
[1.141s] Level 1:colcon.colcon_core.package_identification:_identify(src/ur_ros2_driver) by extensions ['ignore', 'ignore_ament_install']
[1.141s] Level 1:colcon.colcon_core.package_identification:_identify(src/ur_ros2_driver) by extension 'ignore'
[1.142s] Level 1:colcon.colcon_core.package_identification:_identify(src/ur_ros2_driver) by extension 'ignore_ament_install'
[1.142s] Level 1:colcon.colcon_core.package_identification:_identify(src/ur_ros2_driver) by extensions ['colcon_pkg']
[1.142s] Level 1:colcon.colcon_core.package_identification:_identify(src/ur_ros2_driver) by extension 'colcon_pkg'
[1.142s] Level 1:colcon.colcon_core.package_identification:_identify(src/ur_ros2_driver) by extensions ['colcon_meta']
[1.142s] Level 1:colcon.colcon_core.package_identification:_identify(src/ur_ros2_driver) by extension 'colcon_meta'
[1.142s] Level 1:colcon.colcon_core.package_identification:_identify(src/ur_ros2_driver) by extensions ['ros']
[1.142s] Level 1:colcon.colcon_core.package_identification:_identify(src/ur_ros2_driver) by extension 'ros'
[1.143s] Level 1:colcon.colcon_core.package_identification:_identify(src/ur_ros2_driver) by extensions ['cmake', 'python']
[1.143s] Level 1:colcon.colcon_core.package_identification:_identify(src/ur_ros2_driver) by extension 'cmake'
[1.143s] Level 1:colcon.colcon_core.package_identification:_identify(src/ur_ros2_driver) by extension 'python'
[1.143s] Level 1:colcon.colcon_core.package_identification:_identify(src/ur_ros2_driver) by extensions ['python_setup_py']
[1.143s] Level 1:colcon.colcon_core.package_identification:_identify(src/ur_ros2_driver) by extension 'python_setup_py'
[1.154s] Level 1:colcon.colcon_core.package_identification:_identify(src/ur_ros2_driver/ur_ros2_driver) by extensions ['ignore', 'ignore_ament_install']
[1.154s] Level 1:colcon.colcon_core.package_identification:_identify(src/ur_ros2_driver/ur_ros2_driver) by extension 'ignore'
[1.155s] Level 1:colcon.colcon_core.package_identification:_identify(src/ur_ros2_driver/ur_ros2_driver) by extension 'ignore_ament_install'
[1.155s] Level 1:colcon.colcon_core.package_identification:_identify(src/ur_ros2_driver/ur_ros2_driver) by extensions ['colcon_pkg']
[1.155s] Level 1:colcon.colcon_core.package_identification:_identify(src/ur_ros2_driver/ur_ros2_driver) by extension 'colcon_pkg'
[1.155s] Level 1:colcon.colcon_core.package_identification:_identify(src/ur_ros2_driver/ur_ros2_driver) by extensions ['colcon_meta']
[1.155s] Level 1:colcon.colcon_core.package_identification:_identify(src/ur_ros2_driver/ur_ros2_driver) by extension 'colcon_meta'
[1.155s] Level 1:colcon.colcon_core.package_identification:_identify(src/ur_ros2_driver/ur_ros2_driver) by extensions ['ros']
[1.156s] Level 1:colcon.colcon_core.package_identification:_identify(src/ur_ros2_driver/ur_ros2_driver) by extension 'ros'
[1.170s] DEBUG:colcon.colcon_core.package_identification:Package 'src/ur_ros2_driver/ur_ros2_driver' with type 'ros.ament_cmake' and name 'ur_ros2_driver'
[1.171s] Level 1:colcon.colcon_core.package_identification:_identify(ur5_urdf) by extensions ['ignore', 'ignore_ament_install']
[1.171s] Level 1:colcon.colcon_core.package_identification:_identify(ur5_urdf) by extension 'ignore'
[1.171s] Level 1:colcon.colcon_core.package_identification:_identify(ur5_urdf) by extension 'ignore_ament_install'
[1.171s] Level 1:colcon.colcon_core.package_identification:_identify(ur5_urdf) by extensions ['colcon_pkg']
[1.172s] Level 1:colcon.colcon_core.package_identification:_identify(ur5_urdf) by extension 'colcon_pkg'
[1.172s] Level 1:colcon.colcon_core.package_identification:_identify(ur5_urdf) by extensions ['colcon_meta']
[1.172s] Level 1:colcon.colcon_core.package_identification:_identify(ur5_urdf) by extension 'colcon_meta'
[1.172s] Level 1:colcon.colcon_core.package_identification:_identify(ur5_urdf) by extensions ['ros']
[1.172s] Level 1:colcon.colcon_core.package_identification:_identify(ur5_urdf) by extension 'ros'
[1.172s] Level 1:colcon.colcon_core.package_identification:_identify(ur5_urdf) by extensions ['cmake', 'python']
[1.172s] Level 1:colcon.colcon_core.package_identification:_identify(ur5_urdf) by extension 'cmake'
[1.173s] Level 1:colcon.colcon_core.package_identification:_identify(ur5_urdf) by extension 'python'
[1.173s] Level 1:colcon.colcon_core.package_identification:_identify(ur5_urdf) by extensions ['python_setup_py']
[1.173s] Level 1:colcon.colcon_core.package_identification:_identify(ur5_urdf) by extension 'python_setup_py'
[1.173s] Level 1:colcon.colcon_core.package_identification:_identify(ur5_urdf/ur5) by extensions ['ignore', 'ignore_ament_install']
[1.174s] Level 1:colcon.colcon_core.package_identification:_identify(ur5_urdf/ur5) by extension 'ignore'
[1.174s] Level 1:colcon.colcon_core.package_identification:_identify(ur5_urdf/ur5) by extension 'ignore_ament_install'
[1.174s] Level 1:colcon.colcon_core.package_identification:_identify(ur5_urdf/ur5) by extensions ['colcon_pkg']
[1.174s] Level 1:colcon.colcon_core.package_identification:_identify(ur5_urdf/ur5) by extension 'colcon_pkg'
[1.174s] Level 1:colcon.colcon_core.package_identification:_identify(ur5_urdf/ur5) by extensions ['colcon_meta']
[1.174s] Level 1:colcon.colcon_core.package_identification:_identify(ur5_urdf/ur5) by extension 'colcon_meta'
[1.175s] Level 1:colcon.colcon_core.package_identification:_identify(ur5_urdf/ur5) by extensions ['ros']
[1.175s] Level 1:colcon.colcon_core.package_identification:_identify(ur5_urdf/ur5) by extension 'ros'
[1.175s] Level 1:colcon.colcon_core.package_identification:_identify(ur5_urdf/ur5) by extensions ['cmake', 'python']
[1.175s] Level 1:colcon.colcon_core.package_identification:_identify(ur5_urdf/ur5) by extension 'cmake'
[1.175s] Level 1:colcon.colcon_core.package_identification:_identify(ur5_urdf/ur5) by extension 'python'
[1.175s] Level 1:colcon.colcon_core.package_identification:_identify(ur5_urdf/ur5) by extensions ['python_setup_py']
[1.175s] Level 1:colcon.colcon_core.package_identification:_identify(ur5_urdf/ur5) by extension 'python_setup_py'
[1.176s] Level 1:colcon.colcon_core.package_identification:_identify(ur5_urdf/ur5/collision) by extensions ['ignore', 'ignore_ament_install']
[1.176s] Level 1:colcon.colcon_core.package_identification:_identify(ur5_urdf/ur5/collision) by extension 'ignore'
[1.176s] Level 1:colcon.colcon_core.package_identification:_identify(ur5_urdf/ur5/collision) by extension 'ignore_ament_install'
[1.176s] Level 1:colcon.colcon_core.package_identification:_identify(ur5_urdf/ur5/collision) by extensions ['colcon_pkg']
[1.176s] Level 1:colcon.colcon_core.package_identification:_identify(ur5_urdf/ur5/collision) by extension 'colcon_pkg'
[1.176s] Level 1:colcon.colcon_core.package_identification:_identify(ur5_urdf/ur5/collision) by extensions ['colcon_meta']
[1.176s] Level 1:colcon.colcon_core.package_identification:_identify(ur5_urdf/ur5/collision) by extension 'colcon_meta'
[1.177s] Level 1:colcon.colcon_core.package_identification:_identify(ur5_urdf/ur5/collision) by extensions ['ros']
[1.177s] Level 1:colcon.colcon_core.package_identification:_identify(ur5_urdf/ur5/collision) by extension 'ros'
[1.177s] Level 1:colcon.colcon_core.package_identification:_identify(ur5_urdf/ur5/collision) by extensions ['cmake', 'python']
[1.177s] Level 1:colcon.colcon_core.package_identification:_identify(ur5_urdf/ur5/collision) by extension 'cmake'
[1.177s] Level 1:colcon.colcon_core.package_identification:_identify(ur5_urdf/ur5/collision) by extension 'python'
[1.177s] Level 1:colcon.colcon_core.package_identification:_identify(ur5_urdf/ur5/collision) by extensions ['python_setup_py']
[1.177s] Level 1:colcon.colcon_core.package_identification:_identify(ur5_urdf/ur5/collision) by extension 'python_setup_py'
[1.195s] Level 1:colcon.colcon_core.package_identification:_identify(ur5_urdf/ur5/visual) by extensions ['ignore', 'ignore_ament_install']
[1.195s] Level 1:colcon.colcon_core.package_identification:_identify(ur5_urdf/ur5/visual) by extension 'ignore'
[1.195s] Level 1:colcon.colcon_core.package_identification:_identify(ur5_urdf/ur5/visual) by extension 'ignore_ament_install'
[1.196s] Level 1:colcon.colcon_core.package_identification:_identify(ur5_urdf/ur5/visual) by extensions ['colcon_pkg']
[1.196s] Level 1:colcon.colcon_core.package_identification:_identify(ur5_urdf/ur5/visual) by extension 'colcon_pkg'
[1.196s] Level 1:colcon.colcon_core.package_identification:_identify(ur5_urdf/ur5/visual) by extensions ['colcon_meta']
[1.196s] Level 1:colcon.colcon_core.package_identification:_identify(ur5_urdf/ur5/visual) by extension 'colcon_meta'
[1.196s] Level 1:colcon.colcon_core.package_identification:_identify(ur5_urdf/ur5/visual) by extensions ['ros']
[1.196s] Level 1:colcon.colcon_core.package_identification:_identify(ur5_urdf/ur5/visual) by extension 'ros'
[1.196s] Level 1:colcon.colcon_core.package_identification:_identify(ur5_urdf/ur5/visual) by extensions ['cmake', 'python']
[1.197s] Level 1:colcon.colcon_core.package_identification:_identify(ur5_urdf/ur5/visual) by extension 'cmake'
[1.197s] Level 1:colcon.colcon_core.package_identification:_identify(ur5_urdf/ur5/visual) by extension 'python'
[1.197s] Level 1:colcon.colcon_core.package_identification:_identify(ur5_urdf/ur5/visual) by extensions ['python_setup_py']
[1.197s] Level 1:colcon.colcon_core.package_identification:_identify(ur5_urdf/ur5/visual) by extension 'python_setup_py'
[1.197s] Level 1:colcon.colcon_core.package_discovery:discover_packages(recursive) using defaults
[1.197s] Level 1:colcon.colcon_core.package_discovery:discover_packages(ignore) discover
[1.197s] Level 1:colcon.colcon_core.package_discovery:discover_packages(ignore) using defaults
[1.197s] Level 1:colcon.colcon_core.package_discovery:discover_packages(path) discover
[1.198s] Level 1:colcon.colcon_core.package_discovery:discover_packages(path) using defaults
[1.336s] Level 1:colcon.colcon_core.package_discovery:discover_packages(prefix_path) check parameters
[1.336s] Level 1:colcon.colcon_core.package_discovery:discover_packages(prefix_path) discover
[1.345s] DEBUG:colcon.colcon_installed_package_information.package_discovery:Found 412 installed packages in /opt/ros/humble
[1.350s] Level 1:colcon.colcon_core.package_discovery:discover_packages(prefix_path) using defaults
[1.473s] ERROR:colcon:colcon build: Duplicate package names not supported:
- mpc_high:
  - src/mpc_high
  - src/mpc_to
