[0.059s] DEBUG:colcon:Command line arguments: ['/usr/bin/colcon', 'build']
[0.059s] DEBUG:colcon:Parsed command line arguments: Namespace(log_base=None, log_level=None, verb_name='build', build_base='build', install_base='install', merge_install=False, symlink_install=False, test_result_base=None, continue_on_error=False, executor='parallel', parallel_workers=22, event_handlers=None, ignore_user_meta=False, metas=['./colcon.meta'], base_paths=['.'], packages_ignore=None, packages_ignore_regex=None, paths=None, packages_up_to=None, packages_up_to_regex=None, packages_above=None, packages_above_and_dependencies=None, packages_above_depth=None, packages_select_by_dep=None, packages_skip_by_dep=None, packages_skip_up_to=None, packages_select_build_failed=False, packages_skip_build_finished=False, packages_select_test_failures=False, packages_skip_test_passed=False, packages_select=None, packages_skip=None, packages_select_regex=None, packages_skip_regex=None, packages_start=None, packages_end=None, allow_overriding=[], cmake_args=None, cmake_target=None, cmake_target_skip_unavailable=False, cmake_clean_cache=False, cmake_clean_first=False, cmake_force_configure=False, ament_cmake_args=None, catkin_cmake_args=None, catkin_skip_building_tests=False, mixin_files=None, mixin=None, verb_parser=<colcon_mixin.mixin.mixin_argument.MixinArgumentDecorator object at 0x775e30d94a30>, verb_extension=<colcon_core.verb.build.BuildVerb object at 0x775e30d94520>, main=<bound method BuildVerb.main of <colcon_core.verb.build.BuildVerb object at 0x775e30d94520>>, mixin_verb=('build',))
[0.156s] Level 1:colcon.colcon_core.package_discovery:discover_packages(colcon_meta) check parameters
[0.157s] Level 1:colcon.colcon_core.package_discovery:discover_packages(recursive) check parameters
[0.157s] Level 1:colcon.colcon_core.package_discovery:discover_packages(ignore) check parameters
[0.157s] Level 1:colcon.colcon_core.package_discovery:discover_packages(path) check parameters
[0.157s] Level 1:colcon.colcon_core.package_discovery:discover_packages(colcon_meta) discover
[0.157s] Level 1:colcon.colcon_core.package_discovery:discover_packages(recursive) discover
[0.157s] INFO:colcon.colcon_core.package_discovery:Crawling recursively for packages in '/home/sobot/CHRI_2025/UR5_TO/UR5_ros2_base_mpc/src/mpc_high_to/include'
[0.157s] Level 1:colcon.colcon_core.package_identification:_identify(.) by extensions ['ignore', 'ignore_ament_install']
[0.157s] Level 1:colcon.colcon_core.package_identification:_identify(.) by extension 'ignore'
[0.157s] Level 1:colcon.colcon_core.package_identification:_identify(.) by extension 'ignore_ament_install'
[0.157s] Level 1:colcon.colcon_core.package_identification:_identify(.) by extensions ['colcon_pkg']
[0.157s] Level 1:colcon.colcon_core.package_identification:_identify(.) by extension 'colcon_pkg'
[0.157s] Level 1:colcon.colcon_core.package_identification:_identify(.) by extensions ['colcon_meta']
[0.157s] Level 1:colcon.colcon_core.package_identification:_identify(.) by extension 'colcon_meta'
[0.157s] Level 1:colcon.colcon_core.package_identification:_identify(.) by extensions ['ros']
[0.157s] Level 1:colcon.colcon_core.package_identification:_identify(.) by extension 'ros'
[0.169s] Level 1:colcon.colcon_core.package_identification:_identify(.) by extensions ['cmake', 'python']
[0.169s] Level 1:colcon.colcon_core.package_identification:_identify(.) by extension 'cmake'
[0.169s] Level 1:colcon.colcon_core.package_identification:_identify(.) by extension 'python'
[0.169s] Level 1:colcon.colcon_core.package_identification:_identify(.) by extensions ['python_setup_py']
[0.169s] Level 1:colcon.colcon_core.package_identification:_identify(.) by extension 'python_setup_py'
[0.169s] Level 1:colcon.colcon_core.package_identification:_identify(acados) by extensions ['ignore', 'ignore_ament_install']
[0.169s] Level 1:colcon.colcon_core.package_identification:_identify(acados) by extension 'ignore'
[0.169s] Level 1:colcon.colcon_core.package_identification:_identify(acados) by extension 'ignore_ament_install'
[0.169s] Level 1:colcon.colcon_core.package_identification:_identify(acados) by extensions ['colcon_pkg']
[0.169s] Level 1:colcon.colcon_core.package_identification:_identify(acados) by extension 'colcon_pkg'
[0.169s] Level 1:colcon.colcon_core.package_identification:_identify(acados) by extensions ['colcon_meta']
[0.170s] Level 1:colcon.colcon_core.package_identification:_identify(acados) by extension 'colcon_meta'
[0.170s] Level 1:colcon.colcon_core.package_identification:_identify(acados) by extensions ['ros']
[0.170s] Level 1:colcon.colcon_core.package_identification:_identify(acados) by extension 'ros'
[0.170s] Level 1:colcon.colcon_core.package_identification:_identify(acados) by extensions ['cmake', 'python']
[0.170s] Level 1:colcon.colcon_core.package_identification:_identify(acados) by extension 'cmake'
[0.170s] Level 1:colcon.colcon_core.package_identification:_identify(acados) by extension 'python'
[0.170s] Level 1:colcon.colcon_core.package_identification:_identify(acados) by extensions ['python_setup_py']
[0.170s] Level 1:colcon.colcon_core.package_identification:_identify(acados) by extension 'python_setup_py'
[0.170s] Level 1:colcon.colcon_core.package_identification:_identify(acados/dense_qp) by extensions ['ignore', 'ignore_ament_install']
[0.170s] Level 1:colcon.colcon_core.package_identification:_identify(acados/dense_qp) by extension 'ignore'
[0.170s] Level 1:colcon.colcon_core.package_identification:_identify(acados/dense_qp) by extension 'ignore_ament_install'
[0.170s] Level 1:colcon.colcon_core.package_identification:_identify(acados/dense_qp) by extensions ['colcon_pkg']
[0.170s] Level 1:colcon.colcon_core.package_identification:_identify(acados/dense_qp) by extension 'colcon_pkg'
[0.170s] Level 1:colcon.colcon_core.package_identification:_identify(acados/dense_qp) by extensions ['colcon_meta']
[0.170s] Level 1:colcon.colcon_core.package_identification:_identify(acados/dense_qp) by extension 'colcon_meta'
[0.170s] Level 1:colcon.colcon_core.package_identification:_identify(acados/dense_qp) by extensions ['ros']
[0.170s] Level 1:colcon.colcon_core.package_identification:_identify(acados/dense_qp) by extension 'ros'
[0.170s] Level 1:colcon.colcon_core.package_identification:_identify(acados/dense_qp) by extensions ['cmake', 'python']
[0.170s] Level 1:colcon.colcon_core.package_identification:_identify(acados/dense_qp) by extension 'cmake'
[0.170s] Level 1:colcon.colcon_core.package_identification:_identify(acados/dense_qp) by extension 'python'
[0.170s] Level 1:colcon.colcon_core.package_identification:_identify(acados/dense_qp) by extensions ['python_setup_py']
[0.170s] Level 1:colcon.colcon_core.package_identification:_identify(acados/dense_qp) by extension 'python_setup_py'
[0.170s] Level 1:colcon.colcon_core.package_identification:_identify(acados/ocp_nlp) by extensions ['ignore', 'ignore_ament_install']
[0.170s] Level 1:colcon.colcon_core.package_identification:_identify(acados/ocp_nlp) by extension 'ignore'
[0.170s] Level 1:colcon.colcon_core.package_identification:_identify(acados/ocp_nlp) by extension 'ignore_ament_install'
[0.170s] Level 1:colcon.colcon_core.package_identification:_identify(acados/ocp_nlp) by extensions ['colcon_pkg']
[0.170s] Level 1:colcon.colcon_core.package_identification:_identify(acados/ocp_nlp) by extension 'colcon_pkg'
[0.170s] Level 1:colcon.colcon_core.package_identification:_identify(acados/ocp_nlp) by extensions ['colcon_meta']
[0.170s] Level 1:colcon.colcon_core.package_identification:_identify(acados/ocp_nlp) by extension 'colcon_meta'
[0.170s] Level 1:colcon.colcon_core.package_identification:_identify(acados/ocp_nlp) by extensions ['ros']
[0.170s] Level 1:colcon.colcon_core.package_identification:_identify(acados/ocp_nlp) by extension 'ros'
[0.170s] Level 1:colcon.colcon_core.package_identification:_identify(acados/ocp_nlp) by extensions ['cmake', 'python']
[0.170s] Level 1:colcon.colcon_core.package_identification:_identify(acados/ocp_nlp) by extension 'cmake'
[0.170s] Level 1:colcon.colcon_core.package_identification:_identify(acados/ocp_nlp) by extension 'python'
[0.170s] Level 1:colcon.colcon_core.package_identification:_identify(acados/ocp_nlp) by extensions ['python_setup_py']
[0.170s] Level 1:colcon.colcon_core.package_identification:_identify(acados/ocp_nlp) by extension 'python_setup_py'
[0.170s] Level 1:colcon.colcon_core.package_identification:_identify(acados/ocp_qp) by extensions ['ignore', 'ignore_ament_install']
[0.170s] Level 1:colcon.colcon_core.package_identification:_identify(acados/ocp_qp) by extension 'ignore'
[0.170s] Level 1:colcon.colcon_core.package_identification:_identify(acados/ocp_qp) by extension 'ignore_ament_install'
[0.170s] Level 1:colcon.colcon_core.package_identification:_identify(acados/ocp_qp) by extensions ['colcon_pkg']
[0.170s] Level 1:colcon.colcon_core.package_identification:_identify(acados/ocp_qp) by extension 'colcon_pkg'
[0.170s] Level 1:colcon.colcon_core.package_identification:_identify(acados/ocp_qp) by extensions ['colcon_meta']
[0.170s] Level 1:colcon.colcon_core.package_identification:_identify(acados/ocp_qp) by extension 'colcon_meta'
[0.171s] Level 1:colcon.colcon_core.package_identification:_identify(acados/ocp_qp) by extensions ['ros']
[0.171s] Level 1:colcon.colcon_core.package_identification:_identify(acados/ocp_qp) by extension 'ros'
[0.171s] Level 1:colcon.colcon_core.package_identification:_identify(acados/ocp_qp) by extensions ['cmake', 'python']
[0.171s] Level 1:colcon.colcon_core.package_identification:_identify(acados/ocp_qp) by extension 'cmake'
[0.171s] Level 1:colcon.colcon_core.package_identification:_identify(acados/ocp_qp) by extension 'python'
[0.171s] Level 1:colcon.colcon_core.package_identification:_identify(acados/ocp_qp) by extensions ['python_setup_py']
[0.171s] Level 1:colcon.colcon_core.package_identification:_identify(acados/ocp_qp) by extension 'python_setup_py'
[0.171s] Level 1:colcon.colcon_core.package_identification:_identify(acados/sim) by extensions ['ignore', 'ignore_ament_install']
[0.171s] Level 1:colcon.colcon_core.package_identification:_identify(acados/sim) by extension 'ignore'
[0.171s] Level 1:colcon.colcon_core.package_identification:_identify(acados/sim) by extension 'ignore_ament_install'
[0.171s] Level 1:colcon.colcon_core.package_identification:_identify(acados/sim) by extensions ['colcon_pkg']
[0.171s] Level 1:colcon.colcon_core.package_identification:_identify(acados/sim) by extension 'colcon_pkg'
[0.171s] Level 1:colcon.colcon_core.package_identification:_identify(acados/sim) by extensions ['colcon_meta']
[0.171s] Level 1:colcon.colcon_core.package_identification:_identify(acados/sim) by extension 'colcon_meta'
[0.171s] Level 1:colcon.colcon_core.package_identification:_identify(acados/sim) by extensions ['ros']
[0.171s] Level 1:colcon.colcon_core.package_identification:_identify(acados/sim) by extension 'ros'
[0.171s] Level 1:colcon.colcon_core.package_identification:_identify(acados/sim) by extensions ['cmake', 'python']
[0.171s] Level 1:colcon.colcon_core.package_identification:_identify(acados/sim) by extension 'cmake'
[0.171s] Level 1:colcon.colcon_core.package_identification:_identify(acados/sim) by extension 'python'
[0.171s] Level 1:colcon.colcon_core.package_identification:_identify(acados/sim) by extensions ['python_setup_py']
[0.171s] Level 1:colcon.colcon_core.package_identification:_identify(acados/sim) by extension 'python_setup_py'
[0.171s] Level 1:colcon.colcon_core.package_identification:_identify(acados/utils) by extensions ['ignore', 'ignore_ament_install']
[0.171s] Level 1:colcon.colcon_core.package_identification:_identify(acados/utils) by extension 'ignore'
[0.171s] Level 1:colcon.colcon_core.package_identification:_identify(acados/utils) by extension 'ignore_ament_install'
[0.171s] Level 1:colcon.colcon_core.package_identification:_identify(acados/utils) by extensions ['colcon_pkg']
[0.171s] Level 1:colcon.colcon_core.package_identification:_identify(acados/utils) by extension 'colcon_pkg'
[0.171s] Level 1:colcon.colcon_core.package_identification:_identify(acados/utils) by extensions ['colcon_meta']
[0.171s] Level 1:colcon.colcon_core.package_identification:_identify(acados/utils) by extension 'colcon_meta'
[0.171s] Level 1:colcon.colcon_core.package_identification:_identify(acados/utils) by extensions ['ros']
[0.171s] Level 1:colcon.colcon_core.package_identification:_identify(acados/utils) by extension 'ros'
[0.171s] Level 1:colcon.colcon_core.package_identification:_identify(acados/utils) by extensions ['cmake', 'python']
[0.171s] Level 1:colcon.colcon_core.package_identification:_identify(acados/utils) by extension 'cmake'
[0.171s] Level 1:colcon.colcon_core.package_identification:_identify(acados/utils) by extension 'python'
[0.171s] Level 1:colcon.colcon_core.package_identification:_identify(acados/utils) by extensions ['python_setup_py']
[0.171s] Level 1:colcon.colcon_core.package_identification:_identify(acados/utils) by extension 'python_setup_py'
[0.171s] Level 1:colcon.colcon_core.package_identification:_identify(acados_c) by extensions ['ignore', 'ignore_ament_install']
[0.171s] Level 1:colcon.colcon_core.package_identification:_identify(acados_c) by extension 'ignore'
[0.171s] Level 1:colcon.colcon_core.package_identification:_identify(acados_c) by extension 'ignore_ament_install'
[0.171s] Level 1:colcon.colcon_core.package_identification:_identify(acados_c) by extensions ['colcon_pkg']
[0.171s] Level 1:colcon.colcon_core.package_identification:_identify(acados_c) by extension 'colcon_pkg'
[0.171s] Level 1:colcon.colcon_core.package_identification:_identify(acados_c) by extensions ['colcon_meta']
[0.171s] Level 1:colcon.colcon_core.package_identification:_identify(acados_c) by extension 'colcon_meta'
[0.171s] Level 1:colcon.colcon_core.package_identification:_identify(acados_c) by extensions ['ros']
[0.171s] Level 1:colcon.colcon_core.package_identification:_identify(acados_c) by extension 'ros'
[0.171s] Level 1:colcon.colcon_core.package_identification:_identify(acados_c) by extensions ['cmake', 'python']
[0.171s] Level 1:colcon.colcon_core.package_identification:_identify(acados_c) by extension 'cmake'
[0.171s] Level 1:colcon.colcon_core.package_identification:_identify(acados_c) by extension 'python'
[0.172s] Level 1:colcon.colcon_core.package_identification:_identify(acados_c) by extensions ['python_setup_py']
[0.172s] Level 1:colcon.colcon_core.package_identification:_identify(acados_c) by extension 'python_setup_py'
[0.172s] Level 1:colcon.colcon_core.package_identification:_identify(blasfeo) by extensions ['ignore', 'ignore_ament_install']
[0.172s] Level 1:colcon.colcon_core.package_identification:_identify(blasfeo) by extension 'ignore'
[0.172s] Level 1:colcon.colcon_core.package_identification:_identify(blasfeo) by extension 'ignore_ament_install'
[0.172s] Level 1:colcon.colcon_core.package_identification:_identify(blasfeo) by extensions ['colcon_pkg']
[0.172s] Level 1:colcon.colcon_core.package_identification:_identify(blasfeo) by extension 'colcon_pkg'
[0.172s] Level 1:colcon.colcon_core.package_identification:_identify(blasfeo) by extensions ['colcon_meta']
[0.172s] Level 1:colcon.colcon_core.package_identification:_identify(blasfeo) by extension 'colcon_meta'
[0.172s] Level 1:colcon.colcon_core.package_identification:_identify(blasfeo) by extensions ['ros']
[0.172s] Level 1:colcon.colcon_core.package_identification:_identify(blasfeo) by extension 'ros'
[0.172s] Level 1:colcon.colcon_core.package_identification:_identify(blasfeo) by extensions ['cmake', 'python']
[0.172s] Level 1:colcon.colcon_core.package_identification:_identify(blasfeo) by extension 'cmake'
[0.172s] Level 1:colcon.colcon_core.package_identification:_identify(blasfeo) by extension 'python'
[0.172s] Level 1:colcon.colcon_core.package_identification:_identify(blasfeo) by extensions ['python_setup_py']
[0.172s] Level 1:colcon.colcon_core.package_identification:_identify(blasfeo) by extension 'python_setup_py'
[0.172s] Level 1:colcon.colcon_core.package_identification:_identify(blasfeo/include) by extensions ['ignore', 'ignore_ament_install']
[0.172s] Level 1:colcon.colcon_core.package_identification:_identify(blasfeo/include) by extension 'ignore'
[0.172s] Level 1:colcon.colcon_core.package_identification:_identify(blasfeo/include) by extension 'ignore_ament_install'
[0.172s] Level 1:colcon.colcon_core.package_identification:_identify(blasfeo/include) by extensions ['colcon_pkg']
[0.172s] Level 1:colcon.colcon_core.package_identification:_identify(blasfeo/include) by extension 'colcon_pkg'
[0.172s] Level 1:colcon.colcon_core.package_identification:_identify(blasfeo/include) by extensions ['colcon_meta']
[0.172s] Level 1:colcon.colcon_core.package_identification:_identify(blasfeo/include) by extension 'colcon_meta'
[0.172s] Level 1:colcon.colcon_core.package_identification:_identify(blasfeo/include) by extensions ['ros']
[0.172s] Level 1:colcon.colcon_core.package_identification:_identify(blasfeo/include) by extension 'ros'
[0.172s] Level 1:colcon.colcon_core.package_identification:_identify(blasfeo/include) by extensions ['cmake', 'python']
[0.172s] Level 1:colcon.colcon_core.package_identification:_identify(blasfeo/include) by extension 'cmake'
[0.172s] Level 1:colcon.colcon_core.package_identification:_identify(blasfeo/include) by extension 'python'
[0.172s] Level 1:colcon.colcon_core.package_identification:_identify(blasfeo/include) by extensions ['python_setup_py']
[0.172s] Level 1:colcon.colcon_core.package_identification:_identify(blasfeo/include) by extension 'python_setup_py'
[0.172s] Level 1:colcon.colcon_core.package_identification:_identify(build) by extensions ['ignore', 'ignore_ament_install']
[0.172s] Level 1:colcon.colcon_core.package_identification:_identify(build) by extension 'ignore'
[0.172s] Level 1:colcon.colcon_core.package_identification:_identify(build) ignored
[0.172s] Level 1:colcon.colcon_core.package_identification:_identify(hpipm) by extensions ['ignore', 'ignore_ament_install']
[0.172s] Level 1:colcon.colcon_core.package_identification:_identify(hpipm) by extension 'ignore'
[0.172s] Level 1:colcon.colcon_core.package_identification:_identify(hpipm) by extension 'ignore_ament_install'
[0.172s] Level 1:colcon.colcon_core.package_identification:_identify(hpipm) by extensions ['colcon_pkg']
[0.172s] Level 1:colcon.colcon_core.package_identification:_identify(hpipm) by extension 'colcon_pkg'
[0.172s] Level 1:colcon.colcon_core.package_identification:_identify(hpipm) by extensions ['colcon_meta']
[0.172s] Level 1:colcon.colcon_core.package_identification:_identify(hpipm) by extension 'colcon_meta'
[0.172s] Level 1:colcon.colcon_core.package_identification:_identify(hpipm) by extensions ['ros']
[0.172s] Level 1:colcon.colcon_core.package_identification:_identify(hpipm) by extension 'ros'
[0.172s] Level 1:colcon.colcon_core.package_identification:_identify(hpipm) by extensions ['cmake', 'python']
[0.172s] Level 1:colcon.colcon_core.package_identification:_identify(hpipm) by extension 'cmake'
[0.173s] Level 1:colcon.colcon_core.package_identification:_identify(hpipm) by extension 'python'
[0.173s] Level 1:colcon.colcon_core.package_identification:_identify(hpipm) by extensions ['python_setup_py']
[0.173s] Level 1:colcon.colcon_core.package_identification:_identify(hpipm) by extension 'python_setup_py'
[0.173s] Level 1:colcon.colcon_core.package_identification:_identify(hpipm/include) by extensions ['ignore', 'ignore_ament_install']
[0.173s] Level 1:colcon.colcon_core.package_identification:_identify(hpipm/include) by extension 'ignore'
[0.173s] Level 1:colcon.colcon_core.package_identification:_identify(hpipm/include) by extension 'ignore_ament_install'
[0.173s] Level 1:colcon.colcon_core.package_identification:_identify(hpipm/include) by extensions ['colcon_pkg']
[0.173s] Level 1:colcon.colcon_core.package_identification:_identify(hpipm/include) by extension 'colcon_pkg'
[0.173s] Level 1:colcon.colcon_core.package_identification:_identify(hpipm/include) by extensions ['colcon_meta']
[0.173s] Level 1:colcon.colcon_core.package_identification:_identify(hpipm/include) by extension 'colcon_meta'
[0.173s] Level 1:colcon.colcon_core.package_identification:_identify(hpipm/include) by extensions ['ros']
[0.173s] Level 1:colcon.colcon_core.package_identification:_identify(hpipm/include) by extension 'ros'
[0.173s] Level 1:colcon.colcon_core.package_identification:_identify(hpipm/include) by extensions ['cmake', 'python']
[0.173s] Level 1:colcon.colcon_core.package_identification:_identify(hpipm/include) by extension 'cmake'
[0.173s] Level 1:colcon.colcon_core.package_identification:_identify(hpipm/include) by extension 'python'
[0.173s] Level 1:colcon.colcon_core.package_identification:_identify(hpipm/include) by extensions ['python_setup_py']
[0.173s] Level 1:colcon.colcon_core.package_identification:_identify(hpipm/include) by extension 'python_setup_py'
[0.173s] Level 1:colcon.colcon_core.package_identification:_identify(install) by extensions ['ignore', 'ignore_ament_install']
[0.173s] Level 1:colcon.colcon_core.package_identification:_identify(install) by extension 'ignore'
[0.173s] Level 1:colcon.colcon_core.package_identification:_identify(install) ignored
[0.173s] Level 1:colcon.colcon_core.package_identification:_identify(log) by extensions ['ignore', 'ignore_ament_install']
[0.173s] Level 1:colcon.colcon_core.package_identification:_identify(log) by extension 'ignore'
[0.173s] Level 1:colcon.colcon_core.package_identification:_identify(log) ignored
[0.173s] Level 1:colcon.colcon_core.package_identification:_identify(mpc_high_to) by extensions ['ignore', 'ignore_ament_install']
[0.173s] Level 1:colcon.colcon_core.package_identification:_identify(mpc_high_to) by extension 'ignore'
[0.173s] Level 1:colcon.colcon_core.package_identification:_identify(mpc_high_to) by extension 'ignore_ament_install'
[0.173s] Level 1:colcon.colcon_core.package_identification:_identify(mpc_high_to) by extensions ['colcon_pkg']
[0.173s] Level 1:colcon.colcon_core.package_identification:_identify(mpc_high_to) by extension 'colcon_pkg'
[0.173s] Level 1:colcon.colcon_core.package_identification:_identify(mpc_high_to) by extensions ['colcon_meta']
[0.173s] Level 1:colcon.colcon_core.package_identification:_identify(mpc_high_to) by extension 'colcon_meta'
[0.173s] Level 1:colcon.colcon_core.package_identification:_identify(mpc_high_to) by extensions ['ros']
[0.173s] Level 1:colcon.colcon_core.package_identification:_identify(mpc_high_to) by extension 'ros'
[0.173s] Level 1:colcon.colcon_core.package_identification:_identify(mpc_high_to) by extensions ['cmake', 'python']
[0.173s] Level 1:colcon.colcon_core.package_identification:_identify(mpc_high_to) by extension 'cmake'
[0.173s] Level 1:colcon.colcon_core.package_identification:_identify(mpc_high_to) by extension 'python'
[0.173s] Level 1:colcon.colcon_core.package_identification:_identify(mpc_high_to) by extensions ['python_setup_py']
[0.173s] Level 1:colcon.colcon_core.package_identification:_identify(mpc_high_to) by extension 'python_setup_py'
[0.173s] Level 1:colcon.colcon_core.package_discovery:discover_packages(recursive) using defaults
[0.173s] Level 1:colcon.colcon_core.package_discovery:discover_packages(ignore) discover
[0.173s] Level 1:colcon.colcon_core.package_discovery:discover_packages(ignore) using defaults
[0.173s] Level 1:colcon.colcon_core.package_discovery:discover_packages(path) discover
[0.173s] Level 1:colcon.colcon_core.package_discovery:discover_packages(path) using defaults
[0.184s] Level 1:colcon.colcon_core.package_discovery:discover_packages(prefix_path) check parameters
[0.184s] Level 1:colcon.colcon_core.package_discovery:discover_packages(prefix_path) discover
[0.185s] DEBUG:colcon.colcon_installed_package_information.package_discovery:Found 375 installed packages in /opt/ros/humble
[0.187s] Level 1:colcon.colcon_core.package_discovery:discover_packages(prefix_path) using defaults
[0.210s] INFO:colcon.colcon_core.executor:Executing jobs using 'parallel' executor
[0.211s] DEBUG:colcon.colcon_parallel_executor.executor.parallel:run_until_complete
[0.211s] DEBUG:colcon.colcon_parallel_executor.executor.parallel:closing loop
[0.211s] DEBUG:colcon.colcon_parallel_executor.executor.parallel:loop closed
[0.211s] DEBUG:colcon.colcon_parallel_executor.executor.parallel:run_until_complete finished with '0'
[0.211s] DEBUG:colcon.colcon_core.event_reactor:joining thread
[0.215s] INFO:colcon.colcon_core.plugin_system:Skipping extension 'colcon_notification.desktop_notification.terminal_notifier': Not used on non-Darwin systems
[0.215s] INFO:colcon.colcon_core.plugin_system:Skipping extension 'colcon_notification.desktop_notification.win32': Not used on non-Windows systems
[0.215s] INFO:colcon.colcon_notification.desktop_notification:Sending desktop notification using 'notify2'
[0.227s] DEBUG:colcon.colcon_core.event_reactor:joined thread
[0.228s] INFO:colcon.colcon_core.plugin_system:Skipping extension 'colcon_core.shell.bat': Not used on non-Windows systems
[0.228s] INFO:colcon.colcon_core.shell:Creating prefix script '/home/sobot/CHRI_2025/UR5_TO/UR5_ros2_base_mpc/src/mpc_high_to/include/install/local_setup.ps1'
[0.229s] INFO:colcon.colcon_core.shell:Creating prefix util module '/home/sobot/CHRI_2025/UR5_TO/UR5_ros2_base_mpc/src/mpc_high_to/include/install/_local_setup_util_ps1.py'
[0.229s] INFO:colcon.colcon_core.shell:Creating prefix chain script '/home/sobot/CHRI_2025/UR5_TO/UR5_ros2_base_mpc/src/mpc_high_to/include/install/setup.ps1'
[0.230s] INFO:colcon.colcon_core.shell:Creating prefix script '/home/sobot/CHRI_2025/UR5_TO/UR5_ros2_base_mpc/src/mpc_high_to/include/install/local_setup.sh'
[0.230s] INFO:colcon.colcon_core.shell:Creating prefix util module '/home/sobot/CHRI_2025/UR5_TO/UR5_ros2_base_mpc/src/mpc_high_to/include/install/_local_setup_util_sh.py'
[0.230s] INFO:colcon.colcon_core.shell:Creating prefix chain script '/home/sobot/CHRI_2025/UR5_TO/UR5_ros2_base_mpc/src/mpc_high_to/include/install/setup.sh'
[0.231s] INFO:colcon.colcon_core.shell:Creating prefix script '/home/sobot/CHRI_2025/UR5_TO/UR5_ros2_base_mpc/src/mpc_high_to/include/install/local_setup.bash'
[0.231s] INFO:colcon.colcon_core.shell:Creating prefix chain script '/home/sobot/CHRI_2025/UR5_TO/UR5_ros2_base_mpc/src/mpc_high_to/include/install/setup.bash'
[0.231s] INFO:colcon.colcon_core.shell:Creating prefix script '/home/sobot/CHRI_2025/UR5_TO/UR5_ros2_base_mpc/src/mpc_high_to/include/install/local_setup.zsh'
[0.232s] INFO:colcon.colcon_core.shell:Creating prefix chain script '/home/sobot/CHRI_2025/UR5_TO/UR5_ros2_base_mpc/src/mpc_high_to/include/install/setup.zsh'
