[2.070s] Invoking command in '/home/chri/CHRI_2025/Time_optimal_baseline/src/mppi_controller': PYTHONPATH=/home/chri/CHRI_2025/Time_optimal_baseline/build/mppi_controller/prefix_override:/usr/lib/python3/dist-packages/colcon_core/task/python/colcon_distutils_commands:/home/chri/CHRI_2025/Time_optimal_baseline/install/mppi_controller/lib/python3.10/site-packages:${PYTHONPATH} /usr/bin/python3 -W ignore:setup.py install is deprecated -W ignore:easy_install command is deprecated setup.py egg_info --egg-base ../../build/mppi_controller build --build-base /home/chri/CHRI_2025/Time_optimal_baseline/build/mppi_controller/build install --record /home/chri/CHRI_2025/Time_optimal_baseline/build/mppi_controller/install.log --single-version-externally-managed install_data
[2.337s] /home/chri/.local/lib/python3.10/site-packages/setuptools/_distutils/dist.py:289: UserWarning: Unknown distribution option: 'tests_require'
[2.337s]   warnings.warn(msg)
[2.513s] running egg_info
[2.544s] writing ../../build/mppi_controller/mppi_controller.egg-info/PKG-INFO
[2.545s] writing dependency_links to ../../build/mppi_controller/mppi_controller.egg-info/dependency_links.txt
[2.545s] writing entry points to ../../build/mppi_controller/mppi_controller.egg-info/entry_points.txt
[2.545s] writing requirements to ../../build/mppi_controller/mppi_controller.egg-info/requires.txt
[2.546s] writing top-level names to ../../build/mppi_controller/mppi_controller.egg-info/top_level.txt
[2.607s] reading manifest file '../../build/mppi_controller/mppi_controller.egg-info/SOURCES.txt'
[2.607s] adding license file 'LICENSE'
[2.609s] writing manifest file '../../build/mppi_controller/mppi_controller.egg-info/SOURCES.txt'
[2.609s] running build
[2.610s] running build_py
[2.610s] copying mppi_controller/main.py -> /home/chri/CHRI_2025/Time_optimal_baseline/build/mppi_controller/build/lib/mppi_controller
[2.610s] copying mppi_controller/mppi_utils.py -> /home/chri/CHRI_2025/Time_optimal_baseline/build/mppi_controller/build/lib/mppi_controller
[2.610s] running install
[2.617s] running install_lib
[2.646s] copying /home/chri/CHRI_2025/Time_optimal_baseline/build/mppi_controller/build/lib/mppi_controller/main.py -> /home/chri/CHRI_2025/Time_optimal_baseline/install/mppi_controller/lib/python3.10/site-packages/mppi_controller
[2.647s] byte-compiling /home/chri/CHRI_2025/Time_optimal_baseline/install/mppi_controller/lib/python3.10/site-packages/mppi_controller/main.py to main.cpython-310.pyc
[2.651s] running install_data
[2.651s] running install_egg_info
[2.681s] removing '/home/chri/CHRI_2025/Time_optimal_baseline/install/mppi_controller/lib/python3.10/site-packages/mppi_controller-0.0.0-py3.10.egg-info' (and everything under it)
[2.681s] Copying ../../build/mppi_controller/mppi_controller.egg-info to /home/chri/CHRI_2025/Time_optimal_baseline/install/mppi_controller/lib/python3.10/site-packages/mppi_controller-0.0.0-py3.10.egg-info
[2.683s] running install_scripts
[2.921s] Installing mppi_controller script to /home/chri/CHRI_2025/Time_optimal_baseline/install/mppi_controller/lib/mppi_controller
[2.922s] writing list of installed files to '/home/chri/CHRI_2025/Time_optimal_baseline/build/mppi_controller/install.log'
[2.954s] Invoked command in '/home/chri/CHRI_2025/Time_optimal_baseline/src/mppi_controller' returned '0': PYTHONPATH=/home/chri/CHRI_2025/Time_optimal_baseline/build/mppi_controller/prefix_override:/usr/lib/python3/dist-packages/colcon_core/task/python/colcon_distutils_commands:/home/chri/CHRI_2025/Time_optimal_baseline/install/mppi_controller/lib/python3.10/site-packages:${PYTHONPATH} /usr/bin/python3 -W ignore:setup.py install is deprecated -W ignore:easy_install command is deprecated setup.py egg_info --egg-base ../../build/mppi_controller build --build-base /home/chri/CHRI_2025/Time_optimal_baseline/build/mppi_controller/build install --record /home/chri/CHRI_2025/Time_optimal_baseline/build/mppi_controller/install.log --single-version-externally-managed install_data
