[4.532s] Invoking command in '/home/chri/CHRI_2025/Time_optimal_baseline/src/sim_utils': PYTHONPATH=/home/chri/CHRI_2025/Time_optimal_baseline/build/sim_utils/prefix_override:/usr/lib/python3/dist-packages/colcon_core/task/python/colcon_distutils_commands:/home/chri/CHRI_2025/Time_optimal_baseline/install/sim_utils/lib/python3.10/site-packages:${PYTHONPATH} /usr/bin/python3 -W ignore:setup.py install is deprecated -W ignore:easy_install command is deprecated setup.py egg_info --egg-base ../../build/sim_utils build --build-base /home/chri/CHRI_2025/Time_optimal_baseline/build/sim_utils/build install --record /home/chri/CHRI_2025/Time_optimal_baseline/build/sim_utils/install.log --single-version-externally-managed install_data
[4.784s] /home/chri/.local/lib/python3.10/site-packages/setuptools/_distutils/dist.py:289: UserWarning: Unknown distribution option: 'tests_require'
[4.784s]   warnings.warn(msg)
[4.971s] running egg_info
[5.001s] writing ../../build/sim_utils/sim_utils.egg-info/PKG-INFO
[5.002s] writing dependency_links to ../../build/sim_utils/sim_utils.egg-info/dependency_links.txt
[5.002s] writing entry points to ../../build/sim_utils/sim_utils.egg-info/entry_points.txt
[5.003s] writing requirements to ../../build/sim_utils/sim_utils.egg-info/requires.txt
[5.003s] writing top-level names to ../../build/sim_utils/sim_utils.egg-info/top_level.txt
[5.066s] reading manifest file '../../build/sim_utils/sim_utils.egg-info/SOURCES.txt'
[5.069s] writing manifest file '../../build/sim_utils/sim_utils.egg-info/SOURCES.txt'
[5.069s] running build
[5.070s] running build_py
[5.070s] copying sim_utils/human_motion_player.py -> /home/chri/CHRI_2025/Time_optimal_baseline/build/sim_utils/build/lib/sim_utils
[5.071s] running install
[5.076s] running install_lib
[5.108s] running install_data
[5.109s] running install_egg_info
[5.143s] removing '/home/chri/CHRI_2025/Time_optimal_baseline/install/sim_utils/lib/python3.10/site-packages/sim_utils-0.0.0-py3.10.egg-info' (and everything under it)
[5.143s] Copying ../../build/sim_utils/sim_utils.egg-info to /home/chri/CHRI_2025/Time_optimal_baseline/install/sim_utils/lib/python3.10/site-packages/sim_utils-0.0.0-py3.10.egg-info
[5.156s] running install_scripts
[5.405s] Installing human_motion_player script to /home/chri/CHRI_2025/Time_optimal_baseline/install/sim_utils/lib/sim_utils
[5.406s] writing list of installed files to '/home/chri/CHRI_2025/Time_optimal_baseline/build/sim_utils/install.log'
[5.440s] Invoked command in '/home/chri/CHRI_2025/Time_optimal_baseline/src/sim_utils' returned '0': PYTHONPATH=/home/chri/CHRI_2025/Time_optimal_baseline/build/sim_utils/prefix_override:/usr/lib/python3/dist-packages/colcon_core/task/python/colcon_distutils_commands:/home/chri/CHRI_2025/Time_optimal_baseline/install/sim_utils/lib/python3.10/site-packages:${PYTHONPATH} /usr/bin/python3 -W ignore:setup.py install is deprecated -W ignore:easy_install command is deprecated setup.py egg_info --egg-base ../../build/sim_utils build --build-base /home/chri/CHRI_2025/Time_optimal_baseline/build/sim_utils/build install --record /home/chri/CHRI_2025/Time_optimal_baseline/build/sim_utils/install.log --single-version-externally-managed install_data
