[0.199s] DEBUG:colcon:Command line arguments: ['/usr/bin/colcon', 'build']
[0.199s] DEBUG:colcon:Parsed command line arguments: Namespace(log_base=None, log_level=None, verb_name='build', build_base='build', install_base='install', merge_install=False, symlink_install=False, test_result_base=None, continue_on_error=False, executor='parallel', parallel_workers=16, event_handlers=None, ignore_user_meta=False, metas=['./colcon.meta'], base_paths=['.'], packages_ignore=None, packages_ignore_regex=None, paths=None, packages_up_to=None, packages_up_to_regex=None, packages_above=None, packages_above_and_dependencies=None, packages_above_depth=None, packages_select_by_dep=None, packages_skip_by_dep=None, packages_skip_up_to=None, packages_select_build_failed=False, packages_skip_build_finished=False, packages_select_test_failures=False, packages_skip_test_passed=False, packages_select=None, packages_skip=None, packages_select_regex=None, packages_skip_regex=None, packages_start=None, packages_end=None, allow_overriding=[], cmake_args=None, cmake_target=None, cmake_target_skip_unavailable=False, cmake_clean_cache=False, cmake_clean_first=False, cmake_force_configure=False, ament_cmake_args=None, catkin_cmake_args=None, catkin_skip_building_tests=False, mixin_files=None, mixin=None, verb_parser=<colcon_mixin.mixin.mixin_argument.MixinArgumentDecorator object at 0x7ad8da392920>, verb_extension=<colcon_core.verb.build.BuildVerb object at 0x7ad8da392410>, main=<bound method BuildVerb.main of <colcon_core.verb.build.BuildVerb object at 0x7ad8da392410>>, mixin_verb=('build',))
[0.251s] Level 1:colcon.colcon_core.package_discovery:discover_packages(colcon_meta) check parameters
[0.251s] Level 1:colcon.colcon_core.package_discovery:discover_packages(recursive) check parameters
[0.251s] Level 1:colcon.colcon_core.package_discovery:discover_packages(ignore) check parameters
[0.251s] Level 1:colcon.colcon_core.package_discovery:discover_packages(path) check parameters
[0.251s] Level 1:colcon.colcon_core.package_discovery:discover_packages(colcon_meta) discover
[0.252s] Level 1:colcon.colcon_core.package_discovery:discover_packages(recursive) discover
[0.252s] INFO:colcon.colcon_core.package_discovery:Crawling recursively for packages in '/home/chri/CHRI_2025/Time_optimal_baseline'
[0.252s] Level 1:colcon.colcon_core.package_identification:_identify(.) by extensions ['ignore', 'ignore_ament_install']
[0.252s] Level 1:colcon.colcon_core.package_identification:_identify(.) by extension 'ignore'
[0.252s] Level 1:colcon.colcon_core.package_identification:_identify(.) by extension 'ignore_ament_install'
[0.252s] Level 1:colcon.colcon_core.package_identification:_identify(.) by extensions ['colcon_pkg']
[0.252s] Level 1:colcon.colcon_core.package_identification:_identify(.) by extension 'colcon_pkg'
[0.252s] Level 1:colcon.colcon_core.package_identification:_identify(.) by extensions ['colcon_meta']
[0.252s] Level 1:colcon.colcon_core.package_identification:_identify(.) by extension 'colcon_meta'
[0.252s] Level 1:colcon.colcon_core.package_identification:_identify(.) by extensions ['ros']
[0.252s] Level 1:colcon.colcon_core.package_identification:_identify(.) by extension 'ros'
[0.270s] Level 1:colcon.colcon_core.package_identification:_identify(.) by extensions ['cmake', 'python']
[0.270s] Level 1:colcon.colcon_core.package_identification:_identify(.) by extension 'cmake'
[0.270s] Level 1:colcon.colcon_core.package_identification:_identify(.) by extension 'python'
[0.271s] Level 1:colcon.colcon_core.package_identification:_identify(.) by extensions ['python_setup_py']
[0.271s] Level 1:colcon.colcon_core.package_identification:_identify(.) by extension 'python_setup_py'
[0.271s] Level 1:colcon.colcon_core.package_identification:_identify(build) by extensions ['ignore', 'ignore_ament_install']
[0.271s] Level 1:colcon.colcon_core.package_identification:_identify(build) by extension 'ignore'
[0.271s] Level 1:colcon.colcon_core.package_identification:_identify(build) ignored
[0.271s] Level 1:colcon.colcon_core.package_identification:_identify(install) by extensions ['ignore', 'ignore_ament_install']
[0.271s] Level 1:colcon.colcon_core.package_identification:_identify(install) by extension 'ignore'
[0.271s] Level 1:colcon.colcon_core.package_identification:_identify(install) ignored
[0.272s] Level 1:colcon.colcon_core.package_identification:_identify(log) by extensions ['ignore', 'ignore_ament_install']
[0.272s] Level 1:colcon.colcon_core.package_identification:_identify(log) by extension 'ignore'
[0.272s] Level 1:colcon.colcon_core.package_identification:_identify(log) ignored
[0.272s] Level 1:colcon.colcon_core.package_identification:_identify(solvers) by extensions ['ignore', 'ignore_ament_install']
[0.272s] Level 1:colcon.colcon_core.package_identification:_identify(solvers) by extension 'ignore'
[0.272s] Level 1:colcon.colcon_core.package_identification:_identify(solvers) by extension 'ignore_ament_install'
[0.272s] Level 1:colcon.colcon_core.package_identification:_identify(solvers) by extensions ['colcon_pkg']
[0.273s] Level 1:colcon.colcon_core.package_identification:_identify(solvers) by extension 'colcon_pkg'
[0.273s] Level 1:colcon.colcon_core.package_identification:_identify(solvers) by extensions ['colcon_meta']
[0.273s] Level 1:colcon.colcon_core.package_identification:_identify(solvers) by extension 'colcon_meta'
[0.273s] Level 1:colcon.colcon_core.package_identification:_identify(solvers) by extensions ['ros']
[0.273s] Level 1:colcon.colcon_core.package_identification:_identify(solvers) by extension 'ros'
[0.273s] Level 1:colcon.colcon_core.package_identification:_identify(solvers) by extensions ['cmake', 'python']
[0.273s] Level 1:colcon.colcon_core.package_identification:_identify(solvers) by extension 'cmake'
[0.273s] Level 1:colcon.colcon_core.package_identification:_identify(solvers) by extension 'python'
[0.273s] Level 1:colcon.colcon_core.package_identification:_identify(solvers) by extensions ['python_setup_py']
[0.273s] Level 1:colcon.colcon_core.package_identification:_identify(solvers) by extension 'python_setup_py'
[0.273s] Level 1:colcon.colcon_core.package_identification:_identify(solvers/c_generated_code_low) by extensions ['ignore', 'ignore_ament_install']
[0.273s] Level 1:colcon.colcon_core.package_identification:_identify(solvers/c_generated_code_low) by extension 'ignore'
[0.273s] Level 1:colcon.colcon_core.package_identification:_identify(solvers/c_generated_code_low) by extension 'ignore_ament_install'
[0.273s] Level 1:colcon.colcon_core.package_identification:_identify(solvers/c_generated_code_low) by extensions ['colcon_pkg']
[0.273s] Level 1:colcon.colcon_core.package_identification:_identify(solvers/c_generated_code_low) by extension 'colcon_pkg'
[0.273s] Level 1:colcon.colcon_core.package_identification:_identify(solvers/c_generated_code_low) by extensions ['colcon_meta']
[0.273s] Level 1:colcon.colcon_core.package_identification:_identify(solvers/c_generated_code_low) by extension 'colcon_meta'
[0.274s] Level 1:colcon.colcon_core.package_identification:_identify(solvers/c_generated_code_low) by extensions ['ros']
[0.274s] Level 1:colcon.colcon_core.package_identification:_identify(solvers/c_generated_code_low) by extension 'ros'
[0.274s] Level 1:colcon.colcon_core.package_identification:_identify(solvers/c_generated_code_low) by extensions ['cmake', 'python']
[0.274s] Level 1:colcon.colcon_core.package_identification:_identify(solvers/c_generated_code_low) by extension 'cmake'
[0.274s] Level 1:colcon.colcon_core.package_identification:_identify(solvers/c_generated_code_low) by extension 'python'
[0.274s] Level 1:colcon.colcon_core.package_identification:_identify(solvers/c_generated_code_low) by extensions ['python_setup_py']
[0.274s] Level 1:colcon.colcon_core.package_identification:_identify(solvers/c_generated_code_low) by extension 'python_setup_py'
[0.274s] Level 1:colcon.colcon_core.package_identification:_identify(solvers/c_generated_code_low/UR5_constraints) by extensions ['ignore', 'ignore_ament_install']
[0.274s] Level 1:colcon.colcon_core.package_identification:_identify(solvers/c_generated_code_low/UR5_constraints) by extension 'ignore'
[0.274s] Level 1:colcon.colcon_core.package_identification:_identify(solvers/c_generated_code_low/UR5_constraints) by extension 'ignore_ament_install'
[0.274s] Level 1:colcon.colcon_core.package_identification:_identify(solvers/c_generated_code_low/UR5_constraints) by extensions ['colcon_pkg']
[0.275s] Level 1:colcon.colcon_core.package_identification:_identify(solvers/c_generated_code_low/UR5_constraints) by extension 'colcon_pkg'
[0.275s] Level 1:colcon.colcon_core.package_identification:_identify(solvers/c_generated_code_low/UR5_constraints) by extensions ['colcon_meta']
[0.275s] Level 1:colcon.colcon_core.package_identification:_identify(solvers/c_generated_code_low/UR5_constraints) by extension 'colcon_meta'
[0.275s] Level 1:colcon.colcon_core.package_identification:_identify(solvers/c_generated_code_low/UR5_constraints) by extensions ['ros']
[0.275s] Level 1:colcon.colcon_core.package_identification:_identify(solvers/c_generated_code_low/UR5_constraints) by extension 'ros'
[0.275s] Level 1:colcon.colcon_core.package_identification:_identify(solvers/c_generated_code_low/UR5_constraints) by extensions ['cmake', 'python']
[0.275s] Level 1:colcon.colcon_core.package_identification:_identify(solvers/c_generated_code_low/UR5_constraints) by extension 'cmake'
[0.275s] Level 1:colcon.colcon_core.package_identification:_identify(solvers/c_generated_code_low/UR5_constraints) by extension 'python'
[0.275s] Level 1:colcon.colcon_core.package_identification:_identify(solvers/c_generated_code_low/UR5_constraints) by extensions ['python_setup_py']
[0.275s] Level 1:colcon.colcon_core.package_identification:_identify(solvers/c_generated_code_low/UR5_constraints) by extension 'python_setup_py'
[0.275s] Level 1:colcon.colcon_core.package_identification:_identify(solvers/c_generated_code_low/UR5_model) by extensions ['ignore', 'ignore_ament_install']
[0.275s] Level 1:colcon.colcon_core.package_identification:_identify(solvers/c_generated_code_low/UR5_model) by extension 'ignore'
[0.275s] Level 1:colcon.colcon_core.package_identification:_identify(solvers/c_generated_code_low/UR5_model) by extension 'ignore_ament_install'
[0.276s] Level 1:colcon.colcon_core.package_identification:_identify(solvers/c_generated_code_low/UR5_model) by extensions ['colcon_pkg']
[0.276s] Level 1:colcon.colcon_core.package_identification:_identify(solvers/c_generated_code_low/UR5_model) by extension 'colcon_pkg'
[0.276s] Level 1:colcon.colcon_core.package_identification:_identify(solvers/c_generated_code_low/UR5_model) by extensions ['colcon_meta']
[0.276s] Level 1:colcon.colcon_core.package_identification:_identify(solvers/c_generated_code_low/UR5_model) by extension 'colcon_meta'
[0.276s] Level 1:colcon.colcon_core.package_identification:_identify(solvers/c_generated_code_low/UR5_model) by extensions ['ros']
[0.276s] Level 1:colcon.colcon_core.package_identification:_identify(solvers/c_generated_code_low/UR5_model) by extension 'ros'
[0.276s] Level 1:colcon.colcon_core.package_identification:_identify(solvers/c_generated_code_low/UR5_model) by extensions ['cmake', 'python']
[0.276s] Level 1:colcon.colcon_core.package_identification:_identify(solvers/c_generated_code_low/UR5_model) by extension 'cmake'
[0.276s] Level 1:colcon.colcon_core.package_identification:_identify(solvers/c_generated_code_low/UR5_model) by extension 'python'
[0.276s] Level 1:colcon.colcon_core.package_identification:_identify(solvers/c_generated_code_low/UR5_model) by extensions ['python_setup_py']
[0.276s] Level 1:colcon.colcon_core.package_identification:_identify(solvers/c_generated_code_low/UR5_model) by extension 'python_setup_py'
[0.276s] Level 1:colcon.colcon_core.package_identification:_identify(solvers/c_generated_code_old) by extensions ['ignore', 'ignore_ament_install']
[0.277s] Level 1:colcon.colcon_core.package_identification:_identify(solvers/c_generated_code_old) by extension 'ignore'
[0.277s] Level 1:colcon.colcon_core.package_identification:_identify(solvers/c_generated_code_old) by extension 'ignore_ament_install'
[0.277s] Level 1:colcon.colcon_core.package_identification:_identify(solvers/c_generated_code_old) by extensions ['colcon_pkg']
[0.277s] Level 1:colcon.colcon_core.package_identification:_identify(solvers/c_generated_code_old) by extension 'colcon_pkg'
[0.277s] Level 1:colcon.colcon_core.package_identification:_identify(solvers/c_generated_code_old) by extensions ['colcon_meta']
[0.277s] Level 1:colcon.colcon_core.package_identification:_identify(solvers/c_generated_code_old) by extension 'colcon_meta'
[0.277s] Level 1:colcon.colcon_core.package_identification:_identify(solvers/c_generated_code_old) by extensions ['ros']
[0.277s] Level 1:colcon.colcon_core.package_identification:_identify(solvers/c_generated_code_old) by extension 'ros'
[0.277s] Level 1:colcon.colcon_core.package_identification:_identify(solvers/c_generated_code_old) by extensions ['cmake', 'python']
[0.277s] Level 1:colcon.colcon_core.package_identification:_identify(solvers/c_generated_code_old) by extension 'cmake'
[0.277s] Level 1:colcon.colcon_core.package_identification:_identify(solvers/c_generated_code_old) by extension 'python'
[0.277s] Level 1:colcon.colcon_core.package_identification:_identify(solvers/c_generated_code_old) by extensions ['python_setup_py']
[0.277s] Level 1:colcon.colcon_core.package_identification:_identify(solvers/c_generated_code_old) by extension 'python_setup_py'
[0.277s] Level 1:colcon.colcon_core.package_identification:_identify(solvers/c_generated_code_old/UR5_constraints) by extensions ['ignore', 'ignore_ament_install']
[0.278s] Level 1:colcon.colcon_core.package_identification:_identify(solvers/c_generated_code_old/UR5_constraints) by extension 'ignore'
[0.278s] Level 1:colcon.colcon_core.package_identification:_identify(solvers/c_generated_code_old/UR5_constraints) by extension 'ignore_ament_install'
[0.278s] Level 1:colcon.colcon_core.package_identification:_identify(solvers/c_generated_code_old/UR5_constraints) by extensions ['colcon_pkg']
[0.278s] Level 1:colcon.colcon_core.package_identification:_identify(solvers/c_generated_code_old/UR5_constraints) by extension 'colcon_pkg'
[0.278s] Level 1:colcon.colcon_core.package_identification:_identify(solvers/c_generated_code_old/UR5_constraints) by extensions ['colcon_meta']
[0.278s] Level 1:colcon.colcon_core.package_identification:_identify(solvers/c_generated_code_old/UR5_constraints) by extension 'colcon_meta'
[0.278s] Level 1:colcon.colcon_core.package_identification:_identify(solvers/c_generated_code_old/UR5_constraints) by extensions ['ros']
[0.278s] Level 1:colcon.colcon_core.package_identification:_identify(solvers/c_generated_code_old/UR5_constraints) by extension 'ros'
[0.278s] Level 1:colcon.colcon_core.package_identification:_identify(solvers/c_generated_code_old/UR5_constraints) by extensions ['cmake', 'python']
[0.278s] Level 1:colcon.colcon_core.package_identification:_identify(solvers/c_generated_code_old/UR5_constraints) by extension 'cmake'
[0.278s] Level 1:colcon.colcon_core.package_identification:_identify(solvers/c_generated_code_old/UR5_constraints) by extension 'python'
[0.278s] Level 1:colcon.colcon_core.package_identification:_identify(solvers/c_generated_code_old/UR5_constraints) by extensions ['python_setup_py']
[0.278s] Level 1:colcon.colcon_core.package_identification:_identify(solvers/c_generated_code_old/UR5_constraints) by extension 'python_setup_py'
[0.278s] Level 1:colcon.colcon_core.package_identification:_identify(solvers/c_generated_code_old/UR5_model) by extensions ['ignore', 'ignore_ament_install']
[0.279s] Level 1:colcon.colcon_core.package_identification:_identify(solvers/c_generated_code_old/UR5_model) by extension 'ignore'
[0.279s] Level 1:colcon.colcon_core.package_identification:_identify(solvers/c_generated_code_old/UR5_model) by extension 'ignore_ament_install'
[0.279s] Level 1:colcon.colcon_core.package_identification:_identify(solvers/c_generated_code_old/UR5_model) by extensions ['colcon_pkg']
[0.279s] Level 1:colcon.colcon_core.package_identification:_identify(solvers/c_generated_code_old/UR5_model) by extension 'colcon_pkg'
[0.279s] Level 1:colcon.colcon_core.package_identification:_identify(solvers/c_generated_code_old/UR5_model) by extensions ['colcon_meta']
[0.279s] Level 1:colcon.colcon_core.package_identification:_identify(solvers/c_generated_code_old/UR5_model) by extension 'colcon_meta'
[0.279s] Level 1:colcon.colcon_core.package_identification:_identify(solvers/c_generated_code_old/UR5_model) by extensions ['ros']
[0.279s] Level 1:colcon.colcon_core.package_identification:_identify(solvers/c_generated_code_old/UR5_model) by extension 'ros'
[0.279s] Level 1:colcon.colcon_core.package_identification:_identify(solvers/c_generated_code_old/UR5_model) by extensions ['cmake', 'python']
[0.279s] Level 1:colcon.colcon_core.package_identification:_identify(solvers/c_generated_code_old/UR5_model) by extension 'cmake'
[0.279s] Level 1:colcon.colcon_core.package_identification:_identify(solvers/c_generated_code_old/UR5_model) by extension 'python'
[0.279s] Level 1:colcon.colcon_core.package_identification:_identify(solvers/c_generated_code_old/UR5_model) by extensions ['python_setup_py']
[0.279s] Level 1:colcon.colcon_core.package_identification:_identify(solvers/c_generated_code_old/UR5_model) by extension 'python_setup_py'
[0.279s] Level 1:colcon.colcon_core.package_identification:_identify(solvers/c_generated_code_old2) by extensions ['ignore', 'ignore_ament_install']
[0.279s] Level 1:colcon.colcon_core.package_identification:_identify(solvers/c_generated_code_old2) by extension 'ignore'
[0.280s] Level 1:colcon.colcon_core.package_identification:_identify(solvers/c_generated_code_old2) by extension 'ignore_ament_install'
[0.280s] Level 1:colcon.colcon_core.package_identification:_identify(solvers/c_generated_code_old2) by extensions ['colcon_pkg']
[0.280s] Level 1:colcon.colcon_core.package_identification:_identify(solvers/c_generated_code_old2) by extension 'colcon_pkg'
[0.280s] Level 1:colcon.colcon_core.package_identification:_identify(solvers/c_generated_code_old2) by extensions ['colcon_meta']
[0.280s] Level 1:colcon.colcon_core.package_identification:_identify(solvers/c_generated_code_old2) by extension 'colcon_meta'
[0.280s] Level 1:colcon.colcon_core.package_identification:_identify(solvers/c_generated_code_old2) by extensions ['ros']
[0.280s] Level 1:colcon.colcon_core.package_identification:_identify(solvers/c_generated_code_old2) by extension 'ros'
[0.280s] Level 1:colcon.colcon_core.package_identification:_identify(solvers/c_generated_code_old2) by extensions ['cmake', 'python']
[0.280s] Level 1:colcon.colcon_core.package_identification:_identify(solvers/c_generated_code_old2) by extension 'cmake'
[0.280s] Level 1:colcon.colcon_core.package_identification:_identify(solvers/c_generated_code_old2) by extension 'python'
[0.280s] Level 1:colcon.colcon_core.package_identification:_identify(solvers/c_generated_code_old2) by extensions ['python_setup_py']
[0.280s] Level 1:colcon.colcon_core.package_identification:_identify(solvers/c_generated_code_old2) by extension 'python_setup_py'
[0.280s] Level 1:colcon.colcon_core.package_identification:_identify(solvers/c_generated_code_old2/UR5_constraints) by extensions ['ignore', 'ignore_ament_install']
[0.281s] Level 1:colcon.colcon_core.package_identification:_identify(solvers/c_generated_code_old2/UR5_constraints) by extension 'ignore'
[0.281s] Level 1:colcon.colcon_core.package_identification:_identify(solvers/c_generated_code_old2/UR5_constraints) by extension 'ignore_ament_install'
[0.281s] Level 1:colcon.colcon_core.package_identification:_identify(solvers/c_generated_code_old2/UR5_constraints) by extensions ['colcon_pkg']
[0.281s] Level 1:colcon.colcon_core.package_identification:_identify(solvers/c_generated_code_old2/UR5_constraints) by extension 'colcon_pkg'
[0.281s] Level 1:colcon.colcon_core.package_identification:_identify(solvers/c_generated_code_old2/UR5_constraints) by extensions ['colcon_meta']
[0.281s] Level 1:colcon.colcon_core.package_identification:_identify(solvers/c_generated_code_old2/UR5_constraints) by extension 'colcon_meta'
[0.281s] Level 1:colcon.colcon_core.package_identification:_identify(solvers/c_generated_code_old2/UR5_constraints) by extensions ['ros']
[0.281s] Level 1:colcon.colcon_core.package_identification:_identify(solvers/c_generated_code_old2/UR5_constraints) by extension 'ros'
[0.281s] Level 1:colcon.colcon_core.package_identification:_identify(solvers/c_generated_code_old2/UR5_constraints) by extensions ['cmake', 'python']
[0.281s] Level 1:colcon.colcon_core.package_identification:_identify(solvers/c_generated_code_old2/UR5_constraints) by extension 'cmake'
[0.281s] Level 1:colcon.colcon_core.package_identification:_identify(solvers/c_generated_code_old2/UR5_constraints) by extension 'python'
[0.281s] Level 1:colcon.colcon_core.package_identification:_identify(solvers/c_generated_code_old2/UR5_constraints) by extensions ['python_setup_py']
[0.281s] Level 1:colcon.colcon_core.package_identification:_identify(solvers/c_generated_code_old2/UR5_constraints) by extension 'python_setup_py'
[0.281s] Level 1:colcon.colcon_core.package_identification:_identify(solvers/c_generated_code_old2/UR5_model) by extensions ['ignore', 'ignore_ament_install']
[0.282s] Level 1:colcon.colcon_core.package_identification:_identify(solvers/c_generated_code_old2/UR5_model) by extension 'ignore'
[0.282s] Level 1:colcon.colcon_core.package_identification:_identify(solvers/c_generated_code_old2/UR5_model) by extension 'ignore_ament_install'
[0.282s] Level 1:colcon.colcon_core.package_identification:_identify(solvers/c_generated_code_old2/UR5_model) by extensions ['colcon_pkg']
[0.282s] Level 1:colcon.colcon_core.package_identification:_identify(solvers/c_generated_code_old2/UR5_model) by extension 'colcon_pkg'
[0.282s] Level 1:colcon.colcon_core.package_identification:_identify(solvers/c_generated_code_old2/UR5_model) by extensions ['colcon_meta']
[0.282s] Level 1:colcon.colcon_core.package_identification:_identify(solvers/c_generated_code_old2/UR5_model) by extension 'colcon_meta'
[0.282s] Level 1:colcon.colcon_core.package_identification:_identify(solvers/c_generated_code_old2/UR5_model) by extensions ['ros']
[0.282s] Level 1:colcon.colcon_core.package_identification:_identify(solvers/c_generated_code_old2/UR5_model) by extension 'ros'
[0.282s] Level 1:colcon.colcon_core.package_identification:_identify(solvers/c_generated_code_old2/UR5_model) by extensions ['cmake', 'python']
[0.282s] Level 1:colcon.colcon_core.package_identification:_identify(solvers/c_generated_code_old2/UR5_model) by extension 'cmake'
[0.282s] Level 1:colcon.colcon_core.package_identification:_identify(solvers/c_generated_code_old2/UR5_model) by extension 'python'
[0.282s] Level 1:colcon.colcon_core.package_identification:_identify(solvers/c_generated_code_old2/UR5_model) by extensions ['python_setup_py']
[0.282s] Level 1:colcon.colcon_core.package_identification:_identify(solvers/c_generated_code_old2/UR5_model) by extension 'python_setup_py'
[0.282s] Level 1:colcon.colcon_core.package_identification:_identify(solvers/solver) by extensions ['ignore', 'ignore_ament_install']
[0.283s] Level 1:colcon.colcon_core.package_identification:_identify(solvers/solver) by extension 'ignore'
[0.283s] Level 1:colcon.colcon_core.package_identification:_identify(solvers/solver) by extension 'ignore_ament_install'
[0.283s] Level 1:colcon.colcon_core.package_identification:_identify(solvers/solver) by extensions ['colcon_pkg']
[0.283s] Level 1:colcon.colcon_core.package_identification:_identify(solvers/solver) by extension 'colcon_pkg'
[0.283s] Level 1:colcon.colcon_core.package_identification:_identify(solvers/solver) by extensions ['colcon_meta']
[0.283s] Level 1:colcon.colcon_core.package_identification:_identify(solvers/solver) by extension 'colcon_meta'
[0.283s] Level 1:colcon.colcon_core.package_identification:_identify(solvers/solver) by extensions ['ros']
[0.283s] Level 1:colcon.colcon_core.package_identification:_identify(solvers/solver) by extension 'ros'
[0.283s] Level 1:colcon.colcon_core.package_identification:_identify(solvers/solver) by extensions ['cmake', 'python']
[0.283s] Level 1:colcon.colcon_core.package_identification:_identify(solvers/solver) by extension 'cmake'
[0.283s] Level 1:colcon.colcon_core.package_identification:_identify(solvers/solver) by extension 'python'
[0.283s] Level 1:colcon.colcon_core.package_identification:_identify(solvers/solver) by extensions ['python_setup_py']
[0.283s] Level 1:colcon.colcon_core.package_identification:_identify(solvers/solver) by extension 'python_setup_py'
[0.283s] Level 1:colcon.colcon_core.package_identification:_identify(solvers/solver/UR5_constraints) by extensions ['ignore', 'ignore_ament_install']
[0.284s] Level 1:colcon.colcon_core.package_identification:_identify(solvers/solver/UR5_constraints) by extension 'ignore'
[0.284s] Level 1:colcon.colcon_core.package_identification:_identify(solvers/solver/UR5_constraints) by extension 'ignore_ament_install'
[0.284s] Level 1:colcon.colcon_core.package_identification:_identify(solvers/solver/UR5_constraints) by extensions ['colcon_pkg']
[0.284s] Level 1:colcon.colcon_core.package_identification:_identify(solvers/solver/UR5_constraints) by extension 'colcon_pkg'
[0.284s] Level 1:colcon.colcon_core.package_identification:_identify(solvers/solver/UR5_constraints) by extensions ['colcon_meta']
[0.284s] Level 1:colcon.colcon_core.package_identification:_identify(solvers/solver/UR5_constraints) by extension 'colcon_meta'
[0.284s] Level 1:colcon.colcon_core.package_identification:_identify(solvers/solver/UR5_constraints) by extensions ['ros']
[0.284s] Level 1:colcon.colcon_core.package_identification:_identify(solvers/solver/UR5_constraints) by extension 'ros'
[0.284s] Level 1:colcon.colcon_core.package_identification:_identify(solvers/solver/UR5_constraints) by extensions ['cmake', 'python']
[0.284s] Level 1:colcon.colcon_core.package_identification:_identify(solvers/solver/UR5_constraints) by extension 'cmake'
[0.284s] Level 1:colcon.colcon_core.package_identification:_identify(solvers/solver/UR5_constraints) by extension 'python'
[0.284s] Level 1:colcon.colcon_core.package_identification:_identify(solvers/solver/UR5_constraints) by extensions ['python_setup_py']
[0.284s] Level 1:colcon.colcon_core.package_identification:_identify(solvers/solver/UR5_constraints) by extension 'python_setup_py'
[0.284s] Level 1:colcon.colcon_core.package_identification:_identify(solvers/solver/UR5_cost) by extensions ['ignore', 'ignore_ament_install']
[0.285s] Level 1:colcon.colcon_core.package_identification:_identify(solvers/solver/UR5_cost) by extension 'ignore'
[0.285s] Level 1:colcon.colcon_core.package_identification:_identify(solvers/solver/UR5_cost) by extension 'ignore_ament_install'
[0.285s] Level 1:colcon.colcon_core.package_identification:_identify(solvers/solver/UR5_cost) by extensions ['colcon_pkg']
[0.285s] Level 1:colcon.colcon_core.package_identification:_identify(solvers/solver/UR5_cost) by extension 'colcon_pkg'
[0.285s] Level 1:colcon.colcon_core.package_identification:_identify(solvers/solver/UR5_cost) by extensions ['colcon_meta']
[0.285s] Level 1:colcon.colcon_core.package_identification:_identify(solvers/solver/UR5_cost) by extension 'colcon_meta'
[0.285s] Level 1:colcon.colcon_core.package_identification:_identify(solvers/solver/UR5_cost) by extensions ['ros']
[0.285s] Level 1:colcon.colcon_core.package_identification:_identify(solvers/solver/UR5_cost) by extension 'ros'
[0.285s] Level 1:colcon.colcon_core.package_identification:_identify(solvers/solver/UR5_cost) by extensions ['cmake', 'python']
[0.285s] Level 1:colcon.colcon_core.package_identification:_identify(solvers/solver/UR5_cost) by extension 'cmake'
[0.285s] Level 1:colcon.colcon_core.package_identification:_identify(solvers/solver/UR5_cost) by extension 'python'
[0.285s] Level 1:colcon.colcon_core.package_identification:_identify(solvers/solver/UR5_cost) by extensions ['python_setup_py']
[0.285s] Level 1:colcon.colcon_core.package_identification:_identify(solvers/solver/UR5_cost) by extension 'python_setup_py'
[0.285s] Level 1:colcon.colcon_core.package_identification:_identify(solvers/solver/UR5_model) by extensions ['ignore', 'ignore_ament_install']
[0.286s] Level 1:colcon.colcon_core.package_identification:_identify(solvers/solver/UR5_model) by extension 'ignore'
[0.286s] Level 1:colcon.colcon_core.package_identification:_identify(solvers/solver/UR5_model) by extension 'ignore_ament_install'
[0.286s] Level 1:colcon.colcon_core.package_identification:_identify(solvers/solver/UR5_model) by extensions ['colcon_pkg']
[0.286s] Level 1:colcon.colcon_core.package_identification:_identify(solvers/solver/UR5_model) by extension 'colcon_pkg'
[0.286s] Level 1:colcon.colcon_core.package_identification:_identify(solvers/solver/UR5_model) by extensions ['colcon_meta']
[0.286s] Level 1:colcon.colcon_core.package_identification:_identify(solvers/solver/UR5_model) by extension 'colcon_meta'
[0.286s] Level 1:colcon.colcon_core.package_identification:_identify(solvers/solver/UR5_model) by extensions ['ros']
[0.286s] Level 1:colcon.colcon_core.package_identification:_identify(solvers/solver/UR5_model) by extension 'ros'
[0.286s] Level 1:colcon.colcon_core.package_identification:_identify(solvers/solver/UR5_model) by extensions ['cmake', 'python']
[0.286s] Level 1:colcon.colcon_core.package_identification:_identify(solvers/solver/UR5_model) by extension 'cmake'
[0.286s] Level 1:colcon.colcon_core.package_identification:_identify(solvers/solver/UR5_model) by extension 'python'
[0.286s] Level 1:colcon.colcon_core.package_identification:_identify(solvers/solver/UR5_model) by extensions ['python_setup_py']
[0.286s] Level 1:colcon.colcon_core.package_identification:_identify(solvers/solver/UR5_model) by extension 'python_setup_py'
[0.286s] Level 1:colcon.colcon_core.package_identification:_identify(solvers/solver_low) by extensions ['ignore', 'ignore_ament_install']
[0.286s] Level 1:colcon.colcon_core.package_identification:_identify(solvers/solver_low) by extension 'ignore'
[0.287s] Level 1:colcon.colcon_core.package_identification:_identify(solvers/solver_low) by extension 'ignore_ament_install'
[0.287s] Level 1:colcon.colcon_core.package_identification:_identify(solvers/solver_low) by extensions ['colcon_pkg']
[0.287s] Level 1:colcon.colcon_core.package_identification:_identify(solvers/solver_low) by extension 'colcon_pkg'
[0.287s] Level 1:colcon.colcon_core.package_identification:_identify(solvers/solver_low) by extensions ['colcon_meta']
[0.287s] Level 1:colcon.colcon_core.package_identification:_identify(solvers/solver_low) by extension 'colcon_meta'
[0.287s] Level 1:colcon.colcon_core.package_identification:_identify(solvers/solver_low) by extensions ['ros']
[0.287s] Level 1:colcon.colcon_core.package_identification:_identify(solvers/solver_low) by extension 'ros'
[0.287s] Level 1:colcon.colcon_core.package_identification:_identify(solvers/solver_low) by extensions ['cmake', 'python']
[0.287s] Level 1:colcon.colcon_core.package_identification:_identify(solvers/solver_low) by extension 'cmake'
[0.287s] Level 1:colcon.colcon_core.package_identification:_identify(solvers/solver_low) by extension 'python'
[0.287s] Level 1:colcon.colcon_core.package_identification:_identify(solvers/solver_low) by extensions ['python_setup_py']
[0.287s] Level 1:colcon.colcon_core.package_identification:_identify(solvers/solver_low) by extension 'python_setup_py'
[0.287s] Level 1:colcon.colcon_core.package_identification:_identify(solvers/solver_low/UR5_constraints) by extensions ['ignore', 'ignore_ament_install']
[0.287s] Level 1:colcon.colcon_core.package_identification:_identify(solvers/solver_low/UR5_constraints) by extension 'ignore'
[0.287s] Level 1:colcon.colcon_core.package_identification:_identify(solvers/solver_low/UR5_constraints) by extension 'ignore_ament_install'
[0.288s] Level 1:colcon.colcon_core.package_identification:_identify(solvers/solver_low/UR5_constraints) by extensions ['colcon_pkg']
[0.288s] Level 1:colcon.colcon_core.package_identification:_identify(solvers/solver_low/UR5_constraints) by extension 'colcon_pkg'
[0.288s] Level 1:colcon.colcon_core.package_identification:_identify(solvers/solver_low/UR5_constraints) by extensions ['colcon_meta']
[0.288s] Level 1:colcon.colcon_core.package_identification:_identify(solvers/solver_low/UR5_constraints) by extension 'colcon_meta'
[0.288s] Level 1:colcon.colcon_core.package_identification:_identify(solvers/solver_low/UR5_constraints) by extensions ['ros']
[0.288s] Level 1:colcon.colcon_core.package_identification:_identify(solvers/solver_low/UR5_constraints) by extension 'ros'
[0.288s] Level 1:colcon.colcon_core.package_identification:_identify(solvers/solver_low/UR5_constraints) by extensions ['cmake', 'python']
[0.288s] Level 1:colcon.colcon_core.package_identification:_identify(solvers/solver_low/UR5_constraints) by extension 'cmake'
[0.288s] Level 1:colcon.colcon_core.package_identification:_identify(solvers/solver_low/UR5_constraints) by extension 'python'
[0.288s] Level 1:colcon.colcon_core.package_identification:_identify(solvers/solver_low/UR5_constraints) by extensions ['python_setup_py']
[0.288s] Level 1:colcon.colcon_core.package_identification:_identify(solvers/solver_low/UR5_constraints) by extension 'python_setup_py'
[0.288s] Level 1:colcon.colcon_core.package_identification:_identify(solvers/solver_low/UR5_model) by extensions ['ignore', 'ignore_ament_install']
[0.288s] Level 1:colcon.colcon_core.package_identification:_identify(solvers/solver_low/UR5_model) by extension 'ignore'
[0.288s] Level 1:colcon.colcon_core.package_identification:_identify(solvers/solver_low/UR5_model) by extension 'ignore_ament_install'
[0.288s] Level 1:colcon.colcon_core.package_identification:_identify(solvers/solver_low/UR5_model) by extensions ['colcon_pkg']
[0.288s] Level 1:colcon.colcon_core.package_identification:_identify(solvers/solver_low/UR5_model) by extension 'colcon_pkg'
[0.289s] Level 1:colcon.colcon_core.package_identification:_identify(solvers/solver_low/UR5_model) by extensions ['colcon_meta']
[0.289s] Level 1:colcon.colcon_core.package_identification:_identify(solvers/solver_low/UR5_model) by extension 'colcon_meta'
[0.289s] Level 1:colcon.colcon_core.package_identification:_identify(solvers/solver_low/UR5_model) by extensions ['ros']
[0.289s] Level 1:colcon.colcon_core.package_identification:_identify(solvers/solver_low/UR5_model) by extension 'ros'
[0.289s] Level 1:colcon.colcon_core.package_identification:_identify(solvers/solver_low/UR5_model) by extensions ['cmake', 'python']
[0.289s] Level 1:colcon.colcon_core.package_identification:_identify(solvers/solver_low/UR5_model) by extension 'cmake'
[0.289s] Level 1:colcon.colcon_core.package_identification:_identify(solvers/solver_low/UR5_model) by extension 'python'
[0.289s] Level 1:colcon.colcon_core.package_identification:_identify(solvers/solver_low/UR5_model) by extensions ['python_setup_py']
[0.289s] Level 1:colcon.colcon_core.package_identification:_identify(solvers/solver_low/UR5_model) by extension 'python_setup_py'
[0.289s] Level 1:colcon.colcon_core.package_identification:_identify(solvers/solver_old) by extensions ['ignore', 'ignore_ament_install']
[0.289s] Level 1:colcon.colcon_core.package_identification:_identify(solvers/solver_old) by extension 'ignore'
[0.289s] Level 1:colcon.colcon_core.package_identification:_identify(solvers/solver_old) by extension 'ignore_ament_install'
[0.289s] Level 1:colcon.colcon_core.package_identification:_identify(solvers/solver_old) by extensions ['colcon_pkg']
[0.289s] Level 1:colcon.colcon_core.package_identification:_identify(solvers/solver_old) by extension 'colcon_pkg'
[0.289s] Level 1:colcon.colcon_core.package_identification:_identify(solvers/solver_old) by extensions ['colcon_meta']
[0.290s] Level 1:colcon.colcon_core.package_identification:_identify(solvers/solver_old) by extension 'colcon_meta'
[0.290s] Level 1:colcon.colcon_core.package_identification:_identify(solvers/solver_old) by extensions ['ros']
[0.290s] Level 1:colcon.colcon_core.package_identification:_identify(solvers/solver_old) by extension 'ros'
[0.290s] Level 1:colcon.colcon_core.package_identification:_identify(solvers/solver_old) by extensions ['cmake', 'python']
[0.290s] Level 1:colcon.colcon_core.package_identification:_identify(solvers/solver_old) by extension 'cmake'
[0.290s] Level 1:colcon.colcon_core.package_identification:_identify(solvers/solver_old) by extension 'python'
[0.290s] Level 1:colcon.colcon_core.package_identification:_identify(solvers/solver_old) by extensions ['python_setup_py']
[0.290s] Level 1:colcon.colcon_core.package_identification:_identify(solvers/solver_old) by extension 'python_setup_py'
[0.290s] Level 1:colcon.colcon_core.package_identification:_identify(solvers/solver_old/UR5_constraints) by extensions ['ignore', 'ignore_ament_install']
[0.290s] Level 1:colcon.colcon_core.package_identification:_identify(solvers/solver_old/UR5_constraints) by extension 'ignore'
[0.290s] Level 1:colcon.colcon_core.package_identification:_identify(solvers/solver_old/UR5_constraints) by extension 'ignore_ament_install'
[0.290s] Level 1:colcon.colcon_core.package_identification:_identify(solvers/solver_old/UR5_constraints) by extensions ['colcon_pkg']
[0.290s] Level 1:colcon.colcon_core.package_identification:_identify(solvers/solver_old/UR5_constraints) by extension 'colcon_pkg'
[0.291s] Level 1:colcon.colcon_core.package_identification:_identify(solvers/solver_old/UR5_constraints) by extensions ['colcon_meta']
[0.291s] Level 1:colcon.colcon_core.package_identification:_identify(solvers/solver_old/UR5_constraints) by extension 'colcon_meta'
[0.291s] Level 1:colcon.colcon_core.package_identification:_identify(solvers/solver_old/UR5_constraints) by extensions ['ros']
[0.291s] Level 1:colcon.colcon_core.package_identification:_identify(solvers/solver_old/UR5_constraints) by extension 'ros'
[0.291s] Level 1:colcon.colcon_core.package_identification:_identify(solvers/solver_old/UR5_constraints) by extensions ['cmake', 'python']
[0.291s] Level 1:colcon.colcon_core.package_identification:_identify(solvers/solver_old/UR5_constraints) by extension 'cmake'
[0.291s] Level 1:colcon.colcon_core.package_identification:_identify(solvers/solver_old/UR5_constraints) by extension 'python'
[0.291s] Level 1:colcon.colcon_core.package_identification:_identify(solvers/solver_old/UR5_constraints) by extensions ['python_setup_py']
[0.291s] Level 1:colcon.colcon_core.package_identification:_identify(solvers/solver_old/UR5_constraints) by extension 'python_setup_py'
[0.291s] Level 1:colcon.colcon_core.package_identification:_identify(solvers/solver_old/UR5_model) by extensions ['ignore', 'ignore_ament_install']
[0.291s] Level 1:colcon.colcon_core.package_identification:_identify(solvers/solver_old/UR5_model) by extension 'ignore'
[0.291s] Level 1:colcon.colcon_core.package_identification:_identify(solvers/solver_old/UR5_model) by extension 'ignore_ament_install'
[0.291s] Level 1:colcon.colcon_core.package_identification:_identify(solvers/solver_old/UR5_model) by extensions ['colcon_pkg']
[0.291s] Level 1:colcon.colcon_core.package_identification:_identify(solvers/solver_old/UR5_model) by extension 'colcon_pkg'
[0.291s] Level 1:colcon.colcon_core.package_identification:_identify(solvers/solver_old/UR5_model) by extensions ['colcon_meta']
[0.292s] Level 1:colcon.colcon_core.package_identification:_identify(solvers/solver_old/UR5_model) by extension 'colcon_meta'
[0.292s] Level 1:colcon.colcon_core.package_identification:_identify(solvers/solver_old/UR5_model) by extensions ['ros']
[0.292s] Level 1:colcon.colcon_core.package_identification:_identify(solvers/solver_old/UR5_model) by extension 'ros'
[0.292s] Level 1:colcon.colcon_core.package_identification:_identify(solvers/solver_old/UR5_model) by extensions ['cmake', 'python']
[0.292s] Level 1:colcon.colcon_core.package_identification:_identify(solvers/solver_old/UR5_model) by extension 'cmake'
[0.292s] Level 1:colcon.colcon_core.package_identification:_identify(solvers/solver_old/UR5_model) by extension 'python'
[0.292s] Level 1:colcon.colcon_core.package_identification:_identify(solvers/solver_old/UR5_model) by extensions ['python_setup_py']
[0.292s] Level 1:colcon.colcon_core.package_identification:_identify(solvers/solver_old/UR5_model) by extension 'python_setup_py'
[0.292s] Level 1:colcon.colcon_core.package_identification:_identify(solvers/solver_old2) by extensions ['ignore', 'ignore_ament_install']
[0.292s] Level 1:colcon.colcon_core.package_identification:_identify(solvers/solver_old2) by extension 'ignore'
[0.292s] Level 1:colcon.colcon_core.package_identification:_identify(solvers/solver_old2) by extension 'ignore_ament_install'
[0.292s] Level 1:colcon.colcon_core.package_identification:_identify(solvers/solver_old2) by extensions ['colcon_pkg']
[0.292s] Level 1:colcon.colcon_core.package_identification:_identify(solvers/solver_old2) by extension 'colcon_pkg'
[0.292s] Level 1:colcon.colcon_core.package_identification:_identify(solvers/solver_old2) by extensions ['colcon_meta']
[0.292s] Level 1:colcon.colcon_core.package_identification:_identify(solvers/solver_old2) by extension 'colcon_meta'
[0.292s] Level 1:colcon.colcon_core.package_identification:_identify(solvers/solver_old2) by extensions ['ros']
[0.293s] Level 1:colcon.colcon_core.package_identification:_identify(solvers/solver_old2) by extension 'ros'
[0.293s] Level 1:colcon.colcon_core.package_identification:_identify(solvers/solver_old2) by extensions ['cmake', 'python']
[0.293s] Level 1:colcon.colcon_core.package_identification:_identify(solvers/solver_old2) by extension 'cmake'
[0.293s] Level 1:colcon.colcon_core.package_identification:_identify(solvers/solver_old2) by extension 'python'
[0.293s] Level 1:colcon.colcon_core.package_identification:_identify(solvers/solver_old2) by extensions ['python_setup_py']
[0.293s] Level 1:colcon.colcon_core.package_identification:_identify(solvers/solver_old2) by extension 'python_setup_py'
[0.293s] Level 1:colcon.colcon_core.package_identification:_identify(solvers/solver_old2/UR5_constraints) by extensions ['ignore', 'ignore_ament_install']
[0.293s] Level 1:colcon.colcon_core.package_identification:_identify(solvers/solver_old2/UR5_constraints) by extension 'ignore'
[0.293s] Level 1:colcon.colcon_core.package_identification:_identify(solvers/solver_old2/UR5_constraints) by extension 'ignore_ament_install'
[0.293s] Level 1:colcon.colcon_core.package_identification:_identify(solvers/solver_old2/UR5_constraints) by extensions ['colcon_pkg']
[0.293s] Level 1:colcon.colcon_core.package_identification:_identify(solvers/solver_old2/UR5_constraints) by extension 'colcon_pkg'
[0.293s] Level 1:colcon.colcon_core.package_identification:_identify(solvers/solver_old2/UR5_constraints) by extensions ['colcon_meta']
[0.293s] Level 1:colcon.colcon_core.package_identification:_identify(solvers/solver_old2/UR5_constraints) by extension 'colcon_meta'
[0.294s] Level 1:colcon.colcon_core.package_identification:_identify(solvers/solver_old2/UR5_constraints) by extensions ['ros']
[0.294s] Level 1:colcon.colcon_core.package_identification:_identify(solvers/solver_old2/UR5_constraints) by extension 'ros'
[0.294s] Level 1:colcon.colcon_core.package_identification:_identify(solvers/solver_old2/UR5_constraints) by extensions ['cmake', 'python']
[0.294s] Level 1:colcon.colcon_core.package_identification:_identify(solvers/solver_old2/UR5_constraints) by extension 'cmake'
[0.294s] Level 1:colcon.colcon_core.package_identification:_identify(solvers/solver_old2/UR5_constraints) by extension 'python'
[0.294s] Level 1:colcon.colcon_core.package_identification:_identify(solvers/solver_old2/UR5_constraints) by extensions ['python_setup_py']
[0.294s] Level 1:colcon.colcon_core.package_identification:_identify(solvers/solver_old2/UR5_constraints) by extension 'python_setup_py'
[0.294s] Level 1:colcon.colcon_core.package_identification:_identify(solvers/solver_old2/UR5_model) by extensions ['ignore', 'ignore_ament_install']
[0.294s] Level 1:colcon.colcon_core.package_identification:_identify(solvers/solver_old2/UR5_model) by extension 'ignore'
[0.294s] Level 1:colcon.colcon_core.package_identification:_identify(solvers/solver_old2/UR5_model) by extension 'ignore_ament_install'
[0.294s] Level 1:colcon.colcon_core.package_identification:_identify(solvers/solver_old2/UR5_model) by extensions ['colcon_pkg']
[0.294s] Level 1:colcon.colcon_core.package_identification:_identify(solvers/solver_old2/UR5_model) by extension 'colcon_pkg'
[0.294s] Level 1:colcon.colcon_core.package_identification:_identify(solvers/solver_old2/UR5_model) by extensions ['colcon_meta']
[0.294s] Level 1:colcon.colcon_core.package_identification:_identify(solvers/solver_old2/UR5_model) by extension 'colcon_meta'
[0.294s] Level 1:colcon.colcon_core.package_identification:_identify(solvers/solver_old2/UR5_model) by extensions ['ros']
[0.295s] Level 1:colcon.colcon_core.package_identification:_identify(solvers/solver_old2/UR5_model) by extension 'ros'
[0.295s] Level 1:colcon.colcon_core.package_identification:_identify(solvers/solver_old2/UR5_model) by extensions ['cmake', 'python']
[0.295s] Level 1:colcon.colcon_core.package_identification:_identify(solvers/solver_old2/UR5_model) by extension 'cmake'
[0.295s] Level 1:colcon.colcon_core.package_identification:_identify(solvers/solver_old2/UR5_model) by extension 'python'
[0.295s] Level 1:colcon.colcon_core.package_identification:_identify(solvers/solver_old2/UR5_model) by extensions ['python_setup_py']
[0.295s] Level 1:colcon.colcon_core.package_identification:_identify(solvers/solver_old2/UR5_model) by extension 'python_setup_py'
[0.295s] Level 1:colcon.colcon_core.package_identification:_identify(src) by extensions ['ignore', 'ignore_ament_install']
[0.295s] Level 1:colcon.colcon_core.package_identification:_identify(src) by extension 'ignore'
[0.295s] Level 1:colcon.colcon_core.package_identification:_identify(src) by extension 'ignore_ament_install'
[0.295s] Level 1:colcon.colcon_core.package_identification:_identify(src) by extensions ['colcon_pkg']
[0.295s] Level 1:colcon.colcon_core.package_identification:_identify(src) by extension 'colcon_pkg'
[0.295s] Level 1:colcon.colcon_core.package_identification:_identify(src) by extensions ['colcon_meta']
[0.295s] Level 1:colcon.colcon_core.package_identification:_identify(src) by extension 'colcon_meta'
[0.295s] Level 1:colcon.colcon_core.package_identification:_identify(src) by extensions ['ros']
[0.295s] Level 1:colcon.colcon_core.package_identification:_identify(src) by extension 'ros'
[0.295s] Level 1:colcon.colcon_core.package_identification:_identify(src) by extensions ['cmake', 'python']
[0.296s] Level 1:colcon.colcon_core.package_identification:_identify(src) by extension 'cmake'
[0.296s] Level 1:colcon.colcon_core.package_identification:_identify(src) by extension 'python'
[0.296s] Level 1:colcon.colcon_core.package_identification:_identify(src) by extensions ['python_setup_py']
[0.296s] Level 1:colcon.colcon_core.package_identification:_identify(src) by extension 'python_setup_py'
[0.296s] Level 1:colcon.colcon_core.package_identification:_identify(src/build) by extensions ['ignore', 'ignore_ament_install']
[0.296s] Level 1:colcon.colcon_core.package_identification:_identify(src/build) by extension 'ignore'
[0.296s] Level 1:colcon.colcon_core.package_identification:_identify(src/build) ignored
[0.296s] Level 1:colcon.colcon_core.package_identification:_identify(src/install) by extensions ['ignore', 'ignore_ament_install']
[0.296s] Level 1:colcon.colcon_core.package_identification:_identify(src/install) by extension 'ignore'
[0.296s] Level 1:colcon.colcon_core.package_identification:_identify(src/install) ignored
[0.296s] Level 1:colcon.colcon_core.package_identification:_identify(src/log) by extensions ['ignore', 'ignore_ament_install']
[0.297s] Level 1:colcon.colcon_core.package_identification:_identify(src/log) by extension 'ignore'
[0.297s] Level 1:colcon.colcon_core.package_identification:_identify(src/log) ignored
[0.297s] Level 1:colcon.colcon_core.package_identification:_identify(src/mpc_high) by extensions ['ignore', 'ignore_ament_install']
[0.297s] Level 1:colcon.colcon_core.package_identification:_identify(src/mpc_high) by extension 'ignore'
[0.297s] Level 1:colcon.colcon_core.package_identification:_identify(src/mpc_high) by extension 'ignore_ament_install'
[0.297s] Level 1:colcon.colcon_core.package_identification:_identify(src/mpc_high) by extensions ['colcon_pkg']
[0.297s] Level 1:colcon.colcon_core.package_identification:_identify(src/mpc_high) by extension 'colcon_pkg'
[0.297s] Level 1:colcon.colcon_core.package_identification:_identify(src/mpc_high) by extensions ['colcon_meta']
[0.297s] Level 1:colcon.colcon_core.package_identification:_identify(src/mpc_high) by extension 'colcon_meta'
[0.297s] Level 1:colcon.colcon_core.package_identification:_identify(src/mpc_high) by extensions ['ros']
[0.297s] Level 1:colcon.colcon_core.package_identification:_identify(src/mpc_high) by extension 'ros'
[0.300s] DEBUG:colcon.colcon_core.package_identification:Package 'src/mpc_high' with type 'ros.ament_cmake' and name 'mpc_high'
[0.300s] Level 1:colcon.colcon_core.package_identification:_identify(src/mpc_high_to) by extensions ['ignore', 'ignore_ament_install']
[0.300s] Level 1:colcon.colcon_core.package_identification:_identify(src/mpc_high_to) by extension 'ignore'
[0.300s] Level 1:colcon.colcon_core.package_identification:_identify(src/mpc_high_to) by extension 'ignore_ament_install'
[0.301s] Level 1:colcon.colcon_core.package_identification:_identify(src/mpc_high_to) by extensions ['colcon_pkg']
[0.301s] Level 1:colcon.colcon_core.package_identification:_identify(src/mpc_high_to) by extension 'colcon_pkg'
[0.301s] Level 1:colcon.colcon_core.package_identification:_identify(src/mpc_high_to) by extensions ['colcon_meta']
[0.301s] Level 1:colcon.colcon_core.package_identification:_identify(src/mpc_high_to) by extension 'colcon_meta'
[0.301s] Level 1:colcon.colcon_core.package_identification:_identify(src/mpc_high_to) by extensions ['ros']
[0.301s] Level 1:colcon.colcon_core.package_identification:_identify(src/mpc_high_to) by extension 'ros'
[0.302s] DEBUG:colcon.colcon_core.package_identification:Package 'src/mpc_high_to' with type 'ros.ament_cmake' and name 'mpc_high_to'
[0.302s] Level 1:colcon.colcon_core.package_identification:_identify(src/mpc_low) by extensions ['ignore', 'ignore_ament_install']
[0.302s] Level 1:colcon.colcon_core.package_identification:_identify(src/mpc_low) by extension 'ignore'
[0.302s] Level 1:colcon.colcon_core.package_identification:_identify(src/mpc_low) by extension 'ignore_ament_install'
[0.302s] Level 1:colcon.colcon_core.package_identification:_identify(src/mpc_low) by extensions ['colcon_pkg']
[0.302s] Level 1:colcon.colcon_core.package_identification:_identify(src/mpc_low) by extension 'colcon_pkg'
[0.302s] Level 1:colcon.colcon_core.package_identification:_identify(src/mpc_low) by extensions ['colcon_meta']
[0.302s] Level 1:colcon.colcon_core.package_identification:_identify(src/mpc_low) by extension 'colcon_meta'
[0.302s] Level 1:colcon.colcon_core.package_identification:_identify(src/mpc_low) by extensions ['ros']
[0.302s] Level 1:colcon.colcon_core.package_identification:_identify(src/mpc_low) by extension 'ros'
[0.303s] DEBUG:colcon.colcon_core.package_identification:Package 'src/mpc_low' with type 'ros.ament_cmake' and name 'mpc_low'
[0.303s] Level 1:colcon.colcon_core.package_identification:_identify(src/mpc_to) by extensions ['ignore', 'ignore_ament_install']
[0.303s] Level 1:colcon.colcon_core.package_identification:_identify(src/mpc_to) by extension 'ignore'
[0.303s] Level 1:colcon.colcon_core.package_identification:_identify(src/mpc_to) by extension 'ignore_ament_install'
[0.304s] Level 1:colcon.colcon_core.package_identification:_identify(src/mpc_to) by extensions ['colcon_pkg']
[0.304s] Level 1:colcon.colcon_core.package_identification:_identify(src/mpc_to) by extension 'colcon_pkg'
[0.304s] Level 1:colcon.colcon_core.package_identification:_identify(src/mpc_to) by extensions ['colcon_meta']
[0.304s] Level 1:colcon.colcon_core.package_identification:_identify(src/mpc_to) by extension 'colcon_meta'
[0.304s] Level 1:colcon.colcon_core.package_identification:_identify(src/mpc_to) by extensions ['ros']
[0.304s] Level 1:colcon.colcon_core.package_identification:_identify(src/mpc_to) by extension 'ros'
[0.304s] DEBUG:colcon.colcon_core.package_identification:Package 'src/mpc_to' with type 'ros.ament_cmake' and name 'mpc_high'
[0.305s] Level 1:colcon.colcon_core.package_identification:_identify(src/mppi_controller) by extensions ['ignore', 'ignore_ament_install']
[0.305s] Level 1:colcon.colcon_core.package_identification:_identify(src/mppi_controller) by extension 'ignore'
[0.305s] Level 1:colcon.colcon_core.package_identification:_identify(src/mppi_controller) by extension 'ignore_ament_install'
[0.305s] Level 1:colcon.colcon_core.package_identification:_identify(src/mppi_controller) by extensions ['colcon_pkg']
[0.305s] Level 1:colcon.colcon_core.package_identification:_identify(src/mppi_controller) by extension 'colcon_pkg'
[0.305s] Level 1:colcon.colcon_core.package_identification:_identify(src/mppi_controller) by extensions ['colcon_meta']
[0.305s] Level 1:colcon.colcon_core.package_identification:_identify(src/mppi_controller) by extension 'colcon_meta'
[0.305s] Level 1:colcon.colcon_core.package_identification:_identify(src/mppi_controller) by extensions ['ros']
[0.305s] Level 1:colcon.colcon_core.package_identification:_identify(src/mppi_controller) by extension 'ros'
[0.306s] DEBUG:colcon.colcon_core.package_identification:Package 'src/mppi_controller' with type 'ros.ament_python' and name 'mppi_controller'
[0.306s] Level 1:colcon.colcon_core.package_identification:_identify(src/pb_ur5_sim) by extensions ['ignore', 'ignore_ament_install']
[0.306s] Level 1:colcon.colcon_core.package_identification:_identify(src/pb_ur5_sim) by extension 'ignore'
[0.306s] Level 1:colcon.colcon_core.package_identification:_identify(src/pb_ur5_sim) by extension 'ignore_ament_install'
[0.306s] Level 1:colcon.colcon_core.package_identification:_identify(src/pb_ur5_sim) by extensions ['colcon_pkg']
[0.306s] Level 1:colcon.colcon_core.package_identification:_identify(src/pb_ur5_sim) by extension 'colcon_pkg'
[0.306s] Level 1:colcon.colcon_core.package_identification:_identify(src/pb_ur5_sim) by extensions ['colcon_meta']
[0.306s] Level 1:colcon.colcon_core.package_identification:_identify(src/pb_ur5_sim) by extension 'colcon_meta'
[0.306s] Level 1:colcon.colcon_core.package_identification:_identify(src/pb_ur5_sim) by extensions ['ros']
[0.307s] Level 1:colcon.colcon_core.package_identification:_identify(src/pb_ur5_sim) by extension 'ros'
[0.307s] DEBUG:colcon.colcon_core.package_identification:Package 'src/pb_ur5_sim' with type 'ros.ament_python' and name 'pb_ur5_sim'
[0.307s] Level 1:colcon.colcon_core.package_identification:_identify(src/sim_utils) by extensions ['ignore', 'ignore_ament_install']
[0.308s] Level 1:colcon.colcon_core.package_identification:_identify(src/sim_utils) by extension 'ignore'
[0.308s] Level 1:colcon.colcon_core.package_identification:_identify(src/sim_utils) by extension 'ignore_ament_install'
[0.308s] Level 1:colcon.colcon_core.package_identification:_identify(src/sim_utils) by extensions ['colcon_pkg']
[0.308s] Level 1:colcon.colcon_core.package_identification:_identify(src/sim_utils) by extension 'colcon_pkg'
[0.308s] Level 1:colcon.colcon_core.package_identification:_identify(src/sim_utils) by extensions ['colcon_meta']
[0.308s] Level 1:colcon.colcon_core.package_identification:_identify(src/sim_utils) by extension 'colcon_meta'
[0.308s] Level 1:colcon.colcon_core.package_identification:_identify(src/sim_utils) by extensions ['ros']
[0.308s] Level 1:colcon.colcon_core.package_identification:_identify(src/sim_utils) by extension 'ros'
[0.309s] DEBUG:colcon.colcon_core.package_identification:Package 'src/sim_utils' with type 'ros.ament_python' and name 'sim_utils'
[0.309s] Level 1:colcon.colcon_core.package_identification:_identify(src/ur_ros2_driver) by extensions ['ignore', 'ignore_ament_install']
[0.309s] Level 1:colcon.colcon_core.package_identification:_identify(src/ur_ros2_driver) by extension 'ignore'
[0.309s] Level 1:colcon.colcon_core.package_identification:_identify(src/ur_ros2_driver) by extension 'ignore_ament_install'
[0.309s] Level 1:colcon.colcon_core.package_identification:_identify(src/ur_ros2_driver) by extensions ['colcon_pkg']
[0.309s] Level 1:colcon.colcon_core.package_identification:_identify(src/ur_ros2_driver) by extension 'colcon_pkg'
[0.309s] Level 1:colcon.colcon_core.package_identification:_identify(src/ur_ros2_driver) by extensions ['colcon_meta']
[0.309s] Level 1:colcon.colcon_core.package_identification:_identify(src/ur_ros2_driver) by extension 'colcon_meta'
[0.309s] Level 1:colcon.colcon_core.package_identification:_identify(src/ur_ros2_driver) by extensions ['ros']
[0.309s] Level 1:colcon.colcon_core.package_identification:_identify(src/ur_ros2_driver) by extension 'ros'
[0.309s] Level 1:colcon.colcon_core.package_identification:_identify(src/ur_ros2_driver) by extensions ['cmake', 'python']
[0.309s] Level 1:colcon.colcon_core.package_identification:_identify(src/ur_ros2_driver) by extension 'cmake'
[0.309s] Level 1:colcon.colcon_core.package_identification:_identify(src/ur_ros2_driver) by extension 'python'
[0.310s] Level 1:colcon.colcon_core.package_identification:_identify(src/ur_ros2_driver) by extensions ['python_setup_py']
[0.310s] Level 1:colcon.colcon_core.package_identification:_identify(src/ur_ros2_driver) by extension 'python_setup_py'
[0.310s] Level 1:colcon.colcon_core.package_identification:_identify(src/ur_ros2_driver/ur_ros2_driver) by extensions ['ignore', 'ignore_ament_install']
[0.310s] Level 1:colcon.colcon_core.package_identification:_identify(src/ur_ros2_driver/ur_ros2_driver) by extension 'ignore'
[0.310s] Level 1:colcon.colcon_core.package_identification:_identify(src/ur_ros2_driver/ur_ros2_driver) by extension 'ignore_ament_install'
[0.310s] Level 1:colcon.colcon_core.package_identification:_identify(src/ur_ros2_driver/ur_ros2_driver) by extensions ['colcon_pkg']
[0.310s] Level 1:colcon.colcon_core.package_identification:_identify(src/ur_ros2_driver/ur_ros2_driver) by extension 'colcon_pkg'
[0.310s] Level 1:colcon.colcon_core.package_identification:_identify(src/ur_ros2_driver/ur_ros2_driver) by extensions ['colcon_meta']
[0.310s] Level 1:colcon.colcon_core.package_identification:_identify(src/ur_ros2_driver/ur_ros2_driver) by extension 'colcon_meta'
[0.310s] Level 1:colcon.colcon_core.package_identification:_identify(src/ur_ros2_driver/ur_ros2_driver) by extensions ['ros']
[0.310s] Level 1:colcon.colcon_core.package_identification:_identify(src/ur_ros2_driver/ur_ros2_driver) by extension 'ros'
[0.311s] DEBUG:colcon.colcon_core.package_identification:Package 'src/ur_ros2_driver/ur_ros2_driver' with type 'ros.ament_cmake' and name 'ur_ros2_driver'
[0.311s] Level 1:colcon.colcon_core.package_identification:_identify(ur5_urdf) by extensions ['ignore', 'ignore_ament_install']
[0.311s] Level 1:colcon.colcon_core.package_identification:_identify(ur5_urdf) by extension 'ignore'
[0.311s] Level 1:colcon.colcon_core.package_identification:_identify(ur5_urdf) by extension 'ignore_ament_install'
[0.311s] Level 1:colcon.colcon_core.package_identification:_identify(ur5_urdf) by extensions ['colcon_pkg']
[0.311s] Level 1:colcon.colcon_core.package_identification:_identify(ur5_urdf) by extension 'colcon_pkg'
[0.311s] Level 1:colcon.colcon_core.package_identification:_identify(ur5_urdf) by extensions ['colcon_meta']
[0.311s] Level 1:colcon.colcon_core.package_identification:_identify(ur5_urdf) by extension 'colcon_meta'
[0.311s] Level 1:colcon.colcon_core.package_identification:_identify(ur5_urdf) by extensions ['ros']
[0.311s] Level 1:colcon.colcon_core.package_identification:_identify(ur5_urdf) by extension 'ros'
[0.312s] Level 1:colcon.colcon_core.package_identification:_identify(ur5_urdf) by extensions ['cmake', 'python']
[0.312s] Level 1:colcon.colcon_core.package_identification:_identify(ur5_urdf) by extension 'cmake'
[0.312s] Level 1:colcon.colcon_core.package_identification:_identify(ur5_urdf) by extension 'python'
[0.312s] Level 1:colcon.colcon_core.package_identification:_identify(ur5_urdf) by extensions ['python_setup_py']
[0.312s] Level 1:colcon.colcon_core.package_identification:_identify(ur5_urdf) by extension 'python_setup_py'
[0.312s] Level 1:colcon.colcon_core.package_identification:_identify(ur5_urdf/ur5) by extensions ['ignore', 'ignore_ament_install']
[0.312s] Level 1:colcon.colcon_core.package_identification:_identify(ur5_urdf/ur5) by extension 'ignore'
[0.312s] Level 1:colcon.colcon_core.package_identification:_identify(ur5_urdf/ur5) by extension 'ignore_ament_install'
[0.312s] Level 1:colcon.colcon_core.package_identification:_identify(ur5_urdf/ur5) by extensions ['colcon_pkg']
[0.312s] Level 1:colcon.colcon_core.package_identification:_identify(ur5_urdf/ur5) by extension 'colcon_pkg'
[0.312s] Level 1:colcon.colcon_core.package_identification:_identify(ur5_urdf/ur5) by extensions ['colcon_meta']
[0.312s] Level 1:colcon.colcon_core.package_identification:_identify(ur5_urdf/ur5) by extension 'colcon_meta'
[0.312s] Level 1:colcon.colcon_core.package_identification:_identify(ur5_urdf/ur5) by extensions ['ros']
[0.312s] Level 1:colcon.colcon_core.package_identification:_identify(ur5_urdf/ur5) by extension 'ros'
[0.313s] Level 1:colcon.colcon_core.package_identification:_identify(ur5_urdf/ur5) by extensions ['cmake', 'python']
[0.313s] Level 1:colcon.colcon_core.package_identification:_identify(ur5_urdf/ur5) by extension 'cmake'
[0.313s] Level 1:colcon.colcon_core.package_identification:_identify(ur5_urdf/ur5) by extension 'python'
[0.313s] Level 1:colcon.colcon_core.package_identification:_identify(ur5_urdf/ur5) by extensions ['python_setup_py']
[0.313s] Level 1:colcon.colcon_core.package_identification:_identify(ur5_urdf/ur5) by extension 'python_setup_py'
[0.313s] Level 1:colcon.colcon_core.package_identification:_identify(ur5_urdf/ur5/collision) by extensions ['ignore', 'ignore_ament_install']
[0.313s] Level 1:colcon.colcon_core.package_identification:_identify(ur5_urdf/ur5/collision) by extension 'ignore'
[0.313s] Level 1:colcon.colcon_core.package_identification:_identify(ur5_urdf/ur5/collision) by extension 'ignore_ament_install'
[0.313s] Level 1:colcon.colcon_core.package_identification:_identify(ur5_urdf/ur5/collision) by extensions ['colcon_pkg']
[0.313s] Level 1:colcon.colcon_core.package_identification:_identify(ur5_urdf/ur5/collision) by extension 'colcon_pkg'
[0.313s] Level 1:colcon.colcon_core.package_identification:_identify(ur5_urdf/ur5/collision) by extensions ['colcon_meta']
[0.313s] Level 1:colcon.colcon_core.package_identification:_identify(ur5_urdf/ur5/collision) by extension 'colcon_meta'
[0.313s] Level 1:colcon.colcon_core.package_identification:_identify(ur5_urdf/ur5/collision) by extensions ['ros']
[0.313s] Level 1:colcon.colcon_core.package_identification:_identify(ur5_urdf/ur5/collision) by extension 'ros'
[0.313s] Level 1:colcon.colcon_core.package_identification:_identify(ur5_urdf/ur5/collision) by extensions ['cmake', 'python']
[0.313s] Level 1:colcon.colcon_core.package_identification:_identify(ur5_urdf/ur5/collision) by extension 'cmake'
[0.313s] Level 1:colcon.colcon_core.package_identification:_identify(ur5_urdf/ur5/collision) by extension 'python'
[0.314s] Level 1:colcon.colcon_core.package_identification:_identify(ur5_urdf/ur5/collision) by extensions ['python_setup_py']
[0.314s] Level 1:colcon.colcon_core.package_identification:_identify(ur5_urdf/ur5/collision) by extension 'python_setup_py'
[0.314s] Level 1:colcon.colcon_core.package_identification:_identify(ur5_urdf/ur5/visual) by extensions ['ignore', 'ignore_ament_install']
[0.314s] Level 1:colcon.colcon_core.package_identification:_identify(ur5_urdf/ur5/visual) by extension 'ignore'
[0.314s] Level 1:colcon.colcon_core.package_identification:_identify(ur5_urdf/ur5/visual) by extension 'ignore_ament_install'
[0.314s] Level 1:colcon.colcon_core.package_identification:_identify(ur5_urdf/ur5/visual) by extensions ['colcon_pkg']
[0.314s] Level 1:colcon.colcon_core.package_identification:_identify(ur5_urdf/ur5/visual) by extension 'colcon_pkg'
[0.314s] Level 1:colcon.colcon_core.package_identification:_identify(ur5_urdf/ur5/visual) by extensions ['colcon_meta']
[0.314s] Level 1:colcon.colcon_core.package_identification:_identify(ur5_urdf/ur5/visual) by extension 'colcon_meta'
[0.314s] Level 1:colcon.colcon_core.package_identification:_identify(ur5_urdf/ur5/visual) by extensions ['ros']
[0.314s] Level 1:colcon.colcon_core.package_identification:_identify(ur5_urdf/ur5/visual) by extension 'ros'
[0.314s] Level 1:colcon.colcon_core.package_identification:_identify(ur5_urdf/ur5/visual) by extensions ['cmake', 'python']
[0.314s] Level 1:colcon.colcon_core.package_identification:_identify(ur5_urdf/ur5/visual) by extension 'cmake'
[0.314s] Level 1:colcon.colcon_core.package_identification:_identify(ur5_urdf/ur5/visual) by extension 'python'
[0.314s] Level 1:colcon.colcon_core.package_identification:_identify(ur5_urdf/ur5/visual) by extensions ['python_setup_py']
[0.315s] Level 1:colcon.colcon_core.package_identification:_identify(ur5_urdf/ur5/visual) by extension 'python_setup_py'
[0.315s] Level 1:colcon.colcon_core.package_discovery:discover_packages(recursive) using defaults
[0.315s] Level 1:colcon.colcon_core.package_discovery:discover_packages(ignore) discover
[0.315s] Level 1:colcon.colcon_core.package_discovery:discover_packages(ignore) using defaults
[0.315s] Level 1:colcon.colcon_core.package_discovery:discover_packages(path) discover
[0.315s] Level 1:colcon.colcon_core.package_discovery:discover_packages(path) using defaults
[0.341s] Level 1:colcon.colcon_core.package_discovery:discover_packages(prefix_path) check parameters
[0.341s] Level 1:colcon.colcon_core.package_discovery:discover_packages(prefix_path) discover
[0.354s] DEBUG:colcon.colcon_installed_package_information.package_discovery:Found 7 installed packages in /home/chri/CHRI_2025/Time_optimal_baseline/install
[0.356s] DEBUG:colcon.colcon_installed_package_information.package_discovery:Found 412 installed packages in /opt/ros/humble
[0.359s] Level 1:colcon.colcon_core.package_discovery:discover_packages(prefix_path) using defaults
[0.465s] ERROR:colcon:colcon build: Duplicate package names not supported:
- mpc_high:
  - src/mpc_high
  - src/mpc_to
