[ 13%] [32mBuilding CXX object CMakeFiles/high_solver.dir/src/kinematics_functions.cpp.o[0m
[ 13%] [32mBuilding CXX object CMakeFiles/high_solver.dir/src/high_solver.cpp.o[0m
[ 18%] [32mBuilding C object CMakeFiles/high_solver.dir/solver_to_high/UR5_model/UR5_expl_vde_adj.c.o[0m
[ 22%] [32mBuilding C object CMakeFiles/high_solver.dir/solver_to_high/UR5_model/UR5_expl_ode_hess.c.o[0m
[ 31%] [32mBuilding C object CMakeFiles/high_solver.dir/solver_to_high/UR5_model/UR5_expl_ode_fun.c.o[0m
[ 31%] [32mBuilding C object CMakeFiles/high_solver.dir/solver_to_high/UR5_constraints/UR5_constr_h_fun_jac_uxt_zt_hess.c.o[0m
[ 13%] [32mBuilding C object CMakeFiles/high_solver.dir/solver_to_high/UR5_model/UR5_expl_vde_forw.c.o[0m
[ 36%] [32mBuilding C object CMakeFiles/high_solver.dir/solver_to_high/UR5_constraints/UR5_constr_h_fun.c.o[0m
[ 45%] [32mBuilding C object CMakeFiles/high_solver.dir/solver_to_high/UR5_cost/UR5_cost_ext_cost_0_fun.c.o[0m
[ 40%] [32mBuilding C object CMakeFiles/high_solver.dir/solver_to_high/UR5_constraints/UR5_constr_h_fun_jac_uxt_zt.c.o[0m
[ 50%] [32mBuilding C object CMakeFiles/high_solver.dir/solver_to_high/UR5_cost/UR5_cost_ext_cost_0_fun_jac_hess.c.o[0m
[ 59%] [32mBuilding C object CMakeFiles/high_solver.dir/solver_to_high/UR5_cost/UR5_cost_ext_cost_0_fun_jac.c.o[0m
[ 59%] [32mBuilding C object CMakeFiles/high_solver.dir/solver_to_high/UR5_cost/UR5_cost_ext_cost_e_fun.c.o[0m
[ 63%] [32mBuilding C object CMakeFiles/high_solver.dir/solver_to_high/UR5_cost/UR5_cost_ext_cost_e_fun_jac.c.o[0m
[ 68%] [32mBuilding C object CMakeFiles/high_solver.dir/solver_to_high/UR5_cost/UR5_cost_ext_cost_e_fun_jac_hess.c.o[0m
[ 72%] [32mBuilding C object CMakeFiles/high_solver.dir/solver_to_high/UR5_cost/UR5_cost_ext_cost_fun.c.o[0m
[ 77%] [32mBuilding C object CMakeFiles/high_solver.dir/solver_to_high/UR5_cost/UR5_cost_ext_cost_fun_jac.c.o[0m
[ 81%] [32mBuilding C object CMakeFiles/high_solver.dir/solver_to_high/acados_solver_UR5.c.o[0m
[ 86%] [32mBuilding C object CMakeFiles/high_solver.dir/solver_to_high/UR5_cost/UR5_cost_ext_cost_fun_jac_hess.c.o[0m
[ 90%] [32mBuilding C object CMakeFiles/high_solver.dir/solver_to_high/acados_sim_solver_UR5.c.o[0m
[ 95%] [32mBuilding CXX object CMakeFiles/high_solver.dir/solver_to_high/acados_solver_holder.cpp.o[0m
