[2.617s] Invoking command in '/home/chri/CHRI_2025/Time_optimal_baseline/src/sim_utils': PYTHONPATH=/home/chri/CHRI_2025/Time_optimal_baseline/build/sim_utils/prefix_override:/usr/lib/python3/dist-packages/colcon_core/task/python/colcon_distutils_commands:/home/chri/CHRI_2025/Time_optimal_baseline/install/sim_utils/lib/python3.10/site-packages:${PYTHONPATH} /usr/bin/python3 -W ignore:setup.py install is deprecated -W ignore:easy_install command is deprecated setup.py egg_info --egg-base ../../build/sim_utils build --build-base /home/chri/CHRI_2025/Time_optimal_baseline/build/sim_utils/build install --record /home/chri/CHRI_2025/Time_optimal_baseline/build/sim_utils/install.log --single-version-externally-managed install_data
[2.861s] /home/chri/.local/lib/python3.10/site-packages/setuptools/_distutils/dist.py:289: UserWarning: Unknown distribution option: 'tests_require'
[2.861s]   warnings.warn(msg)
[3.061s] running egg_info
[3.094s] writing ../../build/sim_utils/sim_utils.egg-info/PKG-INFO
[3.094s] writing dependency_links to ../../build/sim_utils/sim_utils.egg-info/dependency_links.txt
[3.094s] writing entry points to ../../build/sim_utils/sim_utils.egg-info/entry_points.txt
[3.095s] writing requirements to ../../build/sim_utils/sim_utils.egg-info/requires.txt
[3.095s] writing top-level names to ../../build/sim_utils/sim_utils.egg-info/top_level.txt
[3.161s] reading manifest file '../../build/sim_utils/sim_utils.egg-info/SOURCES.txt'
[3.163s] writing manifest file '../../build/sim_utils/sim_utils.egg-info/SOURCES.txt'
[3.163s] running build
[3.163s] running build_py
[3.164s] copying sim_utils/human_motion_player.py -> /home/chri/CHRI_2025/Time_optimal_baseline/build/sim_utils/build/lib/sim_utils
[3.164s] running install
[3.170s] running install_lib
[3.205s] running install_data
[3.206s] running install_egg_info
[3.239s] removing '/home/chri/CHRI_2025/Time_optimal_baseline/install/sim_utils/lib/python3.10/site-packages/sim_utils-0.0.0-py3.10.egg-info' (and everything under it)
[3.239s] Copying ../../build/sim_utils/sim_utils.egg-info to /home/chri/CHRI_2025/Time_optimal_baseline/install/sim_utils/lib/python3.10/site-packages/sim_utils-0.0.0-py3.10.egg-info
[3.241s] running install_scripts
[3.499s] Installing human_motion_player script to /home/chri/CHRI_2025/Time_optimal_baseline/install/sim_utils/lib/sim_utils
[3.499s] writing list of installed files to '/home/chri/CHRI_2025/Time_optimal_baseline/build/sim_utils/install.log'
[3.534s] Invoked command in '/home/chri/CHRI_2025/Time_optimal_baseline/src/sim_utils' returned '0': PYTHONPATH=/home/chri/CHRI_2025/Time_optimal_baseline/build/sim_utils/prefix_override:/usr/lib/python3/dist-packages/colcon_core/task/python/colcon_distutils_commands:/home/chri/CHRI_2025/Time_optimal_baseline/install/sim_utils/lib/python3.10/site-packages:${PYTHONPATH} /usr/bin/python3 -W ignore:setup.py install is deprecated -W ignore:easy_install command is deprecated setup.py egg_info --egg-base ../../build/sim_utils build --build-base /home/chri/CHRI_2025/Time_optimal_baseline/build/sim_utils/build install --record /home/chri/CHRI_2025/Time_optimal_baseline/build/sim_utils/install.log --single-version-externally-managed install_data
