[0.141s] Invoking command in '/home/chri/CHRI_2025/Time_optimal_baseline/build/mpc_low': CMAKE_PREFIX_PATH=/opt/ros/humble /usr/bin/cmake --build /home/chri/CHRI_2025/Time_optimal_baseline/build/mpc_low -- -j16 -l16
[0.902s] [100%] Built target low_solver
[0.919s] Invoked command in '/home/chri/CHRI_2025/Time_optimal_baseline/build/mpc_low' returned '0': CMAKE_PREFIX_PATH=/opt/ros/humble /usr/bin/cmake --build /home/chri/CHRI_2025/Time_optimal_baseline/build/mpc_low -- -j16 -l16
[0.935s] Invoking command in '/home/chri/CHRI_2025/Time_optimal_baseline/build/mpc_low': CMAKE_PREFIX_PATH=/opt/ros/humble /usr/bin/cmake --install /home/chri/CHRI_2025/Time_optimal_baseline/build/mpc_low
[0.944s] -- Install configuration: ""
[0.944s] -- Up-to-date: /home/chri/CHRI_2025/Time_optimal_baseline/install/mpc_low/lib/mpc_low/low_solver
[0.945s] -- Up-to-date: /home/chri/CHRI_2025/Time_optimal_baseline/install/mpc_low/share/ament_index/resource_index/package_run_dependencies/mpc_low
[0.945s] -- Up-to-date: /home/chri/CHRI_2025/Time_optimal_baseline/install/mpc_low/share/ament_index/resource_index/parent_prefix_path/mpc_low
[0.945s] -- Up-to-date: /home/chri/CHRI_2025/Time_optimal_baseline/install/mpc_low/share/mpc_low/environment/ament_prefix_path.sh
[0.945s] -- Up-to-date: /home/chri/CHRI_2025/Time_optimal_baseline/install/mpc_low/share/mpc_low/environment/ament_prefix_path.dsv
[0.946s] -- Up-to-date: /home/chri/CHRI_2025/Time_optimal_baseline/install/mpc_low/share/mpc_low/environment/path.sh
[0.946s] -- Up-to-date: /home/chri/CHRI_2025/Time_optimal_baseline/install/mpc_low/share/mpc_low/environment/path.dsv
[0.946s] -- Up-to-date: /home/chri/CHRI_2025/Time_optimal_baseline/install/mpc_low/share/mpc_low/local_setup.bash
[0.946s] -- Up-to-date: /home/chri/CHRI_2025/Time_optimal_baseline/install/mpc_low/share/mpc_low/local_setup.sh
[0.946s] -- Up-to-date: /home/chri/CHRI_2025/Time_optimal_baseline/install/mpc_low/share/mpc_low/local_setup.zsh
[0.946s] -- Up-to-date: /home/chri/CHRI_2025/Time_optimal_baseline/install/mpc_low/share/mpc_low/local_setup.dsv
[0.947s] -- Up-to-date: /home/chri/CHRI_2025/Time_optimal_baseline/install/mpc_low/share/mpc_low/package.dsv
[0.947s] -- Up-to-date: /home/chri/CHRI_2025/Time_optimal_baseline/install/mpc_low/share/ament_index/resource_index/packages/mpc_low
[0.947s] -- Up-to-date: /home/chri/CHRI_2025/Time_optimal_baseline/install/mpc_low/share/mpc_low/cmake/mpc_lowConfig.cmake
[0.951s] -- Up-to-date: /home/chri/CHRI_2025/Time_optimal_baseline/install/mpc_low/share/mpc_low/cmake/mpc_lowConfig-version.cmake
[0.951s] -- Up-to-date: /home/chri/CHRI_2025/Time_optimal_baseline/install/mpc_low/share/mpc_low/package.xml
[0.952s] Invoked command in '/home/chri/CHRI_2025/Time_optimal_baseline/build/mpc_low' returned '0': CMAKE_PREFIX_PATH=/opt/ros/humble /usr/bin/cmake --install /home/chri/CHRI_2025/Time_optimal_baseline/build/mpc_low
