running egg_info
creating ../../build/pb_ur5_sim/pb_ur5_sim.egg-info
writing ../../build/pb_ur5_sim/pb_ur5_sim.egg-info/PKG-INFO
writing dependency_links to ../../build/pb_ur5_sim/pb_ur5_sim.egg-info/dependency_links.txt
writing entry points to ../../build/pb_ur5_sim/pb_ur5_sim.egg-info/entry_points.txt
writing requirements to ../../build/pb_ur5_sim/pb_ur5_sim.egg-info/requires.txt
writing top-level names to ../../build/pb_ur5_sim/pb_ur5_sim.egg-info/top_level.txt
writing manifest file '../../build/pb_ur5_sim/pb_ur5_sim.egg-info/SOURCES.txt'
reading manifest file '../../build/pb_ur5_sim/pb_ur5_sim.egg-info/SOURCES.txt'
adding license file 'LICENSE'
writing manifest file '../../build/pb_ur5_sim/pb_ur5_sim.egg-info/SOURCES.txt'
running build
running build_py
creating /home/chri/CHRI_2025/Time_optimal_baseline/build/pb_ur5_sim/build/lib/pb_ur5_sim
copying pb_ur5_sim/my_node_with_human.py -> /home/chri/CHRI_2025/Time_optimal_baseline/build/pb_ur5_sim/build/lib/pb_ur5_sim
copying pb_ur5_sim/my_node.py -> /home/chri/CHRI_2025/Time_optimal_baseline/build/pb_ur5_sim/build/lib/pb_ur5_sim
copying pb_ur5_sim/__init__.py -> /home/chri/CHRI_2025/Time_optimal_baseline/build/pb_ur5_sim/build/lib/pb_ur5_sim
running install
running install_lib
creating /home/chri/CHRI_2025/Time_optimal_baseline/install/pb_ur5_sim/lib/python3.10/site-packages/pb_ur5_sim
copying /home/chri/CHRI_2025/Time_optimal_baseline/build/pb_ur5_sim/build/lib/pb_ur5_sim/my_node_with_human.py -> /home/chri/CHRI_2025/Time_optimal_baseline/install/pb_ur5_sim/lib/python3.10/site-packages/pb_ur5_sim
copying /home/chri/CHRI_2025/Time_optimal_baseline/build/pb_ur5_sim/build/lib/pb_ur5_sim/my_node.py -> /home/chri/CHRI_2025/Time_optimal_baseline/install/pb_ur5_sim/lib/python3.10/site-packages/pb_ur5_sim
copying /home/chri/CHRI_2025/Time_optimal_baseline/build/pb_ur5_sim/build/lib/pb_ur5_sim/__init__.py -> /home/chri/CHRI_2025/Time_optimal_baseline/install/pb_ur5_sim/lib/python3.10/site-packages/pb_ur5_sim
byte-compiling /home/chri/CHRI_2025/Time_optimal_baseline/install/pb_ur5_sim/lib/python3.10/site-packages/pb_ur5_sim/my_node_with_human.py to my_node_with_human.cpython-310.pyc
byte-compiling /home/chri/CHRI_2025/Time_optimal_baseline/install/pb_ur5_sim/lib/python3.10/site-packages/pb_ur5_sim/my_node.py to my_node.cpython-310.pyc
byte-compiling /home/chri/CHRI_2025/Time_optimal_baseline/install/pb_ur5_sim/lib/python3.10/site-packages/pb_ur5_sim/__init__.py to __init__.cpython-310.pyc
running install_data
creating /home/chri/CHRI_2025/Time_optimal_baseline/install/pb_ur5_sim/share/ament_index/resource_index/packages
copying resource/pb_ur5_sim -> /home/chri/CHRI_2025/Time_optimal_baseline/install/pb_ur5_sim/share/ament_index/resource_index/packages
copying package.xml -> /home/chri/CHRI_2025/Time_optimal_baseline/install/pb_ur5_sim/share/pb_ur5_sim
running install_egg_info
Copying ../../build/pb_ur5_sim/pb_ur5_sim.egg-info to /home/chri/CHRI_2025/Time_optimal_baseline/install/pb_ur5_sim/lib/python3.10/site-packages/pb_ur5_sim-0.0.0-py3.10.egg-info
running install_scripts
Installing my_node script to /home/chri/CHRI_2025/Time_optimal_baseline/install/pb_ur5_sim/lib/pb_ur5_sim
Installing my_subscriber script to /home/chri/CHRI_2025/Time_optimal_baseline/install/pb_ur5_sim/lib/pb_ur5_sim
Installing ur5_with_human script to /home/chri/CHRI_2025/Time_optimal_baseline/install/pb_ur5_sim/lib/pb_ur5_sim
writing list of installed files to '/home/chri/CHRI_2025/Time_optimal_baseline/build/pb_ur5_sim/install.log'
