[7.665s] Invoking command in '/home/chri/CHRI_2025/Time_optimal_baseline/src/pb_ur5_sim': PYTHONPATH=/home/chri/CHRI_2025/Time_optimal_baseline/build/pb_ur5_sim/prefix_override:/usr/lib/python3/dist-packages/colcon_core/task/python/colcon_distutils_commands:/home/chri/CHRI_2025/Time_optimal_baseline/install/pb_ur5_sim/lib/python3.10/site-packages:${PYTHONPATH} /usr/bin/python3 -W ignore:setup.py install is deprecated -W ignore:easy_install command is deprecated setup.py egg_info --egg-base ../../build/pb_ur5_sim build --build-base /home/chri/CHRI_2025/Time_optimal_baseline/build/pb_ur5_sim/build install --record /home/chri/CHRI_2025/Time_optimal_baseline/build/pb_ur5_sim/install.log --single-version-externally-managed install_data
[7.964s] /home/chri/.local/lib/python3.10/site-packages/setuptools/_distutils/dist.py:289: UserWarning: Unknown distribution option: 'tests_require'
[7.964s]   warnings.warn(msg)
[8.155s] running egg_info
[8.187s] creating ../../build/pb_ur5_sim/pb_ur5_sim.egg-info
[8.187s] writing ../../build/pb_ur5_sim/pb_ur5_sim.egg-info/PKG-INFO
[8.187s] writing dependency_links to ../../build/pb_ur5_sim/pb_ur5_sim.egg-info/dependency_links.txt
[8.188s] writing entry points to ../../build/pb_ur5_sim/pb_ur5_sim.egg-info/entry_points.txt
[8.188s] writing requirements to ../../build/pb_ur5_sim/pb_ur5_sim.egg-info/requires.txt
[8.188s] writing top-level names to ../../build/pb_ur5_sim/pb_ur5_sim.egg-info/top_level.txt
[8.189s] writing manifest file '../../build/pb_ur5_sim/pb_ur5_sim.egg-info/SOURCES.txt'
[8.259s] reading manifest file '../../build/pb_ur5_sim/pb_ur5_sim.egg-info/SOURCES.txt'
[8.259s] adding license file 'LICENSE'
[8.261s] writing manifest file '../../build/pb_ur5_sim/pb_ur5_sim.egg-info/SOURCES.txt'
[8.261s] running build
[8.262s] running build_py
[8.262s] creating /home/chri/CHRI_2025/Time_optimal_baseline/build/pb_ur5_sim/build/lib/pb_ur5_sim
[8.263s] copying pb_ur5_sim/my_node_with_human.py -> /home/chri/CHRI_2025/Time_optimal_baseline/build/pb_ur5_sim/build/lib/pb_ur5_sim
[8.298s] copying pb_ur5_sim/my_node.py -> /home/chri/CHRI_2025/Time_optimal_baseline/build/pb_ur5_sim/build/lib/pb_ur5_sim
[8.302s] copying pb_ur5_sim/__init__.py -> /home/chri/CHRI_2025/Time_optimal_baseline/build/pb_ur5_sim/build/lib/pb_ur5_sim
[8.302s] running install
[8.311s] running install_lib
[8.353s] creating /home/chri/CHRI_2025/Time_optimal_baseline/install/pb_ur5_sim/lib/python3.10/site-packages/pb_ur5_sim
[8.353s] copying /home/chri/CHRI_2025/Time_optimal_baseline/build/pb_ur5_sim/build/lib/pb_ur5_sim/my_node_with_human.py -> /home/chri/CHRI_2025/Time_optimal_baseline/install/pb_ur5_sim/lib/python3.10/site-packages/pb_ur5_sim
[8.353s] copying /home/chri/CHRI_2025/Time_optimal_baseline/build/pb_ur5_sim/build/lib/pb_ur5_sim/my_node.py -> /home/chri/CHRI_2025/Time_optimal_baseline/install/pb_ur5_sim/lib/python3.10/site-packages/pb_ur5_sim
[8.353s] copying /home/chri/CHRI_2025/Time_optimal_baseline/build/pb_ur5_sim/build/lib/pb_ur5_sim/__init__.py -> /home/chri/CHRI_2025/Time_optimal_baseline/install/pb_ur5_sim/lib/python3.10/site-packages/pb_ur5_sim
[8.354s] byte-compiling /home/chri/CHRI_2025/Time_optimal_baseline/install/pb_ur5_sim/lib/python3.10/site-packages/pb_ur5_sim/my_node_with_human.py to my_node_with_human.cpython-310.pyc
[8.358s] byte-compiling /home/chri/CHRI_2025/Time_optimal_baseline/install/pb_ur5_sim/lib/python3.10/site-packages/pb_ur5_sim/my_node.py to my_node.cpython-310.pyc
[8.361s] byte-compiling /home/chri/CHRI_2025/Time_optimal_baseline/install/pb_ur5_sim/lib/python3.10/site-packages/pb_ur5_sim/__init__.py to __init__.cpython-310.pyc
[8.361s] running install_data
[8.361s] creating /home/chri/CHRI_2025/Time_optimal_baseline/install/pb_ur5_sim/share/ament_index/resource_index/packages
[8.361s] copying resource/pb_ur5_sim -> /home/chri/CHRI_2025/Time_optimal_baseline/install/pb_ur5_sim/share/ament_index/resource_index/packages
[8.362s] copying package.xml -> /home/chri/CHRI_2025/Time_optimal_baseline/install/pb_ur5_sim/share/pb_ur5_sim
[8.362s] running install_egg_info
[8.403s] Copying ../../build/pb_ur5_sim/pb_ur5_sim.egg-info to /home/chri/CHRI_2025/Time_optimal_baseline/install/pb_ur5_sim/lib/python3.10/site-packages/pb_ur5_sim-0.0.0-py3.10.egg-info
[8.405s] running install_scripts
[8.664s] Installing my_node script to /home/chri/CHRI_2025/Time_optimal_baseline/install/pb_ur5_sim/lib/pb_ur5_sim
[8.665s] Installing my_subscriber script to /home/chri/CHRI_2025/Time_optimal_baseline/install/pb_ur5_sim/lib/pb_ur5_sim
[8.665s] Installing ur5_with_human script to /home/chri/CHRI_2025/Time_optimal_baseline/install/pb_ur5_sim/lib/pb_ur5_sim
[8.665s] writing list of installed files to '/home/chri/CHRI_2025/Time_optimal_baseline/build/pb_ur5_sim/install.log'
[8.713s] Invoked command in '/home/chri/CHRI_2025/Time_optimal_baseline/src/pb_ur5_sim' returned '0': PYTHONPATH=/home/chri/CHRI_2025/Time_optimal_baseline/build/pb_ur5_sim/prefix_override:/usr/lib/python3/dist-packages/colcon_core/task/python/colcon_distutils_commands:/home/chri/CHRI_2025/Time_optimal_baseline/install/pb_ur5_sim/lib/python3.10/site-packages:${PYTHONPATH} /usr/bin/python3 -W ignore:setup.py install is deprecated -W ignore:easy_install command is deprecated setup.py egg_info --egg-base ../../build/pb_ur5_sim build --build-base /home/chri/CHRI_2025/Time_optimal_baseline/build/pb_ur5_sim/build install --record /home/chri/CHRI_2025/Time_optimal_baseline/build/pb_ur5_sim/install.log --single-version-externally-managed install_data
