-- Found ament_cmake: 1.3.11 (/opt/ros/humble/share/ament_cmake/cmake)
-- Override CMake install command with custom implementation using symlinks instead of copying resources
-- Found rclcpp: 16.0.12 (/opt/ros/humble/share/rclcpp/cmake)
-- Found rosidl_generator_c: 3.1.6 (/opt/ros/humble/share/rosidl_generator_c/cmake)
-- Found rosidl_adapter: 3.1.6 (/opt/ros/humble/share/rosidl_adapter/cmake)
-- Found rosidl_generator_cpp: 3.1.6 (/opt/ros/humble/share/rosidl_generator_cpp/cmake)
-- Using all available rosidl_typesupport_c: rosidl_typesupport_fastrtps_c;rosidl_typesupport_introspection_c
-- Using all available rosidl_typesupport_cpp: rosidl_typesupport_fastrtps_cpp;rosidl_typesupport_introspection_cpp
-- Found rmw_implementation_cmake: 6.1.2 (/opt/ros/humble/share/rmw_implementation_cmake/cmake)
-- Found rmw_fastrtps_cpp: 6.2.7 (/opt/ros/humble/share/rmw_fastrtps_cpp/cmake)
-- Using RMW implementation 'rmw_fastrtps_cpp' as default
-- Found sensor_msgs: 4.8.0 (/opt/ros/humble/share/sensor_msgs/cmake)
-- Target my_node_cpp built successfully
-- Found ament_lint_auto: 0.12.12 (/opt/ros/humble/share/ament_lint_auto/cmake)
-- Added test 'cppcheck' to perform static code analysis on C / C++ code
-- Configured cppcheck include dirs: /home/chri/CHRI_2025/Time_optimal_baseline/src/mpc_to/include;/home/chri/CHRI_2025/Time_optimal_baseline/src/mpc_to/include/acados;/home/chri/CHRI_2025/Time_optimal_baseline/src/mpc_to/include/acados_c;/home/chri/CHRI_2025/Time_optimal_baseline/src/mpc_to/include/blasfeo/include;/home/chri/CHRI_2025/Time_optimal_baseline/src/mpc_to/include/hpipm/include;/home/chri/CHRI_2025/Time_optimal_baseline/src/mpc_to/solver_to_high_disc/
-- Configured cppcheck exclude dirs and/or files: 
-- Added test 'lint_cmake' to check CMake code style
-- Added test 'uncrustify' to check C / C++ code style
-- Configured uncrustify additional arguments: 
-- Added test 'xmllint' to check XML markup files
-- Configuring done
-- Generating done
-- Build files have been written to: /home/chri/CHRI_2025/Time_optimal_baseline/build/mpc_to
Consolidate compiler generated dependencies of target high_solver
[  5%] Building CXX object CMakeFiles/high_solver.dir/src/high_solver.cpp.o
[ 10%] Building CXX object CMakeFiles/high_solver.dir/solver_to_high_disc/acados_solver_holder.cpp.o
/home/chri/CHRI_2025/Time_optimal_baseline/src/mpc_to/solver_to_high_disc/acados_solver_holder.cpp: In member function ‘int my_NMPC_solver::solve_my_mpc(double*, double*, double*, double*, double*, double*, double*, double*)’:
/home/chri/CHRI_2025/Time_optimal_baseline/src/mpc_to/solver_to_high_disc/acados_solver_holder.cpp:158:12: warning: ISO C++ forbids variable length array ‘xtraj’ [-Wvla]
  158 |     double xtraj[NX * (N+1)];
      |            ^~~~~
/home/chri/CHRI_2025/Time_optimal_baseline/src/mpc_to/solver_to_high_disc/acados_solver_holder.cpp:159:12: warning: ISO C++ forbids variable length array ‘utraj’ [-Wvla]
  159 |     double utraj[NU * N];
      |            ^~~~~
/home/chri/CHRI_2025/Time_optimal_baseline/src/mpc_to/solver_to_high_disc/acados_solver_holder.cpp:29:42: warning: unused parameter ‘tracking_goal’ [-Wunused-parameter]
   29 |     double current_joint_goal[6], double tracking_goal[60], double cgoal[3], double results[16], double my_weights[10], double full_trajectory[140]) {
      |                                   ~~~~~~~^~~~~~~~~~~~~~~~~
/home/chri/CHRI_2025/Time_optimal_baseline/src/mpc_to/solver_to_high_disc/acados_solver_holder.cpp:29:68: warning: unused parameter ‘cgoal’ [-Wunused-parameter]
   29 |     double current_joint_goal[6], double tracking_goal[60], double cgoal[3], double results[16], double my_weights[10], double full_trajectory[140]) {
      |                                                             ~~~~~~~^~~~~~~~
/home/chri/CHRI_2025/Time_optimal_baseline/src/mpc_to/solver_to_high_disc/acados_solver_holder.cpp:29:105: warning: unused parameter ‘my_weights’ [-Wunused-parameter]
   29 |     double current_joint_goal[6], double tracking_goal[60], double cgoal[3], double results[16], double my_weights[10], double full_trajectory[140]) {
      |                                                                                                  ~~~~~~~^~~~~~~~~~~~~~
[ 15%] Linking CXX executable high_solver
[100%] Built target high_solver
-- Install configuration: "Release"
-- Execute custom install script
-- Up-to-date symlink: /home/chri/CHRI_2025/Time_optimal_baseline/install/mpc_to/lib/mpc_to/high_solver
-- Up-to-date symlink: /home/chri/CHRI_2025/Time_optimal_baseline/install/mpc_to/share/ament_index/resource_index/package_run_dependencies/mpc_to
-- Up-to-date symlink: /home/chri/CHRI_2025/Time_optimal_baseline/install/mpc_to/share/ament_index/resource_index/parent_prefix_path/mpc_to
-- Up-to-date symlink: /home/chri/CHRI_2025/Time_optimal_baseline/install/mpc_to/share/mpc_to/environment/ament_prefix_path.sh
-- Up-to-date symlink: /home/chri/CHRI_2025/Time_optimal_baseline/install/mpc_to/share/mpc_to/environment/ament_prefix_path.dsv
-- Up-to-date symlink: /home/chri/CHRI_2025/Time_optimal_baseline/install/mpc_to/share/mpc_to/environment/path.sh
-- Up-to-date symlink: /home/chri/CHRI_2025/Time_optimal_baseline/install/mpc_to/share/mpc_to/environment/path.dsv
-- Up-to-date symlink: /home/chri/CHRI_2025/Time_optimal_baseline/install/mpc_to/share/mpc_to/local_setup.bash
-- Up-to-date symlink: /home/chri/CHRI_2025/Time_optimal_baseline/install/mpc_to/share/mpc_to/local_setup.sh
-- Up-to-date symlink: /home/chri/CHRI_2025/Time_optimal_baseline/install/mpc_to/share/mpc_to/local_setup.zsh
-- Up-to-date symlink: /home/chri/CHRI_2025/Time_optimal_baseline/install/mpc_to/share/mpc_to/local_setup.dsv
-- Symlinking: /home/chri/CHRI_2025/Time_optimal_baseline/install/mpc_to/share/mpc_to/package.dsv
-- Up-to-date symlink: /home/chri/CHRI_2025/Time_optimal_baseline/install/mpc_to/share/ament_index/resource_index/packages/mpc_to
-- Up-to-date symlink: /home/chri/CHRI_2025/Time_optimal_baseline/install/mpc_to/share/mpc_to/cmake/mpc_toConfig.cmake
-- Up-to-date symlink: /home/chri/CHRI_2025/Time_optimal_baseline/install/mpc_to/share/mpc_to/cmake/mpc_toConfig-version.cmake
-- Up-to-date symlink: /home/chri/CHRI_2025/Time_optimal_baseline/install/mpc_to/share/mpc_to/package.xml
