[0.018s] Invoking command in '/home/chri/CHRI_2025/Time_optimal_baseline/build/mpc_to': CMAKE_PREFIX_PATH=${CMAKE_PREFIX_PATH}:/home/chri/CHRI_2025/Time_optimal_baseline/install/ur_ros2_driver:/home/chri/CHRI_2025/Time_optimal_baseline/install/sim_utils:/home/chri/CHRI_2025/Time_optimal_baseline/install/pb_ur5_sim:/home/chri/CHRI_2025/Time_optimal_baseline/install/mppi_controller:/opt/ros/humble /usr/bin/cmake --build /home/chri/CHRI_2025/Time_optimal_baseline/build/mpc_to -- -j16 -l16
[0.090s] [35m[1mConsolidate compiler generated dependencies of target high_solver[0m
[0.131s] [  5%] [32m[1mLinking CXX executable high_solver[0m
[1.389s] /usr/bin/ld: CMakeFiles/high_solver.dir/solver_to_high_disc/acados_solver_UR5.c.o: in function `UR5_acados_create_3_create_and_set_functions':
[1.389s] acados_solver_UR5.c:(.text+0x1349): undefined reference to `UR5_dyn_disc_phi_fun'
[1.389s] /usr/bin/ld: acados_solver_UR5.c:(.text+0x1372): undefined reference to `UR5_dyn_disc_phi_fun_n_in'
[1.389s] /usr/bin/ld: acados_solver_UR5.c:(.text+0x139b): undefined reference to `UR5_dyn_disc_phi_fun_n_out'
[1.390s] /usr/bin/ld: acados_solver_UR5.c:(.text+0x13c4): undefined reference to `UR5_dyn_disc_phi_fun_sparsity_in'
[1.390s] /usr/bin/ld: acados_solver_UR5.c:(.text+0x13ed): undefined reference to `UR5_dyn_disc_phi_fun_sparsity_out'
[1.390s] /usr/bin/ld: acados_solver_UR5.c:(.text+0x1416): undefined reference to `UR5_dyn_disc_phi_fun_work'
[1.390s] /usr/bin/ld: acados_solver_UR5.c:(.text+0x14ac): undefined reference to `UR5_dyn_disc_phi_fun_jac'
[1.390s] /usr/bin/ld: acados_solver_UR5.c:(.text+0x14d5): undefined reference to `UR5_dyn_disc_phi_fun_jac_n_in'
[1.390s] /usr/bin/ld: acados_solver_UR5.c:(.text+0x14fe): undefined reference to `UR5_dyn_disc_phi_fun_jac_n_out'
[1.390s] /usr/bin/ld: acados_solver_UR5.c:(.text+0x1527): undefined reference to `UR5_dyn_disc_phi_fun_jac_sparsity_in'
[1.390s] /usr/bin/ld: acados_solver_UR5.c:(.text+0x1550): undefined reference to `UR5_dyn_disc_phi_fun_jac_sparsity_out'
[1.390s] /usr/bin/ld: acados_solver_UR5.c:(.text+0x1579): undefined reference to `UR5_dyn_disc_phi_fun_jac_work'
[1.390s] /usr/bin/ld: acados_solver_UR5.c:(.text+0x160f): undefined reference to `UR5_dyn_disc_phi_fun_jac_hess'
[1.391s] /usr/bin/ld: acados_solver_UR5.c:(.text+0x1638): undefined reference to `UR5_dyn_disc_phi_fun_jac_hess_n_in'
[1.391s] /usr/bin/ld: acados_solver_UR5.c:(.text+0x1661): undefined reference to `UR5_dyn_disc_phi_fun_jac_hess_n_out'
[1.391s] /usr/bin/ld: acados_solver_UR5.c:(.text+0x168a): undefined reference to `UR5_dyn_disc_phi_fun_jac_hess_sparsity_in'
[1.391s] /usr/bin/ld: acados_solver_UR5.c:(.text+0x16b3): undefined reference to `UR5_dyn_disc_phi_fun_jac_hess_sparsity_out'
[1.391s] /usr/bin/ld: acados_solver_UR5.c:(.text+0x16dc): undefined reference to `UR5_dyn_disc_phi_fun_jac_hess_work'
[1.436s] collect2: error: ld returned 1 exit status
[1.438s] gmake[2]: *** [CMakeFiles/high_solver.dir/build.make:787: high_solver] Error 1
[1.439s] gmake[1]: *** [CMakeFiles/Makefile2:137: CMakeFiles/high_solver.dir/all] Error 2
[1.440s] gmake: *** [Makefile:146: all] Error 2
[1.443s] Invoked command in '/home/chri/CHRI_2025/Time_optimal_baseline/build/mpc_to' returned '2': CMAKE_PREFIX_PATH=${CMAKE_PREFIX_PATH}:/home/chri/CHRI_2025/Time_optimal_baseline/install/ur_ros2_driver:/home/chri/CHRI_2025/Time_optimal_baseline/install/sim_utils:/home/chri/CHRI_2025/Time_optimal_baseline/install/pb_ur5_sim:/home/chri/CHRI_2025/Time_optimal_baseline/install/mppi_controller:/opt/ros/humble /usr/bin/cmake --build /home/chri/CHRI_2025/Time_optimal_baseline/build/mpc_to -- -j16 -l16
