[ 14%] [32mBuilding CXX object CMakeFiles/ur_driver.dir/src/ur_velocity_controller.cpp.o[0m
[01m[K/home/chri/CHRI_2025/Time_optimal_baseline/src/ur_ros2_driver/ur_ros2_driver/src/ur_velocity_controller.cpp:[m[K In function ‘[01m[Kint main(int, char**)[m[K’:
[01m[K/home/chri/CHRI_2025/Time_optimal_baseline/src/ur_ros2_driver/ur_ros2_driver/src/ur_velocity_controller.cpp:134:14:[m[K [01;35m[Kwarning: [m[Kunused variable ‘[01m[Kuse_sim_time[m[K’ [[01;35m[K]8;;https://gcc.gnu.org/onlinedocs/gcc/Warning-Options.html#index-Wunused-variable-Wunused-variable]8;;[m[K]
  134 |         bool [01;35m[Kuse_sim_time[m[K = false;
      |              [01;35m[K^~~~~~~~~~~~[m[K
[ 28%] [32m[1mLinking CXX executable ur_driver[0m
[100%] Built target ur_driver
-- Install configuration: ""
-- Installing: /home/chri/CHRI_2025/Time_optimal_baseline/install/ur_ros2_driver/lib/ur_ros2_driver/ur_driver
-- Set runtime path of "/home/chri/CHRI_2025/Time_optimal_baseline/install/ur_ros2_driver/lib/ur_ros2_driver/ur_driver" to ""
-- Up-to-date: /home/chri/CHRI_2025/Time_optimal_baseline/install/ur_ros2_driver/share/ament_index/resource_index/package_run_dependencies/ur_ros2_driver
-- Up-to-date: /home/chri/CHRI_2025/Time_optimal_baseline/install/ur_ros2_driver/share/ament_index/resource_index/parent_prefix_path/ur_ros2_driver
-- Up-to-date: /home/chri/CHRI_2025/Time_optimal_baseline/install/ur_ros2_driver/share/ur_ros2_driver/environment/ament_prefix_path.sh
-- Up-to-date: /home/chri/CHRI_2025/Time_optimal_baseline/install/ur_ros2_driver/share/ur_ros2_driver/environment/ament_prefix_path.dsv
-- Up-to-date: /home/chri/CHRI_2025/Time_optimal_baseline/install/ur_ros2_driver/share/ur_ros2_driver/environment/path.sh
-- Up-to-date: /home/chri/CHRI_2025/Time_optimal_baseline/install/ur_ros2_driver/share/ur_ros2_driver/environment/path.dsv
-- Up-to-date: /home/chri/CHRI_2025/Time_optimal_baseline/install/ur_ros2_driver/share/ur_ros2_driver/local_setup.bash
-- Up-to-date: /home/chri/CHRI_2025/Time_optimal_baseline/install/ur_ros2_driver/share/ur_ros2_driver/local_setup.sh
-- Up-to-date: /home/chri/CHRI_2025/Time_optimal_baseline/install/ur_ros2_driver/share/ur_ros2_driver/local_setup.zsh
-- Up-to-date: /home/chri/CHRI_2025/Time_optimal_baseline/install/ur_ros2_driver/share/ur_ros2_driver/local_setup.dsv
-- Installing: /home/chri/CHRI_2025/Time_optimal_baseline/install/ur_ros2_driver/share/ur_ros2_driver/package.dsv
-- Up-to-date: /home/chri/CHRI_2025/Time_optimal_baseline/install/ur_ros2_driver/share/ament_index/resource_index/packages/ur_ros2_driver
-- Up-to-date: /home/chri/CHRI_2025/Time_optimal_baseline/install/ur_ros2_driver/share/ur_ros2_driver/cmake/ur_ros2_driverConfig.cmake
-- Up-to-date: /home/chri/CHRI_2025/Time_optimal_baseline/install/ur_ros2_driver/share/ur_ros2_driver/cmake/ur_ros2_driverConfig-version.cmake
-- Up-to-date: /home/chri/CHRI_2025/Time_optimal_baseline/install/ur_ros2_driver/share/ur_ros2_driver/package.xml
