[2.108s] Invoking command in '/home/chri/CHRI_2025/Time_optimal_baseline/src/mppi_controller': PYTHONPATH=/home/chri/CHRI_2025/Time_optimal_baseline/build/mppi_controller/prefix_override:/usr/lib/python3/dist-packages/colcon_core/task/python/colcon_distutils_commands:/home/chri/CHRI_2025/Time_optimal_baseline/install/mppi_controller/lib/python3.10/site-packages:${PYTHONPATH} /usr/bin/python3 -W ignore:setup.py install is deprecated -W ignore:easy_install command is deprecated setup.py egg_info --egg-base ../../build/mppi_controller build --build-base /home/chri/CHRI_2025/Time_optimal_baseline/build/mppi_controller/build install --record /home/chri/CHRI_2025/Time_optimal_baseline/build/mppi_controller/install.log --single-version-externally-managed install_data
[2.349s] /home/chri/.local/lib/python3.10/site-packages/setuptools/_distutils/dist.py:289: UserWarning: Unknown distribution option: 'tests_require'
[2.349s]   warnings.warn(msg)
[2.541s] running egg_info
[2.571s] writing ../../build/mppi_controller/mppi_controller.egg-info/PKG-INFO
[2.572s] writing dependency_links to ../../build/mppi_controller/mppi_controller.egg-info/dependency_links.txt
[2.572s] writing entry points to ../../build/mppi_controller/mppi_controller.egg-info/entry_points.txt
[2.573s] writing requirements to ../../build/mppi_controller/mppi_controller.egg-info/requires.txt
[2.573s] writing top-level names to ../../build/mppi_controller/mppi_controller.egg-info/top_level.txt
[2.643s] reading manifest file '../../build/mppi_controller/mppi_controller.egg-info/SOURCES.txt'
[2.643s] adding license file 'LICENSE'
[2.645s] writing manifest file '../../build/mppi_controller/mppi_controller.egg-info/SOURCES.txt'
[2.646s] running build
[2.646s] running build_py
[2.646s] copying mppi_controller/main.py -> /home/chri/CHRI_2025/Time_optimal_baseline/build/mppi_controller/build/lib/mppi_controller
[2.647s] copying mppi_controller/old_main.py -> /home/chri/CHRI_2025/Time_optimal_baseline/build/mppi_controller/build/lib/mppi_controller
[2.647s] copying mppi_controller/c_func_w_vels.py -> /home/chri/CHRI_2025/Time_optimal_baseline/build/mppi_controller/build/lib/mppi_controller
[2.647s] copying mppi_controller/mppi_utils.py -> /home/chri/CHRI_2025/Time_optimal_baseline/build/mppi_controller/build/lib/mppi_controller
[2.648s] copying mppi_controller/mppi.py -> /home/chri/CHRI_2025/Time_optimal_baseline/build/mppi_controller/build/lib/mppi_controller
[2.648s] copying mppi_controller/main_no_human.py -> /home/chri/CHRI_2025/Time_optimal_baseline/build/mppi_controller/build/lib/mppi_controller
[2.648s] running install
[2.655s] running install_lib
[2.688s] copying /home/chri/CHRI_2025/Time_optimal_baseline/build/mppi_controller/build/lib/mppi_controller/main.py -> /home/chri/CHRI_2025/Time_optimal_baseline/install/mppi_controller/lib/python3.10/site-packages/mppi_controller
[2.689s] byte-compiling /home/chri/CHRI_2025/Time_optimal_baseline/install/mppi_controller/lib/python3.10/site-packages/mppi_controller/main.py to main.cpython-310.pyc
[2.693s] running install_data
[2.694s] running install_egg_info
[2.729s] removing '/home/chri/CHRI_2025/Time_optimal_baseline/install/mppi_controller/lib/python3.10/site-packages/mppi_controller-0.0.0-py3.10.egg-info' (and everything under it)
[2.730s] Copying ../../build/mppi_controller/mppi_controller.egg-info to /home/chri/CHRI_2025/Time_optimal_baseline/install/mppi_controller/lib/python3.10/site-packages/mppi_controller-0.0.0-py3.10.egg-info
[2.731s] running install_scripts
[3.010s] Installing mppi_controller script to /home/chri/CHRI_2025/Time_optimal_baseline/install/mppi_controller/lib/mppi_controller
[3.010s] writing list of installed files to '/home/chri/CHRI_2025/Time_optimal_baseline/build/mppi_controller/install.log'
[3.052s] Invoked command in '/home/chri/CHRI_2025/Time_optimal_baseline/src/mppi_controller' returned '0': PYTHONPATH=/home/chri/CHRI_2025/Time_optimal_baseline/build/mppi_controller/prefix_override:/usr/lib/python3/dist-packages/colcon_core/task/python/colcon_distutils_commands:/home/chri/CHRI_2025/Time_optimal_baseline/install/mppi_controller/lib/python3.10/site-packages:${PYTHONPATH} /usr/bin/python3 -W ignore:setup.py install is deprecated -W ignore:easy_install command is deprecated setup.py egg_info --egg-base ../../build/mppi_controller build --build-base /home/chri/CHRI_2025/Time_optimal_baseline/build/mppi_controller/build install --record /home/chri/CHRI_2025/Time_optimal_baseline/build/mppi_controller/install.log --single-version-externally-managed install_data
