[0.056s] Invoking command in '/home/chri/CHRI_2025/Time_optimal_baseline/build/mpc_high': CMAKE_PREFIX_PATH=/opt/ros/humble /usr/bin/cmake --build /home/chri/CHRI_2025/Time_optimal_baseline/build/mpc_high -- -j16 -l16
[0.785s] [100%] Built target high_solver
[0.788s] Invoked command in '/home/chri/CHRI_2025/Time_optimal_baseline/build/mpc_high' returned '0': CMAKE_PREFIX_PATH=/opt/ros/humble /usr/bin/cmake --build /home/chri/CHRI_2025/Time_optimal_baseline/build/mpc_high -- -j16 -l16
[0.803s] Invoking command in '/home/chri/CHRI_2025/Time_optimal_baseline/build/mpc_high': CMAKE_PREFIX_PATH=/opt/ros/humble /usr/bin/cmake --install /home/chri/CHRI_2025/Time_optimal_baseline/build/mpc_high
[1.159s] -- Install configuration: ""
[1.160s] -- Up-to-date: /home/chri/CHRI_2025/Time_optimal_baseline/install/mpc_high/lib/mpc_high/high_solver
[1.161s] -- Up-to-date: /home/chri/CHRI_2025/Time_optimal_baseline/install/mpc_high/share/ament_index/resource_index/package_run_dependencies/mpc_high
[1.162s] -- Up-to-date: /home/chri/CHRI_2025/Time_optimal_baseline/install/mpc_high/share/ament_index/resource_index/parent_prefix_path/mpc_high
[1.164s] -- Up-to-date: /home/chri/CHRI_2025/Time_optimal_baseline/install/mpc_high/share/mpc_high/environment/ament_prefix_path.sh
[1.165s] -- Up-to-date: /home/chri/CHRI_2025/Time_optimal_baseline/install/mpc_high/share/mpc_high/environment/ament_prefix_path.dsv
[1.165s] -- Up-to-date: /home/chri/CHRI_2025/Time_optimal_baseline/install/mpc_high/share/mpc_high/environment/path.sh
[1.166s] -- Up-to-date: /home/chri/CHRI_2025/Time_optimal_baseline/install/mpc_high/share/mpc_high/environment/path.dsv
[1.167s] -- Up-to-date: /home/chri/CHRI_2025/Time_optimal_baseline/install/mpc_high/share/mpc_high/local_setup.bash
[1.167s] -- Up-to-date: /home/chri/CHRI_2025/Time_optimal_baseline/install/mpc_high/share/mpc_high/local_setup.sh
[1.169s] -- Up-to-date: /home/chri/CHRI_2025/Time_optimal_baseline/install/mpc_high/share/mpc_high/local_setup.zsh
[1.170s] -- Up-to-date: /home/chri/CHRI_2025/Time_optimal_baseline/install/mpc_high/share/mpc_high/local_setup.dsv
[1.170s] -- Installing: /home/chri/CHRI_2025/Time_optimal_baseline/install/mpc_high/share/mpc_high/package.dsv
[1.172s] -- Up-to-date: /home/chri/CHRI_2025/Time_optimal_baseline/install/mpc_high/share/ament_index/resource_index/packages/mpc_high
[1.175s] -- Up-to-date: /home/chri/CHRI_2025/Time_optimal_baseline/install/mpc_high/share/mpc_high/cmake/mpc_highConfig.cmake
[1.175s] -- Up-to-date: /home/chri/CHRI_2025/Time_optimal_baseline/install/mpc_high/share/mpc_high/cmake/mpc_highConfig-version.cmake
[1.175s] -- Up-to-date: /home/chri/CHRI_2025/Time_optimal_baseline/install/mpc_high/share/mpc_high/package.xml
[1.195s] Invoked command in '/home/chri/CHRI_2025/Time_optimal_baseline/build/mpc_high' returned '0': CMAKE_PREFIX_PATH=/opt/ros/humble /usr/bin/cmake --install /home/chri/CHRI_2025/Time_optimal_baseline/build/mpc_high
