[3.251s] Invoking command in '/home/chri/CHRI_2025/Time_optimal_baseline/src/sim_utils': PYTHONPATH=/home/chri/CHRI_2025/Time_optimal_baseline/build/sim_utils/prefix_override:/usr/lib/python3/dist-packages/colcon_core/task/python/colcon_distutils_commands:/home/chri/CHRI_2025/Time_optimal_baseline/install/sim_utils/lib/python3.10/site-packages:${PYTHONPATH} /usr/bin/python3 -W ignore:setup.py install is deprecated -W ignore:easy_install command is deprecated setup.py egg_info --egg-base ../../build/sim_utils build --build-base /home/chri/CHRI_2025/Time_optimal_baseline/build/sim_utils/build install --record /home/chri/CHRI_2025/Time_optimal_baseline/build/sim_utils/install.log --single-version-externally-managed install_data
[3.525s] /home/chri/.local/lib/python3.10/site-packages/setuptools/_distutils/dist.py:289: UserWarning: Unknown distribution option: 'tests_require'
[3.525s]   warnings.warn(msg)
[3.712s] running egg_info
[3.744s] writing ../../build/sim_utils/sim_utils.egg-info/PKG-INFO
[3.750s] writing dependency_links to ../../build/sim_utils/sim_utils.egg-info/dependency_links.txt
[3.751s] writing entry points to ../../build/sim_utils/sim_utils.egg-info/entry_points.txt
[3.751s] writing requirements to ../../build/sim_utils/sim_utils.egg-info/requires.txt
[3.751s] writing top-level names to ../../build/sim_utils/sim_utils.egg-info/top_level.txt
[3.821s] reading manifest file '../../build/sim_utils/sim_utils.egg-info/SOURCES.txt'
[3.824s] writing manifest file '../../build/sim_utils/sim_utils.egg-info/SOURCES.txt'
[3.824s] running build
[3.824s] running build_py
[3.825s] running install
[3.831s] running install_lib
[3.864s] running install_data
[3.865s] running install_egg_info
[3.898s] removing '/home/chri/CHRI_2025/Time_optimal_baseline/install/sim_utils/lib/python3.10/site-packages/sim_utils-0.0.0-py3.10.egg-info' (and everything under it)
[3.899s] Copying ../../build/sim_utils/sim_utils.egg-info to /home/chri/CHRI_2025/Time_optimal_baseline/install/sim_utils/lib/python3.10/site-packages/sim_utils-0.0.0-py3.10.egg-info
[3.931s] running install_scripts
[4.179s] Installing human_motion_player script to /home/chri/CHRI_2025/Time_optimal_baseline/install/sim_utils/lib/sim_utils
[4.180s] writing list of installed files to '/home/chri/CHRI_2025/Time_optimal_baseline/build/sim_utils/install.log'
[4.234s] Invoked command in '/home/chri/CHRI_2025/Time_optimal_baseline/src/sim_utils' returned '0': PYTHONPATH=/home/chri/CHRI_2025/Time_optimal_baseline/build/sim_utils/prefix_override:/usr/lib/python3/dist-packages/colcon_core/task/python/colcon_distutils_commands:/home/chri/CHRI_2025/Time_optimal_baseline/install/sim_utils/lib/python3.10/site-packages:${PYTHONPATH} /usr/bin/python3 -W ignore:setup.py install is deprecated -W ignore:easy_install command is deprecated setup.py egg_info --egg-base ../../build/sim_utils build --build-base /home/chri/CHRI_2025/Time_optimal_baseline/build/sim_utils/build install --record /home/chri/CHRI_2025/Time_optimal_baseline/build/sim_utils/install.log --single-version-externally-managed install_data
