/home/chri/CHRI_2025/Time_optimal_baseline/src/mpc_to/solver_to_high_disc/UR5_constraints/UR5_constr_h_0_fun.c: In function ‘UR5_constr_h_0_fun_f0’:
/home/chri/CHRI_2025/Time_optimal_baseline/src/mpc_to/solver_to_high_disc/UR5_constraints/UR5_constr_h_0_fun.c:62:78: warning: unused parameter ‘iw’ [-Wunused-parameter]
   62 | static int casadi_f0(const casadi_real** arg, casadi_real** res, casadi_int* iw, casadi_real* w, int mem) {
      |                                                                              ^
/home/chri/CHRI_2025/Time_optimal_baseline/src/mpc_to/solver_to_high_disc/UR5_constraints/UR5_constr_h_0_fun.c:62:95: warning: unused parameter ‘w’ [-Wunused-parameter]
   62 | static int casadi_f0(const casadi_real** arg, casadi_real** res, casadi_int* iw, casadi_real* w, int mem) {
      |                                                                                               ^
/home/chri/CHRI_2025/Time_optimal_baseline/src/mpc_to/solver_to_high_disc/UR5_constraints/UR5_constr_h_0_fun.c:62:102: warning: unused parameter ‘mem’ [-Wunused-parameter]
   62 | static int casadi_f0(const casadi_real** arg, casadi_real** res, casadi_int* iw, casadi_real* w, int mem) {
      |                                                                                                  ~~~~^~~
/home/chri/CHRI_2025/Time_optimal_baseline/src/mpc_to/solver_to_high_disc/UR5_constraints/UR5_constr_h_0_fun.c: In function ‘UR5_constr_h_0_fun_init_mem’:
/home/chri/CHRI_2025/Time_optimal_baseline/src/mpc_to/solver_to_high_disc/UR5_constraints/UR5_constr_h_0_fun.c:262:58: warning: unused parameter ‘mem’ [-Wunused-parameter]
  262 | CASADI_SYMBOL_EXPORT int UR5_constr_h_0_fun_init_mem(int mem) {
      |                                                      ~~~~^~~
/home/chri/CHRI_2025/Time_optimal_baseline/src/mpc_to/solver_to_high_disc/UR5_constraints/UR5_constr_h_0_fun.c: In function ‘UR5_constr_h_0_fun_free_mem’:
/home/chri/CHRI_2025/Time_optimal_baseline/src/mpc_to/solver_to_high_disc/UR5_constraints/UR5_constr_h_0_fun.c:266:59: warning: unused parameter ‘mem’ [-Wunused-parameter]
  266 | CASADI_SYMBOL_EXPORT void UR5_constr_h_0_fun_free_mem(int mem) {
      |                                                       ~~~~^~~
/home/chri/CHRI_2025/Time_optimal_baseline/src/mpc_to/solver_to_high_disc/UR5_constraints/UR5_constr_h_0_fun.c: In function ‘UR5_constr_h_0_fun_release’:
/home/chri/CHRI_2025/Time_optimal_baseline/src/mpc_to/solver_to_high_disc/UR5_constraints/UR5_constr_h_0_fun.c:273:58: warning: unused parameter ‘mem’ [-Wunused-parameter]
  273 | CASADI_SYMBOL_EXPORT void UR5_constr_h_0_fun_release(int mem) {
      |                                                      ~~~~^~~
/home/chri/CHRI_2025/Time_optimal_baseline/src/mpc_to/solver_to_high_disc/UR5_constraints/UR5_constr_h_0_fun_jac_uxt_zt.c: In function ‘UR5_constr_h_0_fun_jac_uxt_zt_f0’:
/home/chri/CHRI_2025/Time_optimal_baseline/src/mpc_to/solver_to_high_disc/UR5_constraints/UR5_constr_h_0_fun_jac_uxt_zt.c:66:78: warning: unused parameter ‘iw’ [-Wunused-parameter]
   66 | static int casadi_f0(const casadi_real** arg, casadi_real** res, casadi_int* iw, casadi_real* w, int mem) {
      |                                                                              ^
/home/chri/CHRI_2025/Time_optimal_baseline/src/mpc_to/solver_to_high_disc/UR5_constraints/UR5_constr_h_0_fun_jac_uxt_zt.c:66:95: warning: unused parameter ‘w’ [-Wunused-parameter]
   66 | static int casadi_f0(const casadi_real** arg, casadi_real** res, casadi_int* iw, casadi_real* w, int mem) {
      |                                                                                               ^
/home/chri/CHRI_2025/Time_optimal_baseline/src/mpc_to/solver_to_high_disc/UR5_constraints/UR5_constr_h_0_fun_jac_uxt_zt.c:66:102: warning: unused parameter ‘mem’ [-Wunused-parameter]
   66 | static int casadi_f0(const casadi_real** arg, casadi_real** res, casadi_int* iw, casadi_real* w, int mem) {
      |                                                                                                  ~~~~^~~
/home/chri/CHRI_2025/Time_optimal_baseline/src/mpc_to/solver_to_high_disc/UR5_constraints/UR5_constr_h_0_fun_jac_uxt_zt.c: In function ‘UR5_constr_h_0_fun_jac_uxt_zt_init_mem’:
/home/chri/CHRI_2025/Time_optimal_baseline/src/mpc_to/solver_to_high_disc/UR5_constraints/UR5_constr_h_0_fun_jac_uxt_zt.c:573:69: warning: unused parameter ‘mem’ [-Wunused-parameter]
  573 | CASADI_SYMBOL_EXPORT int UR5_constr_h_0_fun_jac_uxt_zt_init_mem(int mem) {
      |                                                                 ~~~~^~~
/home/chri/CHRI_2025/Time_optimal_baseline/src/mpc_to/solver_to_high_disc/UR5_constraints/UR5_constr_h_0_fun_jac_uxt_zt.c: In function ‘UR5_constr_h_0_fun_jac_uxt_zt_free_mem’:
/home/chri/CHRI_2025/Time_optimal_baseline/src/mpc_to/solver_to_high_disc/UR5_constraints/UR5_constr_h_0_fun_jac_uxt_zt.c:577:70: warning: unused parameter ‘mem’ [-Wunused-parameter]
  577 | CASADI_SYMBOL_EXPORT void UR5_constr_h_0_fun_jac_uxt_zt_free_mem(int mem) {
      |                                                                  ~~~~^~~
/home/chri/CHRI_2025/Time_optimal_baseline/src/mpc_to/solver_to_high_disc/UR5_constraints/UR5_constr_h_0_fun_jac_uxt_zt.c: In function ‘UR5_constr_h_0_fun_jac_uxt_zt_release’:
/home/chri/CHRI_2025/Time_optimal_baseline/src/mpc_to/solver_to_high_disc/UR5_constraints/UR5_constr_h_0_fun_jac_uxt_zt.c:584:69: warning: unused parameter ‘mem’ [-Wunused-parameter]
  584 | CASADI_SYMBOL_EXPORT void UR5_constr_h_0_fun_jac_uxt_zt_release(int mem) {
      |                                                                 ~~~~^~~
/home/chri/CHRI_2025/Time_optimal_baseline/src/mpc_to/solver_to_high_disc/UR5_constraints/UR5_constr_h_0_fun_jac_uxt_zt_hess.c: In function ‘UR5_constr_h_0_fun_jac_uxt_zt_hess_f0’:
/home/chri/CHRI_2025/Time_optimal_baseline/src/mpc_to/solver_to_high_disc/UR5_constraints/UR5_constr_h_0_fun_jac_uxt_zt_hess.c:68:78: warning: unused parameter ‘iw’ [-Wunused-parameter]
   68 | static int casadi_f0(const casadi_real** arg, casadi_real** res, casadi_int* iw, casadi_real* w, int mem) {
      |                                                                              ^
/home/chri/CHRI_2025/Time_optimal_baseline/src/mpc_to/solver_to_high_disc/UR5_constraints/UR5_constr_h_0_fun_jac_uxt_zt_hess.c:68:95: warning: unused parameter ‘w’ [-Wunused-parameter]
   68 | static int casadi_f0(const casadi_real** arg, casadi_real** res, casadi_int* iw, casadi_real* w, int mem) {
      |                                                                                               ^
/home/chri/CHRI_2025/Time_optimal_baseline/src/mpc_to/solver_to_high_disc/UR5_constraints/UR5_constr_h_0_fun_jac_uxt_zt_hess.c:68:102: warning: unused parameter ‘mem’ [-Wunused-parameter]
   68 | static int casadi_f0(const casadi_real** arg, casadi_real** res, casadi_int* iw, casadi_real* w, int mem) {
      |                                                                                                  ~~~~^~~
/home/chri/CHRI_2025/Time_optimal_baseline/src/mpc_to/solver_to_high_disc/UR5_constraints/UR5_constr_h_0_fun_jac_uxt_zt_hess.c: In function ‘UR5_constr_h_0_fun_jac_uxt_zt_hess_init_mem’:
/home/chri/CHRI_2025/Time_optimal_baseline/src/mpc_to/solver_to_high_disc/UR5_constraints/UR5_constr_h_0_fun_jac_uxt_zt_hess.c:2077:74: warning: unused parameter ‘mem’ [-Wunused-parameter]
 2077 | CASADI_SYMBOL_EXPORT int UR5_constr_h_0_fun_jac_uxt_zt_hess_init_mem(int mem) {
      |                                                                      ~~~~^~~
/home/chri/CHRI_2025/Time_optimal_baseline/src/mpc_to/solver_to_high_disc/UR5_constraints/UR5_constr_h_0_fun_jac_uxt_zt_hess.c: In function ‘UR5_constr_h_0_fun_jac_uxt_zt_hess_free_mem’:
/home/chri/CHRI_2025/Time_optimal_baseline/src/mpc_to/solver_to_high_disc/UR5_constraints/UR5_constr_h_0_fun_jac_uxt_zt_hess.c:2081:75: warning: unused parameter ‘mem’ [-Wunused-parameter]
 2081 | CASADI_SYMBOL_EXPORT void UR5_constr_h_0_fun_jac_uxt_zt_hess_free_mem(int mem) {
      |                                                                       ~~~~^~~
/home/chri/CHRI_2025/Time_optimal_baseline/src/mpc_to/solver_to_high_disc/UR5_constraints/UR5_constr_h_0_fun_jac_uxt_zt_hess.c: In function ‘UR5_constr_h_0_fun_jac_uxt_zt_hess_release’:
/home/chri/CHRI_2025/Time_optimal_baseline/src/mpc_to/solver_to_high_disc/UR5_constraints/UR5_constr_h_0_fun_jac_uxt_zt_hess.c:2088:74: warning: unused parameter ‘mem’ [-Wunused-parameter]
 2088 | CASADI_SYMBOL_EXPORT void UR5_constr_h_0_fun_jac_uxt_zt_hess_release(int mem) {
      |                                                                      ~~~~^~~
