-- Found ament_cmake: 1.3.11 (/opt/ros/humble/share/ament_cmake/cmake)
-- Override CMake install command with custom implementation using symlinks instead of copying resources
-- Found rclcpp: 16.0.12 (/opt/ros/humble/share/rclcpp/cmake)
-- Found rosidl_generator_c: 3.1.6 (/opt/ros/humble/share/rosidl_generator_c/cmake)
-- Found rosidl_adapter: 3.1.6 (/opt/ros/humble/share/rosidl_adapter/cmake)
-- Found rosidl_generator_cpp: 3.1.6 (/opt/ros/humble/share/rosidl_generator_cpp/cmake)
-- Using all available rosidl_typesupport_c: rosidl_typesupport_fastrtps_c;rosidl_typesupport_introspection_c
-- Using all available rosidl_typesupport_cpp: rosidl_typesupport_fastrtps_cpp;rosidl_typesupport_introspection_cpp
-- Found rmw_implementation_cmake: 6.1.2 (/opt/ros/humble/share/rmw_implementation_cmake/cmake)
-- Found rmw_fastrtps_cpp: 6.2.7 (/opt/ros/humble/share/rmw_fastrtps_cpp/cmake)
-- Using RMW implementation 'rmw_fastrtps_cpp' as default
-- Found sensor_msgs: 4.8.0 (/opt/ros/humble/share/sensor_msgs/cmake)
-- Target my_node_cpp built successfully
-- Found ament_lint_auto: 0.12.12 (/opt/ros/humble/share/ament_lint_auto/cmake)
-- Added test 'cppcheck' to perform static code analysis on C / C++ code
-- Configured cppcheck include dirs: /home/chri/CHRI_2025/Time_optimal_baseline/src/mpc_to/include;/home/chri/CHRI_2025/Time_optimal_baseline/src/mpc_to/include/acados;/home/chri/CHRI_2025/Time_optimal_baseline/src/mpc_to/include/acados_c;/home/chri/CHRI_2025/Time_optimal_baseline/src/mpc_to/include/blasfeo/include;/home/chri/CHRI_2025/Time_optimal_baseline/src/mpc_to/include/hpipm/include;/home/chri/CHRI_2025/Time_optimal_baseline/src/mpc_to/solver_to_high_disc/
-- Configured cppcheck exclude dirs and/or files: 
-- Added test 'lint_cmake' to check CMake code style
-- Added test 'uncrustify' to check C / C++ code style
-- Configured uncrustify additional arguments: 
-- Added test 'xmllint' to check XML markup files
-- Configuring done
-- Generating done
-- Build files have been written to: /home/chri/CHRI_2025/Time_optimal_baseline/build/mpc_to
Consolidate compiler generated dependencies of target high_solver
[  8%] Building C object CMakeFiles/high_solver.dir/solver_to_high_disc/UR5_constraints/UR5_constr_h_0_fun_jac_uxt_zt.c.o
[  8%] Building C object CMakeFiles/high_solver.dir/solver_to_high_disc/UR5_constraints/UR5_constr_h_0_fun_jac_uxt_zt_hess.c.o
[ 13%] Building C object CMakeFiles/high_solver.dir/solver_to_high_disc/UR5_constraints/UR5_constr_h_0_fun.c.o
/home/chri/CHRI_2025/Time_optimal_baseline/src/mpc_to/solver_to_high_disc/UR5_constraints/UR5_constr_h_0_fun.c: In function ‘UR5_constr_h_0_fun_f0’:
/home/chri/CHRI_2025/Time_optimal_baseline/src/mpc_to/solver_to_high_disc/UR5_constraints/UR5_constr_h_0_fun.c:62:78: warning: unused parameter ‘iw’ [-Wunused-parameter]
   62 | static int casadi_f0(const casadi_real** arg, casadi_real** res, casadi_int* iw, casadi_real* w, int mem) {
      |                                                                              ^
/home/chri/CHRI_2025/Time_optimal_baseline/src/mpc_to/solver_to_high_disc/UR5_constraints/UR5_constr_h_0_fun.c:62:95: warning: unused parameter ‘w’ [-Wunused-parameter]
   62 | static int casadi_f0(const casadi_real** arg, casadi_real** res, casadi_int* iw, casadi_real* w, int mem) {
      |                                                                                               ^
/home/chri/CHRI_2025/Time_optimal_baseline/src/mpc_to/solver_to_high_disc/UR5_constraints/UR5_constr_h_0_fun.c:62:102: warning: unused parameter ‘mem’ [-Wunused-parameter]
   62 | static int casadi_f0(const casadi_real** arg, casadi_real** res, casadi_int* iw, casadi_real* w, int mem) {
      |                                                                                                  ~~~~^~~
/home/chri/CHRI_2025/Time_optimal_baseline/src/mpc_to/solver_to_high_disc/UR5_constraints/UR5_constr_h_0_fun.c: In function ‘UR5_constr_h_0_fun_init_mem’:
/home/chri/CHRI_2025/Time_optimal_baseline/src/mpc_to/solver_to_high_disc/UR5_constraints/UR5_constr_h_0_fun.c:262:58: warning: unused parameter ‘mem’ [-Wunused-parameter]
  262 | CASADI_SYMBOL_EXPORT int UR5_constr_h_0_fun_init_mem(int mem) {
      |                                                      ~~~~^~~
/home/chri/CHRI_2025/Time_optimal_baseline/src/mpc_to/solver_to_high_disc/UR5_constraints/UR5_constr_h_0_fun.c: In function ‘UR5_constr_h_0_fun_free_mem’:
/home/chri/CHRI_2025/Time_optimal_baseline/src/mpc_to/solver_to_high_disc/UR5_constraints/UR5_constr_h_0_fun.c:266:59: warning: unused parameter ‘mem’ [-Wunused-parameter]
  266 | CASADI_SYMBOL_EXPORT void UR5_constr_h_0_fun_free_mem(int mem) {
      |                                                       ~~~~^~~
/home/chri/CHRI_2025/Time_optimal_baseline/src/mpc_to/solver_to_high_disc/UR5_constraints/UR5_constr_h_0_fun.c: In function ‘UR5_constr_h_0_fun_release’:
/home/chri/CHRI_2025/Time_optimal_baseline/src/mpc_to/solver_to_high_disc/UR5_constraints/UR5_constr_h_0_fun.c:273:58: warning: unused parameter ‘mem’ [-Wunused-parameter]
  273 | CASADI_SYMBOL_EXPORT void UR5_constr_h_0_fun_release(int mem) {
      |                                                      ~~~~^~~
/home/chri/CHRI_2025/Time_optimal_baseline/src/mpc_to/solver_to_high_disc/UR5_constraints/UR5_constr_h_0_fun_jac_uxt_zt.c: In function ‘UR5_constr_h_0_fun_jac_uxt_zt_f0’:
/home/chri/CHRI_2025/Time_optimal_baseline/src/mpc_to/solver_to_high_disc/UR5_constraints/UR5_constr_h_0_fun_jac_uxt_zt.c:66:78: warning: unused parameter ‘iw’ [-Wunused-parameter]
   66 | static int casadi_f0(const casadi_real** arg, casadi_real** res, casadi_int* iw, casadi_real* w, int mem) {
      |                                                                              ^
/home/chri/CHRI_2025/Time_optimal_baseline/src/mpc_to/solver_to_high_disc/UR5_constraints/UR5_constr_h_0_fun_jac_uxt_zt.c:66:95: warning: unused parameter ‘w’ [-Wunused-parameter]
   66 | static int casadi_f0(const casadi_real** arg, casadi_real** res, casadi_int* iw, casadi_real* w, int mem) {
      |                                                                                               ^
/home/chri/CHRI_2025/Time_optimal_baseline/src/mpc_to/solver_to_high_disc/UR5_constraints/UR5_constr_h_0_fun_jac_uxt_zt.c:66:102: warning: unused parameter ‘mem’ [-Wunused-parameter]
   66 | static int casadi_f0(const casadi_real** arg, casadi_real** res, casadi_int* iw, casadi_real* w, int mem) {
      |                                                                                                  ~~~~^~~
/home/chri/CHRI_2025/Time_optimal_baseline/src/mpc_to/solver_to_high_disc/UR5_constraints/UR5_constr_h_0_fun_jac_uxt_zt.c: In function ‘UR5_constr_h_0_fun_jac_uxt_zt_init_mem’:
/home/chri/CHRI_2025/Time_optimal_baseline/src/mpc_to/solver_to_high_disc/UR5_constraints/UR5_constr_h_0_fun_jac_uxt_zt.c:573:69: warning: unused parameter ‘mem’ [-Wunused-parameter]
  573 | CASADI_SYMBOL_EXPORT int UR5_constr_h_0_fun_jac_uxt_zt_init_mem(int mem) {
      |                                                                 ~~~~^~~
/home/chri/CHRI_2025/Time_optimal_baseline/src/mpc_to/solver_to_high_disc/UR5_constraints/UR5_constr_h_0_fun_jac_uxt_zt.c: In function ‘UR5_constr_h_0_fun_jac_uxt_zt_free_mem’:
/home/chri/CHRI_2025/Time_optimal_baseline/src/mpc_to/solver_to_high_disc/UR5_constraints/UR5_constr_h_0_fun_jac_uxt_zt.c:577:70: warning: unused parameter ‘mem’ [-Wunused-parameter]
  577 | CASADI_SYMBOL_EXPORT void UR5_constr_h_0_fun_jac_uxt_zt_free_mem(int mem) {
      |                                                                  ~~~~^~~
/home/chri/CHRI_2025/Time_optimal_baseline/src/mpc_to/solver_to_high_disc/UR5_constraints/UR5_constr_h_0_fun_jac_uxt_zt.c: In function ‘UR5_constr_h_0_fun_jac_uxt_zt_release’:
/home/chri/CHRI_2025/Time_optimal_baseline/src/mpc_to/solver_to_high_disc/UR5_constraints/UR5_constr_h_0_fun_jac_uxt_zt.c:584:69: warning: unused parameter ‘mem’ [-Wunused-parameter]
  584 | CASADI_SYMBOL_EXPORT void UR5_constr_h_0_fun_jac_uxt_zt_release(int mem) {
      |                                                                 ~~~~^~~
/home/chri/CHRI_2025/Time_optimal_baseline/src/mpc_to/solver_to_high_disc/UR5_constraints/UR5_constr_h_0_fun_jac_uxt_zt_hess.c: In function ‘UR5_constr_h_0_fun_jac_uxt_zt_hess_f0’:
/home/chri/CHRI_2025/Time_optimal_baseline/src/mpc_to/solver_to_high_disc/UR5_constraints/UR5_constr_h_0_fun_jac_uxt_zt_hess.c:68:78: warning: unused parameter ‘iw’ [-Wunused-parameter]
   68 | static int casadi_f0(const casadi_real** arg, casadi_real** res, casadi_int* iw, casadi_real* w, int mem) {
      |                                                                              ^
/home/chri/CHRI_2025/Time_optimal_baseline/src/mpc_to/solver_to_high_disc/UR5_constraints/UR5_constr_h_0_fun_jac_uxt_zt_hess.c:68:95: warning: unused parameter ‘w’ [-Wunused-parameter]
   68 | static int casadi_f0(const casadi_real** arg, casadi_real** res, casadi_int* iw, casadi_real* w, int mem) {
      |                                                                                               ^
/home/chri/CHRI_2025/Time_optimal_baseline/src/mpc_to/solver_to_high_disc/UR5_constraints/UR5_constr_h_0_fun_jac_uxt_zt_hess.c:68:102: warning: unused parameter ‘mem’ [-Wunused-parameter]
   68 | static int casadi_f0(const casadi_real** arg, casadi_real** res, casadi_int* iw, casadi_real* w, int mem) {
      |                                                                                                  ~~~~^~~
/home/chri/CHRI_2025/Time_optimal_baseline/src/mpc_to/solver_to_high_disc/UR5_constraints/UR5_constr_h_0_fun_jac_uxt_zt_hess.c: In function ‘UR5_constr_h_0_fun_jac_uxt_zt_hess_init_mem’:
/home/chri/CHRI_2025/Time_optimal_baseline/src/mpc_to/solver_to_high_disc/UR5_constraints/UR5_constr_h_0_fun_jac_uxt_zt_hess.c:2077:74: warning: unused parameter ‘mem’ [-Wunused-parameter]
 2077 | CASADI_SYMBOL_EXPORT int UR5_constr_h_0_fun_jac_uxt_zt_hess_init_mem(int mem) {
      |                                                                      ~~~~^~~
/home/chri/CHRI_2025/Time_optimal_baseline/src/mpc_to/solver_to_high_disc/UR5_constraints/UR5_constr_h_0_fun_jac_uxt_zt_hess.c: In function ‘UR5_constr_h_0_fun_jac_uxt_zt_hess_free_mem’:
/home/chri/CHRI_2025/Time_optimal_baseline/src/mpc_to/solver_to_high_disc/UR5_constraints/UR5_constr_h_0_fun_jac_uxt_zt_hess.c:2081:75: warning: unused parameter ‘mem’ [-Wunused-parameter]
 2081 | CASADI_SYMBOL_EXPORT void UR5_constr_h_0_fun_jac_uxt_zt_hess_free_mem(int mem) {
      |                                                                       ~~~~^~~
/home/chri/CHRI_2025/Time_optimal_baseline/src/mpc_to/solver_to_high_disc/UR5_constraints/UR5_constr_h_0_fun_jac_uxt_zt_hess.c: In function ‘UR5_constr_h_0_fun_jac_uxt_zt_hess_release’:
/home/chri/CHRI_2025/Time_optimal_baseline/src/mpc_to/solver_to_high_disc/UR5_constraints/UR5_constr_h_0_fun_jac_uxt_zt_hess.c:2088:74: warning: unused parameter ‘mem’ [-Wunused-parameter]
 2088 | CASADI_SYMBOL_EXPORT void UR5_constr_h_0_fun_jac_uxt_zt_hess_release(int mem) {
      |                                                                      ~~~~^~~
[ 17%] Linking CXX executable high_solver
[100%] Built target high_solver
-- Install configuration: "Release"
-- Execute custom install script
-- Up-to-date symlink: /home/chri/CHRI_2025/Time_optimal_baseline/install/mpc_to/lib/mpc_to/high_solver
-- Up-to-date symlink: /home/chri/CHRI_2025/Time_optimal_baseline/install/mpc_to/share/ament_index/resource_index/package_run_dependencies/mpc_to
-- Up-to-date symlink: /home/chri/CHRI_2025/Time_optimal_baseline/install/mpc_to/share/ament_index/resource_index/parent_prefix_path/mpc_to
-- Up-to-date symlink: /home/chri/CHRI_2025/Time_optimal_baseline/install/mpc_to/share/mpc_to/environment/ament_prefix_path.sh
-- Up-to-date symlink: /home/chri/CHRI_2025/Time_optimal_baseline/install/mpc_to/share/mpc_to/environment/ament_prefix_path.dsv
-- Up-to-date symlink: /home/chri/CHRI_2025/Time_optimal_baseline/install/mpc_to/share/mpc_to/environment/path.sh
-- Up-to-date symlink: /home/chri/CHRI_2025/Time_optimal_baseline/install/mpc_to/share/mpc_to/environment/path.dsv
-- Up-to-date symlink: /home/chri/CHRI_2025/Time_optimal_baseline/install/mpc_to/share/mpc_to/local_setup.bash
-- Up-to-date symlink: /home/chri/CHRI_2025/Time_optimal_baseline/install/mpc_to/share/mpc_to/local_setup.sh
-- Up-to-date symlink: /home/chri/CHRI_2025/Time_optimal_baseline/install/mpc_to/share/mpc_to/local_setup.zsh
-- Up-to-date symlink: /home/chri/CHRI_2025/Time_optimal_baseline/install/mpc_to/share/mpc_to/local_setup.dsv
-- Symlinking: /home/chri/CHRI_2025/Time_optimal_baseline/install/mpc_to/share/mpc_to/package.dsv
-- Up-to-date symlink: /home/chri/CHRI_2025/Time_optimal_baseline/install/mpc_to/share/ament_index/resource_index/packages/mpc_to
-- Up-to-date symlink: /home/chri/CHRI_2025/Time_optimal_baseline/install/mpc_to/share/mpc_to/cmake/mpc_toConfig.cmake
-- Up-to-date symlink: /home/chri/CHRI_2025/Time_optimal_baseline/install/mpc_to/share/mpc_to/cmake/mpc_toConfig-version.cmake
-- Up-to-date symlink: /home/chri/CHRI_2025/Time_optimal_baseline/install/mpc_to/share/mpc_to/package.xml
