[0.023s] Invoking command in '/home/chri/CHRI_2025/Time_optimal_baseline/build/mpc_to': CMAKE_PREFIX_PATH=/opt/ros/humble /usr/bin/cmake --build /home/chri/CHRI_2025/Time_optimal_baseline/build/mpc_to -- -j16 -l16
[0.328s] -- Found ament_cmake: 1.3.11 (/opt/ros/humble/share/ament_cmake/cmake)
[0.679s] -- Override CMake install command with custom implementation using symlinks instead of copying resources
[0.780s] -- Found rclcpp: 16.0.12 (/opt/ros/humble/share/rclcpp/cmake)
[1.315s] -- Found rosidl_generator_c: 3.1.6 (/opt/ros/humble/share/rosidl_generator_c/cmake)
[1.339s] -- Found rosidl_adapter: 3.1.6 (/opt/ros/humble/share/rosidl_adapter/cmake)
[1.372s] -- Found rosidl_generator_cpp: 3.1.6 (/opt/ros/humble/share/rosidl_generator_cpp/cmake)
[1.399s] -- Using all available rosidl_typesupport_c: rosidl_typesupport_fastrtps_c;rosidl_typesupport_introspection_c
[1.446s] -- Using all available rosidl_typesupport_cpp: rosidl_typesupport_fastrtps_cpp;rosidl_typesupport_introspection_cpp
[1.590s] -- Found rmw_implementation_cmake: 6.1.2 (/opt/ros/humble/share/rmw_implementation_cmake/cmake)
[1.593s] -- Found rmw_fastrtps_cpp: 6.2.7 (/opt/ros/humble/share/rmw_fastrtps_cpp/cmake)
[1.977s] -- Using RMW implementation 'rmw_fastrtps_cpp' as default
[2.411s] -- Found sensor_msgs: 4.8.0 (/opt/ros/humble/share/sensor_msgs/cmake)
[2.482s] -- Target my_node_cpp built successfully
[2.497s] -- Found ament_lint_auto: 0.12.12 (/opt/ros/humble/share/ament_lint_auto/cmake)
[2.697s] -- Added test 'cppcheck' to perform static code analysis on C / C++ code
[2.698s] -- Configured cppcheck include dirs: /home/chri/CHRI_2025/Time_optimal_baseline/src/mpc_to/include;/home/chri/CHRI_2025/Time_optimal_baseline/src/mpc_to/include/acados;/home/chri/CHRI_2025/Time_optimal_baseline/src/mpc_to/include/acados_c;/home/chri/CHRI_2025/Time_optimal_baseline/src/mpc_to/include/blasfeo/include;/home/chri/CHRI_2025/Time_optimal_baseline/src/mpc_to/include/hpipm/include;/home/chri/CHRI_2025/Time_optimal_baseline/src/mpc_to/solver_to_high_disc/
[2.699s] -- Configured cppcheck exclude dirs and/or files: 
[2.707s] -- Added test 'lint_cmake' to check CMake code style
[2.732s] -- Added test 'uncrustify' to check C / C++ code style
[2.732s] -- Configured uncrustify additional arguments: 
[2.735s] -- Added test 'xmllint' to check XML markup files
[2.770s] -- Configuring done
[3.172s] -- Generating done
[3.222s] -- Build files have been written to: /home/chri/CHRI_2025/Time_optimal_baseline/build/mpc_to
[3.295s] Consolidate compiler generated dependencies of target high_solver
[3.324s] [  8%] Building C object CMakeFiles/high_solver.dir/solver_to_high_disc/UR5_constraints/UR5_constr_h_0_fun_jac_uxt_zt.c.o
[3.324s] [  8%] Building C object CMakeFiles/high_solver.dir/solver_to_high_disc/UR5_constraints/UR5_constr_h_0_fun_jac_uxt_zt_hess.c.o
[3.324s] [ 13%] Building C object CMakeFiles/high_solver.dir/solver_to_high_disc/UR5_constraints/UR5_constr_h_0_fun.c.o
[3.361s] /home/chri/CHRI_2025/Time_optimal_baseline/src/mpc_to/solver_to_high_disc/UR5_constraints/UR5_constr_h_0_fun.c: In function ‘UR5_constr_h_0_fun_f0’:
[3.361s] /home/chri/CHRI_2025/Time_optimal_baseline/src/mpc_to/solver_to_high_disc/UR5_constraints/UR5_constr_h_0_fun.c:62:78: warning: unused parameter ‘iw’ [-Wunused-parameter]
[3.361s]    62 | static int casadi_f0(const casadi_real** arg, casadi_real** res, casadi_int* iw, casadi_real* w, int mem) {
[3.362s]       |                                                                              ^
[3.363s] /home/chri/CHRI_2025/Time_optimal_baseline/src/mpc_to/solver_to_high_disc/UR5_constraints/UR5_constr_h_0_fun.c:62:95: warning: unused parameter ‘w’ [-Wunused-parameter]
[3.363s]    62 | static int casadi_f0(const casadi_real** arg, casadi_real** res, casadi_int* iw, casadi_real* w, int mem) {
[3.363s]       |                                                                                               ^
[3.364s] /home/chri/CHRI_2025/Time_optimal_baseline/src/mpc_to/solver_to_high_disc/UR5_constraints/UR5_constr_h_0_fun.c:62:102: warning: unused parameter ‘mem’ [-Wunused-parameter]
[3.364s]    62 | static int casadi_f0(const casadi_real** arg, casadi_real** res, casadi_int* iw, casadi_real* w, int mem) {
[3.365s]       |                                                                                                  ~~~~^~~
[3.365s] /home/chri/CHRI_2025/Time_optimal_baseline/src/mpc_to/solver_to_high_disc/UR5_constraints/UR5_constr_h_0_fun.c: In function ‘UR5_constr_h_0_fun_init_mem’:
[3.365s] /home/chri/CHRI_2025/Time_optimal_baseline/src/mpc_to/solver_to_high_disc/UR5_constraints/UR5_constr_h_0_fun.c:262:58: warning: unused parameter ‘mem’ [-Wunused-parameter]
[3.366s]   262 | CASADI_SYMBOL_EXPORT int UR5_constr_h_0_fun_init_mem(int mem) {
[3.366s]       |                                                      ~~~~^~~
[3.366s] /home/chri/CHRI_2025/Time_optimal_baseline/src/mpc_to/solver_to_high_disc/UR5_constraints/UR5_constr_h_0_fun.c: In function ‘UR5_constr_h_0_fun_free_mem’:
[3.367s] /home/chri/CHRI_2025/Time_optimal_baseline/src/mpc_to/solver_to_high_disc/UR5_constraints/UR5_constr_h_0_fun.c:266:59: warning: unused parameter ‘mem’ [-Wunused-parameter]
[3.367s]   266 | CASADI_SYMBOL_EXPORT void UR5_constr_h_0_fun_free_mem(int mem) {
[3.367s]       |                                                       ~~~~^~~
[3.367s] /home/chri/CHRI_2025/Time_optimal_baseline/src/mpc_to/solver_to_high_disc/UR5_constraints/UR5_constr_h_0_fun.c: In function ‘UR5_constr_h_0_fun_release’:
[3.367s] /home/chri/CHRI_2025/Time_optimal_baseline/src/mpc_to/solver_to_high_disc/UR5_constraints/UR5_constr_h_0_fun.c:273:58: warning: unused parameter ‘mem’ [-Wunused-parameter]
[3.367s]   273 | CASADI_SYMBOL_EXPORT void UR5_constr_h_0_fun_release(int mem) {
[3.368s]       |                                                      ~~~~^~~
[3.368s] /home/chri/CHRI_2025/Time_optimal_baseline/src/mpc_to/solver_to_high_disc/UR5_constraints/UR5_constr_h_0_fun_jac_uxt_zt.c: In function ‘UR5_constr_h_0_fun_jac_uxt_zt_f0’:
[3.368s] /home/chri/CHRI_2025/Time_optimal_baseline/src/mpc_to/solver_to_high_disc/UR5_constraints/UR5_constr_h_0_fun_jac_uxt_zt.c:66:78: warning: unused parameter ‘iw’ [-Wunused-parameter]
[3.368s]    66 | static int casadi_f0(const casadi_real** arg, casadi_real** res, casadi_int* iw, casadi_real* w, int mem) {
[3.368s]       |                                                                              ^
[3.368s] /home/chri/CHRI_2025/Time_optimal_baseline/src/mpc_to/solver_to_high_disc/UR5_constraints/UR5_constr_h_0_fun_jac_uxt_zt.c:66:95: warning: unused parameter ‘w’ [-Wunused-parameter]
[3.369s]    66 | static int casadi_f0(const casadi_real** arg, casadi_real** res, casadi_int* iw, casadi_real* w, int mem) {
[3.369s]       |                                                                                               ^
[3.369s] /home/chri/CHRI_2025/Time_optimal_baseline/src/mpc_to/solver_to_high_disc/UR5_constraints/UR5_constr_h_0_fun_jac_uxt_zt.c:66:102: warning: unused parameter ‘mem’ [-Wunused-parameter]
[3.369s]    66 | static int casadi_f0(const casadi_real** arg, casadi_real** res, casadi_int* iw, casadi_real* w, int mem) {
[3.370s]       |                                                                                                  ~~~~^~~
[3.370s] /home/chri/CHRI_2025/Time_optimal_baseline/src/mpc_to/solver_to_high_disc/UR5_constraints/UR5_constr_h_0_fun_jac_uxt_zt.c: In function ‘UR5_constr_h_0_fun_jac_uxt_zt_init_mem’:
[3.370s] /home/chri/CHRI_2025/Time_optimal_baseline/src/mpc_to/solver_to_high_disc/UR5_constraints/UR5_constr_h_0_fun_jac_uxt_zt.c:573:69: warning: unused parameter ‘mem’ [-Wunused-parameter]
[3.370s]   573 | CASADI_SYMBOL_EXPORT int UR5_constr_h_0_fun_jac_uxt_zt_init_mem(int mem) {
[3.371s]       |                                                                 ~~~~^~~
[3.371s] /home/chri/CHRI_2025/Time_optimal_baseline/src/mpc_to/solver_to_high_disc/UR5_constraints/UR5_constr_h_0_fun_jac_uxt_zt.c: In function ‘UR5_constr_h_0_fun_jac_uxt_zt_free_mem’:
[3.371s] /home/chri/CHRI_2025/Time_optimal_baseline/src/mpc_to/solver_to_high_disc/UR5_constraints/UR5_constr_h_0_fun_jac_uxt_zt.c:577:70: warning: unused parameter ‘mem’ [-Wunused-parameter]
[3.371s]   577 | CASADI_SYMBOL_EXPORT void UR5_constr_h_0_fun_jac_uxt_zt_free_mem(int mem) {
[3.371s]       |                                                                  ~~~~^~~
[3.371s] /home/chri/CHRI_2025/Time_optimal_baseline/src/mpc_to/solver_to_high_disc/UR5_constraints/UR5_constr_h_0_fun_jac_uxt_zt.c: In function ‘UR5_constr_h_0_fun_jac_uxt_zt_release’:
[3.372s] /home/chri/CHRI_2025/Time_optimal_baseline/src/mpc_to/solver_to_high_disc/UR5_constraints/UR5_constr_h_0_fun_jac_uxt_zt.c:584:69: warning: unused parameter ‘mem’ [-Wunused-parameter]
[3.372s]   584 | CASADI_SYMBOL_EXPORT void UR5_constr_h_0_fun_jac_uxt_zt_release(int mem) {
[3.372s]       |                                                                 ~~~~^~~
[3.372s] /home/chri/CHRI_2025/Time_optimal_baseline/src/mpc_to/solver_to_high_disc/UR5_constraints/UR5_constr_h_0_fun_jac_uxt_zt_hess.c: In function ‘UR5_constr_h_0_fun_jac_uxt_zt_hess_f0’:
[3.372s] /home/chri/CHRI_2025/Time_optimal_baseline/src/mpc_to/solver_to_high_disc/UR5_constraints/UR5_constr_h_0_fun_jac_uxt_zt_hess.c:68:78: warning: unused parameter ‘iw’ [-Wunused-parameter]
[3.372s]    68 | static int casadi_f0(const casadi_real** arg, casadi_real** res, casadi_int* iw, casadi_real* w, int mem) {
[3.373s]       |                                                                              ^
[3.373s] /home/chri/CHRI_2025/Time_optimal_baseline/src/mpc_to/solver_to_high_disc/UR5_constraints/UR5_constr_h_0_fun_jac_uxt_zt_hess.c:68:95: warning: unused parameter ‘w’ [-Wunused-parameter]
[3.373s]    68 | static int casadi_f0(const casadi_real** arg, casadi_real** res, casadi_int* iw, casadi_real* w, int mem) {
[3.373s]       |                                                                                               ^
[3.373s] /home/chri/CHRI_2025/Time_optimal_baseline/src/mpc_to/solver_to_high_disc/UR5_constraints/UR5_constr_h_0_fun_jac_uxt_zt_hess.c:68:102: warning: unused parameter ‘mem’ [-Wunused-parameter]
[3.373s]    68 | static int casadi_f0(const casadi_real** arg, casadi_real** res, casadi_int* iw, casadi_real* w, int mem) {
[3.374s]       |                                                                                                  ~~~~^~~
[3.374s] /home/chri/CHRI_2025/Time_optimal_baseline/src/mpc_to/solver_to_high_disc/UR5_constraints/UR5_constr_h_0_fun_jac_uxt_zt_hess.c: In function ‘UR5_constr_h_0_fun_jac_uxt_zt_hess_init_mem’:
[3.374s] /home/chri/CHRI_2025/Time_optimal_baseline/src/mpc_to/solver_to_high_disc/UR5_constraints/UR5_constr_h_0_fun_jac_uxt_zt_hess.c:2077:74: warning: unused parameter ‘mem’ [-Wunused-parameter]
[3.374s]  2077 | CASADI_SYMBOL_EXPORT int UR5_constr_h_0_fun_jac_uxt_zt_hess_init_mem(int mem) {
[3.374s]       |                                                                      ~~~~^~~
[3.374s] /home/chri/CHRI_2025/Time_optimal_baseline/src/mpc_to/solver_to_high_disc/UR5_constraints/UR5_constr_h_0_fun_jac_uxt_zt_hess.c: In function ‘UR5_constr_h_0_fun_jac_uxt_zt_hess_free_mem’:
[3.374s] /home/chri/CHRI_2025/Time_optimal_baseline/src/mpc_to/solver_to_high_disc/UR5_constraints/UR5_constr_h_0_fun_jac_uxt_zt_hess.c:2081:75: warning: unused parameter ‘mem’ [-Wunused-parameter]
[3.375s]  2081 | CASADI_SYMBOL_EXPORT void UR5_constr_h_0_fun_jac_uxt_zt_hess_free_mem(int mem) {
[3.375s]       |                                                                       ~~~~^~~
[3.375s] /home/chri/CHRI_2025/Time_optimal_baseline/src/mpc_to/solver_to_high_disc/UR5_constraints/UR5_constr_h_0_fun_jac_uxt_zt_hess.c: In function ‘UR5_constr_h_0_fun_jac_uxt_zt_hess_release’:
[3.375s] /home/chri/CHRI_2025/Time_optimal_baseline/src/mpc_to/solver_to_high_disc/UR5_constraints/UR5_constr_h_0_fun_jac_uxt_zt_hess.c:2088:74: warning: unused parameter ‘mem’ [-Wunused-parameter]
[3.375s]  2088 | CASADI_SYMBOL_EXPORT void UR5_constr_h_0_fun_jac_uxt_zt_hess_release(int mem) {
[3.375s]       |                                                                      ~~~~^~~
[3.802s] [ 17%] Linking CXX executable high_solver
[4.421s] [100%] Built target high_solver
[4.438s] Invoked command in '/home/chri/CHRI_2025/Time_optimal_baseline/build/mpc_to' returned '0': CMAKE_PREFIX_PATH=/opt/ros/humble /usr/bin/cmake --build /home/chri/CHRI_2025/Time_optimal_baseline/build/mpc_to -- -j16 -l16
[4.453s] Invoking command in '/home/chri/CHRI_2025/Time_optimal_baseline/build/mpc_to': CMAKE_PREFIX_PATH=/opt/ros/humble /usr/bin/cmake --install /home/chri/CHRI_2025/Time_optimal_baseline/build/mpc_to
[4.465s] -- Install configuration: "Release"
[4.466s] -- Execute custom install script
[4.466s] -- Up-to-date symlink: /home/chri/CHRI_2025/Time_optimal_baseline/install/mpc_to/lib/mpc_to/high_solver
[4.467s] -- Up-to-date symlink: /home/chri/CHRI_2025/Time_optimal_baseline/install/mpc_to/share/ament_index/resource_index/package_run_dependencies/mpc_to
[4.468s] -- Up-to-date symlink: /home/chri/CHRI_2025/Time_optimal_baseline/install/mpc_to/share/ament_index/resource_index/parent_prefix_path/mpc_to
[4.469s] -- Up-to-date symlink: /home/chri/CHRI_2025/Time_optimal_baseline/install/mpc_to/share/mpc_to/environment/ament_prefix_path.sh
[4.470s] -- Up-to-date symlink: /home/chri/CHRI_2025/Time_optimal_baseline/install/mpc_to/share/mpc_to/environment/ament_prefix_path.dsv
[4.471s] -- Up-to-date symlink: /home/chri/CHRI_2025/Time_optimal_baseline/install/mpc_to/share/mpc_to/environment/path.sh
[4.471s] -- Up-to-date symlink: /home/chri/CHRI_2025/Time_optimal_baseline/install/mpc_to/share/mpc_to/environment/path.dsv
[4.471s] -- Up-to-date symlink: /home/chri/CHRI_2025/Time_optimal_baseline/install/mpc_to/share/mpc_to/local_setup.bash
[4.472s] -- Up-to-date symlink: /home/chri/CHRI_2025/Time_optimal_baseline/install/mpc_to/share/mpc_to/local_setup.sh
[4.472s] -- Up-to-date symlink: /home/chri/CHRI_2025/Time_optimal_baseline/install/mpc_to/share/mpc_to/local_setup.zsh
[4.474s] -- Up-to-date symlink: /home/chri/CHRI_2025/Time_optimal_baseline/install/mpc_to/share/mpc_to/local_setup.dsv
[4.474s] -- Symlinking: /home/chri/CHRI_2025/Time_optimal_baseline/install/mpc_to/share/mpc_to/package.dsv
[4.491s] -- Up-to-date symlink: /home/chri/CHRI_2025/Time_optimal_baseline/install/mpc_to/share/ament_index/resource_index/packages/mpc_to
[4.492s] -- Up-to-date symlink: /home/chri/CHRI_2025/Time_optimal_baseline/install/mpc_to/share/mpc_to/cmake/mpc_toConfig.cmake
[4.492s] -- Up-to-date symlink: /home/chri/CHRI_2025/Time_optimal_baseline/install/mpc_to/share/mpc_to/cmake/mpc_toConfig-version.cmake
[4.492s] -- Up-to-date symlink: /home/chri/CHRI_2025/Time_optimal_baseline/install/mpc_to/share/mpc_to/package.xml
[30.026s] Invoked command in '/home/chri/CHRI_2025/Time_optimal_baseline/build/mpc_to' returned '0': CMAKE_PREFIX_PATH=/opt/ros/humble /usr/bin/cmake --install /home/chri/CHRI_2025/Time_optimal_baseline/build/mpc_to
