running egg_info
creating ../../build/sim_utils/sim_utils.egg-info
writing ../../build/sim_utils/sim_utils.egg-info/PKG-INFO
writing dependency_links to ../../build/sim_utils/sim_utils.egg-info/dependency_links.txt
writing entry points to ../../build/sim_utils/sim_utils.egg-info/entry_points.txt
writing requirements to ../../build/sim_utils/sim_utils.egg-info/requires.txt
writing top-level names to ../../build/sim_utils/sim_utils.egg-info/top_level.txt
writing manifest file '../../build/sim_utils/sim_utils.egg-info/SOURCES.txt'
reading manifest file '../../build/sim_utils/sim_utils.egg-info/SOURCES.txt'
writing manifest file '../../build/sim_utils/sim_utils.egg-info/SOURCES.txt'
running build
running build_py
creating /home/chri/CHRI_2025/Time_optimal_baseline/build/sim_utils/build/lib/sim_utils
copying sim_utils/human_motion_player.py -> /home/chri/CHRI_2025/Time_optimal_baseline/build/sim_utils/build/lib/sim_utils
copying sim_utils/__init__.py -> /home/chri/CHRI_2025/Time_optimal_baseline/build/sim_utils/build/lib/sim_utils
running install
running install_lib
creating /home/chri/CHRI_2025/Time_optimal_baseline/install/sim_utils/lib/python3.10/site-packages/sim_utils
copying /home/chri/CHRI_2025/Time_optimal_baseline/build/sim_utils/build/lib/sim_utils/human_motion_player.py -> /home/chri/CHRI_2025/Time_optimal_baseline/install/sim_utils/lib/python3.10/site-packages/sim_utils
copying /home/chri/CHRI_2025/Time_optimal_baseline/build/sim_utils/build/lib/sim_utils/__init__.py -> /home/chri/CHRI_2025/Time_optimal_baseline/install/sim_utils/lib/python3.10/site-packages/sim_utils
byte-compiling /home/chri/CHRI_2025/Time_optimal_baseline/install/sim_utils/lib/python3.10/site-packages/sim_utils/human_motion_player.py to human_motion_player.cpython-310.pyc
byte-compiling /home/chri/CHRI_2025/Time_optimal_baseline/install/sim_utils/lib/python3.10/site-packages/sim_utils/__init__.py to __init__.cpython-310.pyc
running install_data
creating /home/chri/CHRI_2025/Time_optimal_baseline/install/sim_utils/share/ament_index/resource_index/packages
copying resource/sim_utils -> /home/chri/CHRI_2025/Time_optimal_baseline/install/sim_utils/share/ament_index/resource_index/packages
copying package.xml -> /home/chri/CHRI_2025/Time_optimal_baseline/install/sim_utils/share/sim_utils
creating /home/chri/CHRI_2025/Time_optimal_baseline/install/sim_utils/share/sim_utils/data
copying data/Participant_541.csv -> /home/chri/CHRI_2025/Time_optimal_baseline/install/sim_utils/share/sim_utils/data
copying data/human_motions_1.csv -> /home/chri/CHRI_2025/Time_optimal_baseline/install/sim_utils/share/sim_utils/data
running install_egg_info
Copying ../../build/sim_utils/sim_utils.egg-info to /home/chri/CHRI_2025/Time_optimal_baseline/install/sim_utils/lib/python3.10/site-packages/sim_utils-0.0.0-py3.10.egg-info
running install_scripts
Installing human_motion_player script to /home/chri/CHRI_2025/Time_optimal_baseline/install/sim_utils/lib/sim_utils
writing list of installed files to '/home/chri/CHRI_2025/Time_optimal_baseline/build/sim_utils/install.log'
