[7.663s] Invoking command in '/home/chri/CHRI_2025/Time_optimal_baseline/src/sim_utils': PYTHONPATH=/home/chri/CHRI_2025/Time_optimal_baseline/build/sim_utils/prefix_override:/usr/lib/python3/dist-packages/colcon_core/task/python/colcon_distutils_commands:/home/chri/CHRI_2025/Time_optimal_baseline/install/sim_utils/lib/python3.10/site-packages:${PYTHONPATH} /usr/bin/python3 -W ignore:setup.py install is deprecated -W ignore:easy_install command is deprecated setup.py egg_info --egg-base ../../build/sim_utils build --build-base /home/chri/CHRI_2025/Time_optimal_baseline/build/sim_utils/build install --record /home/chri/CHRI_2025/Time_optimal_baseline/build/sim_utils/install.log --single-version-externally-managed install_data
[7.910s] /home/chri/.local/lib/python3.10/site-packages/setuptools/_distutils/dist.py:289: UserWarning: Unknown distribution option: 'tests_require'
[7.910s]   warnings.warn(msg)
[8.103s] running egg_info
[8.135s] creating ../../build/sim_utils/sim_utils.egg-info
[8.135s] writing ../../build/sim_utils/sim_utils.egg-info/PKG-INFO
[8.136s] writing dependency_links to ../../build/sim_utils/sim_utils.egg-info/dependency_links.txt
[8.136s] writing entry points to ../../build/sim_utils/sim_utils.egg-info/entry_points.txt
[8.137s] writing requirements to ../../build/sim_utils/sim_utils.egg-info/requires.txt
[8.137s] writing top-level names to ../../build/sim_utils/sim_utils.egg-info/top_level.txt
[8.137s] writing manifest file '../../build/sim_utils/sim_utils.egg-info/SOURCES.txt'
[8.205s] reading manifest file '../../build/sim_utils/sim_utils.egg-info/SOURCES.txt'
[8.207s] writing manifest file '../../build/sim_utils/sim_utils.egg-info/SOURCES.txt'
[8.207s] running build
[8.208s] running build_py
[8.208s] creating /home/chri/CHRI_2025/Time_optimal_baseline/build/sim_utils/build/lib/sim_utils
[8.208s] copying sim_utils/human_motion_player.py -> /home/chri/CHRI_2025/Time_optimal_baseline/build/sim_utils/build/lib/sim_utils
[8.226s] copying sim_utils/__init__.py -> /home/chri/CHRI_2025/Time_optimal_baseline/build/sim_utils/build/lib/sim_utils
[8.226s] running install
[8.233s] running install_lib
[8.281s] creating /home/chri/CHRI_2025/Time_optimal_baseline/install/sim_utils/lib/python3.10/site-packages/sim_utils
[8.288s] copying /home/chri/CHRI_2025/Time_optimal_baseline/build/sim_utils/build/lib/sim_utils/human_motion_player.py -> /home/chri/CHRI_2025/Time_optimal_baseline/install/sim_utils/lib/python3.10/site-packages/sim_utils
[8.288s] copying /home/chri/CHRI_2025/Time_optimal_baseline/build/sim_utils/build/lib/sim_utils/__init__.py -> /home/chri/CHRI_2025/Time_optimal_baseline/install/sim_utils/lib/python3.10/site-packages/sim_utils
[8.291s] byte-compiling /home/chri/CHRI_2025/Time_optimal_baseline/install/sim_utils/lib/python3.10/site-packages/sim_utils/human_motion_player.py to human_motion_player.cpython-310.pyc
[8.291s] byte-compiling /home/chri/CHRI_2025/Time_optimal_baseline/install/sim_utils/lib/python3.10/site-packages/sim_utils/__init__.py to __init__.cpython-310.pyc
[8.291s] running install_data
[8.291s] creating /home/chri/CHRI_2025/Time_optimal_baseline/install/sim_utils/share/ament_index/resource_index/packages
[8.292s] copying resource/sim_utils -> /home/chri/CHRI_2025/Time_optimal_baseline/install/sim_utils/share/ament_index/resource_index/packages
[8.294s] copying package.xml -> /home/chri/CHRI_2025/Time_optimal_baseline/install/sim_utils/share/sim_utils
[8.295s] creating /home/chri/CHRI_2025/Time_optimal_baseline/install/sim_utils/share/sim_utils/data
[8.295s] copying data/Participant_541.csv -> /home/chri/CHRI_2025/Time_optimal_baseline/install/sim_utils/share/sim_utils/data
[12.153s] copying data/human_motions_1.csv -> /home/chri/CHRI_2025/Time_optimal_baseline/install/sim_utils/share/sim_utils/data
[13.035s] running install_egg_info
[13.105s] Copying ../../build/sim_utils/sim_utils.egg-info to /home/chri/CHRI_2025/Time_optimal_baseline/install/sim_utils/lib/python3.10/site-packages/sim_utils-0.0.0-py3.10.egg-info
[13.106s] running install_scripts
[13.448s] Installing human_motion_player script to /home/chri/CHRI_2025/Time_optimal_baseline/install/sim_utils/lib/sim_utils
[13.448s] writing list of installed files to '/home/chri/CHRI_2025/Time_optimal_baseline/build/sim_utils/install.log'
[13.487s] Invoked command in '/home/chri/CHRI_2025/Time_optimal_baseline/src/sim_utils' returned '0': PYTHONPATH=/home/chri/CHRI_2025/Time_optimal_baseline/build/sim_utils/prefix_override:/usr/lib/python3/dist-packages/colcon_core/task/python/colcon_distutils_commands:/home/chri/CHRI_2025/Time_optimal_baseline/install/sim_utils/lib/python3.10/site-packages:${PYTHONPATH} /usr/bin/python3 -W ignore:setup.py install is deprecated -W ignore:easy_install command is deprecated setup.py egg_info --egg-base ../../build/sim_utils build --build-base /home/chri/CHRI_2025/Time_optimal_baseline/build/sim_utils/build install --record /home/chri/CHRI_2025/Time_optimal_baseline/build/sim_utils/install.log --single-version-externally-managed install_data
