[0.017s] Invoking command in '/home/chri/CHRI_2025/Time_optimal_baseline/build/mpc_high': CMAKE_PREFIX_PATH=${CMAKE_PREFIX_PATH}:/home/chri/CHRI_2025/Time_optimal_baseline/install/sim_utils:/home/chri/CHRI_2025/Time_optimal_baseline/install/pb_ur5_sim:/home/chri/CHRI_2025/Time_optimal_baseline/install/mppi_controller:/opt/ros/humble /usr/bin/cmake --build /home/chri/CHRI_2025/Time_optimal_baseline/build/mpc_high -- -j16 -l16
[0.094s] [35m[1mConsolidate compiler generated dependencies of target high_solver[0m
[0.133s] [100%] Built target high_solver
[0.150s] Invoked command in '/home/chri/CHRI_2025/Time_optimal_baseline/build/mpc_high' returned '0': CMAKE_PREFIX_PATH=${CMAKE_PREFIX_PATH}:/home/chri/CHRI_2025/Time_optimal_baseline/install/sim_utils:/home/chri/CHRI_2025/Time_optimal_baseline/install/pb_ur5_sim:/home/chri/CHRI_2025/Time_optimal_baseline/install/mppi_controller:/opt/ros/humble /usr/bin/cmake --build /home/chri/CHRI_2025/Time_optimal_baseline/build/mpc_high -- -j16 -l16
[0.166s] Invoking command in '/home/chri/CHRI_2025/Time_optimal_baseline/build/mpc_high': CMAKE_PREFIX_PATH=${CMAKE_PREFIX_PATH}:/home/chri/CHRI_2025/Time_optimal_baseline/install/sim_utils:/home/chri/CHRI_2025/Time_optimal_baseline/install/pb_ur5_sim:/home/chri/CHRI_2025/Time_optimal_baseline/install/mppi_controller:/opt/ros/humble /usr/bin/cmake --install /home/chri/CHRI_2025/Time_optimal_baseline/build/mpc_high
[0.175s] -- Install configuration: ""
[0.176s] -- Execute custom install script
[0.176s] -- Up-to-date symlink: /home/chri/CHRI_2025/Time_optimal_baseline/install/mpc_high/lib/mpc_high/high_solver
[0.176s] -- Up-to-date symlink: /home/chri/CHRI_2025/Time_optimal_baseline/install/mpc_high/share/ament_index/resource_index/package_run_dependencies/mpc_high
[0.177s] -- Up-to-date symlink: /home/chri/CHRI_2025/Time_optimal_baseline/install/mpc_high/share/ament_index/resource_index/parent_prefix_path/mpc_high
[0.177s] -- Up-to-date symlink: /home/chri/CHRI_2025/Time_optimal_baseline/install/mpc_high/share/mpc_high/environment/ament_prefix_path.sh
[0.177s] -- Up-to-date symlink: /home/chri/CHRI_2025/Time_optimal_baseline/install/mpc_high/share/mpc_high/environment/ament_prefix_path.dsv
[0.177s] -- Up-to-date symlink: /home/chri/CHRI_2025/Time_optimal_baseline/install/mpc_high/share/mpc_high/environment/path.sh
[0.178s] -- Up-to-date symlink: /home/chri/CHRI_2025/Time_optimal_baseline/install/mpc_high/share/mpc_high/environment/path.dsv
[0.178s] -- Up-to-date symlink: /home/chri/CHRI_2025/Time_optimal_baseline/install/mpc_high/share/mpc_high/local_setup.bash
[0.178s] -- Up-to-date symlink: /home/chri/CHRI_2025/Time_optimal_baseline/install/mpc_high/share/mpc_high/local_setup.sh
[0.178s] -- Up-to-date symlink: /home/chri/CHRI_2025/Time_optimal_baseline/install/mpc_high/share/mpc_high/local_setup.zsh
[0.179s] -- Up-to-date symlink: /home/chri/CHRI_2025/Time_optimal_baseline/install/mpc_high/share/mpc_high/local_setup.dsv
[0.179s] -- Symlinking: /home/chri/CHRI_2025/Time_optimal_baseline/install/mpc_high/share/mpc_high/package.dsv
[0.192s] -- Up-to-date symlink: /home/chri/CHRI_2025/Time_optimal_baseline/install/mpc_high/share/ament_index/resource_index/packages/mpc_high
[0.192s] -- Up-to-date symlink: /home/chri/CHRI_2025/Time_optimal_baseline/install/mpc_high/share/mpc_high/cmake/mpc_highConfig.cmake
[0.192s] -- Up-to-date symlink: /home/chri/CHRI_2025/Time_optimal_baseline/install/mpc_high/share/mpc_high/cmake/mpc_highConfig-version.cmake
[0.192s] -- Up-to-date symlink: /home/chri/CHRI_2025/Time_optimal_baseline/install/mpc_high/share/mpc_high/package.xml
[0.195s] Invoked command in '/home/chri/CHRI_2025/Time_optimal_baseline/build/mpc_high' returned '0': CMAKE_PREFIX_PATH=${CMAKE_PREFIX_PATH}:/home/chri/CHRI_2025/Time_optimal_baseline/install/sim_utils:/home/chri/CHRI_2025/Time_optimal_baseline/install/pb_ur5_sim:/home/chri/CHRI_2025/Time_optimal_baseline/install/mppi_controller:/opt/ros/humble /usr/bin/cmake --install /home/chri/CHRI_2025/Time_optimal_baseline/build/mpc_high
