[2.302s] Invoking command in '/home/chri/CHRI_2025/Time_optimal_baseline/src/sim_utils': PYTHONPATH=/home/chri/CHRI_2025/Time_optimal_baseline/build/sim_utils/prefix_override:/usr/lib/python3/dist-packages/colcon_core/task/python/colcon_distutils_commands:/home/chri/CHRI_2025/Time_optimal_baseline/install/sim_utils/lib/python3.10/site-packages:${PYTHONPATH} /usr/bin/python3 -W ignore:setup.py install is deprecated -W ignore:easy_install command is deprecated setup.py egg_info --egg-base ../../build/sim_utils build --build-base /home/chri/CHRI_2025/Time_optimal_baseline/build/sim_utils/build install --record /home/chri/CHRI_2025/Time_optimal_baseline/build/sim_utils/install.log --single-version-externally-managed install_data
[2.590s] /home/chri/.local/lib/python3.10/site-packages/setuptools/_distutils/dist.py:289: UserWarning: Unknown distribution option: 'tests_require'
[2.590s]   warnings.warn(msg)
[2.799s] running egg_info
[2.832s] writing ../../build/sim_utils/sim_utils.egg-info/PKG-INFO
[2.833s] writing dependency_links to ../../build/sim_utils/sim_utils.egg-info/dependency_links.txt
[2.833s] writing entry points to ../../build/sim_utils/sim_utils.egg-info/entry_points.txt
[2.833s] writing requirements to ../../build/sim_utils/sim_utils.egg-info/requires.txt
[2.834s] writing top-level names to ../../build/sim_utils/sim_utils.egg-info/top_level.txt
[2.904s] reading manifest file '../../build/sim_utils/sim_utils.egg-info/SOURCES.txt'
[2.906s] writing manifest file '../../build/sim_utils/sim_utils.egg-info/SOURCES.txt'
[2.906s] running build
[2.906s] running build_py
[2.907s] copying sim_utils/human_motion_player.py -> /home/chri/CHRI_2025/Time_optimal_baseline/build/sim_utils/build/lib/sim_utils
[2.908s] running install
[2.914s] running install_lib
[2.950s] running install_data
[2.950s] copying resource/sim_utils -> /home/chri/CHRI_2025/Time_optimal_baseline/install/sim_utils/share/ament_index/resource_index/packages
[2.951s] copying package.xml -> /home/chri/CHRI_2025/Time_optimal_baseline/install/sim_utils/share/sim_utils
[2.951s] copying data/Participant_541.csv -> /home/chri/CHRI_2025/Time_optimal_baseline/install/sim_utils/share/sim_utils/data
[5.588s] copying data/human_motions_1.csv -> /home/chri/CHRI_2025/Time_optimal_baseline/install/sim_utils/share/sim_utils/data
[6.036s] running install_egg_info
[6.095s] removing '/home/chri/CHRI_2025/Time_optimal_baseline/install/sim_utils/lib/python3.10/site-packages/sim_utils-0.0.0-py3.10.egg-info' (and everything under it)
[6.095s] Copying ../../build/sim_utils/sim_utils.egg-info to /home/chri/CHRI_2025/Time_optimal_baseline/install/sim_utils/lib/python3.10/site-packages/sim_utils-0.0.0-py3.10.egg-info
[6.097s] running install_scripts
[6.391s] Installing human_motion_player script to /home/chri/CHRI_2025/Time_optimal_baseline/install/sim_utils/lib/sim_utils
[6.392s] writing list of installed files to '/home/chri/CHRI_2025/Time_optimal_baseline/build/sim_utils/install.log'
[6.428s] Invoked command in '/home/chri/CHRI_2025/Time_optimal_baseline/src/sim_utils' returned '0': PYTHONPATH=/home/chri/CHRI_2025/Time_optimal_baseline/build/sim_utils/prefix_override:/usr/lib/python3/dist-packages/colcon_core/task/python/colcon_distutils_commands:/home/chri/CHRI_2025/Time_optimal_baseline/install/sim_utils/lib/python3.10/site-packages:${PYTHONPATH} /usr/bin/python3 -W ignore:setup.py install is deprecated -W ignore:easy_install command is deprecated setup.py egg_info --egg-base ../../build/sim_utils build --build-base /home/chri/CHRI_2025/Time_optimal_baseline/build/sim_utils/build install --record /home/chri/CHRI_2025/Time_optimal_baseline/build/sim_utils/install.log --single-version-externally-managed install_data
