[0.134s] Invoking command in '/home/chri/CHRI_2025/Time_optimal_baseline/build/mpc_high_to': CMAKE_PREFIX_PATH=${CMAKE_PREFIX_PATH}:/home/chri/CHRI_2025/Time_optimal_baseline/install/sim_utils:/home/chri/CHRI_2025/Time_optimal_baseline/install/pb_ur5_sim:/home/chri/CHRI_2025/Time_optimal_baseline/install/mppi_controller:/opt/ros/humble /usr/bin/cmake --build /home/chri/CHRI_2025/Time_optimal_baseline/build/mpc_high_to -- -j16 -l16
[0.950s] [100%] Built target high_solver
[1.331s] Invoked command in '/home/chri/CHRI_2025/Time_optimal_baseline/build/mpc_high_to' returned '0': CMAKE_PREFIX_PATH=${CMAKE_PREFIX_PATH}:/home/chri/CHRI_2025/Time_optimal_baseline/install/sim_utils:/home/chri/CHRI_2025/Time_optimal_baseline/install/pb_ur5_sim:/home/chri/CHRI_2025/Time_optimal_baseline/install/mppi_controller:/opt/ros/humble /usr/bin/cmake --build /home/chri/CHRI_2025/Time_optimal_baseline/build/mpc_high_to -- -j16 -l16
[1.334s] Invoking command in '/home/chri/CHRI_2025/Time_optimal_baseline/build/mpc_high_to': CMAKE_PREFIX_PATH=${CMAKE_PREFIX_PATH}:/home/chri/CHRI_2025/Time_optimal_baseline/install/sim_utils:/home/chri/CHRI_2025/Time_optimal_baseline/install/pb_ur5_sim:/home/chri/CHRI_2025/Time_optimal_baseline/install/mppi_controller:/opt/ros/humble /usr/bin/cmake --install /home/chri/CHRI_2025/Time_optimal_baseline/build/mpc_high_to
[1.344s] -- Install configuration: ""
[1.448s] -- Up-to-date: /home/chri/CHRI_2025/Time_optimal_baseline/install/mpc_high_to/lib/mpc_high_to/high_solver
[1.448s] -- Up-to-date: /home/chri/CHRI_2025/Time_optimal_baseline/install/mpc_high_to/share/ament_index/resource_index/package_run_dependencies/mpc_high_to
[1.448s] -- Up-to-date: /home/chri/CHRI_2025/Time_optimal_baseline/install/mpc_high_to/share/ament_index/resource_index/parent_prefix_path/mpc_high_to
[1.448s] -- Up-to-date: /home/chri/CHRI_2025/Time_optimal_baseline/install/mpc_high_to/share/mpc_high_to/environment/ament_prefix_path.sh
[1.449s] -- Up-to-date: /home/chri/CHRI_2025/Time_optimal_baseline/install/mpc_high_to/share/mpc_high_to/environment/ament_prefix_path.dsv
[1.449s] -- Up-to-date: /home/chri/CHRI_2025/Time_optimal_baseline/install/mpc_high_to/share/mpc_high_to/environment/path.sh
[1.449s] -- Up-to-date: /home/chri/CHRI_2025/Time_optimal_baseline/install/mpc_high_to/share/mpc_high_to/environment/path.dsv
[1.449s] -- Up-to-date: /home/chri/CHRI_2025/Time_optimal_baseline/install/mpc_high_to/share/mpc_high_to/local_setup.bash
[1.506s] -- Up-to-date: /home/chri/CHRI_2025/Time_optimal_baseline/install/mpc_high_to/share/mpc_high_to/local_setup.sh
[1.507s] -- Up-to-date: /home/chri/CHRI_2025/Time_optimal_baseline/install/mpc_high_to/share/mpc_high_to/local_setup.zsh
[1.507s] -- Up-to-date: /home/chri/CHRI_2025/Time_optimal_baseline/install/mpc_high_to/share/mpc_high_to/local_setup.dsv
[1.507s] -- Installing: /home/chri/CHRI_2025/Time_optimal_baseline/install/mpc_high_to/share/mpc_high_to/package.dsv
[1.572s] -- Up-to-date: /home/chri/CHRI_2025/Time_optimal_baseline/install/mpc_high_to/share/ament_index/resource_index/packages/mpc_high_to
[1.574s] -- Up-to-date: /home/chri/CHRI_2025/Time_optimal_baseline/install/mpc_high_to/share/mpc_high_to/cmake/mpc_high_toConfig.cmake
[1.575s] -- Up-to-date: /home/chri/CHRI_2025/Time_optimal_baseline/install/mpc_high_to/share/mpc_high_to/cmake/mpc_high_toConfig-version.cmake
[1.575s] -- Up-to-date: /home/chri/CHRI_2025/Time_optimal_baseline/install/mpc_high_to/share/mpc_high_to/package.xml
[1.788s] Invoked command in '/home/chri/CHRI_2025/Time_optimal_baseline/build/mpc_high_to' returned '0': CMAKE_PREFIX_PATH=${CMAKE_PREFIX_PATH}:/home/chri/CHRI_2025/Time_optimal_baseline/install/sim_utils:/home/chri/CHRI_2025/Time_optimal_baseline/install/pb_ur5_sim:/home/chri/CHRI_2025/Time_optimal_baseline/install/mppi_controller:/opt/ros/humble /usr/bin/cmake --install /home/chri/CHRI_2025/Time_optimal_baseline/build/mpc_high_to
