[35m[1mConsolidate compiler generated dependencies of target high_solver[0m
[  5%] [32mBuilding CXX object CMakeFiles/high_solver.dir/src/high_solver.cpp.o[0m
[ 10%] [32mBuilding CXX object CMakeFiles/high_solver.dir/solver_to_high_disc/acados_solver_holder.cpp.o[0m
[ 15%] [32m[1mLinking CXX executable high_solver[0m
[100%] Built target high_solver
-- Install configuration: ""
-- Execute custom install script
-- Up-to-date symlink: /home/chri/CHRI_2025/Time_optimal_baseline/install/mpc_to/lib/mpc_to/high_solver
-- Up-to-date symlink: /home/chri/CHRI_2025/Time_optimal_baseline/install/mpc_to/share/ament_index/resource_index/package_run_dependencies/mpc_to
-- Up-to-date symlink: /home/chri/CHRI_2025/Time_optimal_baseline/install/mpc_to/share/ament_index/resource_index/parent_prefix_path/mpc_to
-- Up-to-date symlink: /home/chri/CHRI_2025/Time_optimal_baseline/install/mpc_to/share/mpc_to/environment/ament_prefix_path.sh
-- Up-to-date symlink: /home/chri/CHRI_2025/Time_optimal_baseline/install/mpc_to/share/mpc_to/environment/ament_prefix_path.dsv
-- Up-to-date symlink: /home/chri/CHRI_2025/Time_optimal_baseline/install/mpc_to/share/mpc_to/environment/path.sh
-- Up-to-date symlink: /home/chri/CHRI_2025/Time_optimal_baseline/install/mpc_to/share/mpc_to/environment/path.dsv
-- Up-to-date symlink: /home/chri/CHRI_2025/Time_optimal_baseline/install/mpc_to/share/mpc_to/local_setup.bash
-- Up-to-date symlink: /home/chri/CHRI_2025/Time_optimal_baseline/install/mpc_to/share/mpc_to/local_setup.sh
-- Up-to-date symlink: /home/chri/CHRI_2025/Time_optimal_baseline/install/mpc_to/share/mpc_to/local_setup.zsh
-- Up-to-date symlink: /home/chri/CHRI_2025/Time_optimal_baseline/install/mpc_to/share/mpc_to/local_setup.dsv
-- Symlinking: /home/chri/CHRI_2025/Time_optimal_baseline/install/mpc_to/share/mpc_to/package.dsv
-- Up-to-date symlink: /home/chri/CHRI_2025/Time_optimal_baseline/install/mpc_to/share/ament_index/resource_index/packages/mpc_to
-- Up-to-date symlink: /home/chri/CHRI_2025/Time_optimal_baseline/install/mpc_to/share/mpc_to/cmake/mpc_toConfig.cmake
-- Up-to-date symlink: /home/chri/CHRI_2025/Time_optimal_baseline/install/mpc_to/share/mpc_to/cmake/mpc_toConfig-version.cmake
-- Up-to-date symlink: /home/chri/CHRI_2025/Time_optimal_baseline/install/mpc_to/share/mpc_to/package.xml
