[35m[1mConsolidate compiler generated dependencies of target high_solver[0m
[ 15%] [32mBuilding C object CMakeFiles/high_solver.dir/solver_high_to/UR5_model/UR5_expl_vde_adj.c.o[0m
[ 20%] [32mBuilding C object CMakeFiles/high_solver.dir/solver_high_to/UR5_model/UR5_expl_vde_forw.c.o[0m
[ 20%] [32mBuilding C object CMakeFiles/high_solver.dir/solver_high_to/UR5_constraints/UR5_constr_h_fun_jac_uxt_zt.c.o[0m
[ 20%] [32mBuilding CXX object CMakeFiles/high_solver.dir/src/high_solver.cpp.o[0m
[ 25%] [32mBuilding C object CMakeFiles/high_solver.dir/solver_high_to/UR5_constraints/UR5_constr_h_fun.c.o[0m
[ 30%] [32mBuilding C object CMakeFiles/high_solver.dir/solver_high_to/UR5_cost/UR5_cost_ext_cost_0_fun.c.o[0m
[ 35%] [32mBuilding C object CMakeFiles/high_solver.dir/solver_high_to/UR5_cost/UR5_cost_ext_cost_0_fun_jac_hess.c.o[0m
[ 40%] [32mBuilding C object CMakeFiles/high_solver.dir/solver_high_to/UR5_cost/UR5_cost_ext_cost_0_fun_jac.c.o[0m
[ 45%] [32mBuilding C object CMakeFiles/high_solver.dir/solver_high_to/UR5_cost/UR5_cost_ext_cost_e_fun_jac.c.o[0m
[ 50%] [32mBuilding C object CMakeFiles/high_solver.dir/solver_high_to/UR5_model/UR5_expl_ode_fun.c.o[0m
[ 55%] [32mBuilding C object CMakeFiles/high_solver.dir/solver_high_to/UR5_cost/UR5_cost_ext_cost_e_fun.c.o[0m
[ 60%] [32mBuilding C object CMakeFiles/high_solver.dir/solver_high_to/UR5_cost/UR5_cost_ext_cost_e_fun_jac_hess.c.o[0m
[ 65%] [32mBuilding C object CMakeFiles/high_solver.dir/solver_high_to/UR5_cost/UR5_cost_ext_cost_fun.c.o[0m
[ 70%] [32mBuilding C object CMakeFiles/high_solver.dir/solver_high_to/UR5_cost/UR5_cost_ext_cost_fun_jac.c.o[0m
[ 75%] [32mBuilding C object CMakeFiles/high_solver.dir/solver_high_to/UR5_cost/UR5_cost_ext_cost_fun_jac_hess.c.o[0m
[ 80%] [32mBuilding C object CMakeFiles/high_solver.dir/solver_high_to/acados_solver_UR5.c.o[0m
[01m[Kcc1:[m[K [01;31m[Kfatal error: [m[K/home/chri/CHRI_2025/Time_optimal_baseline/src/mpc_high_to/solver_high_to/UR5_model/UR5_expl_vde_adj.c: No such file or directory
compilation terminated.
[01m[Kcc1:[m[K [01;31m[Kfatal error: [m[K/home/chri/CHRI_2025/Time_optimal_baseline/src/mpc_high_to/solver_high_to/UR5_constraints/UR5_constr_h_fun_jac_uxt_zt.c: No such file or directory
compilation terminated.
[01m[Kcc1:[m[K [01;31m[Kfatal error: [m[K/home/chri/CHRI_2025/Time_optimal_baseline/src/mpc_high_to/solver_high_to/UR5_model/UR5_expl_vde_forw.c: No such file or directory
compilation terminated.
[01m[Kcc1:[m[K [01;31m[Kfatal error: [m[K/home/chri/CHRI_2025/Time_optimal_baseline/src/mpc_high_to/solver_high_to/UR5_constraints/UR5_constr_h_fun.c: No such file or directory
compilation terminated.
gmake[2]: *** [CMakeFiles/high_solver.dir/build.make:132: CMakeFiles/high_solver.dir/solver_high_to/UR5_model/UR5_expl_vde_adj.c.o] Error 1
gmake[2]: *** Waiting for unfinished jobs....
gmake[2]: *** [CMakeFiles/high_solver.dir/build.make:118: CMakeFiles/high_solver.dir/solver_high_to/UR5_model/UR5_expl_vde_forw.c.o] Error 1
gmake[2]: *** [CMakeFiles/high_solver.dir/build.make:146: CMakeFiles/high_solver.dir/solver_high_to/UR5_constraints/UR5_constr_h_fun_jac_uxt_zt.c.o] Error 1
gmake[2]: *** [CMakeFiles/high_solver.dir/build.make:160: CMakeFiles/high_solver.dir/solver_high_to/UR5_constraints/UR5_constr_h_fun.c.o] Error 1
[01m[Kcc1:[m[K [01;31m[Kfatal error: [m[K/home/chri/CHRI_2025/Time_optimal_baseline/src/mpc_high_to/solver_high_to/UR5_cost/UR5_cost_ext_cost_0_fun.c: No such file or directory
[01m[Kcc1:[m[K [01;31m[Kfatal error: [m[K/home/chri/CHRI_2025/Time_optimal_baseline/src/mpc_high_to/solver_high_to/UR5_model/UR5_expl_ode_fun.c: No such file or directory
compilation terminated.
compilation terminated.
[01m[Kcc1:[m[K [01;31m[Kfatal error: [m[K/home/chri/CHRI_2025/Time_optimal_baseline/src/mpc_high_to/solver_high_to/UR5_cost/UR5_cost_ext_cost_0_fun_jac.c: No such file or directory
compilation terminated.
[01m[Kcc1:[m[K [01;31m[Kfatal error: [m[K/home/chri/CHRI_2025/Time_optimal_baseline/src/mpc_high_to/solver_high_to/UR5_cost/UR5_cost_ext_cost_0_fun_jac_hess.c: No such file or directory
compilation terminated.
gmake[2]: *** [CMakeFiles/high_solver.dir/build.make:174: CMakeFiles/high_solver.dir/solver_high_to/UR5_cost/UR5_cost_ext_cost_0_fun.c.o] Error 1
gmake[2]: *** [CMakeFiles/high_solver.dir/build.make:104: CMakeFiles/high_solver.dir/solver_high_to/UR5_model/UR5_expl_ode_fun.c.o] Error 1
gmake[2]: *** [CMakeFiles/high_solver.dir/build.make:188: CMakeFiles/high_solver.dir/solver_high_to/UR5_cost/UR5_cost_ext_cost_0_fun_jac.c.o] Error 1
[01m[Kcc1:[m[K [01;31m[Kfatal error: [m[K/home/chri/CHRI_2025/Time_optimal_baseline/src/mpc_high_to/solver_high_to/UR5_cost/UR5_cost_ext_cost_e_fun.c: No such file or directory
compilation terminated.
gmake[2]: *** [CMakeFiles/high_solver.dir/build.make:202: CMakeFiles/high_solver.dir/solver_high_to/UR5_cost/UR5_cost_ext_cost_0_fun_jac_hess.c.o] Error 1
[01m[Kcc1:[m[K [01;31m[Kfatal error: [m[K/home/chri/CHRI_2025/Time_optimal_baseline/src/mpc_high_to/solver_high_to/UR5_cost/UR5_cost_ext_cost_e_fun_jac.c: No such file or directory
compilation terminated.
[01m[Kcc1:[m[K [01;31m[Kfatal error: [m[K/home/chri/CHRI_2025/Time_optimal_baseline/src/mpc_high_to/solver_high_to/UR5_cost/UR5_cost_ext_cost_e_fun_jac_hess.c: No such file or directory
compilation terminated.
gmake[2]: *** [CMakeFiles/high_solver.dir/build.make:216: CMakeFiles/high_solver.dir/solver_high_to/UR5_cost/UR5_cost_ext_cost_e_fun.c.o] Error 1
gmake[2]: *** [CMakeFiles/high_solver.dir/build.make:230: CMakeFiles/high_solver.dir/solver_high_to/UR5_cost/UR5_cost_ext_cost_e_fun_jac.c.o] Error 1
[01m[Kcc1:[m[K [01;31m[Kfatal error: [m[K/home/chri/CHRI_2025/Time_optimal_baseline/src/mpc_high_to/solver_high_to/UR5_cost/UR5_cost_ext_cost_fun.c: No such file or directory
compilation terminated.
gmake[2]: *** [CMakeFiles/high_solver.dir/build.make:244: CMakeFiles/high_solver.dir/solver_high_to/UR5_cost/UR5_cost_ext_cost_e_fun_jac_hess.c.o] Error 1
gmake[2]: *** [CMakeFiles/high_solver.dir/build.make:258: CMakeFiles/high_solver.dir/solver_high_to/UR5_cost/UR5_cost_ext_cost_fun.c.o] Error 1
[01m[Kcc1:[m[K [01;31m[Kfatal error: [m[K/home/chri/CHRI_2025/Time_optimal_baseline/src/mpc_high_to/solver_high_to/UR5_cost/UR5_cost_ext_cost_fun_jac.c: No such file or directory
compilation terminated.
gmake[2]: *** [CMakeFiles/high_solver.dir/build.make:272: CMakeFiles/high_solver.dir/solver_high_to/UR5_cost/UR5_cost_ext_cost_fun_jac.c.o] Error 1
[01m[Kcc1:[m[K [01;31m[Kfatal error: [m[K/home/chri/CHRI_2025/Time_optimal_baseline/src/mpc_high_to/solver_high_to/UR5_cost/UR5_cost_ext_cost_fun_jac_hess.c: No such file or directory
compilation terminated.
gmake[2]: *** [CMakeFiles/high_solver.dir/build.make:286: CMakeFiles/high_solver.dir/solver_high_to/UR5_cost/UR5_cost_ext_cost_fun_jac_hess.c.o] Error 1
[01m[Kcc1:[m[K [01;31m[Kfatal error: [m[K/home/chri/CHRI_2025/Time_optimal_baseline/src/mpc_high_to/solver_high_to/acados_solver_UR5.c: No such file or directory
compilation terminated.
gmake[2]: *** [CMakeFiles/high_solver.dir/build.make:300: CMakeFiles/high_solver.dir/solver_high_to/acados_solver_UR5.c.o] Error 1
In file included from [01m[K/home/chri/CHRI_2025/Time_optimal_baseline/src/mpc_high_to/src/high_solver.cpp:10[m[K:
[01m[K/home/chri/CHRI_2025/Time_optimal_baseline/src/mpc_high_to/include/acados_solver_holder.hpp:12:10:[m[K [01;31m[Kfatal error: [m[Kacados_solver_UR5.h: No such file or directory
   12 | #include [01;31m[K<acados_solver_UR5.h>[m[K
      |          [01;31m[K^~~~~~~~~~~~~~~~~~~~~[m[K
compilation terminated.
gmake[2]: *** [CMakeFiles/high_solver.dir/build.make:76: CMakeFiles/high_solver.dir/src/high_solver.cpp.o] Error 1
gmake[1]: *** [CMakeFiles/Makefile2:137: CMakeFiles/high_solver.dir/all] Error 2
gmake: *** [Makefile:146: all] Error 2
