[6.494s] Invoking command in '/home/chri/CHRI_2025/Time_optimal_baseline/src/sim_utils': PYTHONPATH=/home/chri/CHRI_2025/Time_optimal_baseline/build/sim_utils/prefix_override:/usr/lib/python3/dist-packages/colcon_core/task/python/colcon_distutils_commands:/home/chri/CHRI_2025/Time_optimal_baseline/install/sim_utils/lib/python3.10/site-packages:${PYTHONPATH} /usr/bin/python3 -W ignore:setup.py install is deprecated -W ignore:easy_install command is deprecated setup.py egg_info --egg-base ../../build/sim_utils build --build-base /home/chri/CHRI_2025/Time_optimal_baseline/build/sim_utils/build install --record /home/chri/CHRI_2025/Time_optimal_baseline/build/sim_utils/install.log --single-version-externally-managed install_data
[6.766s] /home/chri/.local/lib/python3.10/site-packages/setuptools/_distutils/dist.py:289: UserWarning: Unknown distribution option: 'tests_require'
[6.766s]   warnings.warn(msg)
[6.945s] running egg_info
[6.979s] writing ../../build/sim_utils/sim_utils.egg-info/PKG-INFO
[6.979s] writing dependency_links to ../../build/sim_utils/sim_utils.egg-info/dependency_links.txt
[6.980s] writing entry points to ../../build/sim_utils/sim_utils.egg-info/entry_points.txt
[6.980s] writing requirements to ../../build/sim_utils/sim_utils.egg-info/requires.txt
[6.980s] writing top-level names to ../../build/sim_utils/sim_utils.egg-info/top_level.txt
[7.052s] reading manifest file '../../build/sim_utils/sim_utils.egg-info/SOURCES.txt'
[7.079s] writing manifest file '../../build/sim_utils/sim_utils.egg-info/SOURCES.txt'
[7.079s] running build
[7.079s] running build_py
[7.097s] running install
[7.103s] running install_lib
[7.135s] running install_data
[7.135s] running install_egg_info
[7.168s] removing '/home/chri/CHRI_2025/Time_optimal_baseline/install/sim_utils/lib/python3.10/site-packages/sim_utils-0.0.0-py3.10.egg-info' (and everything under it)
[7.168s] Copying ../../build/sim_utils/sim_utils.egg-info to /home/chri/CHRI_2025/Time_optimal_baseline/install/sim_utils/lib/python3.10/site-packages/sim_utils-0.0.0-py3.10.egg-info
[7.238s] running install_scripts
[7.493s] Installing human_motion_player script to /home/chri/CHRI_2025/Time_optimal_baseline/install/sim_utils/lib/sim_utils
[7.494s] writing list of installed files to '/home/chri/CHRI_2025/Time_optimal_baseline/build/sim_utils/install.log'
[7.524s] Invoked command in '/home/chri/CHRI_2025/Time_optimal_baseline/src/sim_utils' returned '0': PYTHONPATH=/home/chri/CHRI_2025/Time_optimal_baseline/build/sim_utils/prefix_override:/usr/lib/python3/dist-packages/colcon_core/task/python/colcon_distutils_commands:/home/chri/CHRI_2025/Time_optimal_baseline/install/sim_utils/lib/python3.10/site-packages:${PYTHONPATH} /usr/bin/python3 -W ignore:setup.py install is deprecated -W ignore:easy_install command is deprecated setup.py egg_info --egg-base ../../build/sim_utils build --build-base /home/chri/CHRI_2025/Time_optimal_baseline/build/sim_utils/build install --record /home/chri/CHRI_2025/Time_optimal_baseline/build/sim_utils/install.log --single-version-externally-managed install_data
