[35m[1mConsolidate compiler generated dependencies of target high_solver[0m
[  5%] [32mBuilding C object CMakeFiles/high_solver.dir/solver_to_high_disc/UR5_model/UR5_dyn_disc_phi_fun_jac_hess.c.o[0m
[ 15%] [32mBuilding C object CMakeFiles/high_solver.dir/solver_to_high_disc/UR5_model/UR5_dyn_disc_phi_fun.c.o[0m
[ 20%] [32mBuilding C object CMakeFiles/high_solver.dir/solver_to_high_disc/UR5_model/UR5_dyn_disc_phi_fun_jac.c.o[0m
[ 10%] [32mBuilding CXX object CMakeFiles/high_solver.dir/src/high_solver.cpp.o[0m
[ 30%] [32mBuilding C object CMakeFiles/high_solver.dir/solver_to_high_disc/UR5_constraints/UR5_constr_h_fun_jac_uxt_zt.c.o[0m
[ 30%] [32mBuilding C object CMakeFiles/high_solver.dir/solver_to_high_disc/UR5_constraints/UR5_constr_h_fun.c.o[0m
[ 35%] [32mBuilding C object CMakeFiles/high_solver.dir/solver_to_high_disc/UR5_cost/UR5_cost_ext_cost_0_fun_jac.c.o[0m
[ 40%] [32mBuilding C object CMakeFiles/high_solver.dir/solver_to_high_disc/UR5_constraints/UR5_constr_h_fun_jac_uxt_zt_hess.c.o[0m
[ 50%] [32mBuilding C object CMakeFiles/high_solver.dir/solver_to_high_disc/UR5_cost/UR5_cost_ext_cost_0_fun.c.o[0m
[ 50%] [32mBuilding C object CMakeFiles/high_solver.dir/solver_to_high_disc/UR5_cost/UR5_cost_ext_cost_0_fun_jac_hess.c.o[0m
[ 55%] [32mBuilding C object CMakeFiles/high_solver.dir/solver_to_high_disc/UR5_cost/UR5_cost_ext_cost_e_fun.c.o[0m
[ 60%] [32mBuilding C object CMakeFiles/high_solver.dir/solver_to_high_disc/UR5_cost/UR5_cost_ext_cost_e_fun_jac.c.o[0m
[ 65%] [32mBuilding C object CMakeFiles/high_solver.dir/solver_to_high_disc/UR5_cost/UR5_cost_ext_cost_fun.c.o[0m
[ 70%] [32mBuilding C object CMakeFiles/high_solver.dir/solver_to_high_disc/UR5_cost/UR5_cost_ext_cost_e_fun_jac_hess.c.o[0m
[ 75%] [32mBuilding C object CMakeFiles/high_solver.dir/solver_to_high_disc/UR5_cost/UR5_cost_ext_cost_fun_jac.c.o[0m
[ 80%] [32mBuilding C object CMakeFiles/high_solver.dir/solver_to_high_disc/UR5_cost/UR5_cost_ext_cost_fun_jac_hess.c.o[0m
[ 85%] [32mBuilding C object CMakeFiles/high_solver.dir/solver_to_high_disc/acados_solver_UR5.c.o[0m
[ 90%] [32mBuilding CXX object CMakeFiles/high_solver.dir/solver_to_high_disc/acados_solver_holder.cpp.o[0m
[ 95%] [32m[1mLinking CXX executable high_solver[0m
