[2.086s] Invoking command in '/home/chri/CHRI_2025/Time_optimal_baseline/src/sim_utils': PYTHONPATH=/home/chri/CHRI_2025/Time_optimal_baseline/build/sim_utils/prefix_override:/usr/lib/python3/dist-packages/colcon_core/task/python/colcon_distutils_commands:/home/chri/CHRI_2025/Time_optimal_baseline/install/sim_utils/lib/python3.10/site-packages:${PYTHONPATH} /usr/bin/python3 -W ignore:setup.py install is deprecated -W ignore:easy_install command is deprecated setup.py egg_info --egg-base ../../build/sim_utils build --build-base /home/chri/CHRI_2025/Time_optimal_baseline/build/sim_utils/build install --record /home/chri/CHRI_2025/Time_optimal_baseline/build/sim_utils/install.log --single-version-externally-managed install_data
[2.365s] /home/chri/.local/lib/python3.10/site-packages/setuptools/_distutils/dist.py:289: UserWarning: Unknown distribution option: 'tests_require'
[2.365s]   warnings.warn(msg)
[2.543s] running egg_info
[2.573s] writing ../../build/sim_utils/sim_utils.egg-info/PKG-INFO
[2.574s] writing dependency_links to ../../build/sim_utils/sim_utils.egg-info/dependency_links.txt
[2.574s] writing entry points to ../../build/sim_utils/sim_utils.egg-info/entry_points.txt
[2.574s] writing requirements to ../../build/sim_utils/sim_utils.egg-info/requires.txt
[2.574s] writing top-level names to ../../build/sim_utils/sim_utils.egg-info/top_level.txt
[2.639s] reading manifest file '../../build/sim_utils/sim_utils.egg-info/SOURCES.txt'
[2.641s] writing manifest file '../../build/sim_utils/sim_utils.egg-info/SOURCES.txt'
[2.641s] running build
[2.641s] running build_py
[2.642s] running install
[2.648s] running install_lib
[2.677s] running install_data
[2.678s] running install_egg_info
[2.709s] removing '/home/chri/CHRI_2025/Time_optimal_baseline/install/sim_utils/lib/python3.10/site-packages/sim_utils-0.0.0-py3.10.egg-info' (and everything under it)
[2.710s] Copying ../../build/sim_utils/sim_utils.egg-info to /home/chri/CHRI_2025/Time_optimal_baseline/install/sim_utils/lib/python3.10/site-packages/sim_utils-0.0.0-py3.10.egg-info
[2.711s] running install_scripts
[2.944s] Installing human_motion_player script to /home/chri/CHRI_2025/Time_optimal_baseline/install/sim_utils/lib/sim_utils
[2.944s] writing list of installed files to '/home/chri/CHRI_2025/Time_optimal_baseline/build/sim_utils/install.log'
[2.977s] Invoked command in '/home/chri/CHRI_2025/Time_optimal_baseline/src/sim_utils' returned '0': PYTHONPATH=/home/chri/CHRI_2025/Time_optimal_baseline/build/sim_utils/prefix_override:/usr/lib/python3/dist-packages/colcon_core/task/python/colcon_distutils_commands:/home/chri/CHRI_2025/Time_optimal_baseline/install/sim_utils/lib/python3.10/site-packages:${PYTHONPATH} /usr/bin/python3 -W ignore:setup.py install is deprecated -W ignore:easy_install command is deprecated setup.py egg_info --egg-base ../../build/sim_utils build --build-base /home/chri/CHRI_2025/Time_optimal_baseline/build/sim_utils/build install --record /home/chri/CHRI_2025/Time_optimal_baseline/build/sim_utils/install.log --single-version-externally-managed install_data
