[0.060s] Invoking command in '/home/chri/CHRI_2025/Time_optimal_baseline/build/mpc_high': CMAKE_PREFIX_PATH=${CMAKE_PREFIX_PATH}:/home/chri/CHRI_2025/Time_optimal_baseline/install/sim_utils:/home/chri/CHRI_2025/Time_optimal_baseline/install/pb_ur5_sim:/home/chri/CHRI_2025/Time_optimal_baseline/install/mppi_controller:/opt/ros/humble /usr/bin/cmake --build /home/chri/CHRI_2025/Time_optimal_baseline/build/mpc_high -- -j16 -l16
[0.760s] [100%] Built target high_solver
[1.097s] Invoked command in '/home/chri/CHRI_2025/Time_optimal_baseline/build/mpc_high' returned '0': CMAKE_PREFIX_PATH=${CMAKE_PREFIX_PATH}:/home/chri/CHRI_2025/Time_optimal_baseline/install/sim_utils:/home/chri/CHRI_2025/Time_optimal_baseline/install/pb_ur5_sim:/home/chri/CHRI_2025/Time_optimal_baseline/install/mppi_controller:/opt/ros/humble /usr/bin/cmake --build /home/chri/CHRI_2025/Time_optimal_baseline/build/mpc_high -- -j16 -l16
[1.114s] Invoking command in '/home/chri/CHRI_2025/Time_optimal_baseline/build/mpc_high': CMAKE_PREFIX_PATH=${CMAKE_PREFIX_PATH}:/home/chri/CHRI_2025/Time_optimal_baseline/install/sim_utils:/home/chri/CHRI_2025/Time_optimal_baseline/install/pb_ur5_sim:/home/chri/CHRI_2025/Time_optimal_baseline/install/mppi_controller:/opt/ros/humble /usr/bin/cmake --install /home/chri/CHRI_2025/Time_optimal_baseline/build/mpc_high
[1.129s] -- Install configuration: ""
[1.131s] -- Up-to-date: /home/chri/CHRI_2025/Time_optimal_baseline/install/mpc_high/lib/mpc_high/high_solver
[1.133s] -- Up-to-date: /home/chri/CHRI_2025/Time_optimal_baseline/install/mpc_high/share/ament_index/resource_index/package_run_dependencies/mpc_high
[1.134s] -- Up-to-date: /home/chri/CHRI_2025/Time_optimal_baseline/install/mpc_high/share/ament_index/resource_index/parent_prefix_path/mpc_high
[1.135s] -- Up-to-date: /home/chri/CHRI_2025/Time_optimal_baseline/install/mpc_high/share/mpc_high/environment/ament_prefix_path.sh
[1.135s] -- Up-to-date: /home/chri/CHRI_2025/Time_optimal_baseline/install/mpc_high/share/mpc_high/environment/ament_prefix_path.dsv
[1.136s] -- Up-to-date: /home/chri/CHRI_2025/Time_optimal_baseline/install/mpc_high/share/mpc_high/environment/path.sh
[1.137s] -- Up-to-date: /home/chri/CHRI_2025/Time_optimal_baseline/install/mpc_high/share/mpc_high/environment/path.dsv
[1.139s] -- Up-to-date: /home/chri/CHRI_2025/Time_optimal_baseline/install/mpc_high/share/mpc_high/local_setup.bash
[1.140s] -- Up-to-date: /home/chri/CHRI_2025/Time_optimal_baseline/install/mpc_high/share/mpc_high/local_setup.sh
[1.141s] -- Up-to-date: /home/chri/CHRI_2025/Time_optimal_baseline/install/mpc_high/share/mpc_high/local_setup.zsh
[1.142s] -- Up-to-date: /home/chri/CHRI_2025/Time_optimal_baseline/install/mpc_high/share/mpc_high/local_setup.dsv
[1.144s] -- Installing: /home/chri/CHRI_2025/Time_optimal_baseline/install/mpc_high/share/mpc_high/package.dsv
[1.145s] -- Up-to-date: /home/chri/CHRI_2025/Time_optimal_baseline/install/mpc_high/share/ament_index/resource_index/packages/mpc_high
[1.145s] -- Up-to-date: /home/chri/CHRI_2025/Time_optimal_baseline/install/mpc_high/share/mpc_high/cmake/mpc_highConfig.cmake
[1.146s] -- Up-to-date: /home/chri/CHRI_2025/Time_optimal_baseline/install/mpc_high/share/mpc_high/cmake/mpc_highConfig-version.cmake
[1.147s] -- Up-to-date: /home/chri/CHRI_2025/Time_optimal_baseline/install/mpc_high/share/mpc_high/package.xml
[1.172s] Invoked command in '/home/chri/CHRI_2025/Time_optimal_baseline/build/mpc_high' returned '0': CMAKE_PREFIX_PATH=${CMAKE_PREFIX_PATH}:/home/chri/CHRI_2025/Time_optimal_baseline/install/sim_utils:/home/chri/CHRI_2025/Time_optimal_baseline/install/pb_ur5_sim:/home/chri/CHRI_2025/Time_optimal_baseline/install/mppi_controller:/opt/ros/humble /usr/bin/cmake --install /home/chri/CHRI_2025/Time_optimal_baseline/build/mpc_high
