[  5%] [32mBuilding CXX object CMakeFiles/high_solver.dir/src/high_solver.cpp.o[0m
[ 10%] [32mBuilding C object CMakeFiles/high_solver.dir/solver_high_to/UR5_model/UR5_expl_vde_adj.c.o[0m
[ 15%] [32mBuilding C object CMakeFiles/high_solver.dir/solver_high_to/UR5_constraints/UR5_constr_h_fun_jac_uxt_zt.c.o[0m
[ 20%] [32mBuilding C object CMakeFiles/high_solver.dir/solver_high_to/UR5_constraints/UR5_constr_h_fun.c.o[0m
[ 25%] [32mBuilding CXX object CMakeFiles/high_solver.dir/src/kinematics_functions.cpp.o[0m
[ 30%] [32mBuilding C object CMakeFiles/high_solver.dir/solver_high_to/UR5_model/UR5_expl_vde_forw.c.o[0m
[ 35%] [32mBuilding C object CMakeFiles/high_solver.dir/solver_high_to/UR5_cost/UR5_cost_ext_cost_0_fun.c.o[0m
[ 40%] [32mBuilding C object CMakeFiles/high_solver.dir/solver_high_to/UR5_model/UR5_expl_ode_fun.c.o[0m
[ 45%] [32mBuilding C object CMakeFiles/high_solver.dir/solver_high_to/UR5_cost/UR5_cost_ext_cost_e_fun_jac.c.o[0m
[ 50%] [32mBuilding C object CMakeFiles/high_solver.dir/solver_high_to/UR5_cost/UR5_cost_ext_cost_0_fun_jac.c.o[0m
[ 55%] [32mBuilding C object CMakeFiles/high_solver.dir/solver_high_to/UR5_cost/UR5_cost_ext_cost_e_fun.c.o[0m
[ 60%] [32mBuilding C object CMakeFiles/high_solver.dir/solver_high_to/UR5_cost/UR5_cost_ext_cost_0_fun_jac_hess.c.o[0m
[ 65%] [32mBuilding C object CMakeFiles/high_solver.dir/solver_high_to/UR5_cost/UR5_cost_ext_cost_fun_jac.c.o[0m
[ 70%] [32mBuilding C object CMakeFiles/high_solver.dir/solver_high_to/UR5_cost/UR5_cost_ext_cost_fun.c.o[0m
[ 75%] [32mBuilding C object CMakeFiles/high_solver.dir/solver_high_to/UR5_cost/UR5_cost_ext_cost_e_fun_jac_hess.c.o[0m
[ 80%] [32mBuilding C object CMakeFiles/high_solver.dir/solver_high_to/UR5_cost/UR5_cost_ext_cost_fun_jac_hess.c.o[0m
[ 85%] [32mBuilding C object CMakeFiles/high_solver.dir/solver_high_to/acados_solver_UR5.c.o[0m
[ 90%] [32mBuilding C object CMakeFiles/high_solver.dir/solver_high_to/acados_sim_solver_UR5.c.o[0m
[ 95%] [32mBuilding CXX object CMakeFiles/high_solver.dir/solver_high_to/acados_solver_holder.cpp.o[0m
[100%] [32m[1mLinking CXX executable high_solver[0m
[100%] Built target high_solver
-- Install configuration: ""
-- Installing: /home/chri/CHRI_2025/Time_optimal_baseline/install/mpc_high_to/lib/mpc_high_to/high_solver
-- Set runtime path of "/home/chri/CHRI_2025/Time_optimal_baseline/install/mpc_high_to/lib/mpc_high_to/high_solver" to ""
-- Up-to-date: /home/chri/CHRI_2025/Time_optimal_baseline/install/mpc_high_to/share/ament_index/resource_index/package_run_dependencies/mpc_high_to
-- Up-to-date: /home/chri/CHRI_2025/Time_optimal_baseline/install/mpc_high_to/share/ament_index/resource_index/parent_prefix_path/mpc_high_to
-- Up-to-date: /home/chri/CHRI_2025/Time_optimal_baseline/install/mpc_high_to/share/mpc_high_to/environment/ament_prefix_path.sh
-- Up-to-date: /home/chri/CHRI_2025/Time_optimal_baseline/install/mpc_high_to/share/mpc_high_to/environment/ament_prefix_path.dsv
-- Up-to-date: /home/chri/CHRI_2025/Time_optimal_baseline/install/mpc_high_to/share/mpc_high_to/environment/path.sh
-- Up-to-date: /home/chri/CHRI_2025/Time_optimal_baseline/install/mpc_high_to/share/mpc_high_to/environment/path.dsv
-- Up-to-date: /home/chri/CHRI_2025/Time_optimal_baseline/install/mpc_high_to/share/mpc_high_to/local_setup.bash
-- Up-to-date: /home/chri/CHRI_2025/Time_optimal_baseline/install/mpc_high_to/share/mpc_high_to/local_setup.sh
-- Up-to-date: /home/chri/CHRI_2025/Time_optimal_baseline/install/mpc_high_to/share/mpc_high_to/local_setup.zsh
-- Up-to-date: /home/chri/CHRI_2025/Time_optimal_baseline/install/mpc_high_to/share/mpc_high_to/local_setup.dsv
-- Installing: /home/chri/CHRI_2025/Time_optimal_baseline/install/mpc_high_to/share/mpc_high_to/package.dsv
-- Up-to-date: /home/chri/CHRI_2025/Time_optimal_baseline/install/mpc_high_to/share/ament_index/resource_index/packages/mpc_high_to
-- Up-to-date: /home/chri/CHRI_2025/Time_optimal_baseline/install/mpc_high_to/share/mpc_high_to/cmake/mpc_high_toConfig.cmake
-- Up-to-date: /home/chri/CHRI_2025/Time_optimal_baseline/install/mpc_high_to/share/mpc_high_to/cmake/mpc_high_toConfig-version.cmake
-- Up-to-date: /home/chri/CHRI_2025/Time_optimal_baseline/install/mpc_high_to/share/mpc_high_to/package.xml
