[2.570s] Traceback (most recent call last):
  File "/usr/lib/python3/dist-packages/colcon_parallel_executor/executor/parallel.py", line 75, in execute
    loop.run_until_complete(future)
  File "/usr/lib/python3.10/asyncio/base_events.py", line 636, in run_until_complete
    self.run_forever()
  File "/usr/lib/python3.10/asyncio/base_events.py", line 603, in run_forever
    self._run_once()
  File "/usr/lib/python3.10/asyncio/base_events.py", line 1871, in _run_once
    event_list = self._selector.select(timeout)
  File "/usr/lib/python3.10/selectors.py", line 469, in select
    fd_event_list = self._selector.poll(timeout, max_ev)
KeyboardInterrupt

During handling of the above exception, another exception occurred:

Traceback (most recent call last):
  File "/usr/lib/python3/dist-packages/colcon_core/executor/__init__.py", line 91, in __call__
    rc = await self.task(*args, **kwargs)
  File "/usr/lib/python3/dist-packages/colcon_core/task/__init__.py", line 93, in __call__
    return await task_method(*args, **kwargs)
  File "/usr/lib/python3/dist-packages/colcon_ros/task/ament_python/build.py", line 102, in build
    return await extension.build(additional_hooks=additional_hooks)
  File "/usr/lib/python3/dist-packages/colcon_core/task/python/build.py", line 96, in build
    available_commands = await self._get_available_commands(
  File "/usr/lib/python3/dist-packages/colcon_core/task/python/build.py", line 194, in _get_available_commands
    output = await check_output(
  File "/usr/lib/python3/dist-packages/colcon_core/subprocess.py", line 129, in check_output
    assert not rc, f'Expected {args} to pass: {stderr_data}'
AssertionError: Expected ['/usr/bin/python3', '-W', 'ignore:setup.py install is deprecated', '-W', 'ignore:easy_install command is deprecated', 'setup.py', '--help-commands'] to pass: /home/chri/.local/lib/python3.10/site-packages/setuptools/_distutils/dist.py:289: UserWarning: Unknown distribution option: 'tests_require'
  warnings.warn(msg)
Traceback (most recent call last):
  File "/home/chri/CHRI_2025/Time_optimal_baseline/src/sim_utils/setup.py", line 5, in <module>
    setup(
  File "/home/chri/.local/lib/python3.10/site-packages/setuptools/__init__.py", line 117, in setup
    return distutils.core.setup(**attrs)
  File "/home/chri/.local/lib/python3.10/site-packages/setuptools/_distutils/core.py", line 173, in setup
    ok = dist.parse_command_line()
  File "/home/chri/.local/lib/python3.10/site-packages/setuptools/_distutils/dist.py", line 499, in parse_command_line
    if self.handle_display_options(option_order):
  File "/home/chri/.local/lib/python3.10/site-packages/setuptools/dist.py", line 1080, in handle_display_options
    return _Distribution.handle_display_options(self, option_order)
  File "/home/chri/.local/lib/python3.10/site-packages/setuptools/_distutils/dist.py", line 713, in handle_display_options
    self.print_commands()
  File "/home/chri/.local/lib/python3.10/site-packages/setuptools/dist.py", line 858, in print_commands
    return _Distribution.print_commands(self)
  File "/home/chri/.local/lib/python3.10/site-packages/setuptools/_distutils/dist.py", line 777, in print_commands
    self.print_command_list(std_commands, "Standard commands", max_length)
  File "/home/chri/.local/lib/python3.10/site-packages/setuptools/_distutils/dist.py", line 749, in print_command_list
    klass = self.get_command_class(cmd)
  File "/home/chri/.local/lib/python3.10/site-packages/setuptools/dist.py", line 846, in get_command_class
    eps = metadata.entry_points(group='distutils.commands', name=command)
  File "/usr/lib/python3.10/importlib/metadata/__init__.py", line 1021, in entry_points
    return SelectableGroups.load(eps).select(**params)
  File "/usr/lib/python3.10/importlib/metadata/__init__.py", line 459, in load
    ordered = sorted(eps, key=by_group)
  File "/usr/lib/python3.10/importlib/metadata/__init__.py", line 1019, in <genexpr>
    dist.entry_points for dist in unique(distributions())
  File "/usr/lib/python3.10/importlib/metadata/__init__.py", line 631, in entry_points
    return EntryPoints._from_text_for(self.read_text('entry_points.txt'), self)
  File "/usr/lib/python3.10/importlib/metadata/__init__.py", line 381, in _from_text_for
    return cls(ep._for(dist) for ep in cls._from_text(text))
  File "/usr/lib/python3.10/importlib/metadata/__init__.py", line 381, in <genexpr>
    return cls(ep._for(dist) for ep in cls._from_text(text))
  File "/usr/lib/python3.10/importlib/metadata/__init__.py", line 190, in _for
    def _for(self, dist):
KeyboardInterrupt

