Consolidate compiler generated dependencies of target high_solver
[  5%] Building CXX object CMakeFiles/high_solver.dir/solver_to_high_disc/acados_solver_holder.cpp.o
/home/chri/CHRI_2025/Time_optimal_baseline/src/mpc_to/solver_to_high_disc/acados_solver_holder.cpp: In member function ‘int my_NMPC_solver::solve_my_mpc(double*, double*, double*, double*, double*, double*, double*, double*)’:
/home/chri/CHRI_2025/Time_optimal_baseline/src/mpc_to/solver_to_high_disc/acados_solver_holder.cpp:158:12: warning: ISO C++ forbids variable length array ‘xtraj’ [-Wvla]
  158 |     double xtraj[NX * (N+1)];
      |            ^~~~~
/home/chri/CHRI_2025/Time_optimal_baseline/src/mpc_to/solver_to_high_disc/acados_solver_holder.cpp:159:12: warning: ISO C++ forbids variable length array ‘utraj’ [-Wvla]
  159 |     double utraj[NU * N];
      |            ^~~~~
/home/chri/CHRI_2025/Time_optimal_baseline/src/mpc_to/solver_to_high_disc/acados_solver_holder.cpp:29:42: warning: unused parameter ‘tracking_goal’ [-Wunused-parameter]
   29 |     double current_joint_goal[6], double tracking_goal[60], double cgoal[3], double results[16], double my_weights[10], double full_trajectory[140]) {
      |                                   ~~~~~~~^~~~~~~~~~~~~~~~~
/home/chri/CHRI_2025/Time_optimal_baseline/src/mpc_to/solver_to_high_disc/acados_solver_holder.cpp:29:68: warning: unused parameter ‘cgoal’ [-Wunused-parameter]
   29 |     double current_joint_goal[6], double tracking_goal[60], double cgoal[3], double results[16], double my_weights[10], double full_trajectory[140]) {
      |                                                             ~~~~~~~^~~~~~~~
/home/chri/CHRI_2025/Time_optimal_baseline/src/mpc_to/solver_to_high_disc/acados_solver_holder.cpp:29:105: warning: unused parameter ‘my_weights’ [-Wunused-parameter]
   29 |     double current_joint_goal[6], double tracking_goal[60], double cgoal[3], double results[16], double my_weights[10], double full_trajectory[140]) {
      |                                                                                                  ~~~~~~~^~~~~~~~~~~~~~
[ 10%] Linking CXX executable high_solver
[100%] Built target high_solver
-- Install configuration: "Release"
-- Execute custom install script
-- Up-to-date symlink: /home/chri/CHRI_2025/Time_optimal_baseline/install/mpc_to/lib/mpc_to/high_solver
-- Up-to-date symlink: /home/chri/CHRI_2025/Time_optimal_baseline/install/mpc_to/share/ament_index/resource_index/package_run_dependencies/mpc_to
-- Up-to-date symlink: /home/chri/CHRI_2025/Time_optimal_baseline/install/mpc_to/share/ament_index/resource_index/parent_prefix_path/mpc_to
-- Up-to-date symlink: /home/chri/CHRI_2025/Time_optimal_baseline/install/mpc_to/share/mpc_to/environment/ament_prefix_path.sh
-- Up-to-date symlink: /home/chri/CHRI_2025/Time_optimal_baseline/install/mpc_to/share/mpc_to/environment/ament_prefix_path.dsv
-- Up-to-date symlink: /home/chri/CHRI_2025/Time_optimal_baseline/install/mpc_to/share/mpc_to/environment/path.sh
-- Up-to-date symlink: /home/chri/CHRI_2025/Time_optimal_baseline/install/mpc_to/share/mpc_to/environment/path.dsv
-- Up-to-date symlink: /home/chri/CHRI_2025/Time_optimal_baseline/install/mpc_to/share/mpc_to/local_setup.bash
-- Up-to-date symlink: /home/chri/CHRI_2025/Time_optimal_baseline/install/mpc_to/share/mpc_to/local_setup.sh
-- Up-to-date symlink: /home/chri/CHRI_2025/Time_optimal_baseline/install/mpc_to/share/mpc_to/local_setup.zsh
-- Up-to-date symlink: /home/chri/CHRI_2025/Time_optimal_baseline/install/mpc_to/share/mpc_to/local_setup.dsv
-- Symlinking: /home/chri/CHRI_2025/Time_optimal_baseline/install/mpc_to/share/mpc_to/package.dsv
-- Up-to-date symlink: /home/chri/CHRI_2025/Time_optimal_baseline/install/mpc_to/share/ament_index/resource_index/packages/mpc_to
-- Up-to-date symlink: /home/chri/CHRI_2025/Time_optimal_baseline/install/mpc_to/share/mpc_to/cmake/mpc_toConfig.cmake
-- Up-to-date symlink: /home/chri/CHRI_2025/Time_optimal_baseline/install/mpc_to/share/mpc_to/cmake/mpc_toConfig-version.cmake
-- Up-to-date symlink: /home/chri/CHRI_2025/Time_optimal_baseline/install/mpc_to/share/mpc_to/package.xml
