[7.395s] Invoking command in '/home/chri/CHRI_2025/Time_optimal_baseline/src/mppi_controller': PYTHONPATH=/home/chri/CHRI_2025/Time_optimal_baseline/build/mppi_controller/prefix_override:/usr/lib/python3/dist-packages/colcon_core/task/python/colcon_distutils_commands:/home/chri/CHRI_2025/Time_optimal_baseline/install/mppi_controller/lib/python3.10/site-packages:${PYTHONPATH} /usr/bin/python3 -W ignore:setup.py install is deprecated -W ignore:easy_install command is deprecated setup.py egg_info --egg-base ../../build/mppi_controller build --build-base /home/chri/CHRI_2025/Time_optimal_baseline/build/mppi_controller/build install --record /home/chri/CHRI_2025/Time_optimal_baseline/build/mppi_controller/install.log --single-version-externally-managed install_data
[7.671s] /home/chri/.local/lib/python3.10/site-packages/setuptools/_distutils/dist.py:289: UserWarning: Unknown distribution option: 'tests_require'
[7.671s]   warnings.warn(msg)
[7.875s] running egg_info
[7.910s] writing ../../build/mppi_controller/mppi_controller.egg-info/PKG-INFO
[7.912s] writing dependency_links to ../../build/mppi_controller/mppi_controller.egg-info/dependency_links.txt
[7.912s] writing entry points to ../../build/mppi_controller/mppi_controller.egg-info/entry_points.txt
[7.913s] writing requirements to ../../build/mppi_controller/mppi_controller.egg-info/requires.txt
[7.913s] writing top-level names to ../../build/mppi_controller/mppi_controller.egg-info/top_level.txt
[7.983s] reading manifest file '../../build/mppi_controller/mppi_controller.egg-info/SOURCES.txt'
[8.028s] adding license file 'LICENSE'
[8.030s] writing manifest file '../../build/mppi_controller/mppi_controller.egg-info/SOURCES.txt'
[8.030s] running build
[8.030s] running build_py
[8.031s] copying mppi_controller/main.py -> /home/chri/CHRI_2025/Time_optimal_baseline/build/mppi_controller/build/lib/mppi_controller
[8.043s] copying mppi_controller/old_main.py -> /home/chri/CHRI_2025/Time_optimal_baseline/build/mppi_controller/build/lib/mppi_controller
[8.056s] copying mppi_controller/mppi_utils.py -> /home/chri/CHRI_2025/Time_optimal_baseline/build/mppi_controller/build/lib/mppi_controller
[8.084s] copying mppi_controller/main_no_human.py -> /home/chri/CHRI_2025/Time_optimal_baseline/build/mppi_controller/build/lib/mppi_controller
[8.117s] running install
[8.124s] running install_lib
[8.163s] copying /home/chri/CHRI_2025/Time_optimal_baseline/build/mppi_controller/build/lib/mppi_controller/main.py -> /home/chri/CHRI_2025/Time_optimal_baseline/install/mppi_controller/lib/python3.10/site-packages/mppi_controller
[8.172s] error: could not delete '/home/chri/CHRI_2025/Time_optimal_baseline/install/mppi_controller/lib/python3.10/site-packages/mppi_controller/main.py': No such file or directory
