[0.018s] Invoking command in '/home/chri/CHRI_2025/Time_optimal_baseline/build/mpc_high': CMAKE_PREFIX_PATH=${CMAKE_PREFIX_PATH}:/home/chri/CHRI_2025/Time_optimal_baseline/install/sim_utils:/home/chri/CHRI_2025/Time_optimal_baseline/install/pb_ur5_sim:/home/chri/CHRI_2025/Time_optimal_baseline/install/mppi_controller:/opt/ros/humble /usr/bin/cmake --build /home/chri/CHRI_2025/Time_optimal_baseline/build/mpc_high -- -j16 -l16
[0.087s] [35m[1mConsolidate compiler generated dependencies of target high_solver[0m
[0.125s] [ 10%] [32mBuilding CXX object CMakeFiles/high_solver.dir/src/high_solver1.cpp.o[0m
[0.126s] [ 20%] [32mBuilding CXX object CMakeFiles/high_solver.dir/solver_high_disc/acados_solver_holder.cpp.o[0m
[16.592s] [ 30%] [32m[1mLinking CXX executable high_solver[0m
[17.843s] [100%] Built target high_solver
[17.856s] Invoked command in '/home/chri/CHRI_2025/Time_optimal_baseline/build/mpc_high' returned '0': CMAKE_PREFIX_PATH=${CMAKE_PREFIX_PATH}:/home/chri/CHRI_2025/Time_optimal_baseline/install/sim_utils:/home/chri/CHRI_2025/Time_optimal_baseline/install/pb_ur5_sim:/home/chri/CHRI_2025/Time_optimal_baseline/install/mppi_controller:/opt/ros/humble /usr/bin/cmake --build /home/chri/CHRI_2025/Time_optimal_baseline/build/mpc_high -- -j16 -l16
[17.871s] Invoking command in '/home/chri/CHRI_2025/Time_optimal_baseline/build/mpc_high': CMAKE_PREFIX_PATH=${CMAKE_PREFIX_PATH}:/home/chri/CHRI_2025/Time_optimal_baseline/install/sim_utils:/home/chri/CHRI_2025/Time_optimal_baseline/install/pb_ur5_sim:/home/chri/CHRI_2025/Time_optimal_baseline/install/mppi_controller:/opt/ros/humble /usr/bin/cmake --install /home/chri/CHRI_2025/Time_optimal_baseline/build/mpc_high
[17.879s] -- Install configuration: ""
[17.879s] -- Execute custom install script
[17.880s] -- Up-to-date symlink: /home/chri/CHRI_2025/Time_optimal_baseline/install/mpc_high/lib/mpc_high/high_solver
[17.880s] -- Up-to-date symlink: /home/chri/CHRI_2025/Time_optimal_baseline/install/mpc_high/share/ament_index/resource_index/package_run_dependencies/mpc_high
[17.880s] -- Up-to-date symlink: /home/chri/CHRI_2025/Time_optimal_baseline/install/mpc_high/share/ament_index/resource_index/parent_prefix_path/mpc_high
[17.881s] -- Up-to-date symlink: /home/chri/CHRI_2025/Time_optimal_baseline/install/mpc_high/share/mpc_high/environment/ament_prefix_path.sh
[17.881s] -- Up-to-date symlink: /home/chri/CHRI_2025/Time_optimal_baseline/install/mpc_high/share/mpc_high/environment/ament_prefix_path.dsv
[17.881s] -- Up-to-date symlink: /home/chri/CHRI_2025/Time_optimal_baseline/install/mpc_high/share/mpc_high/environment/path.sh
[17.882s] -- Up-to-date symlink: /home/chri/CHRI_2025/Time_optimal_baseline/install/mpc_high/share/mpc_high/environment/path.dsv
[17.882s] -- Up-to-date symlink: /home/chri/CHRI_2025/Time_optimal_baseline/install/mpc_high/share/mpc_high/local_setup.bash
[17.882s] -- Up-to-date symlink: /home/chri/CHRI_2025/Time_optimal_baseline/install/mpc_high/share/mpc_high/local_setup.sh
[17.882s] -- Up-to-date symlink: /home/chri/CHRI_2025/Time_optimal_baseline/install/mpc_high/share/mpc_high/local_setup.zsh
[17.882s] -- Up-to-date symlink: /home/chri/CHRI_2025/Time_optimal_baseline/install/mpc_high/share/mpc_high/local_setup.dsv
[17.883s] -- Symlinking: /home/chri/CHRI_2025/Time_optimal_baseline/install/mpc_high/share/mpc_high/package.dsv
[17.896s] -- Up-to-date symlink: /home/chri/CHRI_2025/Time_optimal_baseline/install/mpc_high/share/ament_index/resource_index/packages/mpc_high
[17.896s] -- Up-to-date symlink: /home/chri/CHRI_2025/Time_optimal_baseline/install/mpc_high/share/mpc_high/cmake/mpc_highConfig.cmake
[17.896s] -- Up-to-date symlink: /home/chri/CHRI_2025/Time_optimal_baseline/install/mpc_high/share/mpc_high/cmake/mpc_highConfig-version.cmake
[17.896s] -- Up-to-date symlink: /home/chri/CHRI_2025/Time_optimal_baseline/install/mpc_high/share/mpc_high/package.xml
[17.899s] Invoked command in '/home/chri/CHRI_2025/Time_optimal_baseline/build/mpc_high' returned '0': CMAKE_PREFIX_PATH=${CMAKE_PREFIX_PATH}:/home/chri/CHRI_2025/Time_optimal_baseline/install/sim_utils:/home/chri/CHRI_2025/Time_optimal_baseline/install/pb_ur5_sim:/home/chri/CHRI_2025/Time_optimal_baseline/install/mppi_controller:/opt/ros/humble /usr/bin/cmake --install /home/chri/CHRI_2025/Time_optimal_baseline/build/mpc_high
