-- Found ament_cmake: 1.3.11 (/opt/ros/humble/share/ament_cmake/cmake)
-- Override CMake install command with custom implementation using symlinks instead of copying resources
-- Found rclcpp: 16.0.12 (/opt/ros/humble/share/rclcpp/cmake)
-- Found rosidl_generator_c: 3.1.6 (/opt/ros/humble/share/rosidl_generator_c/cmake)
-- Found rosidl_adapter: 3.1.6 (/opt/ros/humble/share/rosidl_adapter/cmake)
-- Found rosidl_generator_cpp: 3.1.6 (/opt/ros/humble/share/rosidl_generator_cpp/cmake)
-- Using all available rosidl_typesupport_c: rosidl_typesupport_fastrtps_c;rosidl_typesupport_introspection_c
-- Using all available rosidl_typesupport_cpp: rosidl_typesupport_fastrtps_cpp;rosidl_typesupport_introspection_cpp
-- Found rmw_implementation_cmake: 6.1.2 (/opt/ros/humble/share/rmw_implementation_cmake/cmake)
-- Found rmw_fastrtps_cpp: 6.2.7 (/opt/ros/humble/share/rmw_fastrtps_cpp/cmake)
-- Using RMW implementation 'rmw_fastrtps_cpp' as default
-- Found sensor_msgs: 4.8.0 (/opt/ros/humble/share/sensor_msgs/cmake)
-- Target my_node_cpp built successfully
-- Found ament_lint_auto: 0.12.12 (/opt/ros/humble/share/ament_lint_auto/cmake)
-- Added test 'cppcheck' to perform static code analysis on C / C++ code
-- Configured cppcheck include dirs: /home/chri/CHRI_2025/Time_optimal_baseline/src/mpc_high/include;/home/chri/CHRI_2025/Time_optimal_baseline/src/mpc_high/include/acados;/home/chri/CHRI_2025/Time_optimal_baseline/src/mpc_high/include/acados_c;/home/chri/CHRI_2025/Time_optimal_baseline/src/mpc_high/include/blasfeo/include;/home/chri/CHRI_2025/Time_optimal_baseline/src/mpc_high/include/hpipm/include;/home/chri/CHRI_2025/Time_optimal_baseline/src/mpc_high/solver_high/
-- Configured cppcheck exclude dirs and/or files: 
-- Added test 'lint_cmake' to check CMake code style
-- Added test 'uncrustify' to check C / C++ code style
-- Configured uncrustify additional arguments: 
-- Added test 'xmllint' to check XML markup files
-- Configuring done
-- Generating done
-- Build files have been written to: /home/chri/CHRI_2025/Time_optimal_baseline/build/mpc_high
[35m[1mConsolidate compiler generated dependencies of target high_solver[0m
[  9%] [32mBuilding CXX object CMakeFiles/high_solver.dir/solver_high/acados_solver_holder.cpp.o[0m
[01m[K/home/chri/CHRI_2025/Time_optimal_baseline/src/mpc_high/solver_high/acados_solver_holder.cpp:3:1:[m[K [01;31m[Kerror: [m[Kno declaration matches ‘[01m[Kmy_NMPC_solver::my_NMPC_solver(int)[m[K’
    3 | [01;31m[Kmy_NMPC_solver[m[K::my_NMPC_solver(int n) {
      | [01;31m[K^~~~~~~~~~~~~~[m[K
In file included from [01m[K/home/chri/CHRI_2025/Time_optimal_baseline/src/mpc_high/solver_high/acados_solver_holder.cpp:1[m[K:
[01m[K/home/chri/CHRI_2025/Time_optimal_baseline/src/mpc_high/include/acados_solver_holder.hpp:54:7:[m[K [01;36m[Knote: [m[Kcandidates are: ‘[01m[Kconstexpr my_NMPC_solver::my_NMPC_solver(my_NMPC_solver&&)[m[K’
   54 | class [01;36m[Kmy_NMPC_solver[m[K {
      |       [01;36m[K^~~~~~~~~~~~~~[m[K
[01m[K/home/chri/CHRI_2025/Time_optimal_baseline/src/mpc_high/include/acados_solver_holder.hpp:54:7:[m[K [01;36m[Knote: [m[K                ‘[01m[Kconstexpr my_NMPC_solver::my_NMPC_solver(const my_NMPC_solver&)[m[K’
[01m[K/home/chri/CHRI_2025/Time_optimal_baseline/src/mpc_high/include/acados_solver_holder.hpp:61:5:[m[K [01;36m[Knote: [m[K                ‘[01m[Kmy_NMPC_solver::my_NMPC_solver(int, int)[m[K’
   61 |     [01;36m[Kmy_NMPC_solver[m[K(int n, int number_of_current_steps_specified);
      |     [01;36m[K^~~~~~~~~~~~~~[m[K
[01m[K/home/chri/CHRI_2025/Time_optimal_baseline/src/mpc_high/include/acados_solver_holder.hpp:54:7:[m[K [01;36m[Knote: [m[K‘[01m[Kclass my_NMPC_solver[m[K’ defined here
   54 | class [01;36m[Kmy_NMPC_solver[m[K {
      |       [01;36m[K^~~~~~~~~~~~~~[m[K
[01m[K/home/chri/CHRI_2025/Time_optimal_baseline/src/mpc_high/solver_high/acados_solver_holder.cpp:20:5:[m[K [01;31m[Kerror: [m[Kno declaration matches ‘[01m[Kint my_NMPC_solver::solve_my_mpc(double*, double*, double*, double*, double*, double*, double*, double*)[m[K’
   20 | int [01;31m[Kmy_NMPC_solver[m[K::solve_my_mpc(double current_joint_position[6], double current_human_position[56], double current_joint_goal[6], double tracking_goal[60], double cgoal[3], double results[16], double my_weights[10], double full_trajectory[140]) {
      |     [01;31m[K^~~~~~~~~~~~~~[m[K
In file included from [01m[K/home/chri/CHRI_2025/Time_optimal_baseline/src/mpc_high/solver_high/acados_solver_holder.cpp:1[m[K:
[01m[K/home/chri/CHRI_2025/Time_optimal_baseline/src/mpc_high/include/acados_solver_holder.hpp:62:9:[m[K [01;36m[Knote: [m[Kcandidate is: ‘[01m[Kint my_NMPC_solver::solve_my_mpc(double*, double*, double*, double*, double*, double*, double*)[m[K’
   62 |     int [01;36m[Ksolve_my_mpc[m[K(double current_joint_position[6],
      |         [01;36m[K^~~~~~~~~~~~[m[K
[01m[K/home/chri/CHRI_2025/Time_optimal_baseline/src/mpc_high/include/acados_solver_holder.hpp:54:7:[m[K [01;36m[Knote: [m[K‘[01m[Kclass my_NMPC_solver[m[K’ defined here
   54 | class [01;36m[Kmy_NMPC_solver[m[K {
      |       [01;36m[K^~~~~~~~~~~~~~[m[K
gmake[2]: *** [CMakeFiles/high_solver.dir/build.make:202: CMakeFiles/high_solver.dir/solver_high/acados_solver_holder.cpp.o] Error 1
gmake[1]: *** [CMakeFiles/Makefile2:137: CMakeFiles/high_solver.dir/all] Error 2
gmake: *** [Makefile:146: all] Error 2
