[0.016s] Invoking command in '/home/chri/CHRI_2025/Time_optimal_baseline/build/mpc_high': CMAKE_PREFIX_PATH=${CMAKE_PREFIX_PATH}:/home/chri/CHRI_2025/Time_optimal_baseline/install/sim_utils:/home/chri/CHRI_2025/Time_optimal_baseline/install/pb_ur5_sim:/home/chri/CHRI_2025/Time_optimal_baseline/install/mppi_controller:/opt/ros/humble /usr/bin/cmake --build /home/chri/CHRI_2025/Time_optimal_baseline/build/mpc_high -- -j16 -l16
[0.054s] -- Found ament_cmake: 1.3.11 (/opt/ros/humble/share/ament_cmake/cmake)
[0.270s] -- Override CMake install command with custom implementation using symlinks instead of copying resources
[0.287s] -- Found rclcpp: 16.0.12 (/opt/ros/humble/share/rclcpp/cmake)
[0.344s] -- Found rosidl_generator_c: 3.1.6 (/opt/ros/humble/share/rosidl_generator_c/cmake)
[0.350s] -- Found rosidl_adapter: 3.1.6 (/opt/ros/humble/share/rosidl_adapter/cmake)
[0.362s] -- Found rosidl_generator_cpp: 3.1.6 (/opt/ros/humble/share/rosidl_generator_cpp/cmake)
[0.379s] -- Using all available rosidl_typesupport_c: rosidl_typesupport_fastrtps_c;rosidl_typesupport_introspection_c
[0.400s] -- Using all available rosidl_typesupport_cpp: rosidl_typesupport_fastrtps_cpp;rosidl_typesupport_introspection_cpp
[0.469s] -- Found rmw_implementation_cmake: 6.1.2 (/opt/ros/humble/share/rmw_implementation_cmake/cmake)
[0.471s] -- Found rmw_fastrtps_cpp: 6.2.7 (/opt/ros/humble/share/rmw_fastrtps_cpp/cmake)
[0.645s] -- Using RMW implementation 'rmw_fastrtps_cpp' as default
[0.717s] -- Found sensor_msgs: 4.8.0 (/opt/ros/humble/share/sensor_msgs/cmake)
[0.756s] -- Target my_node_cpp built successfully
[0.757s] -- Found ament_lint_auto: 0.12.12 (/opt/ros/humble/share/ament_lint_auto/cmake)
[0.877s] -- Added test 'cppcheck' to perform static code analysis on C / C++ code
[0.878s] -- Configured cppcheck include dirs: /home/chri/CHRI_2025/Time_optimal_baseline/src/mpc_high/include;/home/chri/CHRI_2025/Time_optimal_baseline/src/mpc_high/include/acados;/home/chri/CHRI_2025/Time_optimal_baseline/src/mpc_high/include/acados_c;/home/chri/CHRI_2025/Time_optimal_baseline/src/mpc_high/include/blasfeo/include;/home/chri/CHRI_2025/Time_optimal_baseline/src/mpc_high/include/hpipm/include;/home/chri/CHRI_2025/Time_optimal_baseline/src/mpc_high/solver_high/
[0.878s] -- Configured cppcheck exclude dirs and/or files: 
[0.882s] -- Added test 'lint_cmake' to check CMake code style
[0.894s] -- Added test 'uncrustify' to check C / C++ code style
[0.894s] -- Configured uncrustify additional arguments: 
[0.896s] -- Added test 'xmllint' to check XML markup files
[0.897s] -- Configuring done
[0.961s] -- Generating done
[0.969s] -- Build files have been written to: /home/chri/CHRI_2025/Time_optimal_baseline/build/mpc_high
[1.012s] [35m[1mConsolidate compiler generated dependencies of target high_solver[0m
[1.049s] [  9%] [32mBuilding CXX object CMakeFiles/high_solver.dir/solver_high/acados_solver_holder.cpp.o[0m
[2.269s] [01m[K/home/chri/CHRI_2025/Time_optimal_baseline/src/mpc_high/solver_high/acados_solver_holder.cpp:3:1:[m[K [01;31m[Kerror: [m[Kno declaration matches ‘[01m[Kmy_NMPC_solver::my_NMPC_solver(int)[m[K’
[2.270s]     3 | [01;31m[Kmy_NMPC_solver[m[K::my_NMPC_solver(int n) {
[2.270s]       | [01;31m[K^~~~~~~~~~~~~~[m[K
[2.270s] In file included from [01m[K/home/chri/CHRI_2025/Time_optimal_baseline/src/mpc_high/solver_high/acados_solver_holder.cpp:1[m[K:
[2.270s] [01m[K/home/chri/CHRI_2025/Time_optimal_baseline/src/mpc_high/include/acados_solver_holder.hpp:54:7:[m[K [01;36m[Knote: [m[Kcandidates are: ‘[01m[Kconstexpr my_NMPC_solver::my_NMPC_solver(my_NMPC_solver&&)[m[K’
[2.270s]    54 | class [01;36m[Kmy_NMPC_solver[m[K {
[2.271s]       |       [01;36m[K^~~~~~~~~~~~~~[m[K
[2.271s] [01m[K/home/chri/CHRI_2025/Time_optimal_baseline/src/mpc_high/include/acados_solver_holder.hpp:54:7:[m[K [01;36m[Knote: [m[K                ‘[01m[Kconstexpr my_NMPC_solver::my_NMPC_solver(const my_NMPC_solver&)[m[K’
[2.271s] [01m[K/home/chri/CHRI_2025/Time_optimal_baseline/src/mpc_high/include/acados_solver_holder.hpp:61:5:[m[K [01;36m[Knote: [m[K                ‘[01m[Kmy_NMPC_solver::my_NMPC_solver(int, int)[m[K’
[2.271s]    61 |     [01;36m[Kmy_NMPC_solver[m[K(int n, int number_of_current_steps_specified);
[2.271s]       |     [01;36m[K^~~~~~~~~~~~~~[m[K
[2.271s] [01m[K/home/chri/CHRI_2025/Time_optimal_baseline/src/mpc_high/include/acados_solver_holder.hpp:54:7:[m[K [01;36m[Knote: [m[K‘[01m[Kclass my_NMPC_solver[m[K’ defined here
[2.271s]    54 | class [01;36m[Kmy_NMPC_solver[m[K {
[2.272s]       |       [01;36m[K^~~~~~~~~~~~~~[m[K
[2.272s] [01m[K/home/chri/CHRI_2025/Time_optimal_baseline/src/mpc_high/solver_high/acados_solver_holder.cpp:20:5:[m[K [01;31m[Kerror: [m[Kno declaration matches ‘[01m[Kint my_NMPC_solver::solve_my_mpc(double*, double*, double*, double*, double*, double*, double*, double*)[m[K’
[2.272s]    20 | int [01;31m[Kmy_NMPC_solver[m[K::solve_my_mpc(double current_joint_position[6], double current_human_position[56], double current_joint_goal[6], double tracking_goal[60], double cgoal[3], double results[16], double my_weights[10], double full_trajectory[140]) {
[2.272s]       |     [01;31m[K^~~~~~~~~~~~~~[m[K
[2.272s] In file included from [01m[K/home/chri/CHRI_2025/Time_optimal_baseline/src/mpc_high/solver_high/acados_solver_holder.cpp:1[m[K:
[2.272s] [01m[K/home/chri/CHRI_2025/Time_optimal_baseline/src/mpc_high/include/acados_solver_holder.hpp:62:9:[m[K [01;36m[Knote: [m[Kcandidate is: ‘[01m[Kint my_NMPC_solver::solve_my_mpc(double*, double*, double*, double*, double*, double*, double*)[m[K’
[2.273s]    62 |     int [01;36m[Ksolve_my_mpc[m[K(double current_joint_position[6],
[2.273s]       |         [01;36m[K^~~~~~~~~~~~[m[K
[2.273s] [01m[K/home/chri/CHRI_2025/Time_optimal_baseline/src/mpc_high/include/acados_solver_holder.hpp:54:7:[m[K [01;36m[Knote: [m[K‘[01m[Kclass my_NMPC_solver[m[K’ defined here
[2.273s]    54 | class [01;36m[Kmy_NMPC_solver[m[K {
[2.273s]       |       [01;36m[K^~~~~~~~~~~~~~[m[K
[2.372s] gmake[2]: *** [CMakeFiles/high_solver.dir/build.make:202: CMakeFiles/high_solver.dir/solver_high/acados_solver_holder.cpp.o] Error 1
[2.373s] gmake[1]: *** [CMakeFiles/Makefile2:137: CMakeFiles/high_solver.dir/all] Error 2
[2.373s] gmake: *** [Makefile:146: all] Error 2
[2.377s] Invoked command in '/home/chri/CHRI_2025/Time_optimal_baseline/build/mpc_high' returned '2': CMAKE_PREFIX_PATH=${CMAKE_PREFIX_PATH}:/home/chri/CHRI_2025/Time_optimal_baseline/install/sim_utils:/home/chri/CHRI_2025/Time_optimal_baseline/install/pb_ur5_sim:/home/chri/CHRI_2025/Time_optimal_baseline/install/mppi_controller:/opt/ros/humble /usr/bin/cmake --build /home/chri/CHRI_2025/Time_optimal_baseline/build/mpc_high -- -j16 -l16
