/home/chri/.local/lib/python3.10/site-packages/setuptools/_distutils/dist.py:289: UserWarning: Unknown distribution option: 'tests_require'
  warnings.warn(msg)
running egg_info
writing ../../build/mppi_controller/mppi_controller.egg-info/PKG-INFO
writing dependency_links to ../../build/mppi_controller/mppi_controller.egg-info/dependency_links.txt
writing entry points to ../../build/mppi_controller/mppi_controller.egg-info/entry_points.txt
writing requirements to ../../build/mppi_controller/mppi_controller.egg-info/requires.txt
writing top-level names to ../../build/mppi_controller/mppi_controller.egg-info/top_level.txt
reading manifest file '../../build/mppi_controller/mppi_controller.egg-info/SOURCES.txt'
adding license file 'LICENSE'
writing manifest file '../../build/mppi_controller/mppi_controller.egg-info/SOURCES.txt'
running build
running build_py
copying mppi_controller/main.py -> /home/chri/CHRI_2025/Time_optimal_baseline/build/mppi_controller/build/lib/mppi_controller
copying mppi_controller/c_func_w_vels.py -> /home/chri/CHRI_2025/Time_optimal_baseline/build/mppi_controller/build/lib/mppi_controller
copying mppi_controller/mppi_utils.py -> /home/chri/CHRI_2025/Time_optimal_baseline/build/mppi_controller/build/lib/mppi_controller
copying mppi_controller/main_no_human.py -> /home/chri/CHRI_2025/Time_optimal_baseline/build/mppi_controller/build/lib/mppi_controller
running install
running install_lib
running install_data
running install_egg_info
removing '/home/chri/CHRI_2025/Time_optimal_baseline/install/mppi_controller/lib/python3.10/site-packages/mppi_controller-0.0.0-py3.10.egg-info' (and everything under it)
Copying ../../build/mppi_controller/mppi_controller.egg-info to /home/chri/CHRI_2025/Time_optimal_baseline/install/mppi_controller/lib/python3.10/site-packages/mppi_controller-0.0.0-py3.10.egg-info
running install_scripts
Installing mppi_controller script to /home/chri/CHRI_2025/Time_optimal_baseline/install/mppi_controller/lib/mppi_controller
writing list of installed files to '/home/chri/CHRI_2025/Time_optimal_baseline/build/mppi_controller/install.log'
