[0.116s] Invoking command in '/home/chri/CHRI_2025/UR5_pyBullet+acados/src/build/mpc_low': CMAKE_PREFIX_PATH=${CMAKE_PREFIX_PATH}:/home/chri/CHRI_2025/UR5_pyBullet+acados/install/my_package:/opt/ros/humble /usr/bin/cmake --build /home/chri/CHRI_2025/UR5_pyBullet+acados/src/build/mpc_low -- -j16 -l16
[0.674s] [35m[1mConsolidate compiler generated dependencies of target low_solver[0m
[0.692s] [100%] Built target low_solver
[0.717s] Invoked command in '/home/chri/CHRI_2025/UR5_pyBullet+acados/src/build/mpc_low' returned '0': CMAKE_PREFIX_PATH=${CMAKE_PREFIX_PATH}:/home/chri/CHRI_2025/UR5_pyBullet+acados/install/my_package:/opt/ros/humble /usr/bin/cmake --build /home/chri/CHRI_2025/UR5_pyBullet+acados/src/build/mpc_low -- -j16 -l16
[0.785s] Invoking command in '/home/chri/CHRI_2025/UR5_pyBullet+acados/src/build/mpc_low': CMAKE_PREFIX_PATH=${CMAKE_PREFIX_PATH}:/home/chri/CHRI_2025/UR5_pyBullet+acados/install/my_package:/opt/ros/humble /usr/bin/cmake --install /home/chri/CHRI_2025/UR5_pyBullet+acados/src/build/mpc_low
[0.798s] -- Install configuration: ""
[0.884s] -- Up-to-date: /home/chri/CHRI_2025/UR5_pyBullet+acados/src/install/mpc_low/lib/mpc_low/low_solver
[0.884s] -- Up-to-date: /home/chri/CHRI_2025/UR5_pyBullet+acados/src/install/mpc_low/share/ament_index/resource_index/package_run_dependencies/mpc_low
[0.885s] -- Up-to-date: /home/chri/CHRI_2025/UR5_pyBullet+acados/src/install/mpc_low/share/ament_index/resource_index/parent_prefix_path/mpc_low
[0.885s] -- Up-to-date: /home/chri/CHRI_2025/UR5_pyBullet+acados/src/install/mpc_low/share/mpc_low/environment/ament_prefix_path.sh
[0.885s] -- Up-to-date: /home/chri/CHRI_2025/UR5_pyBullet+acados/src/install/mpc_low/share/mpc_low/environment/ament_prefix_path.dsv
[0.885s] -- Up-to-date: /home/chri/CHRI_2025/UR5_pyBullet+acados/src/install/mpc_low/share/mpc_low/environment/path.sh
[0.885s] -- Up-to-date: /home/chri/CHRI_2025/UR5_pyBullet+acados/src/install/mpc_low/share/mpc_low/environment/path.dsv
[0.886s] -- Up-to-date: /home/chri/CHRI_2025/UR5_pyBullet+acados/src/install/mpc_low/share/mpc_low/local_setup.bash
[0.886s] -- Up-to-date: /home/chri/CHRI_2025/UR5_pyBullet+acados/src/install/mpc_low/share/mpc_low/local_setup.sh
[0.886s] -- Up-to-date: /home/chri/CHRI_2025/UR5_pyBullet+acados/src/install/mpc_low/share/mpc_low/local_setup.zsh
[0.886s] -- Up-to-date: /home/chri/CHRI_2025/UR5_pyBullet+acados/src/install/mpc_low/share/mpc_low/local_setup.dsv
[0.886s] -- Installing: /home/chri/CHRI_2025/UR5_pyBullet+acados/src/install/mpc_low/share/mpc_low/package.dsv
[0.886s] -- Up-to-date: /home/chri/CHRI_2025/UR5_pyBullet+acados/src/install/mpc_low/share/ament_index/resource_index/packages/mpc_low
[0.887s] -- Up-to-date: /home/chri/CHRI_2025/UR5_pyBullet+acados/src/install/mpc_low/share/mpc_low/cmake/mpc_lowConfig.cmake
[0.887s] -- Up-to-date: /home/chri/CHRI_2025/UR5_pyBullet+acados/src/install/mpc_low/share/mpc_low/cmake/mpc_lowConfig-version.cmake
[0.887s] -- Up-to-date: /home/chri/CHRI_2025/UR5_pyBullet+acados/src/install/mpc_low/share/mpc_low/package.xml
[0.889s] Invoked command in '/home/chri/CHRI_2025/UR5_pyBullet+acados/src/build/mpc_low' returned '0': CMAKE_PREFIX_PATH=${CMAKE_PREFIX_PATH}:/home/chri/CHRI_2025/UR5_pyBullet+acados/install/my_package:/opt/ros/humble /usr/bin/cmake --install /home/chri/CHRI_2025/UR5_pyBullet+acados/src/build/mpc_low
