[0.658s] Invoking command in '/home/chri/CHRI_2025/UR5_pyBullet+acados/src/build/velocity_controller': CMAKE_PREFIX_PATH=${CMAKE_PREFIX_PATH}:/home/chri/CHRI_2025/UR5_pyBullet+acados/install/my_package:/opt/ros/humble /usr/bin/cmake --build /home/chri/CHRI_2025/UR5_pyBullet+acados/src/build/velocity_controller -- -j16 -l16
[0.792s] [35m[1mConsolidate compiler generated dependencies of target velocity_controller[0m
[0.823s] [100%] Built target velocity_controller
[0.902s] Invoked command in '/home/chri/CHRI_2025/UR5_pyBullet+acados/src/build/velocity_controller' returned '0': CMAKE_PREFIX_PATH=${CMAKE_PREFIX_PATH}:/home/chri/CHRI_2025/UR5_pyBullet+acados/install/my_package:/opt/ros/humble /usr/bin/cmake --build /home/chri/CHRI_2025/UR5_pyBullet+acados/src/build/velocity_controller -- -j16 -l16
[0.906s] Invoking command in '/home/chri/CHRI_2025/UR5_pyBullet+acados/src/build/velocity_controller': CMAKE_PREFIX_PATH=${CMAKE_PREFIX_PATH}:/home/chri/CHRI_2025/UR5_pyBullet+acados/install/my_package:/opt/ros/humble /usr/bin/cmake --install /home/chri/CHRI_2025/UR5_pyBullet+acados/src/build/velocity_controller
[0.918s] -- Install configuration: ""
[0.955s] -- Up-to-date: /home/chri/CHRI_2025/UR5_pyBullet+acados/src/install/velocity_controller/lib/velocity_controller/velocity_controller
[0.955s] -- Up-to-date: /home/chri/CHRI_2025/UR5_pyBullet+acados/src/install/velocity_controller/share/ament_index/resource_index/package_run_dependencies/velocity_controller
[0.955s] -- Up-to-date: /home/chri/CHRI_2025/UR5_pyBullet+acados/src/install/velocity_controller/share/ament_index/resource_index/parent_prefix_path/velocity_controller
[0.956s] -- Up-to-date: /home/chri/CHRI_2025/UR5_pyBullet+acados/src/install/velocity_controller/share/velocity_controller/environment/ament_prefix_path.sh
[0.956s] -- Up-to-date: /home/chri/CHRI_2025/UR5_pyBullet+acados/src/install/velocity_controller/share/velocity_controller/environment/ament_prefix_path.dsv
[0.956s] -- Up-to-date: /home/chri/CHRI_2025/UR5_pyBullet+acados/src/install/velocity_controller/share/velocity_controller/environment/path.sh
[0.956s] -- Up-to-date: /home/chri/CHRI_2025/UR5_pyBullet+acados/src/install/velocity_controller/share/velocity_controller/environment/path.dsv
[0.957s] -- Up-to-date: /home/chri/CHRI_2025/UR5_pyBullet+acados/src/install/velocity_controller/share/velocity_controller/local_setup.bash
[0.957s] -- Up-to-date: /home/chri/CHRI_2025/UR5_pyBullet+acados/src/install/velocity_controller/share/velocity_controller/local_setup.sh
[0.957s] -- Up-to-date: /home/chri/CHRI_2025/UR5_pyBullet+acados/src/install/velocity_controller/share/velocity_controller/local_setup.zsh
[0.957s] -- Up-to-date: /home/chri/CHRI_2025/UR5_pyBullet+acados/src/install/velocity_controller/share/velocity_controller/local_setup.dsv
[0.958s] -- Installing: /home/chri/CHRI_2025/UR5_pyBullet+acados/src/install/velocity_controller/share/velocity_controller/package.dsv
[0.958s] -- Up-to-date: /home/chri/CHRI_2025/UR5_pyBullet+acados/src/install/velocity_controller/share/ament_index/resource_index/packages/velocity_controller
[0.958s] -- Up-to-date: /home/chri/CHRI_2025/UR5_pyBullet+acados/src/install/velocity_controller/share/velocity_controller/cmake/velocity_controllerConfig.cmake
[0.958s] -- Up-to-date: /home/chri/CHRI_2025/UR5_pyBullet+acados/src/install/velocity_controller/share/velocity_controller/cmake/velocity_controllerConfig-version.cmake
[0.958s] -- Up-to-date: /home/chri/CHRI_2025/UR5_pyBullet+acados/src/install/velocity_controller/share/velocity_controller/package.xml
[0.960s] Invoked command in '/home/chri/CHRI_2025/UR5_pyBullet+acados/src/build/velocity_controller' returned '0': CMAKE_PREFIX_PATH=${CMAKE_PREFIX_PATH}:/home/chri/CHRI_2025/UR5_pyBullet+acados/install/my_package:/opt/ros/humble /usr/bin/cmake --install /home/chri/CHRI_2025/UR5_pyBullet+acados/src/build/velocity_controller
