[0.156s] Invoking command in '/home/chri/CHRI_2025/Time_optimal_baseline/build/mpc_low': CMAKE_PREFIX_PATH=${CMAKE_PREFIX_PATH}:/home/chri/CHRI_2025/Time_optimal_baseline/install/ur_ros2_driver:/home/chri/CHRI_2025/Time_optimal_baseline/install/sim_utils:/home/chri/CHRI_2025/Time_optimal_baseline/install/pb_ur5_sim:/home/chri/CHRI_2025/Time_optimal_baseline/install/mppi_controller:/opt/ros/humble /usr/bin/cmake --build /home/chri/CHRI_2025/Time_optimal_baseline/build/mpc_low -- -j16 -l16
[0.319s] [  9%] [32mBuilding CXX object CMakeFiles/low_solver.dir/src/low_solver.cpp.o[0m
[6.271s] [01m[K/home/chri/CHRI_2025/Time_optimal_baseline/src/mpc_low/src/low_solver.cpp:[m[K In member function ‘[01m[Kvoid RobotCommandPublisher::timer_callback()[m[K’:
[6.271s] [01m[K/home/chri/CHRI_2025/Time_optimal_baseline/src/mpc_low/src/low_solver.cpp:255:39:[m[K [01;31m[Kerror: [m[Kno matching function for call to ‘[01m[Kmy_NMPC_solver::solve_my_mpc(double [6], double [6], double [60], double [3], double [16], double [10])[m[K’
[6.271s]   255 |     [01;31m[Knmpc_solver->solve_my_mpc(current_position,[m[K
[6.271s]       |     [01;31m[K~~~~~~~~~~~~~~~~~~~~~~~~~^~~~~~~~~~~~~~~~~~[m[K
[6.271s] 
[6.271s]   256 | [01;31m[K       // human_sphere,[m[K
[6.271s]       |        [01;31m[K~~~~~~~~~~~~~~~~[m[K       
[6.271s] 
[6.272s]   257 | [01;31m[K       goal_position, tracking_goal, cgoal, results, solver_weights)[m[K;
[6.272s]       |        [01;31m[K~~~~~~~~~~~~~~~~~~~~~~~~~~~~~~~~~~~~~~~~~~~~~~~~~~~~~~~~~~~~~[m[K
[6.272s] 
[6.272s] In file included from [01m[K/home/chri/CHRI_2025/Time_optimal_baseline/src/mpc_low/src/low_solver.cpp:10[m[K:
[6.272s] [01m[K/home/chri/CHRI_2025/Time_optimal_baseline/src/mpc_low/include/acados_solver_holder.hpp:61:9:[m[K [01;36m[Knote: [m[Kcandidate: ‘[01m[Kint my_NMPC_solver::solve_my_mpc(double*, double*, double*, double*, double*, double*, double*)[m[K’
[6.272s]    61 |     int [01;36m[Ksolve_my_mpc[m[K(double current_joint_position[6], double current_human_position[56], double current_joint_goal[6], double tracking_goal[60], double cgoal[3], double results[16], double my_weights[10]);
[6.272s]       |         [01;36m[K^~~~~~~~~~~~[m[K
[6.288s] [01m[K/home/chri/CHRI_2025/Time_optimal_baseline/src/mpc_low/include/acados_solver_holder.hpp:61:9:[m[K [01;36m[Knote: [m[K  candidate expects 7 arguments, 6 provided
[6.301s] [01m[K/home/chri/CHRI_2025/Time_optimal_baseline/src/mpc_low/src/low_solver.cpp:[m[K In member function ‘[01m[Kvoid RobotCommandPublisher::change_goal_msg(std_msgs::msg::Float64MultiArray)[m[K’:
[6.301s] [01m[K/home/chri/CHRI_2025/Time_optimal_baseline/src/mpc_low/src/low_solver.cpp:327:26:[m[K [01;35m[Kwarning: [m[Kunused variable ‘[01m[KMAX_TIME[m[K’ [[01;35m[K]8;;https://gcc.gnu.org/onlinedocs/gcc/Warning-Options.html#index-Wunused-variable-Wunused-variable]8;;[m[K]
[6.301s]   327 |         constexpr double [01;35m[KMAX_TIME[m[K = 0.5;   // Maximum trajectory time
[6.301s]       |                          [01;35m[K^~~~~~~~[m[K
[10.808s] gmake[2]: *** [CMakeFiles/low_solver.dir/build.make:76: CMakeFiles/low_solver.dir/src/low_solver.cpp.o] Error 1
[10.808s] gmake[1]: *** [CMakeFiles/Makefile2:137: CMakeFiles/low_solver.dir/all] Error 2
[10.809s] gmake: *** [Makefile:146: all] Error 2
[10.812s] Invoked command in '/home/chri/CHRI_2025/Time_optimal_baseline/build/mpc_low' returned '2': CMAKE_PREFIX_PATH=${CMAKE_PREFIX_PATH}:/home/chri/CHRI_2025/Time_optimal_baseline/install/ur_ros2_driver:/home/chri/CHRI_2025/Time_optimal_baseline/install/sim_utils:/home/chri/CHRI_2025/Time_optimal_baseline/install/pb_ur5_sim:/home/chri/CHRI_2025/Time_optimal_baseline/install/mppi_controller:/opt/ros/humble /usr/bin/cmake --build /home/chri/CHRI_2025/Time_optimal_baseline/build/mpc_low -- -j16 -l16
