[1.099s] Invoking command in '/home/chri/CHRI_2025/Time_optimal_baseline/build/ur_ros2_driver': CMAKE_PREFIX_PATH=${CMAKE_PREFIX_PATH}:/home/chri/CHRI_2025/Time_optimal_baseline/install/sim_utils:/home/chri/CHRI_2025/Time_optimal_baseline/install/pb_ur5_sim:/home/chri/CHRI_2025/Time_optimal_baseline/install/mppi_controller:/opt/ros/humble /usr/bin/cmake --build /home/chri/CHRI_2025/Time_optimal_baseline/build/ur_ros2_driver -- -j16 -l16
[1.184s] [100%] Built target ur_driver
[1.229s] Invoked command in '/home/chri/CHRI_2025/Time_optimal_baseline/build/ur_ros2_driver' returned '0': CMAKE_PREFIX_PATH=${CMAKE_PREFIX_PATH}:/home/chri/CHRI_2025/Time_optimal_baseline/install/sim_utils:/home/chri/CHRI_2025/Time_optimal_baseline/install/pb_ur5_sim:/home/chri/CHRI_2025/Time_optimal_baseline/install/mppi_controller:/opt/ros/humble /usr/bin/cmake --build /home/chri/CHRI_2025/Time_optimal_baseline/build/ur_ros2_driver -- -j16 -l16
[1.232s] Invoking command in '/home/chri/CHRI_2025/Time_optimal_baseline/build/ur_ros2_driver': CMAKE_PREFIX_PATH=${CMAKE_PREFIX_PATH}:/home/chri/CHRI_2025/Time_optimal_baseline/install/sim_utils:/home/chri/CHRI_2025/Time_optimal_baseline/install/pb_ur5_sim:/home/chri/CHRI_2025/Time_optimal_baseline/install/mppi_controller:/opt/ros/humble /usr/bin/cmake --install /home/chri/CHRI_2025/Time_optimal_baseline/build/ur_ros2_driver
[1.243s] -- Install configuration: ""
[1.244s] -- Up-to-date: /home/chri/CHRI_2025/Time_optimal_baseline/install/ur_ros2_driver/lib/ur_ros2_driver/ur_driver
[1.244s] -- Up-to-date: /home/chri/CHRI_2025/Time_optimal_baseline/install/ur_ros2_driver/share/ament_index/resource_index/package_run_dependencies/ur_ros2_driver
[1.245s] -- Up-to-date: /home/chri/CHRI_2025/Time_optimal_baseline/install/ur_ros2_driver/share/ament_index/resource_index/parent_prefix_path/ur_ros2_driver
[1.245s] -- Up-to-date: /home/chri/CHRI_2025/Time_optimal_baseline/install/ur_ros2_driver/share/ur_ros2_driver/environment/ament_prefix_path.sh
[1.245s] -- Up-to-date: /home/chri/CHRI_2025/Time_optimal_baseline/install/ur_ros2_driver/share/ur_ros2_driver/environment/ament_prefix_path.dsv
[1.246s] -- Up-to-date: /home/chri/CHRI_2025/Time_optimal_baseline/install/ur_ros2_driver/share/ur_ros2_driver/environment/path.sh
[1.246s] -- Up-to-date: /home/chri/CHRI_2025/Time_optimal_baseline/install/ur_ros2_driver/share/ur_ros2_driver/environment/path.dsv
[1.246s] -- Up-to-date: /home/chri/CHRI_2025/Time_optimal_baseline/install/ur_ros2_driver/share/ur_ros2_driver/local_setup.bash
[1.246s] -- Up-to-date: /home/chri/CHRI_2025/Time_optimal_baseline/install/ur_ros2_driver/share/ur_ros2_driver/local_setup.sh
[1.246s] -- Up-to-date: /home/chri/CHRI_2025/Time_optimal_baseline/install/ur_ros2_driver/share/ur_ros2_driver/local_setup.zsh
[1.247s] -- Up-to-date: /home/chri/CHRI_2025/Time_optimal_baseline/install/ur_ros2_driver/share/ur_ros2_driver/local_setup.dsv
[1.247s] -- Installing: /home/chri/CHRI_2025/Time_optimal_baseline/install/ur_ros2_driver/share/ur_ros2_driver/package.dsv
[1.247s] -- Up-to-date: /home/chri/CHRI_2025/Time_optimal_baseline/install/ur_ros2_driver/share/ament_index/resource_index/packages/ur_ros2_driver
[1.247s] -- Up-to-date: /home/chri/CHRI_2025/Time_optimal_baseline/install/ur_ros2_driver/share/ur_ros2_driver/cmake/ur_ros2_driverConfig.cmake
[1.248s] -- Up-to-date: /home/chri/CHRI_2025/Time_optimal_baseline/install/ur_ros2_driver/share/ur_ros2_driver/cmake/ur_ros2_driverConfig-version.cmake
[1.249s] -- Up-to-date: /home/chri/CHRI_2025/Time_optimal_baseline/install/ur_ros2_driver/share/ur_ros2_driver/package.xml
[1.250s] Invoked command in '/home/chri/CHRI_2025/Time_optimal_baseline/build/ur_ros2_driver' returned '0': CMAKE_PREFIX_PATH=${CMAKE_PREFIX_PATH}:/home/chri/CHRI_2025/Time_optimal_baseline/install/sim_utils:/home/chri/CHRI_2025/Time_optimal_baseline/install/pb_ur5_sim:/home/chri/CHRI_2025/Time_optimal_baseline/install/mppi_controller:/opt/ros/humble /usr/bin/cmake --install /home/chri/CHRI_2025/Time_optimal_baseline/build/ur_ros2_driver
