[0.114s] Invoking command in '/home/chri/CHRI_2025/Time_optimal_baseline/build/mpc_to': CMAKE_PREFIX_PATH=/opt/ros/humble /usr/bin/cmake --build /home/chri/CHRI_2025/Time_optimal_baseline/build/mpc_to -- -j16 -l16
[0.515s] -- Found ament_cmake: 1.3.11 (/opt/ros/humble/share/ament_cmake/cmake)
[0.774s] -- Found rclcpp: 16.0.12 (/opt/ros/humble/share/rclcpp/cmake)
[0.956s] -- Found rosidl_generator_c: 3.1.6 (/opt/ros/humble/share/rosidl_generator_c/cmake)
[0.962s] -- Found rosidl_adapter: 3.1.6 (/opt/ros/humble/share/rosidl_adapter/cmake)
[0.974s] -- Found rosidl_generator_cpp: 3.1.6 (/opt/ros/humble/share/rosidl_generator_cpp/cmake)
[0.991s] -- Using all available rosidl_typesupport_c: rosidl_typesupport_fastrtps_c;rosidl_typesupport_introspection_c
[1.013s] -- Using all available rosidl_typesupport_cpp: rosidl_typesupport_fastrtps_cpp;rosidl_typesupport_introspection_cpp
[1.069s] -- Found rmw_implementation_cmake: 6.1.2 (/opt/ros/humble/share/rmw_implementation_cmake/cmake)
[1.071s] -- Found rmw_fastrtps_cpp: 6.2.7 (/opt/ros/humble/share/rmw_fastrtps_cpp/cmake)
[1.237s] -- Using RMW implementation 'rmw_fastrtps_cpp' as default
[1.323s] -- Found sensor_msgs: 4.8.0 (/opt/ros/humble/share/sensor_msgs/cmake)
[1.376s] -- Target my_node_cpp built successfully
[1.377s] -- Found ament_lint_auto: 0.12.12 (/opt/ros/humble/share/ament_lint_auto/cmake)
[1.500s] -- Added test 'cppcheck' to perform static code analysis on C / C++ code
[1.500s] -- Configured cppcheck include dirs: /home/chri/CHRI_2025/Time_optimal_baseline/src/mpc_to/include;/home/chri/CHRI_2025/Time_optimal_baseline/src/mpc_to/include/acados;/home/chri/CHRI_2025/Time_optimal_baseline/src/mpc_to/include/acados_c;/home/chri/CHRI_2025/Time_optimal_baseline/src/mpc_to/include/blasfeo/include;/home/chri/CHRI_2025/Time_optimal_baseline/src/mpc_to/include/hpipm/include;/home/chri/CHRI_2025/Time_optimal_baseline/src/mpc_to/solver_to_high/
[1.501s] -- Configured cppcheck exclude dirs and/or files: 
[1.506s] -- Added test 'lint_cmake' to check CMake code style
[1.522s] -- Added test 'uncrustify' to check C / C++ code style
[1.522s] -- Configured uncrustify additional arguments: 
[1.524s] -- Added test 'xmllint' to check XML markup files
[1.526s] -- Configuring done
[1.654s] -- Generating done
[1.663s] -- Build files have been written to: /home/chri/CHRI_2025/Time_optimal_baseline/build/mpc_to
[1.704s] [35m[1mConsolidate compiler generated dependencies of target high_solver[0m
[1.744s] [  4%] [32m[1mLinking CXX executable high_solver[0m
[4.127s] [100%] Built target high_solver
[4.147s] Invoked command in '/home/chri/CHRI_2025/Time_optimal_baseline/build/mpc_to' returned '0': CMAKE_PREFIX_PATH=/opt/ros/humble /usr/bin/cmake --build /home/chri/CHRI_2025/Time_optimal_baseline/build/mpc_to -- -j16 -l16
[4.163s] Invoking command in '/home/chri/CHRI_2025/Time_optimal_baseline/build/mpc_to': CMAKE_PREFIX_PATH=/opt/ros/humble /usr/bin/cmake --install /home/chri/CHRI_2025/Time_optimal_baseline/build/mpc_to
[4.175s] -- Install configuration: ""
[4.381s] -- Installing: /home/chri/CHRI_2025/Time_optimal_baseline/install/mpc_to/lib/mpc_to/high_solver
[4.394s] -- Set runtime path of "/home/chri/CHRI_2025/Time_optimal_baseline/install/mpc_to/lib/mpc_to/high_solver" to ""
[4.394s] -- Up-to-date: /home/chri/CHRI_2025/Time_optimal_baseline/install/mpc_to/share/ament_index/resource_index/package_run_dependencies/mpc_to
[4.394s] -- Up-to-date: /home/chri/CHRI_2025/Time_optimal_baseline/install/mpc_to/share/ament_index/resource_index/parent_prefix_path/mpc_to
[4.395s] -- Up-to-date: /home/chri/CHRI_2025/Time_optimal_baseline/install/mpc_to/share/mpc_to/environment/ament_prefix_path.sh
[4.395s] -- Installing: /home/chri/CHRI_2025/Time_optimal_baseline/install/mpc_to/share/mpc_to/environment/ament_prefix_path.dsv
[4.395s] -- Up-to-date: /home/chri/CHRI_2025/Time_optimal_baseline/install/mpc_to/share/mpc_to/environment/path.sh
[4.395s] -- Installing: /home/chri/CHRI_2025/Time_optimal_baseline/install/mpc_to/share/mpc_to/environment/path.dsv
[4.396s] -- Up-to-date: /home/chri/CHRI_2025/Time_optimal_baseline/install/mpc_to/share/mpc_to/local_setup.bash
[4.396s] -- Up-to-date: /home/chri/CHRI_2025/Time_optimal_baseline/install/mpc_to/share/mpc_to/local_setup.sh
[4.396s] -- Up-to-date: /home/chri/CHRI_2025/Time_optimal_baseline/install/mpc_to/share/mpc_to/local_setup.zsh
[4.396s] -- Installing: /home/chri/CHRI_2025/Time_optimal_baseline/install/mpc_to/share/mpc_to/local_setup.dsv
[4.396s] -- Installing: /home/chri/CHRI_2025/Time_optimal_baseline/install/mpc_to/share/mpc_to/package.dsv
[4.397s] -- Up-to-date: /home/chri/CHRI_2025/Time_optimal_baseline/install/mpc_to/share/ament_index/resource_index/packages/mpc_to
[4.397s] -- Up-to-date: /home/chri/CHRI_2025/Time_optimal_baseline/install/mpc_to/share/mpc_to/cmake/mpc_toConfig.cmake
[4.397s] -- Up-to-date: /home/chri/CHRI_2025/Time_optimal_baseline/install/mpc_to/share/mpc_to/cmake/mpc_toConfig-version.cmake
[4.397s] -- Up-to-date: /home/chri/CHRI_2025/Time_optimal_baseline/install/mpc_to/share/mpc_to/package.xml
[4.400s] Invoked command in '/home/chri/CHRI_2025/Time_optimal_baseline/build/mpc_to' returned '0': CMAKE_PREFIX_PATH=/opt/ros/humble /usr/bin/cmake --install /home/chri/CHRI_2025/Time_optimal_baseline/build/mpc_to
