[0.040s] Invoking command in '/home/chri/CHRI_2025/Time_optimal_baseline/build/mpc_low': CMAKE_PREFIX_PATH=/opt/ros/humble /usr/bin/cmake --build /home/chri/CHRI_2025/Time_optimal_baseline/build/mpc_low -- -j16 -l16
[0.138s] [100%] Built target low_solver
[0.402s] Invoked command in '/home/chri/CHRI_2025/Time_optimal_baseline/build/mpc_low' returned '0': CMAKE_PREFIX_PATH=/opt/ros/humble /usr/bin/cmake --build /home/chri/CHRI_2025/Time_optimal_baseline/build/mpc_low -- -j16 -l16
[0.418s] Invoking command in '/home/chri/CHRI_2025/Time_optimal_baseline/build/mpc_low': CMAKE_PREFIX_PATH=/opt/ros/humble /usr/bin/cmake --install /home/chri/CHRI_2025/Time_optimal_baseline/build/mpc_low
[0.438s] -- Install configuration: ""
[0.438s] -- Up-to-date: /home/chri/CHRI_2025/Time_optimal_baseline/install/mpc_low/lib/mpc_low/low_solver
[0.438s] -- Up-to-date: /home/chri/CHRI_2025/Time_optimal_baseline/install/mpc_low/share/ament_index/resource_index/package_run_dependencies/mpc_low
[0.438s] -- Up-to-date: /home/chri/CHRI_2025/Time_optimal_baseline/install/mpc_low/share/ament_index/resource_index/parent_prefix_path/mpc_low
[0.439s] -- Up-to-date: /home/chri/CHRI_2025/Time_optimal_baseline/install/mpc_low/share/mpc_low/environment/ament_prefix_path.sh
[0.439s] -- Up-to-date: /home/chri/CHRI_2025/Time_optimal_baseline/install/mpc_low/share/mpc_low/environment/ament_prefix_path.dsv
[0.439s] -- Up-to-date: /home/chri/CHRI_2025/Time_optimal_baseline/install/mpc_low/share/mpc_low/environment/path.sh
[0.439s] -- Up-to-date: /home/chri/CHRI_2025/Time_optimal_baseline/install/mpc_low/share/mpc_low/environment/path.dsv
[0.439s] -- Up-to-date: /home/chri/CHRI_2025/Time_optimal_baseline/install/mpc_low/share/mpc_low/local_setup.bash
[0.439s] -- Up-to-date: /home/chri/CHRI_2025/Time_optimal_baseline/install/mpc_low/share/mpc_low/local_setup.sh
[0.440s] -- Up-to-date: /home/chri/CHRI_2025/Time_optimal_baseline/install/mpc_low/share/mpc_low/local_setup.zsh
[0.440s] -- Up-to-date: /home/chri/CHRI_2025/Time_optimal_baseline/install/mpc_low/share/mpc_low/local_setup.dsv
[0.440s] -- Installing: /home/chri/CHRI_2025/Time_optimal_baseline/install/mpc_low/share/mpc_low/package.dsv
[0.440s] -- Up-to-date: /home/chri/CHRI_2025/Time_optimal_baseline/install/mpc_low/share/ament_index/resource_index/packages/mpc_low
[0.440s] -- Up-to-date: /home/chri/CHRI_2025/Time_optimal_baseline/install/mpc_low/share/mpc_low/cmake/mpc_lowConfig.cmake
[0.441s] -- Up-to-date: /home/chri/CHRI_2025/Time_optimal_baseline/install/mpc_low/share/mpc_low/cmake/mpc_lowConfig-version.cmake
[0.441s] -- Up-to-date: /home/chri/CHRI_2025/Time_optimal_baseline/install/mpc_low/share/mpc_low/package.xml
