[7.579s] Invoking command in '/home/chri/CHRI_2025/Time_optimal_baseline/src/mppi_controller': PYTHONPATH=/home/chri/CHRI_2025/Time_optimal_baseline/build/mppi_controller/prefix_override:/usr/lib/python3/dist-packages/colcon_core/task/python/colcon_distutils_commands:/home/chri/CHRI_2025/Time_optimal_baseline/install/mppi_controller/lib/python3.10/site-packages:${PYTHONPATH} /usr/bin/python3 -W ignore:setup.py install is deprecated -W ignore:easy_install command is deprecated setup.py egg_info --egg-base ../../build/mppi_controller build --build-base /home/chri/CHRI_2025/Time_optimal_baseline/build/mppi_controller/build install --record /home/chri/CHRI_2025/Time_optimal_baseline/build/mppi_controller/install.log --single-version-externally-managed install_data
[7.831s] /home/chri/.local/lib/python3.10/site-packages/setuptools/_distutils/dist.py:289: UserWarning: Unknown distribution option: 'tests_require'
[7.831s]   warnings.warn(msg)
[8.015s] running egg_info
[8.044s] writing ../../build/mppi_controller/mppi_controller.egg-info/PKG-INFO
[8.058s] writing dependency_links to ../../build/mppi_controller/mppi_controller.egg-info/dependency_links.txt
[8.059s] writing entry points to ../../build/mppi_controller/mppi_controller.egg-info/entry_points.txt
[8.059s] writing requirements to ../../build/mppi_controller/mppi_controller.egg-info/requires.txt
[8.060s] writing top-level names to ../../build/mppi_controller/mppi_controller.egg-info/top_level.txt
[8.121s] reading manifest file '../../build/mppi_controller/mppi_controller.egg-info/SOURCES.txt'
[8.145s] adding license file 'LICENSE'
[8.147s] writing manifest file '../../build/mppi_controller/mppi_controller.egg-info/SOURCES.txt'
[8.147s] running build
[8.147s] running build_py
[8.147s] copying mppi_controller/main.py -> /home/chri/CHRI_2025/Time_optimal_baseline/build/mppi_controller/build/lib/mppi_controller
[8.147s] copying mppi_controller/c_func_w_vels.py -> /home/chri/CHRI_2025/Time_optimal_baseline/build/mppi_controller/build/lib/mppi_controller
[8.148s] copying mppi_controller/mppi_utils.py -> /home/chri/CHRI_2025/Time_optimal_baseline/build/mppi_controller/build/lib/mppi_controller
[8.148s] running install
[8.154s] running install_lib
[8.185s] copying /home/chri/CHRI_2025/Time_optimal_baseline/build/mppi_controller/build/lib/mppi_controller/main.py -> /home/chri/CHRI_2025/Time_optimal_baseline/install/mppi_controller/lib/python3.10/site-packages/mppi_controller
[8.224s] copying /home/chri/CHRI_2025/Time_optimal_baseline/build/mppi_controller/build/lib/mppi_controller/c_func_w_vels.py -> /home/chri/CHRI_2025/Time_optimal_baseline/install/mppi_controller/lib/python3.10/site-packages/mppi_controller
[8.281s] byte-compiling /home/chri/CHRI_2025/Time_optimal_baseline/install/mppi_controller/lib/python3.10/site-packages/mppi_controller/main.py to main.cpython-310.pyc
[8.285s] byte-compiling /home/chri/CHRI_2025/Time_optimal_baseline/install/mppi_controller/lib/python3.10/site-packages/mppi_controller/c_func_w_vels.py to c_func_w_vels.cpython-310.pyc
[8.303s] running install_data
[8.303s] running install_egg_info
[8.336s] removing '/home/chri/CHRI_2025/Time_optimal_baseline/install/mppi_controller/lib/python3.10/site-packages/mppi_controller-0.0.0-py3.10.egg-info' (and everything under it)
[8.336s] Copying ../../build/mppi_controller/mppi_controller.egg-info to /home/chri/CHRI_2025/Time_optimal_baseline/install/mppi_controller/lib/python3.10/site-packages/mppi_controller-0.0.0-py3.10.egg-info
[8.362s] running install_scripts
[8.604s] Installing mppi_controller script to /home/chri/CHRI_2025/Time_optimal_baseline/install/mppi_controller/lib/mppi_controller
[8.605s] writing list of installed files to '/home/chri/CHRI_2025/Time_optimal_baseline/build/mppi_controller/install.log'
[8.632s] Invoked command in '/home/chri/CHRI_2025/Time_optimal_baseline/src/mppi_controller' returned '0': PYTHONPATH=/home/chri/CHRI_2025/Time_optimal_baseline/build/mppi_controller/prefix_override:/usr/lib/python3/dist-packages/colcon_core/task/python/colcon_distutils_commands:/home/chri/CHRI_2025/Time_optimal_baseline/install/mppi_controller/lib/python3.10/site-packages:${PYTHONPATH} /usr/bin/python3 -W ignore:setup.py install is deprecated -W ignore:easy_install command is deprecated setup.py egg_info --egg-base ../../build/mppi_controller build --build-base /home/chri/CHRI_2025/Time_optimal_baseline/build/mppi_controller/build install --record /home/chri/CHRI_2025/Time_optimal_baseline/build/mppi_controller/install.log --single-version-externally-managed install_data
