[0.155s] DEBUG:colcon:Command line arguments: ['/usr/bin/colcon', 'build']
[0.155s] DEBUG:colcon:Parsed command line arguments: Namespace(log_base=None, log_level=None, verb_name='build', build_base='build', install_base='install', merge_install=False, symlink_install=False, test_result_base=None, continue_on_error=False, executor='parallel', parallel_workers=16, event_handlers=None, ignore_user_meta=False, metas=['./colcon.meta'], base_paths=['.'], packages_ignore=None, packages_ignore_regex=None, paths=None, packages_up_to=None, packages_up_to_regex=None, packages_above=None, packages_above_and_dependencies=None, packages_above_depth=None, packages_select_by_dep=None, packages_skip_by_dep=None, packages_skip_up_to=None, packages_select_build_failed=False, packages_skip_build_finished=False, packages_select_test_failures=False, packages_skip_test_passed=False, packages_select=None, packages_skip=None, packages_select_regex=None, packages_skip_regex=None, packages_start=None, packages_end=None, allow_overriding=[], cmake_args=None, cmake_target=None, cmake_target_skip_unavailable=False, cmake_clean_cache=False, cmake_clean_first=False, cmake_force_configure=False, ament_cmake_args=None, catkin_cmake_args=None, catkin_skip_building_tests=False, mixin_files=None, mixin=None, verb_parser=<colcon_mixin.mixin.mixin_argument.MixinArgumentDecorator object at 0x76812fe4e950>, verb_extension=<colcon_core.verb.build.BuildVerb object at 0x76812fe4e440>, main=<bound method BuildVerb.main of <colcon_core.verb.build.BuildVerb object at 0x76812fe4e440>>, mixin_verb=('build',))
[0.208s] Level 1:colcon.colcon_core.package_discovery:discover_packages(colcon_meta) check parameters
[0.208s] Level 1:colcon.colcon_core.package_discovery:discover_packages(recursive) check parameters
[0.208s] Level 1:colcon.colcon_core.package_discovery:discover_packages(ignore) check parameters
[0.208s] Level 1:colcon.colcon_core.package_discovery:discover_packages(path) check parameters
[0.208s] Level 1:colcon.colcon_core.package_discovery:discover_packages(colcon_meta) discover
[0.208s] Level 1:colcon.colcon_core.package_discovery:discover_packages(recursive) discover
[0.208s] INFO:colcon.colcon_core.package_discovery:Crawling recursively for packages in '/home/chri/CHRI_2025/Time_optimal_baseline'
[0.208s] Level 1:colcon.colcon_core.package_identification:_identify(.) by extensions ['ignore', 'ignore_ament_install']
[0.209s] Level 1:colcon.colcon_core.package_identification:_identify(.) by extension 'ignore'
[0.209s] Level 1:colcon.colcon_core.package_identification:_identify(.) by extension 'ignore_ament_install'
[0.209s] Level 1:colcon.colcon_core.package_identification:_identify(.) by extensions ['colcon_pkg']
[0.209s] Level 1:colcon.colcon_core.package_identification:_identify(.) by extension 'colcon_pkg'
[0.209s] Level 1:colcon.colcon_core.package_identification:_identify(.) by extensions ['colcon_meta']
[0.209s] Level 1:colcon.colcon_core.package_identification:_identify(.) by extension 'colcon_meta'
[0.209s] Level 1:colcon.colcon_core.package_identification:_identify(.) by extensions ['ros']
[0.209s] Level 1:colcon.colcon_core.package_identification:_identify(.) by extension 'ros'
[0.226s] Level 1:colcon.colcon_core.package_identification:_identify(.) by extensions ['cmake', 'python']
[0.226s] Level 1:colcon.colcon_core.package_identification:_identify(.) by extension 'cmake'
[0.227s] Level 1:colcon.colcon_core.package_identification:_identify(.) by extension 'python'
[0.227s] Level 1:colcon.colcon_core.package_identification:_identify(.) by extensions ['python_setup_py']
[0.227s] Level 1:colcon.colcon_core.package_identification:_identify(.) by extension 'python_setup_py'
[0.227s] Level 1:colcon.colcon_core.package_identification:_identify(build) by extensions ['ignore', 'ignore_ament_install']
[0.227s] Level 1:colcon.colcon_core.package_identification:_identify(build) by extension 'ignore'
[0.227s] Level 1:colcon.colcon_core.package_identification:_identify(build) ignored
[0.227s] Level 1:colcon.colcon_core.package_identification:_identify(install) by extensions ['ignore', 'ignore_ament_install']
[0.227s] Level 1:colcon.colcon_core.package_identification:_identify(install) by extension 'ignore'
[0.227s] Level 1:colcon.colcon_core.package_identification:_identify(install) ignored
[0.228s] Level 1:colcon.colcon_core.package_identification:_identify(log) by extensions ['ignore', 'ignore_ament_install']
[0.228s] Level 1:colcon.colcon_core.package_identification:_identify(log) by extension 'ignore'
[0.228s] Level 1:colcon.colcon_core.package_identification:_identify(log) ignored
[0.228s] Level 1:colcon.colcon_core.package_identification:_identify(solvers) by extensions ['ignore', 'ignore_ament_install']
[0.228s] Level 1:colcon.colcon_core.package_identification:_identify(solvers) by extension 'ignore'
[0.229s] Level 1:colcon.colcon_core.package_identification:_identify(solvers) by extension 'ignore_ament_install'
[0.229s] Level 1:colcon.colcon_core.package_identification:_identify(solvers) by extensions ['colcon_pkg']
[0.229s] Level 1:colcon.colcon_core.package_identification:_identify(solvers) by extension 'colcon_pkg'
[0.229s] Level 1:colcon.colcon_core.package_identification:_identify(solvers) by extensions ['colcon_meta']
[0.229s] Level 1:colcon.colcon_core.package_identification:_identify(solvers) by extension 'colcon_meta'
[0.229s] Level 1:colcon.colcon_core.package_identification:_identify(solvers) by extensions ['ros']
[0.229s] Level 1:colcon.colcon_core.package_identification:_identify(solvers) by extension 'ros'
[0.229s] Level 1:colcon.colcon_core.package_identification:_identify(solvers) by extensions ['cmake', 'python']
[0.229s] Level 1:colcon.colcon_core.package_identification:_identify(solvers) by extension 'cmake'
[0.229s] Level 1:colcon.colcon_core.package_identification:_identify(solvers) by extension 'python'
[0.229s] Level 1:colcon.colcon_core.package_identification:_identify(solvers) by extensions ['python_setup_py']
[0.229s] Level 1:colcon.colcon_core.package_identification:_identify(solvers) by extension 'python_setup_py'
[0.229s] Level 1:colcon.colcon_core.package_identification:_identify(solvers/c_generated_code) by extensions ['ignore', 'ignore_ament_install']
[0.229s] Level 1:colcon.colcon_core.package_identification:_identify(solvers/c_generated_code) by extension 'ignore'
[0.229s] Level 1:colcon.colcon_core.package_identification:_identify(solvers/c_generated_code) by extension 'ignore_ament_install'
[0.230s] Level 1:colcon.colcon_core.package_identification:_identify(solvers/c_generated_code) by extensions ['colcon_pkg']
[0.230s] Level 1:colcon.colcon_core.package_identification:_identify(solvers/c_generated_code) by extension 'colcon_pkg'
[0.230s] Level 1:colcon.colcon_core.package_identification:_identify(solvers/c_generated_code) by extensions ['colcon_meta']
[0.230s] Level 1:colcon.colcon_core.package_identification:_identify(solvers/c_generated_code) by extension 'colcon_meta'
[0.230s] Level 1:colcon.colcon_core.package_identification:_identify(solvers/c_generated_code) by extensions ['ros']
[0.230s] Level 1:colcon.colcon_core.package_identification:_identify(solvers/c_generated_code) by extension 'ros'
[0.230s] Level 1:colcon.colcon_core.package_identification:_identify(solvers/c_generated_code) by extensions ['cmake', 'python']
[0.230s] Level 1:colcon.colcon_core.package_identification:_identify(solvers/c_generated_code) by extension 'cmake'
[0.230s] Level 1:colcon.colcon_core.package_identification:_identify(solvers/c_generated_code) by extension 'python'
[0.230s] Level 1:colcon.colcon_core.package_identification:_identify(solvers/c_generated_code) by extensions ['python_setup_py']
[0.230s] Level 1:colcon.colcon_core.package_identification:_identify(solvers/c_generated_code) by extension 'python_setup_py'
[0.230s] Level 1:colcon.colcon_core.package_identification:_identify(solvers/c_generated_code/UR5_constraints) by extensions ['ignore', 'ignore_ament_install']
[0.230s] Level 1:colcon.colcon_core.package_identification:_identify(solvers/c_generated_code/UR5_constraints) by extension 'ignore'
[0.230s] Level 1:colcon.colcon_core.package_identification:_identify(solvers/c_generated_code/UR5_constraints) by extension 'ignore_ament_install'
[0.230s] Level 1:colcon.colcon_core.package_identification:_identify(solvers/c_generated_code/UR5_constraints) by extensions ['colcon_pkg']
[0.231s] Level 1:colcon.colcon_core.package_identification:_identify(solvers/c_generated_code/UR5_constraints) by extension 'colcon_pkg'
[0.231s] Level 1:colcon.colcon_core.package_identification:_identify(solvers/c_generated_code/UR5_constraints) by extensions ['colcon_meta']
[0.231s] Level 1:colcon.colcon_core.package_identification:_identify(solvers/c_generated_code/UR5_constraints) by extension 'colcon_meta'
[0.231s] Level 1:colcon.colcon_core.package_identification:_identify(solvers/c_generated_code/UR5_constraints) by extensions ['ros']
[0.231s] Level 1:colcon.colcon_core.package_identification:_identify(solvers/c_generated_code/UR5_constraints) by extension 'ros'
[0.231s] Level 1:colcon.colcon_core.package_identification:_identify(solvers/c_generated_code/UR5_constraints) by extensions ['cmake', 'python']
[0.231s] Level 1:colcon.colcon_core.package_identification:_identify(solvers/c_generated_code/UR5_constraints) by extension 'cmake'
[0.231s] Level 1:colcon.colcon_core.package_identification:_identify(solvers/c_generated_code/UR5_constraints) by extension 'python'
[0.231s] Level 1:colcon.colcon_core.package_identification:_identify(solvers/c_generated_code/UR5_constraints) by extensions ['python_setup_py']
[0.231s] Level 1:colcon.colcon_core.package_identification:_identify(solvers/c_generated_code/UR5_constraints) by extension 'python_setup_py'
[0.231s] Level 1:colcon.colcon_core.package_identification:_identify(solvers/c_generated_code/UR5_cost) by extensions ['ignore', 'ignore_ament_install']
[0.231s] Level 1:colcon.colcon_core.package_identification:_identify(solvers/c_generated_code/UR5_cost) by extension 'ignore'
[0.231s] Level 1:colcon.colcon_core.package_identification:_identify(solvers/c_generated_code/UR5_cost) by extension 'ignore_ament_install'
[0.232s] Level 1:colcon.colcon_core.package_identification:_identify(solvers/c_generated_code/UR5_cost) by extensions ['colcon_pkg']
[0.232s] Level 1:colcon.colcon_core.package_identification:_identify(solvers/c_generated_code/UR5_cost) by extension 'colcon_pkg'
[0.232s] Level 1:colcon.colcon_core.package_identification:_identify(solvers/c_generated_code/UR5_cost) by extensions ['colcon_meta']
[0.232s] Level 1:colcon.colcon_core.package_identification:_identify(solvers/c_generated_code/UR5_cost) by extension 'colcon_meta'
[0.232s] Level 1:colcon.colcon_core.package_identification:_identify(solvers/c_generated_code/UR5_cost) by extensions ['ros']
[0.232s] Level 1:colcon.colcon_core.package_identification:_identify(solvers/c_generated_code/UR5_cost) by extension 'ros'
[0.232s] Level 1:colcon.colcon_core.package_identification:_identify(solvers/c_generated_code/UR5_cost) by extensions ['cmake', 'python']
[0.232s] Level 1:colcon.colcon_core.package_identification:_identify(solvers/c_generated_code/UR5_cost) by extension 'cmake'
[0.232s] Level 1:colcon.colcon_core.package_identification:_identify(solvers/c_generated_code/UR5_cost) by extension 'python'
[0.232s] Level 1:colcon.colcon_core.package_identification:_identify(solvers/c_generated_code/UR5_cost) by extensions ['python_setup_py']
[0.232s] Level 1:colcon.colcon_core.package_identification:_identify(solvers/c_generated_code/UR5_cost) by extension 'python_setup_py'
[0.232s] Level 1:colcon.colcon_core.package_identification:_identify(solvers/c_generated_code/UR5_model) by extensions ['ignore', 'ignore_ament_install']
[0.232s] Level 1:colcon.colcon_core.package_identification:_identify(solvers/c_generated_code/UR5_model) by extension 'ignore'
[0.232s] Level 1:colcon.colcon_core.package_identification:_identify(solvers/c_generated_code/UR5_model) by extension 'ignore_ament_install'
[0.233s] Level 1:colcon.colcon_core.package_identification:_identify(solvers/c_generated_code/UR5_model) by extensions ['colcon_pkg']
[0.233s] Level 1:colcon.colcon_core.package_identification:_identify(solvers/c_generated_code/UR5_model) by extension 'colcon_pkg'
[0.233s] Level 1:colcon.colcon_core.package_identification:_identify(solvers/c_generated_code/UR5_model) by extensions ['colcon_meta']
[0.233s] Level 1:colcon.colcon_core.package_identification:_identify(solvers/c_generated_code/UR5_model) by extension 'colcon_meta'
[0.233s] Level 1:colcon.colcon_core.package_identification:_identify(solvers/c_generated_code/UR5_model) by extensions ['ros']
[0.233s] Level 1:colcon.colcon_core.package_identification:_identify(solvers/c_generated_code/UR5_model) by extension 'ros'
[0.233s] Level 1:colcon.colcon_core.package_identification:_identify(solvers/c_generated_code/UR5_model) by extensions ['cmake', 'python']
[0.233s] Level 1:colcon.colcon_core.package_identification:_identify(solvers/c_generated_code/UR5_model) by extension 'cmake'
[0.233s] Level 1:colcon.colcon_core.package_identification:_identify(solvers/c_generated_code/UR5_model) by extension 'python'
[0.233s] Level 1:colcon.colcon_core.package_identification:_identify(solvers/c_generated_code/UR5_model) by extensions ['python_setup_py']
[0.233s] Level 1:colcon.colcon_core.package_identification:_identify(solvers/c_generated_code/UR5_model) by extension 'python_setup_py'
[0.233s] Level 1:colcon.colcon_core.package_identification:_identify(solvers/c_generated_code_low) by extensions ['ignore', 'ignore_ament_install']
[0.234s] Level 1:colcon.colcon_core.package_identification:_identify(solvers/c_generated_code_low) by extension 'ignore'
[0.234s] Level 1:colcon.colcon_core.package_identification:_identify(solvers/c_generated_code_low) by extension 'ignore_ament_install'
[0.234s] Level 1:colcon.colcon_core.package_identification:_identify(solvers/c_generated_code_low) by extensions ['colcon_pkg']
[0.234s] Level 1:colcon.colcon_core.package_identification:_identify(solvers/c_generated_code_low) by extension 'colcon_pkg'
[0.234s] Level 1:colcon.colcon_core.package_identification:_identify(solvers/c_generated_code_low) by extensions ['colcon_meta']
[0.234s] Level 1:colcon.colcon_core.package_identification:_identify(solvers/c_generated_code_low) by extension 'colcon_meta'
[0.234s] Level 1:colcon.colcon_core.package_identification:_identify(solvers/c_generated_code_low) by extensions ['ros']
[0.234s] Level 1:colcon.colcon_core.package_identification:_identify(solvers/c_generated_code_low) by extension 'ros'
[0.234s] Level 1:colcon.colcon_core.package_identification:_identify(solvers/c_generated_code_low) by extensions ['cmake', 'python']
[0.234s] Level 1:colcon.colcon_core.package_identification:_identify(solvers/c_generated_code_low) by extension 'cmake'
[0.234s] Level 1:colcon.colcon_core.package_identification:_identify(solvers/c_generated_code_low) by extension 'python'
[0.234s] Level 1:colcon.colcon_core.package_identification:_identify(solvers/c_generated_code_low) by extensions ['python_setup_py']
[0.234s] Level 1:colcon.colcon_core.package_identification:_identify(solvers/c_generated_code_low) by extension 'python_setup_py'
[0.235s] Level 1:colcon.colcon_core.package_identification:_identify(solvers/c_generated_code_low/UR5_constraints) by extensions ['ignore', 'ignore_ament_install']
[0.235s] Level 1:colcon.colcon_core.package_identification:_identify(solvers/c_generated_code_low/UR5_constraints) by extension 'ignore'
[0.235s] Level 1:colcon.colcon_core.package_identification:_identify(solvers/c_generated_code_low/UR5_constraints) by extension 'ignore_ament_install'
[0.235s] Level 1:colcon.colcon_core.package_identification:_identify(solvers/c_generated_code_low/UR5_constraints) by extensions ['colcon_pkg']
[0.235s] Level 1:colcon.colcon_core.package_identification:_identify(solvers/c_generated_code_low/UR5_constraints) by extension 'colcon_pkg'
[0.235s] Level 1:colcon.colcon_core.package_identification:_identify(solvers/c_generated_code_low/UR5_constraints) by extensions ['colcon_meta']
[0.235s] Level 1:colcon.colcon_core.package_identification:_identify(solvers/c_generated_code_low/UR5_constraints) by extension 'colcon_meta'
[0.235s] Level 1:colcon.colcon_core.package_identification:_identify(solvers/c_generated_code_low/UR5_constraints) by extensions ['ros']
[0.235s] Level 1:colcon.colcon_core.package_identification:_identify(solvers/c_generated_code_low/UR5_constraints) by extension 'ros'
[0.235s] Level 1:colcon.colcon_core.package_identification:_identify(solvers/c_generated_code_low/UR5_constraints) by extensions ['cmake', 'python']
[0.235s] Level 1:colcon.colcon_core.package_identification:_identify(solvers/c_generated_code_low/UR5_constraints) by extension 'cmake'
[0.235s] Level 1:colcon.colcon_core.package_identification:_identify(solvers/c_generated_code_low/UR5_constraints) by extension 'python'
[0.235s] Level 1:colcon.colcon_core.package_identification:_identify(solvers/c_generated_code_low/UR5_constraints) by extensions ['python_setup_py']
[0.236s] Level 1:colcon.colcon_core.package_identification:_identify(solvers/c_generated_code_low/UR5_constraints) by extension 'python_setup_py'
[0.236s] Level 1:colcon.colcon_core.package_identification:_identify(solvers/c_generated_code_low/UR5_model) by extensions ['ignore', 'ignore_ament_install']
[0.236s] Level 1:colcon.colcon_core.package_identification:_identify(solvers/c_generated_code_low/UR5_model) by extension 'ignore'
[0.236s] Level 1:colcon.colcon_core.package_identification:_identify(solvers/c_generated_code_low/UR5_model) by extension 'ignore_ament_install'
[0.236s] Level 1:colcon.colcon_core.package_identification:_identify(solvers/c_generated_code_low/UR5_model) by extensions ['colcon_pkg']
[0.236s] Level 1:colcon.colcon_core.package_identification:_identify(solvers/c_generated_code_low/UR5_model) by extension 'colcon_pkg'
[0.236s] Level 1:colcon.colcon_core.package_identification:_identify(solvers/c_generated_code_low/UR5_model) by extensions ['colcon_meta']
[0.236s] Level 1:colcon.colcon_core.package_identification:_identify(solvers/c_generated_code_low/UR5_model) by extension 'colcon_meta'
[0.236s] Level 1:colcon.colcon_core.package_identification:_identify(solvers/c_generated_code_low/UR5_model) by extensions ['ros']
[0.236s] Level 1:colcon.colcon_core.package_identification:_identify(solvers/c_generated_code_low/UR5_model) by extension 'ros'
[0.236s] Level 1:colcon.colcon_core.package_identification:_identify(solvers/c_generated_code_low/UR5_model) by extensions ['cmake', 'python']
[0.237s] Level 1:colcon.colcon_core.package_identification:_identify(solvers/c_generated_code_low/UR5_model) by extension 'cmake'
[0.237s] Level 1:colcon.colcon_core.package_identification:_identify(solvers/c_generated_code_low/UR5_model) by extension 'python'
[0.237s] Level 1:colcon.colcon_core.package_identification:_identify(solvers/c_generated_code_low/UR5_model) by extensions ['python_setup_py']
[0.237s] Level 1:colcon.colcon_core.package_identification:_identify(solvers/c_generated_code_low/UR5_model) by extension 'python_setup_py'
[0.237s] Level 1:colcon.colcon_core.package_identification:_identify(solvers/c_generated_code_old) by extensions ['ignore', 'ignore_ament_install']
[0.237s] Level 1:colcon.colcon_core.package_identification:_identify(solvers/c_generated_code_old) by extension 'ignore'
[0.237s] Level 1:colcon.colcon_core.package_identification:_identify(solvers/c_generated_code_old) by extension 'ignore_ament_install'
[0.237s] Level 1:colcon.colcon_core.package_identification:_identify(solvers/c_generated_code_old) by extensions ['colcon_pkg']
[0.237s] Level 1:colcon.colcon_core.package_identification:_identify(solvers/c_generated_code_old) by extension 'colcon_pkg'
[0.237s] Level 1:colcon.colcon_core.package_identification:_identify(solvers/c_generated_code_old) by extensions ['colcon_meta']
[0.237s] Level 1:colcon.colcon_core.package_identification:_identify(solvers/c_generated_code_old) by extension 'colcon_meta'
[0.237s] Level 1:colcon.colcon_core.package_identification:_identify(solvers/c_generated_code_old) by extensions ['ros']
[0.237s] Level 1:colcon.colcon_core.package_identification:_identify(solvers/c_generated_code_old) by extension 'ros'
[0.238s] Level 1:colcon.colcon_core.package_identification:_identify(solvers/c_generated_code_old) by extensions ['cmake', 'python']
[0.238s] Level 1:colcon.colcon_core.package_identification:_identify(solvers/c_generated_code_old) by extension 'cmake'
[0.238s] Level 1:colcon.colcon_core.package_identification:_identify(solvers/c_generated_code_old) by extension 'python'
[0.238s] Level 1:colcon.colcon_core.package_identification:_identify(solvers/c_generated_code_old) by extensions ['python_setup_py']
[0.238s] Level 1:colcon.colcon_core.package_identification:_identify(solvers/c_generated_code_old) by extension 'python_setup_py'
[0.238s] Level 1:colcon.colcon_core.package_identification:_identify(solvers/c_generated_code_old/UR5_constraints) by extensions ['ignore', 'ignore_ament_install']
[0.238s] Level 1:colcon.colcon_core.package_identification:_identify(solvers/c_generated_code_old/UR5_constraints) by extension 'ignore'
[0.238s] Level 1:colcon.colcon_core.package_identification:_identify(solvers/c_generated_code_old/UR5_constraints) by extension 'ignore_ament_install'
[0.238s] Level 1:colcon.colcon_core.package_identification:_identify(solvers/c_generated_code_old/UR5_constraints) by extensions ['colcon_pkg']
[0.239s] Level 1:colcon.colcon_core.package_identification:_identify(solvers/c_generated_code_old/UR5_constraints) by extension 'colcon_pkg'
[0.239s] Level 1:colcon.colcon_core.package_identification:_identify(solvers/c_generated_code_old/UR5_constraints) by extensions ['colcon_meta']
[0.239s] Level 1:colcon.colcon_core.package_identification:_identify(solvers/c_generated_code_old/UR5_constraints) by extension 'colcon_meta'
[0.239s] Level 1:colcon.colcon_core.package_identification:_identify(solvers/c_generated_code_old/UR5_constraints) by extensions ['ros']
[0.239s] Level 1:colcon.colcon_core.package_identification:_identify(solvers/c_generated_code_old/UR5_constraints) by extension 'ros'
[0.239s] Level 1:colcon.colcon_core.package_identification:_identify(solvers/c_generated_code_old/UR5_constraints) by extensions ['cmake', 'python']
[0.239s] Level 1:colcon.colcon_core.package_identification:_identify(solvers/c_generated_code_old/UR5_constraints) by extension 'cmake'
[0.239s] Level 1:colcon.colcon_core.package_identification:_identify(solvers/c_generated_code_old/UR5_constraints) by extension 'python'
[0.239s] Level 1:colcon.colcon_core.package_identification:_identify(solvers/c_generated_code_old/UR5_constraints) by extensions ['python_setup_py']
[0.239s] Level 1:colcon.colcon_core.package_identification:_identify(solvers/c_generated_code_old/UR5_constraints) by extension 'python_setup_py'
[0.239s] Level 1:colcon.colcon_core.package_identification:_identify(solvers/c_generated_code_old/UR5_model) by extensions ['ignore', 'ignore_ament_install']
[0.239s] Level 1:colcon.colcon_core.package_identification:_identify(solvers/c_generated_code_old/UR5_model) by extension 'ignore'
[0.239s] Level 1:colcon.colcon_core.package_identification:_identify(solvers/c_generated_code_old/UR5_model) by extension 'ignore_ament_install'
[0.239s] Level 1:colcon.colcon_core.package_identification:_identify(solvers/c_generated_code_old/UR5_model) by extensions ['colcon_pkg']
[0.239s] Level 1:colcon.colcon_core.package_identification:_identify(solvers/c_generated_code_old/UR5_model) by extension 'colcon_pkg'
[0.239s] Level 1:colcon.colcon_core.package_identification:_identify(solvers/c_generated_code_old/UR5_model) by extensions ['colcon_meta']
[0.240s] Level 1:colcon.colcon_core.package_identification:_identify(solvers/c_generated_code_old/UR5_model) by extension 'colcon_meta'
[0.240s] Level 1:colcon.colcon_core.package_identification:_identify(solvers/c_generated_code_old/UR5_model) by extensions ['ros']
[0.240s] Level 1:colcon.colcon_core.package_identification:_identify(solvers/c_generated_code_old/UR5_model) by extension 'ros'
[0.240s] Level 1:colcon.colcon_core.package_identification:_identify(solvers/c_generated_code_old/UR5_model) by extensions ['cmake', 'python']
[0.240s] Level 1:colcon.colcon_core.package_identification:_identify(solvers/c_generated_code_old/UR5_model) by extension 'cmake'
[0.240s] Level 1:colcon.colcon_core.package_identification:_identify(solvers/c_generated_code_old/UR5_model) by extension 'python'
[0.240s] Level 1:colcon.colcon_core.package_identification:_identify(solvers/c_generated_code_old/UR5_model) by extensions ['python_setup_py']
[0.240s] Level 1:colcon.colcon_core.package_identification:_identify(solvers/c_generated_code_old/UR5_model) by extension 'python_setup_py'
[0.240s] Level 1:colcon.colcon_core.package_identification:_identify(solvers/c_generated_code_old2) by extensions ['ignore', 'ignore_ament_install']
[0.240s] Level 1:colcon.colcon_core.package_identification:_identify(solvers/c_generated_code_old2) by extension 'ignore'
[0.240s] Level 1:colcon.colcon_core.package_identification:_identify(solvers/c_generated_code_old2) by extension 'ignore_ament_install'
[0.240s] Level 1:colcon.colcon_core.package_identification:_identify(solvers/c_generated_code_old2) by extensions ['colcon_pkg']
[0.240s] Level 1:colcon.colcon_core.package_identification:_identify(solvers/c_generated_code_old2) by extension 'colcon_pkg'
[0.240s] Level 1:colcon.colcon_core.package_identification:_identify(solvers/c_generated_code_old2) by extensions ['colcon_meta']
[0.241s] Level 1:colcon.colcon_core.package_identification:_identify(solvers/c_generated_code_old2) by extension 'colcon_meta'
[0.241s] Level 1:colcon.colcon_core.package_identification:_identify(solvers/c_generated_code_old2) by extensions ['ros']
[0.241s] Level 1:colcon.colcon_core.package_identification:_identify(solvers/c_generated_code_old2) by extension 'ros'
[0.241s] Level 1:colcon.colcon_core.package_identification:_identify(solvers/c_generated_code_old2) by extensions ['cmake', 'python']
[0.241s] Level 1:colcon.colcon_core.package_identification:_identify(solvers/c_generated_code_old2) by extension 'cmake'
[0.241s] Level 1:colcon.colcon_core.package_identification:_identify(solvers/c_generated_code_old2) by extension 'python'
[0.241s] Level 1:colcon.colcon_core.package_identification:_identify(solvers/c_generated_code_old2) by extensions ['python_setup_py']
[0.241s] Level 1:colcon.colcon_core.package_identification:_identify(solvers/c_generated_code_old2) by extension 'python_setup_py'
[0.241s] Level 1:colcon.colcon_core.package_identification:_identify(solvers/c_generated_code_old2/UR5_constraints) by extensions ['ignore', 'ignore_ament_install']
[0.241s] Level 1:colcon.colcon_core.package_identification:_identify(solvers/c_generated_code_old2/UR5_constraints) by extension 'ignore'
[0.241s] Level 1:colcon.colcon_core.package_identification:_identify(solvers/c_generated_code_old2/UR5_constraints) by extension 'ignore_ament_install'
[0.241s] Level 1:colcon.colcon_core.package_identification:_identify(solvers/c_generated_code_old2/UR5_constraints) by extensions ['colcon_pkg']
[0.241s] Level 1:colcon.colcon_core.package_identification:_identify(solvers/c_generated_code_old2/UR5_constraints) by extension 'colcon_pkg'
[0.241s] Level 1:colcon.colcon_core.package_identification:_identify(solvers/c_generated_code_old2/UR5_constraints) by extensions ['colcon_meta']
[0.241s] Level 1:colcon.colcon_core.package_identification:_identify(solvers/c_generated_code_old2/UR5_constraints) by extension 'colcon_meta'
[0.241s] Level 1:colcon.colcon_core.package_identification:_identify(solvers/c_generated_code_old2/UR5_constraints) by extensions ['ros']
[0.242s] Level 1:colcon.colcon_core.package_identification:_identify(solvers/c_generated_code_old2/UR5_constraints) by extension 'ros'
[0.242s] Level 1:colcon.colcon_core.package_identification:_identify(solvers/c_generated_code_old2/UR5_constraints) by extensions ['cmake', 'python']
[0.242s] Level 1:colcon.colcon_core.package_identification:_identify(solvers/c_generated_code_old2/UR5_constraints) by extension 'cmake'
[0.242s] Level 1:colcon.colcon_core.package_identification:_identify(solvers/c_generated_code_old2/UR5_constraints) by extension 'python'
[0.242s] Level 1:colcon.colcon_core.package_identification:_identify(solvers/c_generated_code_old2/UR5_constraints) by extensions ['python_setup_py']
[0.242s] Level 1:colcon.colcon_core.package_identification:_identify(solvers/c_generated_code_old2/UR5_constraints) by extension 'python_setup_py'
[0.242s] Level 1:colcon.colcon_core.package_identification:_identify(solvers/c_generated_code_old2/UR5_model) by extensions ['ignore', 'ignore_ament_install']
[0.242s] Level 1:colcon.colcon_core.package_identification:_identify(solvers/c_generated_code_old2/UR5_model) by extension 'ignore'
[0.242s] Level 1:colcon.colcon_core.package_identification:_identify(solvers/c_generated_code_old2/UR5_model) by extension 'ignore_ament_install'
[0.242s] Level 1:colcon.colcon_core.package_identification:_identify(solvers/c_generated_code_old2/UR5_model) by extensions ['colcon_pkg']
[0.243s] Level 1:colcon.colcon_core.package_identification:_identify(solvers/c_generated_code_old2/UR5_model) by extension 'colcon_pkg'
[0.243s] Level 1:colcon.colcon_core.package_identification:_identify(solvers/c_generated_code_old2/UR5_model) by extensions ['colcon_meta']
[0.243s] Level 1:colcon.colcon_core.package_identification:_identify(solvers/c_generated_code_old2/UR5_model) by extension 'colcon_meta'
[0.243s] Level 1:colcon.colcon_core.package_identification:_identify(solvers/c_generated_code_old2/UR5_model) by extensions ['ros']
[0.243s] Level 1:colcon.colcon_core.package_identification:_identify(solvers/c_generated_code_old2/UR5_model) by extension 'ros'
[0.243s] Level 1:colcon.colcon_core.package_identification:_identify(solvers/c_generated_code_old2/UR5_model) by extensions ['cmake', 'python']
[0.243s] Level 1:colcon.colcon_core.package_identification:_identify(solvers/c_generated_code_old2/UR5_model) by extension 'cmake'
[0.243s] Level 1:colcon.colcon_core.package_identification:_identify(solvers/c_generated_code_old2/UR5_model) by extension 'python'
[0.243s] Level 1:colcon.colcon_core.package_identification:_identify(solvers/c_generated_code_old2/UR5_model) by extensions ['python_setup_py']
[0.243s] Level 1:colcon.colcon_core.package_identification:_identify(solvers/c_generated_code_old2/UR5_model) by extension 'python_setup_py'
[0.244s] Level 1:colcon.colcon_core.package_identification:_identify(solvers/solver) by extensions ['ignore', 'ignore_ament_install']
[0.244s] Level 1:colcon.colcon_core.package_identification:_identify(solvers/solver) by extension 'ignore'
[0.244s] Level 1:colcon.colcon_core.package_identification:_identify(solvers/solver) by extension 'ignore_ament_install'
[0.244s] Level 1:colcon.colcon_core.package_identification:_identify(solvers/solver) by extensions ['colcon_pkg']
[0.244s] Level 1:colcon.colcon_core.package_identification:_identify(solvers/solver) by extension 'colcon_pkg'
[0.244s] Level 1:colcon.colcon_core.package_identification:_identify(solvers/solver) by extensions ['colcon_meta']
[0.244s] Level 1:colcon.colcon_core.package_identification:_identify(solvers/solver) by extension 'colcon_meta'
[0.244s] Level 1:colcon.colcon_core.package_identification:_identify(solvers/solver) by extensions ['ros']
[0.244s] Level 1:colcon.colcon_core.package_identification:_identify(solvers/solver) by extension 'ros'
[0.244s] Level 1:colcon.colcon_core.package_identification:_identify(solvers/solver) by extensions ['cmake', 'python']
[0.244s] Level 1:colcon.colcon_core.package_identification:_identify(solvers/solver) by extension 'cmake'
[0.244s] Level 1:colcon.colcon_core.package_identification:_identify(solvers/solver) by extension 'python'
[0.245s] Level 1:colcon.colcon_core.package_identification:_identify(solvers/solver) by extensions ['python_setup_py']
[0.245s] Level 1:colcon.colcon_core.package_identification:_identify(solvers/solver) by extension 'python_setup_py'
[0.245s] Level 1:colcon.colcon_core.package_identification:_identify(solvers/solver/UR5_constraints) by extensions ['ignore', 'ignore_ament_install']
[0.245s] Level 1:colcon.colcon_core.package_identification:_identify(solvers/solver/UR5_constraints) by extension 'ignore'
[0.245s] Level 1:colcon.colcon_core.package_identification:_identify(solvers/solver/UR5_constraints) by extension 'ignore_ament_install'
[0.245s] Level 1:colcon.colcon_core.package_identification:_identify(solvers/solver/UR5_constraints) by extensions ['colcon_pkg']
[0.245s] Level 1:colcon.colcon_core.package_identification:_identify(solvers/solver/UR5_constraints) by extension 'colcon_pkg'
[0.245s] Level 1:colcon.colcon_core.package_identification:_identify(solvers/solver/UR5_constraints) by extensions ['colcon_meta']
[0.245s] Level 1:colcon.colcon_core.package_identification:_identify(solvers/solver/UR5_constraints) by extension 'colcon_meta'
[0.245s] Level 1:colcon.colcon_core.package_identification:_identify(solvers/solver/UR5_constraints) by extensions ['ros']
[0.245s] Level 1:colcon.colcon_core.package_identification:_identify(solvers/solver/UR5_constraints) by extension 'ros'
[0.245s] Level 1:colcon.colcon_core.package_identification:_identify(solvers/solver/UR5_constraints) by extensions ['cmake', 'python']
[0.245s] Level 1:colcon.colcon_core.package_identification:_identify(solvers/solver/UR5_constraints) by extension 'cmake'
[0.245s] Level 1:colcon.colcon_core.package_identification:_identify(solvers/solver/UR5_constraints) by extension 'python'
[0.246s] Level 1:colcon.colcon_core.package_identification:_identify(solvers/solver/UR5_constraints) by extensions ['python_setup_py']
[0.246s] Level 1:colcon.colcon_core.package_identification:_identify(solvers/solver/UR5_constraints) by extension 'python_setup_py'
[0.246s] Level 1:colcon.colcon_core.package_identification:_identify(solvers/solver/UR5_cost) by extensions ['ignore', 'ignore_ament_install']
[0.246s] Level 1:colcon.colcon_core.package_identification:_identify(solvers/solver/UR5_cost) by extension 'ignore'
[0.246s] Level 1:colcon.colcon_core.package_identification:_identify(solvers/solver/UR5_cost) by extension 'ignore_ament_install'
[0.246s] Level 1:colcon.colcon_core.package_identification:_identify(solvers/solver/UR5_cost) by extensions ['colcon_pkg']
[0.246s] Level 1:colcon.colcon_core.package_identification:_identify(solvers/solver/UR5_cost) by extension 'colcon_pkg'
[0.246s] Level 1:colcon.colcon_core.package_identification:_identify(solvers/solver/UR5_cost) by extensions ['colcon_meta']
[0.246s] Level 1:colcon.colcon_core.package_identification:_identify(solvers/solver/UR5_cost) by extension 'colcon_meta'
[0.246s] Level 1:colcon.colcon_core.package_identification:_identify(solvers/solver/UR5_cost) by extensions ['ros']
[0.246s] Level 1:colcon.colcon_core.package_identification:_identify(solvers/solver/UR5_cost) by extension 'ros'
[0.246s] Level 1:colcon.colcon_core.package_identification:_identify(solvers/solver/UR5_cost) by extensions ['cmake', 'python']
[0.246s] Level 1:colcon.colcon_core.package_identification:_identify(solvers/solver/UR5_cost) by extension 'cmake'
[0.246s] Level 1:colcon.colcon_core.package_identification:_identify(solvers/solver/UR5_cost) by extension 'python'
[0.247s] Level 1:colcon.colcon_core.package_identification:_identify(solvers/solver/UR5_cost) by extensions ['python_setup_py']
[0.247s] Level 1:colcon.colcon_core.package_identification:_identify(solvers/solver/UR5_cost) by extension 'python_setup_py'
[0.247s] Level 1:colcon.colcon_core.package_identification:_identify(solvers/solver/UR5_model) by extensions ['ignore', 'ignore_ament_install']
[0.247s] Level 1:colcon.colcon_core.package_identification:_identify(solvers/solver/UR5_model) by extension 'ignore'
[0.247s] Level 1:colcon.colcon_core.package_identification:_identify(solvers/solver/UR5_model) by extension 'ignore_ament_install'
[0.247s] Level 1:colcon.colcon_core.package_identification:_identify(solvers/solver/UR5_model) by extensions ['colcon_pkg']
[0.247s] Level 1:colcon.colcon_core.package_identification:_identify(solvers/solver/UR5_model) by extension 'colcon_pkg'
[0.247s] Level 1:colcon.colcon_core.package_identification:_identify(solvers/solver/UR5_model) by extensions ['colcon_meta']
[0.247s] Level 1:colcon.colcon_core.package_identification:_identify(solvers/solver/UR5_model) by extension 'colcon_meta'
[0.247s] Level 1:colcon.colcon_core.package_identification:_identify(solvers/solver/UR5_model) by extensions ['ros']
[0.247s] Level 1:colcon.colcon_core.package_identification:_identify(solvers/solver/UR5_model) by extension 'ros'
[0.247s] Level 1:colcon.colcon_core.package_identification:_identify(solvers/solver/UR5_model) by extensions ['cmake', 'python']
[0.247s] Level 1:colcon.colcon_core.package_identification:_identify(solvers/solver/UR5_model) by extension 'cmake'
[0.247s] Level 1:colcon.colcon_core.package_identification:_identify(solvers/solver/UR5_model) by extension 'python'
[0.247s] Level 1:colcon.colcon_core.package_identification:_identify(solvers/solver/UR5_model) by extensions ['python_setup_py']
[0.247s] Level 1:colcon.colcon_core.package_identification:_identify(solvers/solver/UR5_model) by extension 'python_setup_py'
[0.248s] Level 1:colcon.colcon_core.package_identification:_identify(solvers/solver_low) by extensions ['ignore', 'ignore_ament_install']
[0.248s] Level 1:colcon.colcon_core.package_identification:_identify(solvers/solver_low) by extension 'ignore'
[0.248s] Level 1:colcon.colcon_core.package_identification:_identify(solvers/solver_low) by extension 'ignore_ament_install'
[0.248s] Level 1:colcon.colcon_core.package_identification:_identify(solvers/solver_low) by extensions ['colcon_pkg']
[0.248s] Level 1:colcon.colcon_core.package_identification:_identify(solvers/solver_low) by extension 'colcon_pkg'
[0.248s] Level 1:colcon.colcon_core.package_identification:_identify(solvers/solver_low) by extensions ['colcon_meta']
[0.248s] Level 1:colcon.colcon_core.package_identification:_identify(solvers/solver_low) by extension 'colcon_meta'
[0.248s] Level 1:colcon.colcon_core.package_identification:_identify(solvers/solver_low) by extensions ['ros']
[0.248s] Level 1:colcon.colcon_core.package_identification:_identify(solvers/solver_low) by extension 'ros'
[0.248s] Level 1:colcon.colcon_core.package_identification:_identify(solvers/solver_low) by extensions ['cmake', 'python']
[0.248s] Level 1:colcon.colcon_core.package_identification:_identify(solvers/solver_low) by extension 'cmake'
[0.248s] Level 1:colcon.colcon_core.package_identification:_identify(solvers/solver_low) by extension 'python'
[0.248s] Level 1:colcon.colcon_core.package_identification:_identify(solvers/solver_low) by extensions ['python_setup_py']
[0.248s] Level 1:colcon.colcon_core.package_identification:_identify(solvers/solver_low) by extension 'python_setup_py'
[0.249s] Level 1:colcon.colcon_core.package_identification:_identify(solvers/solver_low/UR5_constraints) by extensions ['ignore', 'ignore_ament_install']
[0.249s] Level 1:colcon.colcon_core.package_identification:_identify(solvers/solver_low/UR5_constraints) by extension 'ignore'
[0.249s] Level 1:colcon.colcon_core.package_identification:_identify(solvers/solver_low/UR5_constraints) by extension 'ignore_ament_install'
[0.249s] Level 1:colcon.colcon_core.package_identification:_identify(solvers/solver_low/UR5_constraints) by extensions ['colcon_pkg']
[0.249s] Level 1:colcon.colcon_core.package_identification:_identify(solvers/solver_low/UR5_constraints) by extension 'colcon_pkg'
[0.249s] Level 1:colcon.colcon_core.package_identification:_identify(solvers/solver_low/UR5_constraints) by extensions ['colcon_meta']
[0.249s] Level 1:colcon.colcon_core.package_identification:_identify(solvers/solver_low/UR5_constraints) by extension 'colcon_meta'
[0.249s] Level 1:colcon.colcon_core.package_identification:_identify(solvers/solver_low/UR5_constraints) by extensions ['ros']
[0.249s] Level 1:colcon.colcon_core.package_identification:_identify(solvers/solver_low/UR5_constraints) by extension 'ros'
[0.249s] Level 1:colcon.colcon_core.package_identification:_identify(solvers/solver_low/UR5_constraints) by extensions ['cmake', 'python']
[0.249s] Level 1:colcon.colcon_core.package_identification:_identify(solvers/solver_low/UR5_constraints) by extension 'cmake'
[0.249s] Level 1:colcon.colcon_core.package_identification:_identify(solvers/solver_low/UR5_constraints) by extension 'python'
[0.249s] Level 1:colcon.colcon_core.package_identification:_identify(solvers/solver_low/UR5_constraints) by extensions ['python_setup_py']
[0.249s] Level 1:colcon.colcon_core.package_identification:_identify(solvers/solver_low/UR5_constraints) by extension 'python_setup_py'
[0.249s] Level 1:colcon.colcon_core.package_identification:_identify(solvers/solver_low/UR5_model) by extensions ['ignore', 'ignore_ament_install']
[0.250s] Level 1:colcon.colcon_core.package_identification:_identify(solvers/solver_low/UR5_model) by extension 'ignore'
[0.250s] Level 1:colcon.colcon_core.package_identification:_identify(solvers/solver_low/UR5_model) by extension 'ignore_ament_install'
[0.250s] Level 1:colcon.colcon_core.package_identification:_identify(solvers/solver_low/UR5_model) by extensions ['colcon_pkg']
[0.250s] Level 1:colcon.colcon_core.package_identification:_identify(solvers/solver_low/UR5_model) by extension 'colcon_pkg'
[0.250s] Level 1:colcon.colcon_core.package_identification:_identify(solvers/solver_low/UR5_model) by extensions ['colcon_meta']
[0.250s] Level 1:colcon.colcon_core.package_identification:_identify(solvers/solver_low/UR5_model) by extension 'colcon_meta'
[0.250s] Level 1:colcon.colcon_core.package_identification:_identify(solvers/solver_low/UR5_model) by extensions ['ros']
[0.250s] Level 1:colcon.colcon_core.package_identification:_identify(solvers/solver_low/UR5_model) by extension 'ros'
[0.250s] Level 1:colcon.colcon_core.package_identification:_identify(solvers/solver_low/UR5_model) by extensions ['cmake', 'python']
[0.250s] Level 1:colcon.colcon_core.package_identification:_identify(solvers/solver_low/UR5_model) by extension 'cmake'
[0.250s] Level 1:colcon.colcon_core.package_identification:_identify(solvers/solver_low/UR5_model) by extension 'python'
[0.250s] Level 1:colcon.colcon_core.package_identification:_identify(solvers/solver_low/UR5_model) by extensions ['python_setup_py']
[0.250s] Level 1:colcon.colcon_core.package_identification:_identify(solvers/solver_low/UR5_model) by extension 'python_setup_py'
[0.251s] Level 1:colcon.colcon_core.package_identification:_identify(solvers/solver_old) by extensions ['ignore', 'ignore_ament_install']
[0.251s] Level 1:colcon.colcon_core.package_identification:_identify(solvers/solver_old) by extension 'ignore'
[0.251s] Level 1:colcon.colcon_core.package_identification:_identify(solvers/solver_old) by extension 'ignore_ament_install'
[0.251s] Level 1:colcon.colcon_core.package_identification:_identify(solvers/solver_old) by extensions ['colcon_pkg']
[0.251s] Level 1:colcon.colcon_core.package_identification:_identify(solvers/solver_old) by extension 'colcon_pkg'
[0.251s] Level 1:colcon.colcon_core.package_identification:_identify(solvers/solver_old) by extensions ['colcon_meta']
[0.251s] Level 1:colcon.colcon_core.package_identification:_identify(solvers/solver_old) by extension 'colcon_meta'
[0.251s] Level 1:colcon.colcon_core.package_identification:_identify(solvers/solver_old) by extensions ['ros']
[0.251s] Level 1:colcon.colcon_core.package_identification:_identify(solvers/solver_old) by extension 'ros'
[0.251s] Level 1:colcon.colcon_core.package_identification:_identify(solvers/solver_old) by extensions ['cmake', 'python']
[0.251s] Level 1:colcon.colcon_core.package_identification:_identify(solvers/solver_old) by extension 'cmake'
[0.251s] Level 1:colcon.colcon_core.package_identification:_identify(solvers/solver_old) by extension 'python'
[0.251s] Level 1:colcon.colcon_core.package_identification:_identify(solvers/solver_old) by extensions ['python_setup_py']
[0.251s] Level 1:colcon.colcon_core.package_identification:_identify(solvers/solver_old) by extension 'python_setup_py'
[0.252s] Level 1:colcon.colcon_core.package_identification:_identify(solvers/solver_old/UR5_constraints) by extensions ['ignore', 'ignore_ament_install']
[0.252s] Level 1:colcon.colcon_core.package_identification:_identify(solvers/solver_old/UR5_constraints) by extension 'ignore'
[0.252s] Level 1:colcon.colcon_core.package_identification:_identify(solvers/solver_old/UR5_constraints) by extension 'ignore_ament_install'
[0.252s] Level 1:colcon.colcon_core.package_identification:_identify(solvers/solver_old/UR5_constraints) by extensions ['colcon_pkg']
[0.252s] Level 1:colcon.colcon_core.package_identification:_identify(solvers/solver_old/UR5_constraints) by extension 'colcon_pkg'
[0.252s] Level 1:colcon.colcon_core.package_identification:_identify(solvers/solver_old/UR5_constraints) by extensions ['colcon_meta']
[0.252s] Level 1:colcon.colcon_core.package_identification:_identify(solvers/solver_old/UR5_constraints) by extension 'colcon_meta'
[0.252s] Level 1:colcon.colcon_core.package_identification:_identify(solvers/solver_old/UR5_constraints) by extensions ['ros']
[0.252s] Level 1:colcon.colcon_core.package_identification:_identify(solvers/solver_old/UR5_constraints) by extension 'ros'
[0.252s] Level 1:colcon.colcon_core.package_identification:_identify(solvers/solver_old/UR5_constraints) by extensions ['cmake', 'python']
[0.252s] Level 1:colcon.colcon_core.package_identification:_identify(solvers/solver_old/UR5_constraints) by extension 'cmake'
[0.252s] Level 1:colcon.colcon_core.package_identification:_identify(solvers/solver_old/UR5_constraints) by extension 'python'
[0.252s] Level 1:colcon.colcon_core.package_identification:_identify(solvers/solver_old/UR5_constraints) by extensions ['python_setup_py']
[0.252s] Level 1:colcon.colcon_core.package_identification:_identify(solvers/solver_old/UR5_constraints) by extension 'python_setup_py'
[0.253s] Level 1:colcon.colcon_core.package_identification:_identify(solvers/solver_old/UR5_model) by extensions ['ignore', 'ignore_ament_install']
[0.253s] Level 1:colcon.colcon_core.package_identification:_identify(solvers/solver_old/UR5_model) by extension 'ignore'
[0.253s] Level 1:colcon.colcon_core.package_identification:_identify(solvers/solver_old/UR5_model) by extension 'ignore_ament_install'
[0.253s] Level 1:colcon.colcon_core.package_identification:_identify(solvers/solver_old/UR5_model) by extensions ['colcon_pkg']
[0.253s] Level 1:colcon.colcon_core.package_identification:_identify(solvers/solver_old/UR5_model) by extension 'colcon_pkg'
[0.253s] Level 1:colcon.colcon_core.package_identification:_identify(solvers/solver_old/UR5_model) by extensions ['colcon_meta']
[0.253s] Level 1:colcon.colcon_core.package_identification:_identify(solvers/solver_old/UR5_model) by extension 'colcon_meta'
[0.253s] Level 1:colcon.colcon_core.package_identification:_identify(solvers/solver_old/UR5_model) by extensions ['ros']
[0.253s] Level 1:colcon.colcon_core.package_identification:_identify(solvers/solver_old/UR5_model) by extension 'ros'
[0.253s] Level 1:colcon.colcon_core.package_identification:_identify(solvers/solver_old/UR5_model) by extensions ['cmake', 'python']
[0.253s] Level 1:colcon.colcon_core.package_identification:_identify(solvers/solver_old/UR5_model) by extension 'cmake'
[0.253s] Level 1:colcon.colcon_core.package_identification:_identify(solvers/solver_old/UR5_model) by extension 'python'
[0.253s] Level 1:colcon.colcon_core.package_identification:_identify(solvers/solver_old/UR5_model) by extensions ['python_setup_py']
[0.253s] Level 1:colcon.colcon_core.package_identification:_identify(solvers/solver_old/UR5_model) by extension 'python_setup_py'
[0.253s] Level 1:colcon.colcon_core.package_identification:_identify(solvers/solver_old2) by extensions ['ignore', 'ignore_ament_install']
[0.254s] Level 1:colcon.colcon_core.package_identification:_identify(solvers/solver_old2) by extension 'ignore'
[0.254s] Level 1:colcon.colcon_core.package_identification:_identify(solvers/solver_old2) by extension 'ignore_ament_install'
[0.254s] Level 1:colcon.colcon_core.package_identification:_identify(solvers/solver_old2) by extensions ['colcon_pkg']
[0.254s] Level 1:colcon.colcon_core.package_identification:_identify(solvers/solver_old2) by extension 'colcon_pkg'
[0.254s] Level 1:colcon.colcon_core.package_identification:_identify(solvers/solver_old2) by extensions ['colcon_meta']
[0.254s] Level 1:colcon.colcon_core.package_identification:_identify(solvers/solver_old2) by extension 'colcon_meta'
[0.254s] Level 1:colcon.colcon_core.package_identification:_identify(solvers/solver_old2) by extensions ['ros']
[0.254s] Level 1:colcon.colcon_core.package_identification:_identify(solvers/solver_old2) by extension 'ros'
[0.254s] Level 1:colcon.colcon_core.package_identification:_identify(solvers/solver_old2) by extensions ['cmake', 'python']
[0.254s] Level 1:colcon.colcon_core.package_identification:_identify(solvers/solver_old2) by extension 'cmake'
[0.254s] Level 1:colcon.colcon_core.package_identification:_identify(solvers/solver_old2) by extension 'python'
[0.254s] Level 1:colcon.colcon_core.package_identification:_identify(solvers/solver_old2) by extensions ['python_setup_py']
[0.254s] Level 1:colcon.colcon_core.package_identification:_identify(solvers/solver_old2) by extension 'python_setup_py'
[0.254s] Level 1:colcon.colcon_core.package_identification:_identify(solvers/solver_old2/UR5_constraints) by extensions ['ignore', 'ignore_ament_install']
[0.255s] Level 1:colcon.colcon_core.package_identification:_identify(solvers/solver_old2/UR5_constraints) by extension 'ignore'
[0.255s] Level 1:colcon.colcon_core.package_identification:_identify(solvers/solver_old2/UR5_constraints) by extension 'ignore_ament_install'
[0.255s] Level 1:colcon.colcon_core.package_identification:_identify(solvers/solver_old2/UR5_constraints) by extensions ['colcon_pkg']
[0.255s] Level 1:colcon.colcon_core.package_identification:_identify(solvers/solver_old2/UR5_constraints) by extension 'colcon_pkg'
[0.255s] Level 1:colcon.colcon_core.package_identification:_identify(solvers/solver_old2/UR5_constraints) by extensions ['colcon_meta']
[0.255s] Level 1:colcon.colcon_core.package_identification:_identify(solvers/solver_old2/UR5_constraints) by extension 'colcon_meta'
[0.255s] Level 1:colcon.colcon_core.package_identification:_identify(solvers/solver_old2/UR5_constraints) by extensions ['ros']
[0.255s] Level 1:colcon.colcon_core.package_identification:_identify(solvers/solver_old2/UR5_constraints) by extension 'ros'
[0.255s] Level 1:colcon.colcon_core.package_identification:_identify(solvers/solver_old2/UR5_constraints) by extensions ['cmake', 'python']
[0.255s] Level 1:colcon.colcon_core.package_identification:_identify(solvers/solver_old2/UR5_constraints) by extension 'cmake'
[0.255s] Level 1:colcon.colcon_core.package_identification:_identify(solvers/solver_old2/UR5_constraints) by extension 'python'
[0.255s] Level 1:colcon.colcon_core.package_identification:_identify(solvers/solver_old2/UR5_constraints) by extensions ['python_setup_py']
[0.255s] Level 1:colcon.colcon_core.package_identification:_identify(solvers/solver_old2/UR5_constraints) by extension 'python_setup_py'
[0.255s] Level 1:colcon.colcon_core.package_identification:_identify(solvers/solver_old2/UR5_model) by extensions ['ignore', 'ignore_ament_install']
[0.256s] Level 1:colcon.colcon_core.package_identification:_identify(solvers/solver_old2/UR5_model) by extension 'ignore'
[0.256s] Level 1:colcon.colcon_core.package_identification:_identify(solvers/solver_old2/UR5_model) by extension 'ignore_ament_install'
[0.256s] Level 1:colcon.colcon_core.package_identification:_identify(solvers/solver_old2/UR5_model) by extensions ['colcon_pkg']
[0.256s] Level 1:colcon.colcon_core.package_identification:_identify(solvers/solver_old2/UR5_model) by extension 'colcon_pkg'
[0.256s] Level 1:colcon.colcon_core.package_identification:_identify(solvers/solver_old2/UR5_model) by extensions ['colcon_meta']
[0.256s] Level 1:colcon.colcon_core.package_identification:_identify(solvers/solver_old2/UR5_model) by extension 'colcon_meta'
[0.256s] Level 1:colcon.colcon_core.package_identification:_identify(solvers/solver_old2/UR5_model) by extensions ['ros']
[0.256s] Level 1:colcon.colcon_core.package_identification:_identify(solvers/solver_old2/UR5_model) by extension 'ros'
[0.256s] Level 1:colcon.colcon_core.package_identification:_identify(solvers/solver_old2/UR5_model) by extensions ['cmake', 'python']
[0.256s] Level 1:colcon.colcon_core.package_identification:_identify(solvers/solver_old2/UR5_model) by extension 'cmake'
[0.256s] Level 1:colcon.colcon_core.package_identification:_identify(solvers/solver_old2/UR5_model) by extension 'python'
[0.256s] Level 1:colcon.colcon_core.package_identification:_identify(solvers/solver_old2/UR5_model) by extensions ['python_setup_py']
[0.256s] Level 1:colcon.colcon_core.package_identification:_identify(solvers/solver_old2/UR5_model) by extension 'python_setup_py'
[0.256s] Level 1:colcon.colcon_core.package_identification:_identify(src) by extensions ['ignore', 'ignore_ament_install']
[0.257s] Level 1:colcon.colcon_core.package_identification:_identify(src) by extension 'ignore'
[0.257s] Level 1:colcon.colcon_core.package_identification:_identify(src) by extension 'ignore_ament_install'
[0.257s] Level 1:colcon.colcon_core.package_identification:_identify(src) by extensions ['colcon_pkg']
[0.257s] Level 1:colcon.colcon_core.package_identification:_identify(src) by extension 'colcon_pkg'
[0.257s] Level 1:colcon.colcon_core.package_identification:_identify(src) by extensions ['colcon_meta']
[0.257s] Level 1:colcon.colcon_core.package_identification:_identify(src) by extension 'colcon_meta'
[0.257s] Level 1:colcon.colcon_core.package_identification:_identify(src) by extensions ['ros']
[0.257s] Level 1:colcon.colcon_core.package_identification:_identify(src) by extension 'ros'
[0.257s] Level 1:colcon.colcon_core.package_identification:_identify(src) by extensions ['cmake', 'python']
[0.257s] Level 1:colcon.colcon_core.package_identification:_identify(src) by extension 'cmake'
[0.257s] Level 1:colcon.colcon_core.package_identification:_identify(src) by extension 'python'
[0.257s] Level 1:colcon.colcon_core.package_identification:_identify(src) by extensions ['python_setup_py']
[0.257s] Level 1:colcon.colcon_core.package_identification:_identify(src) by extension 'python_setup_py'
[0.257s] Level 1:colcon.colcon_core.package_identification:_identify(src/build) by extensions ['ignore', 'ignore_ament_install']
[0.258s] Level 1:colcon.colcon_core.package_identification:_identify(src/build) by extension 'ignore'
[0.258s] Level 1:colcon.colcon_core.package_identification:_identify(src/build) ignored
[0.258s] Level 1:colcon.colcon_core.package_identification:_identify(src/install) by extensions ['ignore', 'ignore_ament_install']
[0.258s] Level 1:colcon.colcon_core.package_identification:_identify(src/install) by extension 'ignore'
[0.258s] Level 1:colcon.colcon_core.package_identification:_identify(src/install) ignored
[0.258s] Level 1:colcon.colcon_core.package_identification:_identify(src/log) by extensions ['ignore', 'ignore_ament_install']
[0.258s] Level 1:colcon.colcon_core.package_identification:_identify(src/log) by extension 'ignore'
[0.258s] Level 1:colcon.colcon_core.package_identification:_identify(src/log) ignored
[0.258s] Level 1:colcon.colcon_core.package_identification:_identify(src/mpc_high) by extensions ['ignore', 'ignore_ament_install']
[0.258s] Level 1:colcon.colcon_core.package_identification:_identify(src/mpc_high) by extension 'ignore'
[0.259s] Level 1:colcon.colcon_core.package_identification:_identify(src/mpc_high) by extension 'ignore_ament_install'
[0.259s] Level 1:colcon.colcon_core.package_identification:_identify(src/mpc_high) by extensions ['colcon_pkg']
[0.259s] Level 1:colcon.colcon_core.package_identification:_identify(src/mpc_high) by extension 'colcon_pkg'
[0.259s] Level 1:colcon.colcon_core.package_identification:_identify(src/mpc_high) by extensions ['colcon_meta']
[0.259s] Level 1:colcon.colcon_core.package_identification:_identify(src/mpc_high) by extension 'colcon_meta'
[0.259s] Level 1:colcon.colcon_core.package_identification:_identify(src/mpc_high) by extensions ['ros']
[0.259s] Level 1:colcon.colcon_core.package_identification:_identify(src/mpc_high) by extension 'ros'
[0.262s] DEBUG:colcon.colcon_core.package_identification:Package 'src/mpc_high' with type 'ros.ament_cmake' and name 'mpc_high'
[0.262s] Level 1:colcon.colcon_core.package_identification:_identify(src/mpc_high_to) by extensions ['ignore', 'ignore_ament_install']
[0.262s] Level 1:colcon.colcon_core.package_identification:_identify(src/mpc_high_to) by extension 'ignore'
[0.262s] Level 1:colcon.colcon_core.package_identification:_identify(src/mpc_high_to) by extension 'ignore_ament_install'
[0.262s] Level 1:colcon.colcon_core.package_identification:_identify(src/mpc_high_to) by extensions ['colcon_pkg']
[0.262s] Level 1:colcon.colcon_core.package_identification:_identify(src/mpc_high_to) by extension 'colcon_pkg'
[0.262s] Level 1:colcon.colcon_core.package_identification:_identify(src/mpc_high_to) by extensions ['colcon_meta']
[0.262s] Level 1:colcon.colcon_core.package_identification:_identify(src/mpc_high_to) by extension 'colcon_meta'
[0.262s] Level 1:colcon.colcon_core.package_identification:_identify(src/mpc_high_to) by extensions ['ros']
[0.262s] Level 1:colcon.colcon_core.package_identification:_identify(src/mpc_high_to) by extension 'ros'
[0.263s] DEBUG:colcon.colcon_core.package_identification:Package 'src/mpc_high_to' with type 'ros.ament_cmake' and name 'mpc_high_to'
[0.263s] Level 1:colcon.colcon_core.package_identification:_identify(src/mpc_low) by extensions ['ignore', 'ignore_ament_install']
[0.263s] Level 1:colcon.colcon_core.package_identification:_identify(src/mpc_low) by extension 'ignore'
[0.263s] Level 1:colcon.colcon_core.package_identification:_identify(src/mpc_low) by extension 'ignore_ament_install'
[0.263s] Level 1:colcon.colcon_core.package_identification:_identify(src/mpc_low) by extensions ['colcon_pkg']
[0.264s] Level 1:colcon.colcon_core.package_identification:_identify(src/mpc_low) by extension 'colcon_pkg'
[0.264s] Level 1:colcon.colcon_core.package_identification:_identify(src/mpc_low) by extensions ['colcon_meta']
[0.264s] Level 1:colcon.colcon_core.package_identification:_identify(src/mpc_low) by extension 'colcon_meta'
[0.264s] Level 1:colcon.colcon_core.package_identification:_identify(src/mpc_low) by extensions ['ros']
[0.264s] Level 1:colcon.colcon_core.package_identification:_identify(src/mpc_low) by extension 'ros'
[0.265s] DEBUG:colcon.colcon_core.package_identification:Package 'src/mpc_low' with type 'ros.ament_cmake' and name 'mpc_low'
[0.265s] Level 1:colcon.colcon_core.package_identification:_identify(src/mppi_controller) by extensions ['ignore', 'ignore_ament_install']
[0.265s] Level 1:colcon.colcon_core.package_identification:_identify(src/mppi_controller) by extension 'ignore'
[0.265s] Level 1:colcon.colcon_core.package_identification:_identify(src/mppi_controller) by extension 'ignore_ament_install'
[0.265s] Level 1:colcon.colcon_core.package_identification:_identify(src/mppi_controller) by extensions ['colcon_pkg']
[0.265s] Level 1:colcon.colcon_core.package_identification:_identify(src/mppi_controller) by extension 'colcon_pkg'
[0.265s] Level 1:colcon.colcon_core.package_identification:_identify(src/mppi_controller) by extensions ['colcon_meta']
[0.265s] Level 1:colcon.colcon_core.package_identification:_identify(src/mppi_controller) by extension 'colcon_meta'
[0.265s] Level 1:colcon.colcon_core.package_identification:_identify(src/mppi_controller) by extensions ['ros']
[0.265s] Level 1:colcon.colcon_core.package_identification:_identify(src/mppi_controller) by extension 'ros'
[0.266s] DEBUG:colcon.colcon_core.package_identification:Package 'src/mppi_controller' with type 'ros.ament_python' and name 'mppi_controller'
[0.266s] Level 1:colcon.colcon_core.package_identification:_identify(src/pb_ur5_sim) by extensions ['ignore', 'ignore_ament_install']
[0.266s] Level 1:colcon.colcon_core.package_identification:_identify(src/pb_ur5_sim) by extension 'ignore'
[0.266s] Level 1:colcon.colcon_core.package_identification:_identify(src/pb_ur5_sim) by extension 'ignore_ament_install'
[0.266s] Level 1:colcon.colcon_core.package_identification:_identify(src/pb_ur5_sim) by extensions ['colcon_pkg']
[0.266s] Level 1:colcon.colcon_core.package_identification:_identify(src/pb_ur5_sim) by extension 'colcon_pkg'
[0.266s] Level 1:colcon.colcon_core.package_identification:_identify(src/pb_ur5_sim) by extensions ['colcon_meta']
[0.267s] Level 1:colcon.colcon_core.package_identification:_identify(src/pb_ur5_sim) by extension 'colcon_meta'
[0.267s] Level 1:colcon.colcon_core.package_identification:_identify(src/pb_ur5_sim) by extensions ['ros']
[0.267s] Level 1:colcon.colcon_core.package_identification:_identify(src/pb_ur5_sim) by extension 'ros'
[0.267s] DEBUG:colcon.colcon_core.package_identification:Package 'src/pb_ur5_sim' with type 'ros.ament_python' and name 'pb_ur5_sim'
[0.267s] Level 1:colcon.colcon_core.package_identification:_identify(src/sim_utils) by extensions ['ignore', 'ignore_ament_install']
[0.268s] Level 1:colcon.colcon_core.package_identification:_identify(src/sim_utils) by extension 'ignore'
[0.268s] Level 1:colcon.colcon_core.package_identification:_identify(src/sim_utils) by extension 'ignore_ament_install'
[0.268s] Level 1:colcon.colcon_core.package_identification:_identify(src/sim_utils) by extensions ['colcon_pkg']
[0.268s] Level 1:colcon.colcon_core.package_identification:_identify(src/sim_utils) by extension 'colcon_pkg'
[0.268s] Level 1:colcon.colcon_core.package_identification:_identify(src/sim_utils) by extensions ['colcon_meta']
[0.268s] Level 1:colcon.colcon_core.package_identification:_identify(src/sim_utils) by extension 'colcon_meta'
[0.268s] Level 1:colcon.colcon_core.package_identification:_identify(src/sim_utils) by extensions ['ros']
[0.268s] Level 1:colcon.colcon_core.package_identification:_identify(src/sim_utils) by extension 'ros'
[0.269s] DEBUG:colcon.colcon_core.package_identification:Package 'src/sim_utils' with type 'ros.ament_python' and name 'sim_utils'
[0.269s] Level 1:colcon.colcon_core.package_identification:_identify(src/ur_ros2_driver) by extensions ['ignore', 'ignore_ament_install']
[0.269s] Level 1:colcon.colcon_core.package_identification:_identify(src/ur_ros2_driver) by extension 'ignore'
[0.269s] Level 1:colcon.colcon_core.package_identification:_identify(src/ur_ros2_driver) by extension 'ignore_ament_install'
[0.269s] Level 1:colcon.colcon_core.package_identification:_identify(src/ur_ros2_driver) by extensions ['colcon_pkg']
[0.269s] Level 1:colcon.colcon_core.package_identification:_identify(src/ur_ros2_driver) by extension 'colcon_pkg'
[0.269s] Level 1:colcon.colcon_core.package_identification:_identify(src/ur_ros2_driver) by extensions ['colcon_meta']
[0.269s] Level 1:colcon.colcon_core.package_identification:_identify(src/ur_ros2_driver) by extension 'colcon_meta'
[0.269s] Level 1:colcon.colcon_core.package_identification:_identify(src/ur_ros2_driver) by extensions ['ros']
[0.269s] Level 1:colcon.colcon_core.package_identification:_identify(src/ur_ros2_driver) by extension 'ros'
[0.270s] Level 1:colcon.colcon_core.package_identification:_identify(src/ur_ros2_driver) by extensions ['cmake', 'python']
[0.270s] Level 1:colcon.colcon_core.package_identification:_identify(src/ur_ros2_driver) by extension 'cmake'
[0.270s] Level 1:colcon.colcon_core.package_identification:_identify(src/ur_ros2_driver) by extension 'python'
[0.270s] Level 1:colcon.colcon_core.package_identification:_identify(src/ur_ros2_driver) by extensions ['python_setup_py']
[0.270s] Level 1:colcon.colcon_core.package_identification:_identify(src/ur_ros2_driver) by extension 'python_setup_py'
[0.270s] Level 1:colcon.colcon_core.package_identification:_identify(src/ur_ros2_driver/ur_ros2_driver) by extensions ['ignore', 'ignore_ament_install']
[0.270s] Level 1:colcon.colcon_core.package_identification:_identify(src/ur_ros2_driver/ur_ros2_driver) by extension 'ignore'
[0.270s] Level 1:colcon.colcon_core.package_identification:_identify(src/ur_ros2_driver/ur_ros2_driver) by extension 'ignore_ament_install'
[0.270s] Level 1:colcon.colcon_core.package_identification:_identify(src/ur_ros2_driver/ur_ros2_driver) by extensions ['colcon_pkg']
[0.270s] Level 1:colcon.colcon_core.package_identification:_identify(src/ur_ros2_driver/ur_ros2_driver) by extension 'colcon_pkg'
[0.270s] Level 1:colcon.colcon_core.package_identification:_identify(src/ur_ros2_driver/ur_ros2_driver) by extensions ['colcon_meta']
[0.270s] Level 1:colcon.colcon_core.package_identification:_identify(src/ur_ros2_driver/ur_ros2_driver) by extension 'colcon_meta'
[0.270s] Level 1:colcon.colcon_core.package_identification:_identify(src/ur_ros2_driver/ur_ros2_driver) by extensions ['ros']
[0.270s] Level 1:colcon.colcon_core.package_identification:_identify(src/ur_ros2_driver/ur_ros2_driver) by extension 'ros'
[0.271s] DEBUG:colcon.colcon_core.package_identification:Package 'src/ur_ros2_driver/ur_ros2_driver' with type 'ros.ament_cmake' and name 'ur_ros2_driver'
[0.271s] Level 1:colcon.colcon_core.package_identification:_identify(ur5_urdf) by extensions ['ignore', 'ignore_ament_install']
[0.271s] Level 1:colcon.colcon_core.package_identification:_identify(ur5_urdf) by extension 'ignore'
[0.271s] Level 1:colcon.colcon_core.package_identification:_identify(ur5_urdf) by extension 'ignore_ament_install'
[0.272s] Level 1:colcon.colcon_core.package_identification:_identify(ur5_urdf) by extensions ['colcon_pkg']
[0.272s] Level 1:colcon.colcon_core.package_identification:_identify(ur5_urdf) by extension 'colcon_pkg'
[0.272s] Level 1:colcon.colcon_core.package_identification:_identify(ur5_urdf) by extensions ['colcon_meta']
[0.272s] Level 1:colcon.colcon_core.package_identification:_identify(ur5_urdf) by extension 'colcon_meta'
[0.272s] Level 1:colcon.colcon_core.package_identification:_identify(ur5_urdf) by extensions ['ros']
[0.272s] Level 1:colcon.colcon_core.package_identification:_identify(ur5_urdf) by extension 'ros'
[0.272s] Level 1:colcon.colcon_core.package_identification:_identify(ur5_urdf) by extensions ['cmake', 'python']
[0.272s] Level 1:colcon.colcon_core.package_identification:_identify(ur5_urdf) by extension 'cmake'
[0.272s] Level 1:colcon.colcon_core.package_identification:_identify(ur5_urdf) by extension 'python'
[0.272s] Level 1:colcon.colcon_core.package_identification:_identify(ur5_urdf) by extensions ['python_setup_py']
[0.272s] Level 1:colcon.colcon_core.package_identification:_identify(ur5_urdf) by extension 'python_setup_py'
[0.272s] Level 1:colcon.colcon_core.package_identification:_identify(ur5_urdf/ur5) by extensions ['ignore', 'ignore_ament_install']
[0.272s] Level 1:colcon.colcon_core.package_identification:_identify(ur5_urdf/ur5) by extension 'ignore'
[0.272s] Level 1:colcon.colcon_core.package_identification:_identify(ur5_urdf/ur5) by extension 'ignore_ament_install'
[0.272s] Level 1:colcon.colcon_core.package_identification:_identify(ur5_urdf/ur5) by extensions ['colcon_pkg']
[0.272s] Level 1:colcon.colcon_core.package_identification:_identify(ur5_urdf/ur5) by extension 'colcon_pkg'
[0.273s] Level 1:colcon.colcon_core.package_identification:_identify(ur5_urdf/ur5) by extensions ['colcon_meta']
[0.273s] Level 1:colcon.colcon_core.package_identification:_identify(ur5_urdf/ur5) by extension 'colcon_meta'
[0.273s] Level 1:colcon.colcon_core.package_identification:_identify(ur5_urdf/ur5) by extensions ['ros']
[0.273s] Level 1:colcon.colcon_core.package_identification:_identify(ur5_urdf/ur5) by extension 'ros'
[0.273s] Level 1:colcon.colcon_core.package_identification:_identify(ur5_urdf/ur5) by extensions ['cmake', 'python']
[0.273s] Level 1:colcon.colcon_core.package_identification:_identify(ur5_urdf/ur5) by extension 'cmake'
[0.273s] Level 1:colcon.colcon_core.package_identification:_identify(ur5_urdf/ur5) by extension 'python'
[0.273s] Level 1:colcon.colcon_core.package_identification:_identify(ur5_urdf/ur5) by extensions ['python_setup_py']
[0.273s] Level 1:colcon.colcon_core.package_identification:_identify(ur5_urdf/ur5) by extension 'python_setup_py'
[0.273s] Level 1:colcon.colcon_core.package_identification:_identify(ur5_urdf/ur5/collision) by extensions ['ignore', 'ignore_ament_install']
[0.273s] Level 1:colcon.colcon_core.package_identification:_identify(ur5_urdf/ur5/collision) by extension 'ignore'
[0.273s] Level 1:colcon.colcon_core.package_identification:_identify(ur5_urdf/ur5/collision) by extension 'ignore_ament_install'
[0.273s] Level 1:colcon.colcon_core.package_identification:_identify(ur5_urdf/ur5/collision) by extensions ['colcon_pkg']
[0.273s] Level 1:colcon.colcon_core.package_identification:_identify(ur5_urdf/ur5/collision) by extension 'colcon_pkg'
[0.273s] Level 1:colcon.colcon_core.package_identification:_identify(ur5_urdf/ur5/collision) by extensions ['colcon_meta']
[0.273s] Level 1:colcon.colcon_core.package_identification:_identify(ur5_urdf/ur5/collision) by extension 'colcon_meta'
[0.274s] Level 1:colcon.colcon_core.package_identification:_identify(ur5_urdf/ur5/collision) by extensions ['ros']
[0.274s] Level 1:colcon.colcon_core.package_identification:_identify(ur5_urdf/ur5/collision) by extension 'ros'
[0.274s] Level 1:colcon.colcon_core.package_identification:_identify(ur5_urdf/ur5/collision) by extensions ['cmake', 'python']
[0.274s] Level 1:colcon.colcon_core.package_identification:_identify(ur5_urdf/ur5/collision) by extension 'cmake'
[0.274s] Level 1:colcon.colcon_core.package_identification:_identify(ur5_urdf/ur5/collision) by extension 'python'
[0.274s] Level 1:colcon.colcon_core.package_identification:_identify(ur5_urdf/ur5/collision) by extensions ['python_setup_py']
[0.274s] Level 1:colcon.colcon_core.package_identification:_identify(ur5_urdf/ur5/collision) by extension 'python_setup_py'
[0.274s] Level 1:colcon.colcon_core.package_identification:_identify(ur5_urdf/ur5/visual) by extensions ['ignore', 'ignore_ament_install']
[0.274s] Level 1:colcon.colcon_core.package_identification:_identify(ur5_urdf/ur5/visual) by extension 'ignore'
[0.274s] Level 1:colcon.colcon_core.package_identification:_identify(ur5_urdf/ur5/visual) by extension 'ignore_ament_install'
[0.274s] Level 1:colcon.colcon_core.package_identification:_identify(ur5_urdf/ur5/visual) by extensions ['colcon_pkg']
[0.274s] Level 1:colcon.colcon_core.package_identification:_identify(ur5_urdf/ur5/visual) by extension 'colcon_pkg'
[0.274s] Level 1:colcon.colcon_core.package_identification:_identify(ur5_urdf/ur5/visual) by extensions ['colcon_meta']
[0.274s] Level 1:colcon.colcon_core.package_identification:_identify(ur5_urdf/ur5/visual) by extension 'colcon_meta'
[0.274s] Level 1:colcon.colcon_core.package_identification:_identify(ur5_urdf/ur5/visual) by extensions ['ros']
[0.275s] Level 1:colcon.colcon_core.package_identification:_identify(ur5_urdf/ur5/visual) by extension 'ros'
[0.275s] Level 1:colcon.colcon_core.package_identification:_identify(ur5_urdf/ur5/visual) by extensions ['cmake', 'python']
[0.275s] Level 1:colcon.colcon_core.package_identification:_identify(ur5_urdf/ur5/visual) by extension 'cmake'
[0.275s] Level 1:colcon.colcon_core.package_identification:_identify(ur5_urdf/ur5/visual) by extension 'python'
[0.275s] Level 1:colcon.colcon_core.package_identification:_identify(ur5_urdf/ur5/visual) by extensions ['python_setup_py']
[0.275s] Level 1:colcon.colcon_core.package_identification:_identify(ur5_urdf/ur5/visual) by extension 'python_setup_py'
[0.275s] Level 1:colcon.colcon_core.package_discovery:discover_packages(recursive) using defaults
[0.275s] Level 1:colcon.colcon_core.package_discovery:discover_packages(ignore) discover
[0.275s] Level 1:colcon.colcon_core.package_discovery:discover_packages(ignore) using defaults
[0.275s] Level 1:colcon.colcon_core.package_discovery:discover_packages(path) discover
[0.275s] Level 1:colcon.colcon_core.package_discovery:discover_packages(path) using defaults
[0.302s] Level 1:colcon.colcon_core.package_discovery:discover_packages(prefix_path) check parameters
[0.302s] Level 1:colcon.colcon_core.package_discovery:discover_packages(prefix_path) discover
[0.304s] DEBUG:colcon.colcon_installed_package_information.package_discovery:Found 7 installed packages in /home/chri/CHRI_2025/Time_optimal_baseline/install
[0.307s] DEBUG:colcon.colcon_installed_package_information.package_discovery:Found 412 installed packages in /opt/ros/humble
[0.310s] Level 1:colcon.colcon_core.package_discovery:discover_packages(prefix_path) using defaults
[0.377s] Level 5:colcon.colcon_core.verb:set package 'mpc_high' build argument 'cmake_args' from command line to 'None'
[0.377s] Level 5:colcon.colcon_core.verb:set package 'mpc_high' build argument 'cmake_target' from command line to 'None'
[0.377s] Level 5:colcon.colcon_core.verb:set package 'mpc_high' build argument 'cmake_target_skip_unavailable' from command line to 'False'
[0.377s] Level 5:colcon.colcon_core.verb:set package 'mpc_high' build argument 'cmake_clean_cache' from command line to 'False'
[0.377s] Level 5:colcon.colcon_core.verb:set package 'mpc_high' build argument 'cmake_clean_first' from command line to 'False'
[0.377s] Level 5:colcon.colcon_core.verb:set package 'mpc_high' build argument 'cmake_force_configure' from command line to 'False'
[0.377s] Level 5:colcon.colcon_core.verb:set package 'mpc_high' build argument 'ament_cmake_args' from command line to 'None'
[0.377s] Level 5:colcon.colcon_core.verb:set package 'mpc_high' build argument 'catkin_cmake_args' from command line to 'None'
[0.377s] Level 5:colcon.colcon_core.verb:set package 'mpc_high' build argument 'catkin_skip_building_tests' from command line to 'False'
[0.377s] DEBUG:colcon.colcon_core.verb:Building package 'mpc_high' with the following arguments: {'ament_cmake_args': None, 'build_base': '/home/chri/CHRI_2025/Time_optimal_baseline/build/mpc_high', 'catkin_cmake_args': None, 'catkin_skip_building_tests': False, 'cmake_args': None, 'cmake_clean_cache': False, 'cmake_clean_first': False, 'cmake_force_configure': False, 'cmake_target': None, 'cmake_target_skip_unavailable': False, 'install_base': '/home/chri/CHRI_2025/Time_optimal_baseline/install/mpc_high', 'merge_install': False, 'path': '/home/chri/CHRI_2025/Time_optimal_baseline/src/mpc_high', 'symlink_install': False, 'test_result_base': None}
[0.378s] Level 5:colcon.colcon_core.verb:set package 'mpc_high_to' build argument 'cmake_args' from command line to 'None'
[0.378s] Level 5:colcon.colcon_core.verb:set package 'mpc_high_to' build argument 'cmake_target' from command line to 'None'
[0.378s] Level 5:colcon.colcon_core.verb:set package 'mpc_high_to' build argument 'cmake_target_skip_unavailable' from command line to 'False'
[0.378s] Level 5:colcon.colcon_core.verb:set package 'mpc_high_to' build argument 'cmake_clean_cache' from command line to 'False'
[0.378s] Level 5:colcon.colcon_core.verb:set package 'mpc_high_to' build argument 'cmake_clean_first' from command line to 'False'
[0.378s] Level 5:colcon.colcon_core.verb:set package 'mpc_high_to' build argument 'cmake_force_configure' from command line to 'False'
[0.378s] Level 5:colcon.colcon_core.verb:set package 'mpc_high_to' build argument 'ament_cmake_args' from command line to 'None'
[0.378s] Level 5:colcon.colcon_core.verb:set package 'mpc_high_to' build argument 'catkin_cmake_args' from command line to 'None'
[0.378s] Level 5:colcon.colcon_core.verb:set package 'mpc_high_to' build argument 'catkin_skip_building_tests' from command line to 'False'
[0.378s] DEBUG:colcon.colcon_core.verb:Building package 'mpc_high_to' with the following arguments: {'ament_cmake_args': None, 'build_base': '/home/chri/CHRI_2025/Time_optimal_baseline/build/mpc_high_to', 'catkin_cmake_args': None, 'catkin_skip_building_tests': False, 'cmake_args': None, 'cmake_clean_cache': False, 'cmake_clean_first': False, 'cmake_force_configure': False, 'cmake_target': None, 'cmake_target_skip_unavailable': False, 'install_base': '/home/chri/CHRI_2025/Time_optimal_baseline/install/mpc_high_to', 'merge_install': False, 'path': '/home/chri/CHRI_2025/Time_optimal_baseline/src/mpc_high_to', 'symlink_install': False, 'test_result_base': None}
[0.379s] Level 5:colcon.colcon_core.verb:set package 'mpc_low' build argument 'cmake_args' from command line to 'None'
[0.379s] Level 5:colcon.colcon_core.verb:set package 'mpc_low' build argument 'cmake_target' from command line to 'None'
[0.379s] Level 5:colcon.colcon_core.verb:set package 'mpc_low' build argument 'cmake_target_skip_unavailable' from command line to 'False'
[0.379s] Level 5:colcon.colcon_core.verb:set package 'mpc_low' build argument 'cmake_clean_cache' from command line to 'False'
[0.379s] Level 5:colcon.colcon_core.verb:set package 'mpc_low' build argument 'cmake_clean_first' from command line to 'False'
[0.379s] Level 5:colcon.colcon_core.verb:set package 'mpc_low' build argument 'cmake_force_configure' from command line to 'False'
[0.379s] Level 5:colcon.colcon_core.verb:set package 'mpc_low' build argument 'ament_cmake_args' from command line to 'None'
[0.379s] Level 5:colcon.colcon_core.verb:set package 'mpc_low' build argument 'catkin_cmake_args' from command line to 'None'
[0.379s] Level 5:colcon.colcon_core.verb:set package 'mpc_low' build argument 'catkin_skip_building_tests' from command line to 'False'
[0.379s] DEBUG:colcon.colcon_core.verb:Building package 'mpc_low' with the following arguments: {'ament_cmake_args': None, 'build_base': '/home/chri/CHRI_2025/Time_optimal_baseline/build/mpc_low', 'catkin_cmake_args': None, 'catkin_skip_building_tests': False, 'cmake_args': None, 'cmake_clean_cache': False, 'cmake_clean_first': False, 'cmake_force_configure': False, 'cmake_target': None, 'cmake_target_skip_unavailable': False, 'install_base': '/home/chri/CHRI_2025/Time_optimal_baseline/install/mpc_low', 'merge_install': False, 'path': '/home/chri/CHRI_2025/Time_optimal_baseline/src/mpc_low', 'symlink_install': False, 'test_result_base': None}
[0.379s] Level 5:colcon.colcon_core.verb:set package 'mppi_controller' build argument 'cmake_args' from command line to 'None'
[0.380s] Level 5:colcon.colcon_core.verb:set package 'mppi_controller' build argument 'cmake_target' from command line to 'None'
[0.380s] Level 5:colcon.colcon_core.verb:set package 'mppi_controller' build argument 'cmake_target_skip_unavailable' from command line to 'False'
[0.380s] Level 5:colcon.colcon_core.verb:set package 'mppi_controller' build argument 'cmake_clean_cache' from command line to 'False'
[0.380s] Level 5:colcon.colcon_core.verb:set package 'mppi_controller' build argument 'cmake_clean_first' from command line to 'False'
[0.380s] Level 5:colcon.colcon_core.verb:set package 'mppi_controller' build argument 'cmake_force_configure' from command line to 'False'
[0.380s] Level 5:colcon.colcon_core.verb:set package 'mppi_controller' build argument 'ament_cmake_args' from command line to 'None'
[0.380s] Level 5:colcon.colcon_core.verb:set package 'mppi_controller' build argument 'catkin_cmake_args' from command line to 'None'
[0.380s] Level 5:colcon.colcon_core.verb:set package 'mppi_controller' build argument 'catkin_skip_building_tests' from command line to 'False'
[0.380s] DEBUG:colcon.colcon_core.verb:Building package 'mppi_controller' with the following arguments: {'ament_cmake_args': None, 'build_base': '/home/chri/CHRI_2025/Time_optimal_baseline/build/mppi_controller', 'catkin_cmake_args': None, 'catkin_skip_building_tests': False, 'cmake_args': None, 'cmake_clean_cache': False, 'cmake_clean_first': False, 'cmake_force_configure': False, 'cmake_target': None, 'cmake_target_skip_unavailable': False, 'install_base': '/home/chri/CHRI_2025/Time_optimal_baseline/install/mppi_controller', 'merge_install': False, 'path': '/home/chri/CHRI_2025/Time_optimal_baseline/src/mppi_controller', 'symlink_install': False, 'test_result_base': None}
[0.380s] Level 5:colcon.colcon_core.verb:set package 'pb_ur5_sim' build argument 'cmake_args' from command line to 'None'
[0.380s] Level 5:colcon.colcon_core.verb:set package 'pb_ur5_sim' build argument 'cmake_target' from command line to 'None'
[0.380s] Level 5:colcon.colcon_core.verb:set package 'pb_ur5_sim' build argument 'cmake_target_skip_unavailable' from command line to 'False'
[0.381s] Level 5:colcon.colcon_core.verb:set package 'pb_ur5_sim' build argument 'cmake_clean_cache' from command line to 'False'
[0.381s] Level 5:colcon.colcon_core.verb:set package 'pb_ur5_sim' build argument 'cmake_clean_first' from command line to 'False'
[0.381s] Level 5:colcon.colcon_core.verb:set package 'pb_ur5_sim' build argument 'cmake_force_configure' from command line to 'False'
[0.381s] Level 5:colcon.colcon_core.verb:set package 'pb_ur5_sim' build argument 'ament_cmake_args' from command line to 'None'
[0.381s] Level 5:colcon.colcon_core.verb:set package 'pb_ur5_sim' build argument 'catkin_cmake_args' from command line to 'None'
[0.381s] Level 5:colcon.colcon_core.verb:set package 'pb_ur5_sim' build argument 'catkin_skip_building_tests' from command line to 'False'
[0.381s] DEBUG:colcon.colcon_core.verb:Building package 'pb_ur5_sim' with the following arguments: {'ament_cmake_args': None, 'build_base': '/home/chri/CHRI_2025/Time_optimal_baseline/build/pb_ur5_sim', 'catkin_cmake_args': None, 'catkin_skip_building_tests': False, 'cmake_args': None, 'cmake_clean_cache': False, 'cmake_clean_first': False, 'cmake_force_configure': False, 'cmake_target': None, 'cmake_target_skip_unavailable': False, 'install_base': '/home/chri/CHRI_2025/Time_optimal_baseline/install/pb_ur5_sim', 'merge_install': False, 'path': '/home/chri/CHRI_2025/Time_optimal_baseline/src/pb_ur5_sim', 'symlink_install': False, 'test_result_base': None}
[0.381s] Level 5:colcon.colcon_core.verb:set package 'sim_utils' build argument 'cmake_args' from command line to 'None'
[0.381s] Level 5:colcon.colcon_core.verb:set package 'sim_utils' build argument 'cmake_target' from command line to 'None'
[0.381s] Level 5:colcon.colcon_core.verb:set package 'sim_utils' build argument 'cmake_target_skip_unavailable' from command line to 'False'
[0.381s] Level 5:colcon.colcon_core.verb:set package 'sim_utils' build argument 'cmake_clean_cache' from command line to 'False'
[0.381s] Level 5:colcon.colcon_core.verb:set package 'sim_utils' build argument 'cmake_clean_first' from command line to 'False'
[0.381s] Level 5:colcon.colcon_core.verb:set package 'sim_utils' build argument 'cmake_force_configure' from command line to 'False'
[0.381s] Level 5:colcon.colcon_core.verb:set package 'sim_utils' build argument 'ament_cmake_args' from command line to 'None'
[0.382s] Level 5:colcon.colcon_core.verb:set package 'sim_utils' build argument 'catkin_cmake_args' from command line to 'None'
[0.382s] Level 5:colcon.colcon_core.verb:set package 'sim_utils' build argument 'catkin_skip_building_tests' from command line to 'False'
[0.382s] DEBUG:colcon.colcon_core.verb:Building package 'sim_utils' with the following arguments: {'ament_cmake_args': None, 'build_base': '/home/chri/CHRI_2025/Time_optimal_baseline/build/sim_utils', 'catkin_cmake_args': None, 'catkin_skip_building_tests': False, 'cmake_args': None, 'cmake_clean_cache': False, 'cmake_clean_first': False, 'cmake_force_configure': False, 'cmake_target': None, 'cmake_target_skip_unavailable': False, 'install_base': '/home/chri/CHRI_2025/Time_optimal_baseline/install/sim_utils', 'merge_install': False, 'path': '/home/chri/CHRI_2025/Time_optimal_baseline/src/sim_utils', 'symlink_install': False, 'test_result_base': None}
[0.382s] Level 5:colcon.colcon_core.verb:set package 'ur_ros2_driver' build argument 'cmake_args' from command line to 'None'
[0.382s] Level 5:colcon.colcon_core.verb:set package 'ur_ros2_driver' build argument 'cmake_target' from command line to 'None'
[0.382s] Level 5:colcon.colcon_core.verb:set package 'ur_ros2_driver' build argument 'cmake_target_skip_unavailable' from command line to 'False'
[0.382s] Level 5:colcon.colcon_core.verb:set package 'ur_ros2_driver' build argument 'cmake_clean_cache' from command line to 'False'
[0.382s] Level 5:colcon.colcon_core.verb:set package 'ur_ros2_driver' build argument 'cmake_clean_first' from command line to 'False'
[0.382s] Level 5:colcon.colcon_core.verb:set package 'ur_ros2_driver' build argument 'cmake_force_configure' from command line to 'False'
[0.382s] Level 5:colcon.colcon_core.verb:set package 'ur_ros2_driver' build argument 'ament_cmake_args' from command line to 'None'
[0.382s] Level 5:colcon.colcon_core.verb:set package 'ur_ros2_driver' build argument 'catkin_cmake_args' from command line to 'None'
[0.382s] Level 5:colcon.colcon_core.verb:set package 'ur_ros2_driver' build argument 'catkin_skip_building_tests' from command line to 'False'
[0.382s] DEBUG:colcon.colcon_core.verb:Building package 'ur_ros2_driver' with the following arguments: {'ament_cmake_args': None, 'build_base': '/home/chri/CHRI_2025/Time_optimal_baseline/build/ur_ros2_driver', 'catkin_cmake_args': None, 'catkin_skip_building_tests': False, 'cmake_args': None, 'cmake_clean_cache': False, 'cmake_clean_first': False, 'cmake_force_configure': False, 'cmake_target': None, 'cmake_target_skip_unavailable': False, 'install_base': '/home/chri/CHRI_2025/Time_optimal_baseline/install/ur_ros2_driver', 'merge_install': False, 'path': '/home/chri/CHRI_2025/Time_optimal_baseline/src/ur_ros2_driver/ur_ros2_driver', 'symlink_install': False, 'test_result_base': None}
[0.383s] INFO:colcon.colcon_core.executor:Executing jobs using 'parallel' executor
[0.384s] DEBUG:colcon.colcon_parallel_executor.executor.parallel:run_until_complete
[0.385s] INFO:colcon.colcon_ros.task.ament_cmake.build:Building ROS package in '/home/chri/CHRI_2025/Time_optimal_baseline/src/mpc_high' with build type 'ament_cmake'
[0.385s] INFO:colcon.colcon_cmake.task.cmake.build:Building CMake package in '/home/chri/CHRI_2025/Time_optimal_baseline/src/mpc_high'
[0.397s] INFO:colcon.colcon_core.plugin_system:Skipping extension 'colcon_core.shell.bat': Not used on non-Windows systems
[0.397s] INFO:colcon.colcon_core.shell:Skip shell extension 'powershell' for command environment: Not usable outside of PowerShell
[0.397s] DEBUG:colcon.colcon_core.shell:Skip shell extension 'dsv' for command environment
[0.403s] INFO:colcon.colcon_ros.task.ament_cmake.build:Building ROS package in '/home/chri/CHRI_2025/Time_optimal_baseline/src/mpc_high_to' with build type 'ament_cmake'
[0.403s] INFO:colcon.colcon_cmake.task.cmake.build:Building CMake package in '/home/chri/CHRI_2025/Time_optimal_baseline/src/mpc_high_to'
[0.403s] INFO:colcon.colcon_core.shell:Skip shell extension 'powershell' for command environment: Not usable outside of PowerShell
[0.403s] DEBUG:colcon.colcon_core.shell:Skip shell extension 'dsv' for command environment
[0.409s] INFO:colcon.colcon_ros.task.ament_cmake.build:Building ROS package in '/home/chri/CHRI_2025/Time_optimal_baseline/src/mpc_low' with build type 'ament_cmake'
[0.409s] INFO:colcon.colcon_cmake.task.cmake.build:Building CMake package in '/home/chri/CHRI_2025/Time_optimal_baseline/src/mpc_low'
[0.410s] INFO:colcon.colcon_core.shell:Skip shell extension 'powershell' for command environment: Not usable outside of PowerShell
[0.410s] DEBUG:colcon.colcon_core.shell:Skip shell extension 'dsv' for command environment
[0.416s] INFO:colcon.colcon_ros.task.ament_python.build:Building ROS package in '/home/chri/CHRI_2025/Time_optimal_baseline/src/mppi_controller' with build type 'ament_python'
[0.416s] Level 1:colcon.colcon_core.shell:create_environment_hook('mppi_controller', 'ament_prefix_path')
[0.417s] INFO:colcon.colcon_core.shell:Creating environment hook '/home/chri/CHRI_2025/Time_optimal_baseline/install/mppi_controller/share/mppi_controller/hook/ament_prefix_path.ps1'
[0.418s] INFO:colcon.colcon_core.shell:Creating environment descriptor '/home/chri/CHRI_2025/Time_optimal_baseline/install/mppi_controller/share/mppi_controller/hook/ament_prefix_path.dsv'
[0.418s] INFO:colcon.colcon_core.shell:Creating environment hook '/home/chri/CHRI_2025/Time_optimal_baseline/install/mppi_controller/share/mppi_controller/hook/ament_prefix_path.sh'
[0.419s] INFO:colcon.colcon_core.shell:Skip shell extension 'powershell' for command environment: Not usable outside of PowerShell
[0.420s] DEBUG:colcon.colcon_core.shell:Skip shell extension 'dsv' for command environment
[0.425s] INFO:colcon.colcon_ros.task.ament_python.build:Building ROS package in '/home/chri/CHRI_2025/Time_optimal_baseline/src/pb_ur5_sim' with build type 'ament_python'
[0.425s] Level 1:colcon.colcon_core.shell:create_environment_hook('pb_ur5_sim', 'ament_prefix_path')
[0.426s] INFO:colcon.colcon_core.shell:Creating environment hook '/home/chri/CHRI_2025/Time_optimal_baseline/install/pb_ur5_sim/share/pb_ur5_sim/hook/ament_prefix_path.ps1'
[0.426s] INFO:colcon.colcon_core.shell:Creating environment descriptor '/home/chri/CHRI_2025/Time_optimal_baseline/install/pb_ur5_sim/share/pb_ur5_sim/hook/ament_prefix_path.dsv'
[0.427s] INFO:colcon.colcon_core.shell:Creating environment hook '/home/chri/CHRI_2025/Time_optimal_baseline/install/pb_ur5_sim/share/pb_ur5_sim/hook/ament_prefix_path.sh'
[0.428s] INFO:colcon.colcon_core.shell:Skip shell extension 'powershell' for command environment: Not usable outside of PowerShell
[0.428s] DEBUG:colcon.colcon_core.shell:Skip shell extension 'dsv' for command environment
[0.433s] INFO:colcon.colcon_ros.task.ament_python.build:Building ROS package in '/home/chri/CHRI_2025/Time_optimal_baseline/src/sim_utils' with build type 'ament_python'
[0.433s] Level 1:colcon.colcon_core.shell:create_environment_hook('sim_utils', 'ament_prefix_path')
[0.433s] INFO:colcon.colcon_core.shell:Creating environment hook '/home/chri/CHRI_2025/Time_optimal_baseline/install/sim_utils/share/sim_utils/hook/ament_prefix_path.ps1'
[0.434s] INFO:colcon.colcon_core.shell:Creating environment descriptor '/home/chri/CHRI_2025/Time_optimal_baseline/install/sim_utils/share/sim_utils/hook/ament_prefix_path.dsv'
[0.435s] INFO:colcon.colcon_core.shell:Creating environment hook '/home/chri/CHRI_2025/Time_optimal_baseline/install/sim_utils/share/sim_utils/hook/ament_prefix_path.sh'
[0.436s] INFO:colcon.colcon_core.shell:Skip shell extension 'powershell' for command environment: Not usable outside of PowerShell
[0.436s] DEBUG:colcon.colcon_core.shell:Skip shell extension 'dsv' for command environment
[0.441s] INFO:colcon.colcon_ros.task.ament_cmake.build:Building ROS package in '/home/chri/CHRI_2025/Time_optimal_baseline/src/ur_ros2_driver/ur_ros2_driver' with build type 'ament_cmake'
[0.441s] INFO:colcon.colcon_cmake.task.cmake.build:Building CMake package in '/home/chri/CHRI_2025/Time_optimal_baseline/src/ur_ros2_driver/ur_ros2_driver'
[0.442s] INFO:colcon.colcon_core.shell:Skip shell extension 'powershell' for command environment: Not usable outside of PowerShell
[0.442s] DEBUG:colcon.colcon_core.shell:Skip shell extension 'dsv' for command environment
[0.456s] DEBUG:colcon.colcon_core.event_handler.log_command:Invoking command in '/home/chri/CHRI_2025/Time_optimal_baseline/build/mpc_high': CMAKE_PREFIX_PATH=${CMAKE_PREFIX_PATH}:/home/chri/CHRI_2025/Time_optimal_baseline/install/sim_utils:/home/chri/CHRI_2025/Time_optimal_baseline/install/pb_ur5_sim:/home/chri/CHRI_2025/Time_optimal_baseline/install/mppi_controller:/opt/ros/humble /usr/bin/cmake --build /home/chri/CHRI_2025/Time_optimal_baseline/build/mpc_high -- -j16 -l16
[0.460s] DEBUG:colcon.colcon_core.event_handler.log_command:Invoking command in '/home/chri/CHRI_2025/Time_optimal_baseline/build/mpc_high_to': CMAKE_PREFIX_PATH=${CMAKE_PREFIX_PATH}:/home/chri/CHRI_2025/Time_optimal_baseline/install/sim_utils:/home/chri/CHRI_2025/Time_optimal_baseline/install/pb_ur5_sim:/home/chri/CHRI_2025/Time_optimal_baseline/install/mppi_controller:/opt/ros/humble /usr/bin/cmake --build /home/chri/CHRI_2025/Time_optimal_baseline/build/mpc_high_to -- -j16 -l16
[0.465s] DEBUG:colcon.colcon_core.event_handler.log_command:Invoking command in '/home/chri/CHRI_2025/Time_optimal_baseline/build/mpc_low': CMAKE_PREFIX_PATH=${CMAKE_PREFIX_PATH}:/home/chri/CHRI_2025/Time_optimal_baseline/install/sim_utils:/home/chri/CHRI_2025/Time_optimal_baseline/install/pb_ur5_sim:/home/chri/CHRI_2025/Time_optimal_baseline/install/mppi_controller:/opt/ros/humble /usr/bin/cmake --build /home/chri/CHRI_2025/Time_optimal_baseline/build/mpc_low -- -j16 -l16
[0.808s] INFO:colcon.colcon_core.task.python.build:Building Python package in '/home/chri/CHRI_2025/Time_optimal_baseline/src/mppi_controller'
[0.809s] INFO:colcon.colcon_core.shell:Skip shell extension 'powershell' for command environment: Not usable outside of PowerShell
[0.809s] DEBUG:colcon.colcon_core.shell:Skip shell extension 'dsv' for command environment
[1.156s] INFO:colcon.colcon_core.task.python.build:Building Python package in '/home/chri/CHRI_2025/Time_optimal_baseline/src/pb_ur5_sim'
[1.157s] INFO:colcon.colcon_core.shell:Skip shell extension 'powershell' for command environment: Not usable outside of PowerShell
[1.157s] DEBUG:colcon.colcon_core.shell:Skip shell extension 'dsv' for command environment
[1.354s] DEBUG:colcon.colcon_parallel_executor.executor.parallel:run_until_complete was interrupted
[1.354s] DEBUG:colcon.colcon_parallel_executor.executor.parallel:run_until_complete again
[1.376s] DEBUG:colcon.colcon_parallel_executor.executor.parallel:run_until_complete finished
[1.376s] DEBUG:colcon.colcon_parallel_executor.executor.parallel:closing loop
[1.376s] DEBUG:colcon.colcon_parallel_executor.executor.parallel:loop closed
[1.376s] DEBUG:colcon.colcon_core.event_reactor:joining thread
[1.384s] INFO:colcon.colcon_core.plugin_system:Skipping extension 'colcon_notification.desktop_notification.terminal_notifier': Not used on non-Darwin systems
[1.384s] INFO:colcon.colcon_core.plugin_system:Skipping extension 'colcon_notification.desktop_notification.win32': Not used on non-Windows systems
[1.385s] INFO:colcon.colcon_notification.desktop_notification:Sending desktop notification using 'notify2'
[1.410s] DEBUG:colcon.colcon_core.event_reactor:joined thread
[1.411s] INFO:colcon.colcon_core.shell:Creating prefix script '/home/chri/CHRI_2025/Time_optimal_baseline/install/local_setup.ps1'
[1.415s] INFO:colcon.colcon_core.shell:Creating prefix util module '/home/chri/CHRI_2025/Time_optimal_baseline/install/_local_setup_util_ps1.py'
[1.422s] INFO:colcon.colcon_core.shell:Creating prefix chain script '/home/chri/CHRI_2025/Time_optimal_baseline/install/setup.ps1'
[1.428s] INFO:colcon.colcon_core.shell:Creating prefix script '/home/chri/CHRI_2025/Time_optimal_baseline/install/local_setup.sh'
[1.430s] INFO:colcon.colcon_core.shell:Creating prefix util module '/home/chri/CHRI_2025/Time_optimal_baseline/install/_local_setup_util_sh.py'
[1.433s] INFO:colcon.colcon_core.shell:Creating prefix chain script '/home/chri/CHRI_2025/Time_optimal_baseline/install/setup.sh'
[1.438s] INFO:colcon.colcon_core.shell:Creating prefix script '/home/chri/CHRI_2025/Time_optimal_baseline/install/local_setup.bash'
[1.441s] INFO:colcon.colcon_core.shell:Creating prefix chain script '/home/chri/CHRI_2025/Time_optimal_baseline/install/setup.bash'
[1.445s] INFO:colcon.colcon_core.shell:Creating prefix script '/home/chri/CHRI_2025/Time_optimal_baseline/install/local_setup.zsh'
[1.447s] INFO:colcon.colcon_core.shell:Creating prefix chain script '/home/chri/CHRI_2025/Time_optimal_baseline/install/setup.zsh'
