[1.184s] Invoking command in '/home/chri/CHRI_2025/Time_optimal_baseline/build/ur_ros2_driver': CMAKE_PREFIX_PATH=${CMAKE_PREFIX_PATH}:/home/chri/CHRI_2025/Time_optimal_baseline/install/sim_utils:/home/chri/CHRI_2025/Time_optimal_baseline/install/pb_ur5_sim:/home/chri/CHRI_2025/Time_optimal_baseline/install/mppi_controller:/opt/ros/humble /usr/bin/cmake /home/chri/CHRI_2025/Time_optimal_baseline/src/ur_ros2_driver/ur_ros2_driver -DCMAKE_INSTALL_PREFIX=/home/chri/CHRI_2025/Time_optimal_baseline/install/ur_ros2_driver
[1.365s] -- The C compiler identification is GNU 11.4.0
[1.522s] -- The CXX compiler identification is GNU 11.4.0
[1.549s] -- Detecting C compiler ABI info
[1.667s] -- Detecting C compiler ABI info - done
[1.683s] -- Check for working C compiler: /usr/bin/cc - skipped
[1.683s] -- Detecting C compile features
[1.684s] -- Detecting C compile features - done
[1.690s] -- Detecting CXX compiler ABI info
[1.810s] -- Detecting CXX compiler ABI info - done
[1.833s] -- Check for working CXX compiler: /usr/bin/c++ - skipped
[1.833s] -- Detecting CXX compile features
[1.834s] -- Detecting CXX compile features - done
[1.873s] -- Found ament_cmake: 1.3.11 (/opt/ros/humble/share/ament_cmake/cmake)
[2.563s] -- Found Python3: /usr/bin/python3 (found version "3.10.12") found components: Interpreter 
[2.871s] -- Found rclcpp: 16.0.12 (/opt/ros/humble/share/rclcpp/cmake)
[3.271s] -- Found rosidl_generator_c: 3.1.6 (/opt/ros/humble/share/rosidl_generator_c/cmake)
[3.372s] -- Found rosidl_adapter: 3.1.6 (/opt/ros/humble/share/rosidl_adapter/cmake)
[3.419s] -- Found rosidl_generator_cpp: 3.1.6 (/opt/ros/humble/share/rosidl_generator_cpp/cmake)
[3.536s] -- Using all available rosidl_typesupport_c: rosidl_typesupport_fastrtps_c;rosidl_typesupport_introspection_c
[3.606s] -- Using all available rosidl_typesupport_cpp: rosidl_typesupport_fastrtps_cpp;rosidl_typesupport_introspection_cpp
[3.742s] -- Found rmw_implementation_cmake: 6.1.2 (/opt/ros/humble/share/rmw_implementation_cmake/cmake)
[3.748s] -- Found rmw_fastrtps_cpp: 6.2.7 (/opt/ros/humble/share/rmw_fastrtps_cpp/cmake)
[3.986s] -- Found OpenSSL: /usr/lib/x86_64-linux-gnu/libcrypto.so (found version "3.0.2")  
[4.067s] -- Found FastRTPS: /opt/ros/humble/include  
[4.160s] -- Using RMW implementation 'rmw_fastrtps_cpp' as default
[4.205s] -- Looking for pthread.h
[4.329s] -- Looking for pthread.h - found
[4.330s] -- Performing Test CMAKE_HAVE_LIBC_PTHREAD
[4.448s] -- Performing Test CMAKE_HAVE_LIBC_PTHREAD - Success
[4.450s] -- Found Threads: TRUE  
[4.602s] -- Found sensor_msgs: 4.8.0 (/opt/ros/humble/share/sensor_msgs/cmake)
[4.685s] -- Found hardware_interface: 2.50.0 (/opt/ros/humble/share/hardware_interface/cmake)
[5.032s] -- Found controller_manager: 2.50.0 (/opt/ros/humble/share/controller_manager/cmake)
[5.377s] -- Found tf2: 0.25.12 (/opt/ros/humble/share/tf2/cmake)
[5.447s] -- Found ament_lint_auto: 0.12.12 (/opt/ros/humble/share/ament_lint_auto/cmake)
[5.619s] -- Added test 'cppcheck' to perform static code analysis on C / C++ code
[5.620s] -- Configured cppcheck include dirs: /home/chri/CHRI_2025/Time_optimal_baseline/src/ur_ros2_driver/ur_ros2_driver/include
[5.620s] -- Configured cppcheck exclude dirs and/or files: 
[5.623s] -- Added test 'lint_cmake' to check CMake code style
[5.627s] -- Added test 'uncrustify' to check C / C++ code style
[5.627s] -- Configured uncrustify additional arguments: 
[5.629s] -- Added test 'xmllint' to check XML markup files
[5.633s] -- Configuring done
[5.967s] -- Generating done
[5.982s] -- Build files have been written to: /home/chri/CHRI_2025/Time_optimal_baseline/build/ur_ros2_driver
[6.004s] Invoked command in '/home/chri/CHRI_2025/Time_optimal_baseline/build/ur_ros2_driver' returned '0': CMAKE_PREFIX_PATH=${CMAKE_PREFIX_PATH}:/home/chri/CHRI_2025/Time_optimal_baseline/install/sim_utils:/home/chri/CHRI_2025/Time_optimal_baseline/install/pb_ur5_sim:/home/chri/CHRI_2025/Time_optimal_baseline/install/mppi_controller:/opt/ros/humble /usr/bin/cmake /home/chri/CHRI_2025/Time_optimal_baseline/src/ur_ros2_driver/ur_ros2_driver -DCMAKE_INSTALL_PREFIX=/home/chri/CHRI_2025/Time_optimal_baseline/install/ur_ros2_driver
[6.008s] Invoking command in '/home/chri/CHRI_2025/Time_optimal_baseline/build/ur_ros2_driver': CMAKE_PREFIX_PATH=${CMAKE_PREFIX_PATH}:/home/chri/CHRI_2025/Time_optimal_baseline/install/sim_utils:/home/chri/CHRI_2025/Time_optimal_baseline/install/pb_ur5_sim:/home/chri/CHRI_2025/Time_optimal_baseline/install/mppi_controller:/opt/ros/humble /usr/bin/cmake --build /home/chri/CHRI_2025/Time_optimal_baseline/build/ur_ros2_driver -- -j16 -l16
[6.088s] [ 14%] [32mBuilding CXX object CMakeFiles/ur_driver.dir/src/ur_realtime_communication.cpp.o[0m
[6.088s] [ 28%] [32mBuilding CXX object CMakeFiles/ur_driver.dir/src/ur_communication.cpp.o[0m
[6.088s] [ 42%] [32mBuilding CXX object CMakeFiles/ur_driver.dir/src/ur_velocity_controller.cpp.o[0m
[6.088s] [ 57%] [32mBuilding CXX object CMakeFiles/ur_driver.dir/src/robot_state_RT.cpp.o[0m
[6.089s] [ 71%] [32mBuilding CXX object CMakeFiles/ur_driver.dir/src/robot_state.cpp.o[0m
[6.089s] [ 85%] [32mBuilding CXX object CMakeFiles/ur_driver.dir/src/do_output.cpp.o[0m
[6.690s] [01m[K/home/chri/CHRI_2025/Time_optimal_baseline/src/ur_ros2_driver/ur_ros2_driver/src/ur_realtime_communication.cpp:[m[K In member function ‘[01m[Kvoid UrRealtimeCommunication::addCommandToQueue(std::string)[m[K’:
[6.690s] [01m[K/home/chri/CHRI_2025/Time_optimal_baseline/src/ur_ros2_driver/ur_ros2_driver/src/ur_realtime_communication.cpp:88:13:[m[K [01;35m[Kwarning: [m[Kvariable ‘[01m[Kbytes_written[m[K’ set but not used [[01;35m[K]8;;https://gcc.gnu.org/onlinedocs/gcc/Warning-Options.html#index-Wunused-but-set-variable-Wunused-but-set-variable]8;;[m[K]
[6.690s]    88 |         int [01;35m[Kbytes_written[m[K;
[6.690s]       |             [01;35m[K^~~~~~~~~~~~~[m[K
[9.245s] [01m[K/home/chri/CHRI_2025/Time_optimal_baseline/src/ur_ros2_driver/ur_ros2_driver/src/ur_velocity_controller.cpp:[m[K In function ‘[01m[Kint main(int, char**)[m[K’:
[9.245s] [01m[K/home/chri/CHRI_2025/Time_optimal_baseline/src/ur_ros2_driver/ur_ros2_driver/src/ur_velocity_controller.cpp:134:14:[m[K [01;35m[Kwarning: [m[Kunused variable ‘[01m[Kuse_sim_time[m[K’ [[01;35m[K]8;;https://gcc.gnu.org/onlinedocs/gcc/Warning-Options.html#index-Wunused-variable-Wunused-variable]8;;[m[K]
[9.245s]   134 |         bool [01;35m[Kuse_sim_time[m[K = false;
[9.245s]       |              [01;35m[K^~~~~~~~~~~~[m[K
[20.598s] [100%] [32m[1mLinking CXX executable ur_driver[0m
[21.939s] [100%] Built target ur_driver
[21.955s] Invoked command in '/home/chri/CHRI_2025/Time_optimal_baseline/build/ur_ros2_driver' returned '0': CMAKE_PREFIX_PATH=${CMAKE_PREFIX_PATH}:/home/chri/CHRI_2025/Time_optimal_baseline/install/sim_utils:/home/chri/CHRI_2025/Time_optimal_baseline/install/pb_ur5_sim:/home/chri/CHRI_2025/Time_optimal_baseline/install/mppi_controller:/opt/ros/humble /usr/bin/cmake --build /home/chri/CHRI_2025/Time_optimal_baseline/build/ur_ros2_driver -- -j16 -l16
[21.957s] Invoking command in '/home/chri/CHRI_2025/Time_optimal_baseline/build/ur_ros2_driver': CMAKE_PREFIX_PATH=${CMAKE_PREFIX_PATH}:/home/chri/CHRI_2025/Time_optimal_baseline/install/sim_utils:/home/chri/CHRI_2025/Time_optimal_baseline/install/pb_ur5_sim:/home/chri/CHRI_2025/Time_optimal_baseline/install/mppi_controller:/opt/ros/humble /usr/bin/cmake --install /home/chri/CHRI_2025/Time_optimal_baseline/build/ur_ros2_driver
[21.967s] -- Install configuration: ""
[21.968s] -- Installing: /home/chri/CHRI_2025/Time_optimal_baseline/install/ur_ros2_driver/lib/ur_ros2_driver/ur_driver
[21.975s] -- Set runtime path of "/home/chri/CHRI_2025/Time_optimal_baseline/install/ur_ros2_driver/lib/ur_ros2_driver/ur_driver" to ""
[21.975s] -- Installing: /home/chri/CHRI_2025/Time_optimal_baseline/install/ur_ros2_driver/share/ament_index/resource_index/package_run_dependencies/ur_ros2_driver
[21.976s] -- Installing: /home/chri/CHRI_2025/Time_optimal_baseline/install/ur_ros2_driver/share/ament_index/resource_index/parent_prefix_path/ur_ros2_driver
[21.976s] -- Installing: /home/chri/CHRI_2025/Time_optimal_baseline/install/ur_ros2_driver/share/ur_ros2_driver/environment/ament_prefix_path.sh
[21.976s] -- Installing: /home/chri/CHRI_2025/Time_optimal_baseline/install/ur_ros2_driver/share/ur_ros2_driver/environment/ament_prefix_path.dsv
[21.976s] -- Installing: /home/chri/CHRI_2025/Time_optimal_baseline/install/ur_ros2_driver/share/ur_ros2_driver/environment/path.sh
[21.976s] -- Installing: /home/chri/CHRI_2025/Time_optimal_baseline/install/ur_ros2_driver/share/ur_ros2_driver/environment/path.dsv
[21.977s] -- Installing: /home/chri/CHRI_2025/Time_optimal_baseline/install/ur_ros2_driver/share/ur_ros2_driver/local_setup.bash
[21.977s] -- Installing: /home/chri/CHRI_2025/Time_optimal_baseline/install/ur_ros2_driver/share/ur_ros2_driver/local_setup.sh
[21.977s] -- Installing: /home/chri/CHRI_2025/Time_optimal_baseline/install/ur_ros2_driver/share/ur_ros2_driver/local_setup.zsh
[21.977s] -- Installing: /home/chri/CHRI_2025/Time_optimal_baseline/install/ur_ros2_driver/share/ur_ros2_driver/local_setup.dsv
[21.977s] -- Installing: /home/chri/CHRI_2025/Time_optimal_baseline/install/ur_ros2_driver/share/ur_ros2_driver/package.dsv
[21.978s] -- Installing: /home/chri/CHRI_2025/Time_optimal_baseline/install/ur_ros2_driver/share/ament_index/resource_index/packages/ur_ros2_driver
[21.978s] -- Installing: /home/chri/CHRI_2025/Time_optimal_baseline/install/ur_ros2_driver/share/ur_ros2_driver/cmake/ur_ros2_driverConfig.cmake
[21.978s] -- Installing: /home/chri/CHRI_2025/Time_optimal_baseline/install/ur_ros2_driver/share/ur_ros2_driver/cmake/ur_ros2_driverConfig-version.cmake
[21.978s] -- Installing: /home/chri/CHRI_2025/Time_optimal_baseline/install/ur_ros2_driver/share/ur_ros2_driver/package.xml
[21.982s] Invoked command in '/home/chri/CHRI_2025/Time_optimal_baseline/build/ur_ros2_driver' returned '0': CMAKE_PREFIX_PATH=${CMAKE_PREFIX_PATH}:/home/chri/CHRI_2025/Time_optimal_baseline/install/sim_utils:/home/chri/CHRI_2025/Time_optimal_baseline/install/pb_ur5_sim:/home/chri/CHRI_2025/Time_optimal_baseline/install/mppi_controller:/opt/ros/humble /usr/bin/cmake --install /home/chri/CHRI_2025/Time_optimal_baseline/build/ur_ros2_driver
