-- Found ament_cmake: 1.3.11 (/opt/ros/humble/share/ament_cmake/cmake)
-- Override CMake install command with custom implementation using symlinks instead of copying resources
-- Found rclcpp: 16.0.12 (/opt/ros/humble/share/rclcpp/cmake)
-- Found rosidl_generator_c: 3.1.6 (/opt/ros/humble/share/rosidl_generator_c/cmake)
-- Found rosidl_adapter: 3.1.6 (/opt/ros/humble/share/rosidl_adapter/cmake)
-- Found rosidl_generator_cpp: 3.1.6 (/opt/ros/humble/share/rosidl_generator_cpp/cmake)
-- Using all available rosidl_typesupport_c: rosidl_typesupport_fastrtps_c;rosidl_typesupport_introspection_c
-- Using all available rosidl_typesupport_cpp: rosidl_typesupport_fastrtps_cpp;rosidl_typesupport_introspection_cpp
-- Found rmw_implementation_cmake: 6.1.2 (/opt/ros/humble/share/rmw_implementation_cmake/cmake)
-- Found rmw_fastrtps_cpp: 6.2.7 (/opt/ros/humble/share/rmw_fastrtps_cpp/cmake)
-- Using RMW implementation 'rmw_fastrtps_cpp' as default
-- Found sensor_msgs: 4.8.0 (/opt/ros/humble/share/sensor_msgs/cmake)
-- Target my_node_cpp built successfully
-- Found ament_lint_auto: 0.12.12 (/opt/ros/humble/share/ament_lint_auto/cmake)
-- Added test 'cppcheck' to perform static code analysis on C / C++ code
-- Configured cppcheck include dirs: /home/chri/CHRI_2025/Time_optimal_baseline/src/mpc_high/include;/home/chri/CHRI_2025/Time_optimal_baseline/src/mpc_high/include/acados;/home/chri/CHRI_2025/Time_optimal_baseline/src/mpc_high/include/acados_c;/home/chri/CHRI_2025/Time_optimal_baseline/src/mpc_high/include/blasfeo/include;/home/chri/CHRI_2025/Time_optimal_baseline/src/mpc_high/include/hpipm/include;/home/chri/CHRI_2025/Time_optimal_baseline/src/mpc_high/solver_high/
-- Configured cppcheck exclude dirs and/or files: 
-- Added test 'lint_cmake' to check CMake code style
-- Added test 'uncrustify' to check C / C++ code style
-- Configured uncrustify additional arguments: 
-- Added test 'xmllint' to check XML markup files
-- Configuring done
-- Generating done
-- Build files have been written to: /home/chri/CHRI_2025/Time_optimal_baseline/build/mpc_high
[35m[1mConsolidate compiler generated dependencies of target high_solver[0m
[  9%] [32mBuilding CXX object CMakeFiles/high_solver.dir/src/high_solver1.cpp.o[0m
[ 18%] [32mBuilding C object CMakeFiles/high_solver.dir/solver_high/acados_sim_solver_UR5.c.o[0m
[ 27%] [32mBuilding C object CMakeFiles/high_solver.dir/solver_high/UR5_model/UR5_expl_ode_fun.c.o[0m
[ 36%] [32mBuilding C object CMakeFiles/high_solver.dir/solver_high/UR5_model/UR5_expl_vde_adj.c.o[0m
[ 45%] [32mBuilding C object CMakeFiles/high_solver.dir/solver_high/UR5_constraints/UR5_constr_h_fun_jac_uxt_zt.c.o[0m
[ 54%] [32mBuilding CXX object CMakeFiles/high_solver.dir/src/kinematics_functions.cpp.o[0m
[ 63%] [32mBuilding C object CMakeFiles/high_solver.dir/solver_high/UR5_model/UR5_expl_vde_forw.c.o[0m
[ 72%] [32mBuilding C object CMakeFiles/high_solver.dir/solver_high/UR5_constraints/UR5_constr_h_fun.c.o[0m
[ 81%] [32mBuilding CXX object CMakeFiles/high_solver.dir/solver_high/acados_solver_holder.cpp.o[0m
[ 90%] [32mBuilding C object CMakeFiles/high_solver.dir/solver_high/acados_solver_UR5.c.o[0m
