/home/chri/.local/lib/python3.10/site-packages/setuptools/_distutils/dist.py:289: UserWarning: Unknown distribution option: 'tests_require'
  warnings.warn(msg)
running egg_info
creating ../../build/mppi_controller/mppi_controller.egg-info
writing ../../build/mppi_controller/mppi_controller.egg-info/PKG-INFO
writing dependency_links to ../../build/mppi_controller/mppi_controller.egg-info/dependency_links.txt
writing entry points to ../../build/mppi_controller/mppi_controller.egg-info/entry_points.txt
writing requirements to ../../build/mppi_controller/mppi_controller.egg-info/requires.txt
writing top-level names to ../../build/mppi_controller/mppi_controller.egg-info/top_level.txt
writing manifest file '../../build/mppi_controller/mppi_controller.egg-info/SOURCES.txt'
reading manifest file '../../build/mppi_controller/mppi_controller.egg-info/SOURCES.txt'
adding license file 'LICENSE'
writing manifest file '../../build/mppi_controller/mppi_controller.egg-info/SOURCES.txt'
running build
running build_py
creating /home/chri/CHRI_2025/Time_optimal_baseline/build/mppi_controller/build/lib/mppi_controller
copying mppi_controller/main.py -> /home/chri/CHRI_2025/Time_optimal_baseline/build/mppi_controller/build/lib/mppi_controller
copying mppi_controller/mppi_utils.py -> /home/chri/CHRI_2025/Time_optimal_baseline/build/mppi_controller/build/lib/mppi_controller
copying mppi_controller/mppi.py -> /home/chri/CHRI_2025/Time_optimal_baseline/build/mppi_controller/build/lib/mppi_controller
copying mppi_controller/__init__.py -> /home/chri/CHRI_2025/Time_optimal_baseline/build/mppi_controller/build/lib/mppi_controller
running install
running install_lib
creating /home/chri/CHRI_2025/Time_optimal_baseline/install/mppi_controller/lib/python3.10/site-packages/mppi_controller
copying /home/chri/CHRI_2025/Time_optimal_baseline/build/mppi_controller/build/lib/mppi_controller/main.py -> /home/chri/CHRI_2025/Time_optimal_baseline/install/mppi_controller/lib/python3.10/site-packages/mppi_controller
copying /home/chri/CHRI_2025/Time_optimal_baseline/build/mppi_controller/build/lib/mppi_controller/mppi_utils.py -> /home/chri/CHRI_2025/Time_optimal_baseline/install/mppi_controller/lib/python3.10/site-packages/mppi_controller
copying /home/chri/CHRI_2025/Time_optimal_baseline/build/mppi_controller/build/lib/mppi_controller/mppi.py -> /home/chri/CHRI_2025/Time_optimal_baseline/install/mppi_controller/lib/python3.10/site-packages/mppi_controller
copying /home/chri/CHRI_2025/Time_optimal_baseline/build/mppi_controller/build/lib/mppi_controller/__init__.py -> /home/chri/CHRI_2025/Time_optimal_baseline/install/mppi_controller/lib/python3.10/site-packages/mppi_controller
byte-compiling /home/chri/CHRI_2025/Time_optimal_baseline/install/mppi_controller/lib/python3.10/site-packages/mppi_controller/main.py to main.cpython-310.pyc
byte-compiling /home/chri/CHRI_2025/Time_optimal_baseline/install/mppi_controller/lib/python3.10/site-packages/mppi_controller/mppi_utils.py to mppi_utils.cpython-310.pyc
byte-compiling /home/chri/CHRI_2025/Time_optimal_baseline/install/mppi_controller/lib/python3.10/site-packages/mppi_controller/mppi.py to mppi.cpython-310.pyc
byte-compiling /home/chri/CHRI_2025/Time_optimal_baseline/install/mppi_controller/lib/python3.10/site-packages/mppi_controller/__init__.py to __init__.cpython-310.pyc
running install_data
creating /home/chri/CHRI_2025/Time_optimal_baseline/install/mppi_controller/share/ament_index/resource_index/packages
copying resource/mppi_controller -> /home/chri/CHRI_2025/Time_optimal_baseline/install/mppi_controller/share/ament_index/resource_index/packages
copying package.xml -> /home/chri/CHRI_2025/Time_optimal_baseline/install/mppi_controller/share/mppi_controller
running install_egg_info
Copying ../../build/mppi_controller/mppi_controller.egg-info to /home/chri/CHRI_2025/Time_optimal_baseline/install/mppi_controller/lib/python3.10/site-packages/mppi_controller-0.0.0-py3.10.egg-info
running install_scripts
Installing mppi_controller script to /home/chri/CHRI_2025/Time_optimal_baseline/install/mppi_controller/lib/mppi_controller
writing list of installed files to '/home/chri/CHRI_2025/Time_optimal_baseline/build/mppi_controller/install.log'
