-- The C compiler identification is GNU 11.4.0
-- The CXX compiler identification is GNU 11.4.0
-- Detecting C compiler ABI info
-- Detecting C compiler ABI info - done
-- Check for working C compiler: /usr/bin/cc - skipped
-- Detecting C compile features
-- Detecting C compile features - done
-- Detecting CXX compiler ABI info
-- Detecting CXX compiler ABI info - done
-- Check for working CXX compiler: /usr/bin/c++ - skipped
-- Detecting CXX compile features
-- Detecting CXX compile features - done
-- Found ament_cmake: 1.3.11 (/opt/ros/humble/share/ament_cmake/cmake)
-- Found Python3: /usr/bin/python3 (found version "3.10.12") found components: Interpreter 
-- Found rclcpp: 16.0.12 (/opt/ros/humble/share/rclcpp/cmake)
-- Found rosidl_generator_c: 3.1.6 (/opt/ros/humble/share/rosidl_generator_c/cmake)
-- Found rosidl_adapter: 3.1.6 (/opt/ros/humble/share/rosidl_adapter/cmake)
-- Found rosidl_generator_cpp: 3.1.6 (/opt/ros/humble/share/rosidl_generator_cpp/cmake)
-- Using all available rosidl_typesupport_c: rosidl_typesupport_fastrtps_c;rosidl_typesupport_introspection_c
-- Using all available rosidl_typesupport_cpp: rosidl_typesupport_fastrtps_cpp;rosidl_typesupport_introspection_cpp
-- Found rmw_implementation_cmake: 6.1.2 (/opt/ros/humble/share/rmw_implementation_cmake/cmake)
-- Found rmw_fastrtps_cpp: 6.2.7 (/opt/ros/humble/share/rmw_fastrtps_cpp/cmake)
-- Found OpenSSL: /usr/lib/x86_64-linux-gnu/libcrypto.so (found version "3.0.2")  
-- Found FastRTPS: /opt/ros/humble/include  
-- Using RMW implementation 'rmw_fastrtps_cpp' as default
-- Looking for pthread.h
-- Looking for pthread.h - found
-- Performing Test CMAKE_HAVE_LIBC_PTHREAD
-- Performing Test CMAKE_HAVE_LIBC_PTHREAD - Success
-- Found Threads: TRUE  
-- Found sensor_msgs: 4.8.0 (/opt/ros/humble/share/sensor_msgs/cmake)
-- Target my_node_cpp built successfully
-- Found ament_lint_auto: 0.12.12 (/opt/ros/humble/share/ament_lint_auto/cmake)
-- Added test 'cppcheck' to perform static code analysis on C / C++ code
-- Configured cppcheck include dirs: 
-- Configured cppcheck exclude dirs and/or files: 
-- Added test 'lint_cmake' to check CMake code style
-- Added test 'uncrustify' to check C / C++ code style
-- Configured uncrustify additional arguments: 
-- Added test 'xmllint' to check XML markup files
-- Configuring done
-- Generating done
-- Build files have been written to: /home/chri/CHRI_2025/UR5_pyBullet+acados/src/build/mpc_low
[  9%] [32mBuilding CXX object CMakeFiles/low_solver.dir/src/low_solver.cpp.o[0m
[ 18%] [32mBuilding C object CMakeFiles/low_solver.dir/solver_low/UR5_model/UR5_expl_vde_forw.c.o[0m
[ 27%] [32mBuilding C object CMakeFiles/low_solver.dir/solver_low/UR5_constraints/UR5_constr_h_fun_jac_uxt_zt.c.o[0m
[ 45%] [32mBuilding C object CMakeFiles/low_solver.dir/solver_low/UR5_model/UR5_expl_vde_adj.c.o[0m
[ 45%] [32mBuilding C object CMakeFiles/low_solver.dir/solver_low/UR5_constraints/UR5_constr_h_fun.c.o[0m
[ 54%] [32mBuilding C object CMakeFiles/low_solver.dir/solver_low/acados_sim_solver_UR5.c.o[0m
[ 72%] [32mBuilding C object CMakeFiles/low_solver.dir/solver_low/UR5_model/UR5_expl_ode_fun.c.o[0m
[ 72%] [32mBuilding CXX object CMakeFiles/low_solver.dir/src/kinematics_functions.cpp.o[0m
[ 81%] [32mBuilding C object CMakeFiles/low_solver.dir/solver_low/acados_solver_UR5.c.o[0m
[ 90%] [32mBuilding CXX object CMakeFiles/low_solver.dir/solver_low/acados_solver_holder.cpp.o[0m
[100%] [32m[1mLinking CXX executable low_solver[0m
[100%] Built target low_solver
-- Install configuration: ""
-- Installing: /home/chri/CHRI_2025/UR5_pyBullet+acados/src/install/mpc_low/lib/mpc_low/low_solver
-- Set runtime path of "/home/chri/CHRI_2025/UR5_pyBullet+acados/src/install/mpc_low/lib/mpc_low/low_solver" to ""
-- Installing: /home/chri/CHRI_2025/UR5_pyBullet+acados/src/install/mpc_low/share/ament_index/resource_index/package_run_dependencies/mpc_low
-- Installing: /home/chri/CHRI_2025/UR5_pyBullet+acados/src/install/mpc_low/share/ament_index/resource_index/parent_prefix_path/mpc_low
-- Installing: /home/chri/CHRI_2025/UR5_pyBullet+acados/src/install/mpc_low/share/mpc_low/environment/ament_prefix_path.sh
-- Installing: /home/chri/CHRI_2025/UR5_pyBullet+acados/src/install/mpc_low/share/mpc_low/environment/ament_prefix_path.dsv
-- Installing: /home/chri/CHRI_2025/UR5_pyBullet+acados/src/install/mpc_low/share/mpc_low/environment/path.sh
-- Installing: /home/chri/CHRI_2025/UR5_pyBullet+acados/src/install/mpc_low/share/mpc_low/environment/path.dsv
-- Installing: /home/chri/CHRI_2025/UR5_pyBullet+acados/src/install/mpc_low/share/mpc_low/local_setup.bash
-- Installing: /home/chri/CHRI_2025/UR5_pyBullet+acados/src/install/mpc_low/share/mpc_low/local_setup.sh
-- Installing: /home/chri/CHRI_2025/UR5_pyBullet+acados/src/install/mpc_low/share/mpc_low/local_setup.zsh
-- Installing: /home/chri/CHRI_2025/UR5_pyBullet+acados/src/install/mpc_low/share/mpc_low/local_setup.dsv
-- Installing: /home/chri/CHRI_2025/UR5_pyBullet+acados/src/install/mpc_low/share/mpc_low/package.dsv
-- Installing: /home/chri/CHRI_2025/UR5_pyBullet+acados/src/install/mpc_low/share/ament_index/resource_index/packages/mpc_low
-- Installing: /home/chri/CHRI_2025/UR5_pyBullet+acados/src/install/mpc_low/share/mpc_low/cmake/mpc_lowConfig.cmake
-- Installing: /home/chri/CHRI_2025/UR5_pyBullet+acados/src/install/mpc_low/share/mpc_low/cmake/mpc_lowConfig-version.cmake
-- Installing: /home/chri/CHRI_2025/UR5_pyBullet+acados/src/install/mpc_low/share/mpc_low/package.xml
