[0.026s] Invoking command in '/home/chri/CHRI_2025/Time_optimal_baseline/build/mpc_to': CMAKE_PREFIX_PATH=/opt/ros/humble /usr/bin/cmake --build /home/chri/CHRI_2025/Time_optimal_baseline/build/mpc_to -- -j16 -l16
[0.154s] Consolidate compiler generated dependencies of target high_solver
[0.182s] [ 10%] Building CXX object CMakeFiles/high_solver.dir/solver_to_high_disc/acados_solver_holder.cpp.o
[0.182s] [ 10%] Building CXX object CMakeFiles/high_solver.dir/src/high_solver.cpp.o
[1.621s] /home/chri/CHRI_2025/Time_optimal_baseline/src/mpc_to/solver_to_high_disc/acados_solver_holder.cpp: In member function ‘int my_NMPC_solver::solve_my_mpc(double*, double*, double*, double*, double*, double*, double*)’:
[1.621s] /home/chri/CHRI_2025/Time_optimal_baseline/src/mpc_to/solver_to_high_disc/acados_solver_holder.cpp:157:12: warning: ISO C++ forbids variable length array ‘xtraj’ [-Wvla]
[1.621s]   157 |     double xtraj[NX * (N+1)];
[1.622s]       |            ^~~~~
[1.622s] /home/chri/CHRI_2025/Time_optimal_baseline/src/mpc_to/solver_to_high_disc/acados_solver_holder.cpp:158:12: warning: ISO C++ forbids variable length array ‘utraj’ [-Wvla]
[1.622s]   158 |     double utraj[NU * N];
[1.622s]       |            ^~~~~
[1.623s] /home/chri/CHRI_2025/Time_optimal_baseline/src/mpc_to/solver_to_high_disc/acados_solver_holder.cpp:29:42: warning: unused parameter ‘tracking_goal’ [-Wunused-parameter]
[1.623s]    29 |     double current_joint_goal[6], double tracking_goal[60], double cgoal[3], double results[16], double my_weights[10], double full_trajectory[140]) {
[1.623s]       |                                   ~~~~~~~^~~~~~~~~~~~~~~~~
[1.623s] /home/chri/CHRI_2025/Time_optimal_baseline/src/mpc_to/solver_to_high_disc/acados_solver_holder.cpp:29:68: warning: unused parameter ‘cgoal’ [-Wunused-parameter]
[1.623s]    29 |     double current_joint_goal[6], double tracking_goal[60], double cgoal[3], double results[16], double my_weights[10], double full_trajectory[140]) {
[1.623s]       |                                                             ~~~~~~~^~~~~~~~
[1.624s] /home/chri/CHRI_2025/Time_optimal_baseline/src/mpc_to/solver_to_high_disc/acados_solver_holder.cpp:29:105: warning: unused parameter ‘my_weights’ [-Wunused-parameter]
[1.624s]    29 |     double current_joint_goal[6], double tracking_goal[60], double cgoal[3], double results[16], double my_weights[10], double full_trajectory[140]) {
[1.624s]       |                                                                                                  ~~~~~~~^~~~~~~~~~~~~~
[17.881s] [ 15%] Linking CXX executable high_solver
[20.162s] [100%] Built target high_solver
[20.179s] Invoked command in '/home/chri/CHRI_2025/Time_optimal_baseline/build/mpc_to' returned '0': CMAKE_PREFIX_PATH=/opt/ros/humble /usr/bin/cmake --build /home/chri/CHRI_2025/Time_optimal_baseline/build/mpc_to -- -j16 -l16
[20.195s] Invoking command in '/home/chri/CHRI_2025/Time_optimal_baseline/build/mpc_to': CMAKE_PREFIX_PATH=/opt/ros/humble /usr/bin/cmake --install /home/chri/CHRI_2025/Time_optimal_baseline/build/mpc_to
[20.205s] -- Install configuration: ""
[20.206s] -- Execute custom install script
[20.206s] -- Up-to-date symlink: /home/chri/CHRI_2025/Time_optimal_baseline/install/mpc_to/lib/mpc_to/high_solver
[20.206s] -- Up-to-date symlink: /home/chri/CHRI_2025/Time_optimal_baseline/install/mpc_to/share/ament_index/resource_index/package_run_dependencies/mpc_to
[20.207s] -- Up-to-date symlink: /home/chri/CHRI_2025/Time_optimal_baseline/install/mpc_to/share/ament_index/resource_index/parent_prefix_path/mpc_to
[20.207s] -- Up-to-date symlink: /home/chri/CHRI_2025/Time_optimal_baseline/install/mpc_to/share/mpc_to/environment/ament_prefix_path.sh
[20.207s] -- Up-to-date symlink: /home/chri/CHRI_2025/Time_optimal_baseline/install/mpc_to/share/mpc_to/environment/ament_prefix_path.dsv
[20.207s] -- Up-to-date symlink: /home/chri/CHRI_2025/Time_optimal_baseline/install/mpc_to/share/mpc_to/environment/path.sh
[20.208s] -- Up-to-date symlink: /home/chri/CHRI_2025/Time_optimal_baseline/install/mpc_to/share/mpc_to/environment/path.dsv
[20.208s] -- Up-to-date symlink: /home/chri/CHRI_2025/Time_optimal_baseline/install/mpc_to/share/mpc_to/local_setup.bash
[20.208s] -- Up-to-date symlink: /home/chri/CHRI_2025/Time_optimal_baseline/install/mpc_to/share/mpc_to/local_setup.sh
[20.209s] -- Up-to-date symlink: /home/chri/CHRI_2025/Time_optimal_baseline/install/mpc_to/share/mpc_to/local_setup.zsh
[20.209s] -- Up-to-date symlink: /home/chri/CHRI_2025/Time_optimal_baseline/install/mpc_to/share/mpc_to/local_setup.dsv
[20.209s] -- Symlinking: /home/chri/CHRI_2025/Time_optimal_baseline/install/mpc_to/share/mpc_to/package.dsv
[20.236s] -- Up-to-date symlink: /home/chri/CHRI_2025/Time_optimal_baseline/install/mpc_to/share/ament_index/resource_index/packages/mpc_to
[20.236s] -- Up-to-date symlink: /home/chri/CHRI_2025/Time_optimal_baseline/install/mpc_to/share/mpc_to/cmake/mpc_toConfig.cmake
[20.237s] -- Up-to-date symlink: /home/chri/CHRI_2025/Time_optimal_baseline/install/mpc_to/share/mpc_to/cmake/mpc_toConfig-version.cmake
[20.237s] -- Up-to-date symlink: /home/chri/CHRI_2025/Time_optimal_baseline/install/mpc_to/share/mpc_to/package.xml
[30.012s] Invoked command in '/home/chri/CHRI_2025/Time_optimal_baseline/build/mpc_to' returned '0': CMAKE_PREFIX_PATH=/opt/ros/humble /usr/bin/cmake --install /home/chri/CHRI_2025/Time_optimal_baseline/build/mpc_to
