/home/chri/.local/lib/python3.10/site-packages/setuptools/_distutils/dist.py:289: UserWarning: Unknown distribution option: 'tests_require'
  warnings.warn(msg)
running egg_info
creating ../build/my_package/my_package.egg-info
writing ../build/my_package/my_package.egg-info/PKG-INFO
writing dependency_links to ../build/my_package/my_package.egg-info/dependency_links.txt
writing entry points to ../build/my_package/my_package.egg-info/entry_points.txt
writing requirements to ../build/my_package/my_package.egg-info/requires.txt
writing top-level names to ../build/my_package/my_package.egg-info/top_level.txt
writing manifest file '../build/my_package/my_package.egg-info/SOURCES.txt'
reading manifest file '../build/my_package/my_package.egg-info/SOURCES.txt'
adding license file 'LICENSE'
writing manifest file '../build/my_package/my_package.egg-info/SOURCES.txt'
running build
running build_py
creating /home/chri/CHRI_2025/UR5_pyBullet+acados/src/build/my_package/build/lib/my_package
copying my_package/my_node_with_human.py -> /home/chri/CHRI_2025/UR5_pyBullet+acados/src/build/my_package/build/lib/my_package
copying my_package/my_node.py -> /home/chri/CHRI_2025/UR5_pyBullet+acados/src/build/my_package/build/lib/my_package
copying my_package/internet_example.py -> /home/chri/CHRI_2025/UR5_pyBullet+acados/src/build/my_package/build/lib/my_package
copying my_package/my_node (copy).py -> /home/chri/CHRI_2025/UR5_pyBullet+acados/src/build/my_package/build/lib/my_package
copying my_package/demo_subscryber.py -> /home/chri/CHRI_2025/UR5_pyBullet+acados/src/build/my_package/build/lib/my_package
copying my_package/__init__.py -> /home/chri/CHRI_2025/UR5_pyBullet+acados/src/build/my_package/build/lib/my_package
running install
running install_lib
creating /home/chri/CHRI_2025/UR5_pyBullet+acados/src/install/my_package/lib/python3.10/site-packages/my_package
copying /home/chri/CHRI_2025/UR5_pyBullet+acados/src/build/my_package/build/lib/my_package/my_node_with_human.py -> /home/chri/CHRI_2025/UR5_pyBullet+acados/src/install/my_package/lib/python3.10/site-packages/my_package
copying /home/chri/CHRI_2025/UR5_pyBullet+acados/src/build/my_package/build/lib/my_package/my_node.py -> /home/chri/CHRI_2025/UR5_pyBullet+acados/src/install/my_package/lib/python3.10/site-packages/my_package
copying /home/chri/CHRI_2025/UR5_pyBullet+acados/src/build/my_package/build/lib/my_package/internet_example.py -> /home/chri/CHRI_2025/UR5_pyBullet+acados/src/install/my_package/lib/python3.10/site-packages/my_package
copying /home/chri/CHRI_2025/UR5_pyBullet+acados/src/build/my_package/build/lib/my_package/my_node (copy).py -> /home/chri/CHRI_2025/UR5_pyBullet+acados/src/install/my_package/lib/python3.10/site-packages/my_package
copying /home/chri/CHRI_2025/UR5_pyBullet+acados/src/build/my_package/build/lib/my_package/demo_subscryber.py -> /home/chri/CHRI_2025/UR5_pyBullet+acados/src/install/my_package/lib/python3.10/site-packages/my_package
copying /home/chri/CHRI_2025/UR5_pyBullet+acados/src/build/my_package/build/lib/my_package/__init__.py -> /home/chri/CHRI_2025/UR5_pyBullet+acados/src/install/my_package/lib/python3.10/site-packages/my_package
byte-compiling /home/chri/CHRI_2025/UR5_pyBullet+acados/src/install/my_package/lib/python3.10/site-packages/my_package/my_node_with_human.py to my_node_with_human.cpython-310.pyc
byte-compiling /home/chri/CHRI_2025/UR5_pyBullet+acados/src/install/my_package/lib/python3.10/site-packages/my_package/my_node.py to my_node.cpython-310.pyc
byte-compiling /home/chri/CHRI_2025/UR5_pyBullet+acados/src/install/my_package/lib/python3.10/site-packages/my_package/internet_example.py to internet_example.cpython-310.pyc
byte-compiling /home/chri/CHRI_2025/UR5_pyBullet+acados/src/install/my_package/lib/python3.10/site-packages/my_package/my_node (copy).py to my_node (copy).cpython-310.pyc
byte-compiling /home/chri/CHRI_2025/UR5_pyBullet+acados/src/install/my_package/lib/python3.10/site-packages/my_package/demo_subscryber.py to demo_subscryber.cpython-310.pyc
byte-compiling /home/chri/CHRI_2025/UR5_pyBullet+acados/src/install/my_package/lib/python3.10/site-packages/my_package/__init__.py to __init__.cpython-310.pyc
running install_data
creating /home/chri/CHRI_2025/UR5_pyBullet+acados/src/install/my_package/share/ament_index/resource_index/packages
copying resource/my_package -> /home/chri/CHRI_2025/UR5_pyBullet+acados/src/install/my_package/share/ament_index/resource_index/packages
copying package.xml -> /home/chri/CHRI_2025/UR5_pyBullet+acados/src/install/my_package/share/my_package
running install_egg_info
Copying ../build/my_package/my_package.egg-info to /home/chri/CHRI_2025/UR5_pyBullet+acados/src/install/my_package/lib/python3.10/site-packages/my_package-0.0.0-py3.10.egg-info
running install_scripts
Installing my_node script to /home/chri/CHRI_2025/UR5_pyBullet+acados/src/install/my_package/lib/my_package
Installing my_subscriber script to /home/chri/CHRI_2025/UR5_pyBullet+acados/src/install/my_package/lib/my_package
writing list of installed files to '/home/chri/CHRI_2025/UR5_pyBullet+acados/src/build/my_package/install.log'
