[1.232s] Invoking command in '/home/chri/CHRI_2025/UR5_pyBullet+acados/src/my_package': PYTHONPATH=/home/chri/CHRI_2025/UR5_pyBullet+acados/src/build/my_package/prefix_override:/usr/lib/python3/dist-packages/colcon_core/task/python/colcon_distutils_commands:/home/chri/CHRI_2025/UR5_pyBullet+acados/src/install/my_package/lib/python3.10/site-packages:${PYTHONPATH} /usr/bin/python3 -W ignore:setup.py install is deprecated -W ignore:easy_install command is deprecated setup.py egg_info --egg-base ../build/my_package build --build-base /home/chri/CHRI_2025/UR5_pyBullet+acados/src/build/my_package/build install --record /home/chri/CHRI_2025/UR5_pyBullet+acados/src/build/my_package/install.log --single-version-externally-managed install_data
[1.465s] /home/chri/.local/lib/python3.10/site-packages/setuptools/_distutils/dist.py:289: UserWarning: Unknown distribution option: 'tests_require'
[1.465s]   warnings.warn(msg)
[1.650s] running egg_info
[1.681s] creating ../build/my_package/my_package.egg-info
[1.681s] writing ../build/my_package/my_package.egg-info/PKG-INFO
[1.682s] writing dependency_links to ../build/my_package/my_package.egg-info/dependency_links.txt
[1.682s] writing entry points to ../build/my_package/my_package.egg-info/entry_points.txt
[1.683s] writing requirements to ../build/my_package/my_package.egg-info/requires.txt
[1.683s] writing top-level names to ../build/my_package/my_package.egg-info/top_level.txt
[1.683s] writing manifest file '../build/my_package/my_package.egg-info/SOURCES.txt'
[1.748s] reading manifest file '../build/my_package/my_package.egg-info/SOURCES.txt'
[1.748s] adding license file 'LICENSE'
[1.750s] writing manifest file '../build/my_package/my_package.egg-info/SOURCES.txt'
[1.750s] running build
[1.750s] running build_py
[1.751s] creating /home/chri/CHRI_2025/UR5_pyBullet+acados/src/build/my_package/build/lib/my_package
[1.751s] copying my_package/my_node_with_human.py -> /home/chri/CHRI_2025/UR5_pyBullet+acados/src/build/my_package/build/lib/my_package
[1.751s] copying my_package/my_node.py -> /home/chri/CHRI_2025/UR5_pyBullet+acados/src/build/my_package/build/lib/my_package
[1.751s] copying my_package/internet_example.py -> /home/chri/CHRI_2025/UR5_pyBullet+acados/src/build/my_package/build/lib/my_package
[1.752s] copying my_package/my_node (copy).py -> /home/chri/CHRI_2025/UR5_pyBullet+acados/src/build/my_package/build/lib/my_package
[1.752s] copying my_package/demo_subscryber.py -> /home/chri/CHRI_2025/UR5_pyBullet+acados/src/build/my_package/build/lib/my_package
[1.752s] copying my_package/__init__.py -> /home/chri/CHRI_2025/UR5_pyBullet+acados/src/build/my_package/build/lib/my_package
[1.752s] running install
[1.759s] running install_lib
[1.789s] creating /home/chri/CHRI_2025/UR5_pyBullet+acados/src/install/my_package/lib/python3.10/site-packages/my_package
[1.789s] copying /home/chri/CHRI_2025/UR5_pyBullet+acados/src/build/my_package/build/lib/my_package/my_node_with_human.py -> /home/chri/CHRI_2025/UR5_pyBullet+acados/src/install/my_package/lib/python3.10/site-packages/my_package
[1.789s] copying /home/chri/CHRI_2025/UR5_pyBullet+acados/src/build/my_package/build/lib/my_package/my_node.py -> /home/chri/CHRI_2025/UR5_pyBullet+acados/src/install/my_package/lib/python3.10/site-packages/my_package
[1.789s] copying /home/chri/CHRI_2025/UR5_pyBullet+acados/src/build/my_package/build/lib/my_package/internet_example.py -> /home/chri/CHRI_2025/UR5_pyBullet+acados/src/install/my_package/lib/python3.10/site-packages/my_package
[1.789s] copying /home/chri/CHRI_2025/UR5_pyBullet+acados/src/build/my_package/build/lib/my_package/my_node (copy).py -> /home/chri/CHRI_2025/UR5_pyBullet+acados/src/install/my_package/lib/python3.10/site-packages/my_package
[1.789s] copying /home/chri/CHRI_2025/UR5_pyBullet+acados/src/build/my_package/build/lib/my_package/demo_subscryber.py -> /home/chri/CHRI_2025/UR5_pyBullet+acados/src/install/my_package/lib/python3.10/site-packages/my_package
[1.790s] copying /home/chri/CHRI_2025/UR5_pyBullet+acados/src/build/my_package/build/lib/my_package/__init__.py -> /home/chri/CHRI_2025/UR5_pyBullet+acados/src/install/my_package/lib/python3.10/site-packages/my_package
[1.791s] byte-compiling /home/chri/CHRI_2025/UR5_pyBullet+acados/src/install/my_package/lib/python3.10/site-packages/my_package/my_node_with_human.py to my_node_with_human.cpython-310.pyc
[1.794s] byte-compiling /home/chri/CHRI_2025/UR5_pyBullet+acados/src/install/my_package/lib/python3.10/site-packages/my_package/my_node.py to my_node.cpython-310.pyc
[1.797s] byte-compiling /home/chri/CHRI_2025/UR5_pyBullet+acados/src/install/my_package/lib/python3.10/site-packages/my_package/internet_example.py to internet_example.cpython-310.pyc
[1.798s] byte-compiling /home/chri/CHRI_2025/UR5_pyBullet+acados/src/install/my_package/lib/python3.10/site-packages/my_package/my_node (copy).py to my_node (copy).cpython-310.pyc
[1.798s] byte-compiling /home/chri/CHRI_2025/UR5_pyBullet+acados/src/install/my_package/lib/python3.10/site-packages/my_package/demo_subscryber.py to demo_subscryber.cpython-310.pyc
[1.799s] byte-compiling /home/chri/CHRI_2025/UR5_pyBullet+acados/src/install/my_package/lib/python3.10/site-packages/my_package/__init__.py to __init__.cpython-310.pyc
[1.799s] running install_data
[1.799s] creating /home/chri/CHRI_2025/UR5_pyBullet+acados/src/install/my_package/share/ament_index/resource_index/packages
[1.800s] copying resource/my_package -> /home/chri/CHRI_2025/UR5_pyBullet+acados/src/install/my_package/share/ament_index/resource_index/packages
[1.800s] copying package.xml -> /home/chri/CHRI_2025/UR5_pyBullet+acados/src/install/my_package/share/my_package
[1.800s] running install_egg_info
[1.832s] Copying ../build/my_package/my_package.egg-info to /home/chri/CHRI_2025/UR5_pyBullet+acados/src/install/my_package/lib/python3.10/site-packages/my_package-0.0.0-py3.10.egg-info
[1.833s] running install_scripts
[2.056s] Installing my_node script to /home/chri/CHRI_2025/UR5_pyBullet+acados/src/install/my_package/lib/my_package
[2.056s] Installing my_subscriber script to /home/chri/CHRI_2025/UR5_pyBullet+acados/src/install/my_package/lib/my_package
[2.057s] writing list of installed files to '/home/chri/CHRI_2025/UR5_pyBullet+acados/src/build/my_package/install.log'
[2.085s] Invoked command in '/home/chri/CHRI_2025/UR5_pyBullet+acados/src/my_package' returned '0': PYTHONPATH=/home/chri/CHRI_2025/UR5_pyBullet+acados/src/build/my_package/prefix_override:/usr/lib/python3/dist-packages/colcon_core/task/python/colcon_distutils_commands:/home/chri/CHRI_2025/UR5_pyBullet+acados/src/install/my_package/lib/python3.10/site-packages:${PYTHONPATH} /usr/bin/python3 -W ignore:setup.py install is deprecated -W ignore:easy_install command is deprecated setup.py egg_info --egg-base ../build/my_package build --build-base /home/chri/CHRI_2025/UR5_pyBullet+acados/src/build/my_package/build install --record /home/chri/CHRI_2025/UR5_pyBullet+acados/src/build/my_package/install.log --single-version-externally-managed install_data
