Consolidate compiler generated dependencies of target high_solver
[ 10%] Building CXX object CMakeFiles/high_solver.dir/solver_high_disc/acados_solver_holder.cpp.o
/home/chri/CHRI_2025/Time_optimal_baseline/src/mpc_high/solver_high_disc/acados_solver_holder.cpp: In member function ‘int my_NMPC_solver::solve_my_mpc(double*, double*, double*, double*, double*, double*, double*)’:
/home/chri/CHRI_2025/Time_optimal_baseline/src/mpc_high/solver_high_disc/acados_solver_holder.cpp:130:12: warning: ISO C++ forbids variable length array ‘xtraj’ [-Wvla]
  130 |     double xtraj[NX * (N+1)];
      |            ^~~~~
/home/chri/CHRI_2025/Time_optimal_baseline/src/mpc_high/solver_high_disc/acados_solver_holder.cpp:131:12: warning: ISO C++ forbids variable length array ‘utraj’ [-Wvla]
  131 |     double utraj[NU * N];
      |            ^~~~~
/home/chri/CHRI_2025/Time_optimal_baseline/src/mpc_high/solver_high_disc/acados_solver_holder.cpp:51:12: warning: variable ‘lbxN’ set but not used [-Wunused-but-set-variable]
   51 |     double lbxN[NBX0] = {0.0};
      |            ^~~~
/home/chri/CHRI_2025/Time_optimal_baseline/src/mpc_high/solver_high_disc/acados_solver_holder.cpp:52:12: warning: variable ‘ubxN’ set but not used [-Wunused-but-set-variable]
   52 |     double ubxN[NBX0] = {0.0};
      |            ^~~~
[ 20%] Linking CXX executable high_solver
[100%] Built target high_solver
-- Install configuration: ""
-- Installing: /home/chri/CHRI_2025/Time_optimal_baseline/install/mpc_high/lib/mpc_high/high_solver
-- Set runtime path of "/home/chri/CHRI_2025/Time_optimal_baseline/install/mpc_high/lib/mpc_high/high_solver" to ""
-- Up-to-date: /home/chri/CHRI_2025/Time_optimal_baseline/install/mpc_high/share/ament_index/resource_index/package_run_dependencies/mpc_high
-- Up-to-date: /home/chri/CHRI_2025/Time_optimal_baseline/install/mpc_high/share/ament_index/resource_index/parent_prefix_path/mpc_high
-- Up-to-date: /home/chri/CHRI_2025/Time_optimal_baseline/install/mpc_high/share/mpc_high/environment/ament_prefix_path.sh
-- Installing: /home/chri/CHRI_2025/Time_optimal_baseline/install/mpc_high/share/mpc_high/environment/ament_prefix_path.dsv
-- Up-to-date: /home/chri/CHRI_2025/Time_optimal_baseline/install/mpc_high/share/mpc_high/environment/path.sh
-- Installing: /home/chri/CHRI_2025/Time_optimal_baseline/install/mpc_high/share/mpc_high/environment/path.dsv
-- Up-to-date: /home/chri/CHRI_2025/Time_optimal_baseline/install/mpc_high/share/mpc_high/local_setup.bash
-- Up-to-date: /home/chri/CHRI_2025/Time_optimal_baseline/install/mpc_high/share/mpc_high/local_setup.sh
-- Up-to-date: /home/chri/CHRI_2025/Time_optimal_baseline/install/mpc_high/share/mpc_high/local_setup.zsh
-- Installing: /home/chri/CHRI_2025/Time_optimal_baseline/install/mpc_high/share/mpc_high/local_setup.dsv
-- Installing: /home/chri/CHRI_2025/Time_optimal_baseline/install/mpc_high/share/mpc_high/package.dsv
-- Up-to-date: /home/chri/CHRI_2025/Time_optimal_baseline/install/mpc_high/share/ament_index/resource_index/packages/mpc_high
-- Up-to-date: /home/chri/CHRI_2025/Time_optimal_baseline/install/mpc_high/share/mpc_high/cmake/mpc_highConfig.cmake
-- Up-to-date: /home/chri/CHRI_2025/Time_optimal_baseline/install/mpc_high/share/mpc_high/cmake/mpc_highConfig-version.cmake
-- Up-to-date: /home/chri/CHRI_2025/Time_optimal_baseline/install/mpc_high/share/mpc_high/package.xml
