[0.024s] Invoking command in '/home/chri/CHRI_2025/Time_optimal_baseline/build/mpc_high': CMAKE_PREFIX_PATH=/opt/ros/humble /usr/bin/cmake --build /home/chri/CHRI_2025/Time_optimal_baseline/build/mpc_high -- -j16 -l16
[0.123s] Consolidate compiler generated dependencies of target high_solver
[0.154s] [ 10%] Building CXX object CMakeFiles/high_solver.dir/solver_high_disc/acados_solver_holder.cpp.o
[1.575s] /home/chri/CHRI_2025/Time_optimal_baseline/src/mpc_high/solver_high_disc/acados_solver_holder.cpp: In member function ‘int my_NMPC_solver::solve_my_mpc(double*, double*, double*, double*, double*, double*, double*)’:
[1.576s] /home/chri/CHRI_2025/Time_optimal_baseline/src/mpc_high/solver_high_disc/acados_solver_holder.cpp:130:12: warning: ISO C++ forbids variable length array ‘xtraj’ [-Wvla]
[1.576s]   130 |     double xtraj[NX * (N+1)];
[1.576s]       |            ^~~~~
[1.576s] /home/chri/CHRI_2025/Time_optimal_baseline/src/mpc_high/solver_high_disc/acados_solver_holder.cpp:131:12: warning: ISO C++ forbids variable length array ‘utraj’ [-Wvla]
[1.577s]   131 |     double utraj[NU * N];
[1.577s]       |            ^~~~~
[1.577s] /home/chri/CHRI_2025/Time_optimal_baseline/src/mpc_high/solver_high_disc/acados_solver_holder.cpp:51:12: warning: variable ‘lbxN’ set but not used [-Wunused-but-set-variable]
[1.577s]    51 |     double lbxN[NBX0] = {0.0};
[1.577s]       |            ^~~~
[1.578s] /home/chri/CHRI_2025/Time_optimal_baseline/src/mpc_high/solver_high_disc/acados_solver_holder.cpp:52:12: warning: variable ‘ubxN’ set but not used [-Wunused-but-set-variable]
[1.578s]    52 |     double ubxN[NBX0] = {0.0};
[1.578s]       |            ^~~~
[1.826s] [ 20%] Linking CXX executable high_solver
[3.689s] [100%] Built target high_solver
[3.708s] Invoked command in '/home/chri/CHRI_2025/Time_optimal_baseline/build/mpc_high' returned '0': CMAKE_PREFIX_PATH=/opt/ros/humble /usr/bin/cmake --build /home/chri/CHRI_2025/Time_optimal_baseline/build/mpc_high -- -j16 -l16
[3.724s] Invoking command in '/home/chri/CHRI_2025/Time_optimal_baseline/build/mpc_high': CMAKE_PREFIX_PATH=/opt/ros/humble /usr/bin/cmake --install /home/chri/CHRI_2025/Time_optimal_baseline/build/mpc_high
[3.736s] -- Install configuration: ""
[3.765s] -- Installing: /home/chri/CHRI_2025/Time_optimal_baseline/install/mpc_high/lib/mpc_high/high_solver
[3.776s] -- Set runtime path of "/home/chri/CHRI_2025/Time_optimal_baseline/install/mpc_high/lib/mpc_high/high_solver" to ""
[3.776s] -- Up-to-date: /home/chri/CHRI_2025/Time_optimal_baseline/install/mpc_high/share/ament_index/resource_index/package_run_dependencies/mpc_high
[3.776s] -- Up-to-date: /home/chri/CHRI_2025/Time_optimal_baseline/install/mpc_high/share/ament_index/resource_index/parent_prefix_path/mpc_high
[3.776s] -- Up-to-date: /home/chri/CHRI_2025/Time_optimal_baseline/install/mpc_high/share/mpc_high/environment/ament_prefix_path.sh
[3.776s] -- Installing: /home/chri/CHRI_2025/Time_optimal_baseline/install/mpc_high/share/mpc_high/environment/ament_prefix_path.dsv
[3.817s] -- Up-to-date: /home/chri/CHRI_2025/Time_optimal_baseline/install/mpc_high/share/mpc_high/environment/path.sh
[3.818s] -- Installing: /home/chri/CHRI_2025/Time_optimal_baseline/install/mpc_high/share/mpc_high/environment/path.dsv
[3.818s] -- Up-to-date: /home/chri/CHRI_2025/Time_optimal_baseline/install/mpc_high/share/mpc_high/local_setup.bash
[3.818s] -- Up-to-date: /home/chri/CHRI_2025/Time_optimal_baseline/install/mpc_high/share/mpc_high/local_setup.sh
[3.818s] -- Up-to-date: /home/chri/CHRI_2025/Time_optimal_baseline/install/mpc_high/share/mpc_high/local_setup.zsh
[3.818s] -- Installing: /home/chri/CHRI_2025/Time_optimal_baseline/install/mpc_high/share/mpc_high/local_setup.dsv
[3.819s] -- Installing: /home/chri/CHRI_2025/Time_optimal_baseline/install/mpc_high/share/mpc_high/package.dsv
[3.819s] -- Up-to-date: /home/chri/CHRI_2025/Time_optimal_baseline/install/mpc_high/share/ament_index/resource_index/packages/mpc_high
[3.819s] -- Up-to-date: /home/chri/CHRI_2025/Time_optimal_baseline/install/mpc_high/share/mpc_high/cmake/mpc_highConfig.cmake
[3.819s] -- Up-to-date: /home/chri/CHRI_2025/Time_optimal_baseline/install/mpc_high/share/mpc_high/cmake/mpc_highConfig-version.cmake
[3.821s] -- Up-to-date: /home/chri/CHRI_2025/Time_optimal_baseline/install/mpc_high/share/mpc_high/package.xml
[3.821s] Invoked command in '/home/chri/CHRI_2025/Time_optimal_baseline/build/mpc_high' returned '0': CMAKE_PREFIX_PATH=/opt/ros/humble /usr/bin/cmake --install /home/chri/CHRI_2025/Time_optimal_baseline/build/mpc_high
