[0.022s] Invoking command in '/home/chri/CHRI_2025/Time_optimal_baseline/build/mpc_high': CMAKE_PREFIX_PATH=${CMAKE_PREFIX_PATH}:/home/chri/CHRI_2025/Time_optimal_baseline/install/sim_utils:/home/chri/CHRI_2025/Time_optimal_baseline/install/pb_ur5_sim:/home/chri/CHRI_2025/Time_optimal_baseline/install/mppi_controller:/opt/ros/humble /usr/bin/cmake --build /home/chri/CHRI_2025/Time_optimal_baseline/build/mpc_high -- -j16 -l16
[0.109s] [35m[1mConsolidate compiler generated dependencies of target high_solver[0m
[0.154s] [ 10%] [32mBuilding CXX object CMakeFiles/high_solver.dir/src/high_solver1.cpp.o[0m
[16.846s] [ 20%] [32m[1mLinking CXX executable high_solver[0m
[18.246s] [100%] Built target high_solver
[18.262s] Invoked command in '/home/chri/CHRI_2025/Time_optimal_baseline/build/mpc_high' returned '0': CMAKE_PREFIX_PATH=${CMAKE_PREFIX_PATH}:/home/chri/CHRI_2025/Time_optimal_baseline/install/sim_utils:/home/chri/CHRI_2025/Time_optimal_baseline/install/pb_ur5_sim:/home/chri/CHRI_2025/Time_optimal_baseline/install/mppi_controller:/opt/ros/humble /usr/bin/cmake --build /home/chri/CHRI_2025/Time_optimal_baseline/build/mpc_high -- -j16 -l16
[18.275s] Invoking command in '/home/chri/CHRI_2025/Time_optimal_baseline/build/mpc_high': CMAKE_PREFIX_PATH=${CMAKE_PREFIX_PATH}:/home/chri/CHRI_2025/Time_optimal_baseline/install/sim_utils:/home/chri/CHRI_2025/Time_optimal_baseline/install/pb_ur5_sim:/home/chri/CHRI_2025/Time_optimal_baseline/install/mppi_controller:/opt/ros/humble /usr/bin/cmake --install /home/chri/CHRI_2025/Time_optimal_baseline/build/mpc_high
[18.285s] -- Install configuration: ""
[18.286s] -- Execute custom install script
[18.304s] -- Up-to-date symlink: /home/chri/CHRI_2025/Time_optimal_baseline/install/mpc_high/lib/mpc_high/high_solver
[18.304s] -- Up-to-date symlink: /home/chri/CHRI_2025/Time_optimal_baseline/install/mpc_high/share/ament_index/resource_index/package_run_dependencies/mpc_high
[18.304s] -- Up-to-date symlink: /home/chri/CHRI_2025/Time_optimal_baseline/install/mpc_high/share/ament_index/resource_index/parent_prefix_path/mpc_high
[18.304s] -- Up-to-date symlink: /home/chri/CHRI_2025/Time_optimal_baseline/install/mpc_high/share/mpc_high/environment/ament_prefix_path.sh
[18.305s] -- Up-to-date symlink: /home/chri/CHRI_2025/Time_optimal_baseline/install/mpc_high/share/mpc_high/environment/ament_prefix_path.dsv
[18.305s] -- Up-to-date symlink: /home/chri/CHRI_2025/Time_optimal_baseline/install/mpc_high/share/mpc_high/environment/path.sh
[18.305s] -- Up-to-date symlink: /home/chri/CHRI_2025/Time_optimal_baseline/install/mpc_high/share/mpc_high/environment/path.dsv
[18.305s] -- Up-to-date symlink: /home/chri/CHRI_2025/Time_optimal_baseline/install/mpc_high/share/mpc_high/local_setup.bash
[18.306s] -- Up-to-date symlink: /home/chri/CHRI_2025/Time_optimal_baseline/install/mpc_high/share/mpc_high/local_setup.sh
[18.306s] -- Up-to-date symlink: /home/chri/CHRI_2025/Time_optimal_baseline/install/mpc_high/share/mpc_high/local_setup.zsh
[18.306s] -- Up-to-date symlink: /home/chri/CHRI_2025/Time_optimal_baseline/install/mpc_high/share/mpc_high/local_setup.dsv
[18.306s] -- Symlinking: /home/chri/CHRI_2025/Time_optimal_baseline/install/mpc_high/share/mpc_high/package.dsv
[18.334s] -- Up-to-date symlink: /home/chri/CHRI_2025/Time_optimal_baseline/install/mpc_high/share/ament_index/resource_index/packages/mpc_high
[18.334s] -- Up-to-date symlink: /home/chri/CHRI_2025/Time_optimal_baseline/install/mpc_high/share/mpc_high/cmake/mpc_highConfig.cmake
[18.334s] -- Up-to-date symlink: /home/chri/CHRI_2025/Time_optimal_baseline/install/mpc_high/share/mpc_high/cmake/mpc_highConfig-version.cmake
[18.335s] -- Up-to-date symlink: /home/chri/CHRI_2025/Time_optimal_baseline/install/mpc_high/share/mpc_high/package.xml
[18.338s] Invoked command in '/home/chri/CHRI_2025/Time_optimal_baseline/build/mpc_high' returned '0': CMAKE_PREFIX_PATH=${CMAKE_PREFIX_PATH}:/home/chri/CHRI_2025/Time_optimal_baseline/install/sim_utils:/home/chri/CHRI_2025/Time_optimal_baseline/install/pb_ur5_sim:/home/chri/CHRI_2025/Time_optimal_baseline/install/mppi_controller:/opt/ros/humble /usr/bin/cmake --install /home/chri/CHRI_2025/Time_optimal_baseline/build/mpc_high
